Seed set to 1
GPU available: True (cuda), used: True
TPU available: False, using: 0 TPU cores
HPU available: False, using: 0 HPUs
You are using a CUDA device ('NVIDIA RTX A5000') that has Tensor Cores. To properly utilize them, you should set `torch.set_float32_matmul_precision('medium' | 'high')` which will trade-off precision for performance. For more details, read https://pytorch.org/docs/stable/generated/torch.set_float32_matmul_precision.html#torch.set_float32_matmul_precision
LOCAL_RANK: 0 - CUDA_VISIBLE_DEVICES: [1]

  | Name          | Type          | Params | Mode 
--------------------------------------------------------
0 | loss          | MSE           | 0      | train
1 | valid_loss    | MSE           | 0      | train
2 | padder_train  | ConstantPad1d | 0      | train
3 | scaler        | TemporalNorm  | 0      | train
4 | decomp        | SeriesDecomp  | 0      | train
5 | enc_embedding | DataEmbedding | 192    | train
6 | dec_embedding | DataEmbedding | 192    | train
7 | encoder       | Encoder       | 41.6 K | train
8 | decoder       | Decoder       | 37.8 K | train
--------------------------------------------------------
79.7 K    Trainable params
0         Non-trainable params
79.7 K    Total params
0.319     Total estimated model params size (MB)
86        Modules in train mode
0         Modules in eval mode
`Trainer.fit` stopped: `max_steps=1000` reached.
GPU available: True (cuda), used: True
TPU available: False, using: 0 TPU cores
HPU available: False, using: 0 HPUs
LOCAL_RANK: 0 - CUDA_VISIBLE_DEVICES: [1]
Seed set to 1
GPU available: True (cuda), used: True
TPU available: False, using: 0 TPU cores
HPU available: False, using: 0 HPUs
LOCAL_RANK: 0 - CUDA_VISIBLE_DEVICES: [1]

  | Name          | Type          | Params | Mode 
--------------------------------------------------------
0 | loss          | MSE           | 0      | train
1 | valid_loss    | MSE           | 0      | train
2 | padder_train  | ConstantPad1d | 0      | train
3 | scaler        | TemporalNorm  | 0      | train
4 | decomp        | SeriesDecomp  | 0      | train
5 | enc_embedding | DataEmbedding | 192    | train
6 | dec_embedding | DataEmbedding | 192    | train
7 | encoder       | Encoder       | 41.6 K | train
8 | decoder       | Decoder       | 37.8 K | train
--------------------------------------------------------
79.7 K    Trainable params
0         Non-trainable params
79.7 K    Total params
0.319     Total estimated model params size (MB)
86        Modules in train mode
0         Modules in eval mode
`Trainer.fit` stopped: `max_steps=1000` reached.
GPU available: True (cuda), used: True
TPU available: False, using: 0 TPU cores
HPU available: False, using: 0 HPUs
LOCAL_RANK: 0 - CUDA_VISIBLE_DEVICES: [1]
Seed set to 1
GPU available: True (cuda), used: True
TPU available: False, using: 0 TPU cores
HPU available: False, using: 0 HPUs
LOCAL_RANK: 0 - CUDA_VISIBLE_DEVICES: [1]

  | Name          | Type          | Params | Mode 
--------------------------------------------------------
0 | loss          | MSE           | 0      | train
1 | valid_loss    | MSE           | 0      | train
2 | padder_train  | ConstantPad1d | 0      | train
3 | scaler        | TemporalNorm  | 0      | train
4 | decomp        | SeriesDecomp  | 0      | train
5 | enc_embedding | DataEmbedding | 192    | train
6 | dec_embedding | DataEmbedding | 192    | train
7 | encoder       | Encoder       | 41.6 K | train
8 | decoder       | Decoder       | 37.8 K | train
--------------------------------------------------------
79.7 K    Trainable params
0         Non-trainable params
79.7 K    Total params
0.319     Total estimated model params size (MB)
86        Modules in train mode
0         Modules in eval mode
`Trainer.fit` stopped: `max_steps=1000` reached.
GPU available: True (cuda), used: True
TPU available: False, using: 0 TPU cores
HPU available: False, using: 0 HPUs
LOCAL_RANK: 0 - CUDA_VISIBLE_DEVICES: [1]
Seed set to 1
GPU available: True (cuda), used: True
TPU available: False, using: 0 TPU cores
HPU available: False, using: 0 HPUs
LOCAL_RANK: 0 - CUDA_VISIBLE_DEVICES: [1]

  | Name          | Type          | Params | Mode 
--------------------------------------------------------
0 | loss          | MSE           | 0      | train
1 | valid_loss    | MSE           | 0      | train
2 | padder_train  | ConstantPad1d | 0      | train
3 | scaler        | TemporalNorm  | 0      | train
4 | decomp        | SeriesDecomp  | 0      | train
5 | enc_embedding | DataEmbedding | 192    | train
6 | dec_embedding | DataEmbedding | 192    | train
7 | encoder       | Encoder       | 41.6 K | train
8 | decoder       | Decoder       | 37.8 K | train
--------------------------------------------------------
79.7 K    Trainable params
0         Non-trainable params
79.7 K    Total params
0.319     Total estimated model params size (MB)
86        Modules in train mode
0         Modules in eval mode
`Trainer.fit` stopped: `max_steps=1000` reached.
GPU available: True (cuda), used: True
TPU available: False, using: 0 TPU cores
HPU available: False, using: 0 HPUs
LOCAL_RANK: 0 - CUDA_VISIBLE_DEVICES: [1]
Seed set to 1
GPU available: True (cuda), used: True
TPU available: False, using: 0 TPU cores
HPU available: False, using: 0 HPUs
LOCAL_RANK: 0 - CUDA_VISIBLE_DEVICES: [1]

  | Name          | Type          | Params | Mode 
--------------------------------------------------------
0 | loss          | MSE           | 0      | train
1 | valid_loss    | MSE           | 0      | train
2 | padder_train  | ConstantPad1d | 0      | train
3 | scaler        | TemporalNorm  | 0      | train
4 | decomp        | SeriesDecomp  | 0      | train
5 | enc_embedding | DataEmbedding | 192    | train
6 | dec_embedding | DataEmbedding | 192    | train
7 | encoder       | Encoder       | 41.6 K | train
8 | decoder       | Decoder       | 37.8 K | train
--------------------------------------------------------
79.7 K    Trainable params
0         Non-trainable params
79.7 K    Total params
0.319     Total estimated model params size (MB)
86        Modules in train mode
0         Modules in eval mode
`Trainer.fit` stopped: `max_steps=1000` reached.
GPU available: True (cuda), used: True
TPU available: False, using: 0 TPU cores
HPU available: False, using: 0 HPUs
LOCAL_RANK: 0 - CUDA_VISIBLE_DEVICES: [1]
Seed set to 1
GPU available: True (cuda), used: True
TPU available: False, using: 0 TPU cores
HPU available: False, using: 0 HPUs
LOCAL_RANK: 0 - CUDA_VISIBLE_DEVICES: [1]

  | Name          | Type          | Params | Mode 
--------------------------------------------------------
0 | loss          | MSE           | 0      | train
1 | valid_loss    | MSE           | 0      | train
2 | padder_train  | ConstantPad1d | 0      | train
3 | scaler        | TemporalNorm  | 0      | train
4 | decomp        | SeriesDecomp  | 0      | train
5 | enc_embedding | DataEmbedding | 192    | train
6 | dec_embedding | DataEmbedding | 192    | train
7 | encoder       | Encoder       | 41.6 K | train
8 | decoder       | Decoder       | 37.8 K | train
--------------------------------------------------------
79.7 K    Trainable params
0         Non-trainable params
79.7 K    Total params
0.319     Total estimated model params size (MB)
86        Modules in train mode
0         Modules in eval mode
`Trainer.fit` stopped: `max_steps=1000` reached.
GPU available: True (cuda), used: True
TPU available: False, using: 0 TPU cores
HPU available: False, using: 0 HPUs
LOCAL_RANK: 0 - CUDA_VISIBLE_DEVICES: [1]
Seed set to 1
GPU available: True (cuda), used: True
TPU available: False, using: 0 TPU cores
HPU available: False, using: 0 HPUs
LOCAL_RANK: 0 - CUDA_VISIBLE_DEVICES: [1]

  | Name          | Type          | Params | Mode 
--------------------------------------------------------
0 | loss          | MSE           | 0      | train
1 | valid_loss    | MSE           | 0      | train
2 | padder_train  | ConstantPad1d | 0      | train
3 | scaler        | TemporalNorm  | 0      | train
4 | decomp        | SeriesDecomp  | 0      | train
5 | enc_embedding | DataEmbedding | 192    | train
6 | dec_embedding | DataEmbedding | 192    | train
7 | encoder       | Encoder       | 41.6 K | train
8 | decoder       | Decoder       | 37.8 K | train
--------------------------------------------------------
79.7 K    Trainable params
0         Non-trainable params
79.7 K    Total params
0.319     Total estimated model params size (MB)
86        Modules in train mode
0         Modules in eval mode
`Trainer.fit` stopped: `max_steps=1000` reached.
GPU available: True (cuda), used: True
TPU available: False, using: 0 TPU cores
HPU available: False, using: 0 HPUs
LOCAL_RANK: 0 - CUDA_VISIBLE_DEVICES: [1]
Seed set to 1
GPU available: True (cuda), used: True
TPU available: False, using: 0 TPU cores
HPU available: False, using: 0 HPUs
LOCAL_RANK: 0 - CUDA_VISIBLE_DEVICES: [1]

  | Name          | Type          | Params | Mode 
--------------------------------------------------------
0 | loss          | MSE           | 0      | train
1 | valid_loss    | MSE           | 0      | train
2 | padder_train  | ConstantPad1d | 0      | train
3 | scaler        | TemporalNorm  | 0      | train
4 | decomp        | SeriesDecomp  | 0      | train
5 | enc_embedding | DataEmbedding | 192    | train
6 | dec_embedding | DataEmbedding | 192    | train
7 | encoder       | Encoder       | 41.6 K | train
8 | decoder       | Decoder       | 37.8 K | train
--------------------------------------------------------
79.7 K    Trainable params
0         Non-trainable params
79.7 K    Total params
0.319     Total estimated model params size (MB)
86        Modules in train mode
0         Modules in eval mode
`Trainer.fit` stopped: `max_steps=1000` reached.
GPU available: True (cuda), used: True
TPU available: False, using: 0 TPU cores
HPU available: False, using: 0 HPUs
LOCAL_RANK: 0 - CUDA_VISIBLE_DEVICES: [1]
Seed set to 1
GPU available: True (cuda), used: True
TPU available: False, using: 0 TPU cores
HPU available: False, using: 0 HPUs
LOCAL_RANK: 0 - CUDA_VISIBLE_DEVICES: [1]

  | Name          | Type          | Params | Mode 
--------------------------------------------------------
0 | loss          | MSE           | 0      | train
1 | valid_loss    | MSE           | 0      | train
2 | padder_train  | ConstantPad1d | 0      | train
3 | scaler        | TemporalNorm  | 0      | train
4 | decomp        | SeriesDecomp  | 0      | train
5 | enc_embedding | DataEmbedding | 192    | train
6 | dec_embedding | DataEmbedding | 192    | train
7 | encoder       | Encoder       | 41.6 K | train
8 | decoder       | Decoder       | 37.8 K | train
--------------------------------------------------------
79.7 K    Trainable params
0         Non-trainable params
79.7 K    Total params
0.319     Total estimated model params size (MB)
86        Modules in train mode
0         Modules in eval mode
`Trainer.fit` stopped: `max_steps=1000` reached.
GPU available: True (cuda), used: True
TPU available: False, using: 0 TPU cores
HPU available: False, using: 0 HPUs
LOCAL_RANK: 0 - CUDA_VISIBLE_DEVICES: [1]
Seed set to 1
GPU available: True (cuda), used: True
TPU available: False, using: 0 TPU cores
HPU available: False, using: 0 HPUs
LOCAL_RANK: 0 - CUDA_VISIBLE_DEVICES: [1]

  | Name          | Type          | Params | Mode 
--------------------------------------------------------
0 | loss          | MSE           | 0      | train
1 | valid_loss    | MSE           | 0      | train
2 | padder_train  | ConstantPad1d | 0      | train
3 | scaler        | TemporalNorm  | 0      | train
4 | decomp        | SeriesDecomp  | 0      | train
5 | enc_embedding | DataEmbedding | 192    | train
6 | dec_embedding | DataEmbedding | 192    | train
7 | encoder       | Encoder       | 41.6 K | train
8 | decoder       | Decoder       | 37.8 K | train
--------------------------------------------------------
79.7 K    Trainable params
0         Non-trainable params
79.7 K    Total params
0.319     Total estimated model params size (MB)
86        Modules in train mode
0         Modules in eval mode
`Trainer.fit` stopped: `max_steps=1000` reached.
GPU available: True (cuda), used: True
TPU available: False, using: 0 TPU cores
HPU available: False, using: 0 HPUs
LOCAL_RANK: 0 - CUDA_VISIBLE_DEVICES: [1]
Seed set to 1
GPU available: True (cuda), used: True
TPU available: False, using: 0 TPU cores
HPU available: False, using: 0 HPUs
LOCAL_RANK: 0 - CUDA_VISIBLE_DEVICES: [1]

  | Name          | Type          | Params | Mode 
--------------------------------------------------------
0 | loss          | MSE           | 0      | train
1 | valid_loss    | MSE           | 0      | train
2 | padder_train  | ConstantPad1d | 0      | train
3 | scaler        | TemporalNorm  | 0      | train
4 | decomp        | SeriesDecomp  | 0      | train
5 | enc_embedding | DataEmbedding | 192    | train
6 | dec_embedding | DataEmbedding | 192    | train
7 | encoder       | Encoder       | 41.6 K | train
8 | decoder       | Decoder       | 37.8 K | train
--------------------------------------------------------
79.7 K    Trainable params
0         Non-trainable params
79.7 K    Total params
0.319     Total estimated model params size (MB)
86        Modules in train mode
0         Modules in eval mode
`Trainer.fit` stopped: `max_steps=1000` reached.
GPU available: True (cuda), used: True
TPU available: False, using: 0 TPU cores
HPU available: False, using: 0 HPUs
LOCAL_RANK: 0 - CUDA_VISIBLE_DEVICES: [1]
Seed set to 1
GPU available: True (cuda), used: True
TPU available: False, using: 0 TPU cores
HPU available: False, using: 0 HPUs
LOCAL_RANK: 0 - CUDA_VISIBLE_DEVICES: [1]

  | Name          | Type          | Params | Mode 
--------------------------------------------------------
0 | loss          | MSE           | 0      | train
1 | valid_loss    | MSE           | 0      | train
2 | padder_train  | ConstantPad1d | 0      | train
3 | scaler        | TemporalNorm  | 0      | train
4 | decomp        | SeriesDecomp  | 0      | train
5 | enc_embedding | DataEmbedding | 192    | train
6 | dec_embedding | DataEmbedding | 192    | train
7 | encoder       | Encoder       | 41.6 K | train
8 | decoder       | Decoder       | 37.8 K | train
--------------------------------------------------------
79.7 K    Trainable params
0         Non-trainable params
79.7 K    Total params
0.319     Total estimated model params size (MB)
86        Modules in train mode
0         Modules in eval mode
`Trainer.fit` stopped: `max_steps=1000` reached.
GPU available: True (cuda), used: True
TPU available: False, using: 0 TPU cores
HPU available: False, using: 0 HPUs
LOCAL_RANK: 0 - CUDA_VISIBLE_DEVICES: [1]
