[I 2026-03-22 22:07:53,922] A new study created in Journal with name: neuralforecast::brentoil_case3_HPT_n100::LSTM::main-search::f046021678b2
Seed set to 1
/home/sonet/.openclaw/workspace/research/neuralforecast/.venv/lib/python3.11/site-packages/torch/nn/modules/rnn.py:123: UserWarning: dropout option adds dropout after all but last recurrent layer, so non-zero dropout expects num_layers greater than 1, but got dropout=0.2 and num_layers=1
  warnings.warn(
GPU available: True (cuda), used: True
TPU available: False, using: 0 TPU cores
HPU available: False, using: 0 HPUs
You are using a CUDA device ('NVIDIA RTX A5000') that has Tensor Cores. To properly utilize them, you should set `torch.set_float32_matmul_precision('medium' | 'high')` which will trade-off precision for performance. For more details, read https://pytorch.org/docs/stable/generated/torch.set_float32_matmul_precision.html#torch.set_float32_matmul_precision
LOCAL_RANK: 0 - CUDA_VISIBLE_DEVICES: [1]

  | Name         | Type          | Params | Mode 
-------------------------------------------------------
0 | loss         | MSE           | 0      | train
1 | valid_loss   | MSE           | 0      | train
2 | padder_train | ConstantPad1d | 0      | train
3 | scaler       | TemporalNorm  | 0      | train
4 | hist_encoder | LSTM          | 19.2 K | train
5 | mlp_decoder  | MLP           | 2.1 K  | train
-------------------------------------------------------
21.3 K    Trainable params
0         Non-trainable params
21.3 K    Total params
0.085     Total estimated model params size (MB)
11        Modules in train mode
0         Modules in eval mode
`Trainer.fit` stopped: `max_steps=1000` reached.
Trainer already configured with model summary callbacks: [<class 'pytorch_lightning.callbacks.model_summary.ModelSummary'>]. Skipping setting a default `ModelSummary` callback.
GPU available: True (cuda), used: True
TPU available: False, using: 0 TPU cores
HPU available: False, using: 0 HPUs
LOCAL_RANK: 0 - CUDA_VISIBLE_DEVICES: [1]
Seed set to 1
/home/sonet/.openclaw/workspace/research/neuralforecast/.venv/lib/python3.11/site-packages/torch/nn/modules/rnn.py:123: UserWarning: dropout option adds dropout after all but last recurrent layer, so non-zero dropout expects num_layers greater than 1, but got dropout=0.2 and num_layers=1
  warnings.warn(
GPU available: True (cuda), used: True
TPU available: False, using: 0 TPU cores
HPU available: False, using: 0 HPUs
LOCAL_RANK: 0 - CUDA_VISIBLE_DEVICES: [1]

  | Name         | Type          | Params | Mode 
-------------------------------------------------------
0 | loss         | MSE           | 0      | train
1 | valid_loss   | MSE           | 0      | train
2 | padder_train | ConstantPad1d | 0      | train
3 | scaler       | TemporalNorm  | 0      | train
4 | hist_encoder | LSTM          | 19.2 K | train
5 | mlp_decoder  | MLP           | 2.1 K  | train
-------------------------------------------------------
21.3 K    Trainable params
0         Non-trainable params
21.3 K    Total params
0.085     Total estimated model params size (MB)
11        Modules in train mode
0         Modules in eval mode
`Trainer.fit` stopped: `max_steps=1000` reached.
Trainer already configured with model summary callbacks: [<class 'pytorch_lightning.callbacks.model_summary.ModelSummary'>]. Skipping setting a default `ModelSummary` callback.
GPU available: True (cuda), used: True
TPU available: False, using: 0 TPU cores
HPU available: False, using: 0 HPUs
LOCAL_RANK: 0 - CUDA_VISIBLE_DEVICES: [1]
Seed set to 1
/home/sonet/.openclaw/workspace/research/neuralforecast/.venv/lib/python3.11/site-packages/torch/nn/modules/rnn.py:123: UserWarning: dropout option adds dropout after all but last recurrent layer, so non-zero dropout expects num_layers greater than 1, but got dropout=0.2 and num_layers=1
  warnings.warn(
GPU available: True (cuda), used: True
TPU available: False, using: 0 TPU cores
HPU available: False, using: 0 HPUs
LOCAL_RANK: 0 - CUDA_VISIBLE_DEVICES: [1]

  | Name         | Type          | Params | Mode 
-------------------------------------------------------
0 | loss         | MSE           | 0      | train
1 | valid_loss   | MSE           | 0      | train
2 | padder_train | ConstantPad1d | 0      | train
3 | scaler       | TemporalNorm  | 0      | train
4 | hist_encoder | LSTM          | 19.2 K | train
5 | mlp_decoder  | MLP           | 2.1 K  | train
-------------------------------------------------------
21.3 K    Trainable params
0         Non-trainable params
21.3 K    Total params
0.085     Total estimated model params size (MB)
11        Modules in train mode
0         Modules in eval mode
`Trainer.fit` stopped: `max_steps=1000` reached.
Trainer already configured with model summary callbacks: [<class 'pytorch_lightning.callbacks.model_summary.ModelSummary'>]. Skipping setting a default `ModelSummary` callback.
GPU available: True (cuda), used: True
TPU available: False, using: 0 TPU cores
HPU available: False, using: 0 HPUs
LOCAL_RANK: 0 - CUDA_VISIBLE_DEVICES: [1]
Seed set to 1
/home/sonet/.openclaw/workspace/research/neuralforecast/.venv/lib/python3.11/site-packages/torch/nn/modules/rnn.py:123: UserWarning: dropout option adds dropout after all but last recurrent layer, so non-zero dropout expects num_layers greater than 1, but got dropout=0.2 and num_layers=1
  warnings.warn(
GPU available: True (cuda), used: True
TPU available: False, using: 0 TPU cores
HPU available: False, using: 0 HPUs
LOCAL_RANK: 0 - CUDA_VISIBLE_DEVICES: [1]

  | Name         | Type          | Params | Mode 
-------------------------------------------------------
0 | loss         | MSE           | 0      | train
1 | valid_loss   | MSE           | 0      | train
2 | padder_train | ConstantPad1d | 0      | train
3 | scaler       | TemporalNorm  | 0      | train
4 | hist_encoder | LSTM          | 19.2 K | train
5 | mlp_decoder  | MLP           | 2.1 K  | train
-------------------------------------------------------
21.3 K    Trainable params
0         Non-trainable params
21.3 K    Total params
0.085     Total estimated model params size (MB)
11        Modules in train mode
0         Modules in eval mode
`Trainer.fit` stopped: `max_steps=1000` reached.
Trainer already configured with model summary callbacks: [<class 'pytorch_lightning.callbacks.model_summary.ModelSummary'>]. Skipping setting a default `ModelSummary` callback.
GPU available: True (cuda), used: True
TPU available: False, using: 0 TPU cores
HPU available: False, using: 0 HPUs
LOCAL_RANK: 0 - CUDA_VISIBLE_DEVICES: [1]
Seed set to 1
/home/sonet/.openclaw/workspace/research/neuralforecast/.venv/lib/python3.11/site-packages/torch/nn/modules/rnn.py:123: UserWarning: dropout option adds dropout after all but last recurrent layer, so non-zero dropout expects num_layers greater than 1, but got dropout=0.2 and num_layers=1
  warnings.warn(
GPU available: True (cuda), used: True
TPU available: False, using: 0 TPU cores
HPU available: False, using: 0 HPUs
LOCAL_RANK: 0 - CUDA_VISIBLE_DEVICES: [1]

  | Name         | Type          | Params | Mode 
-------------------------------------------------------
0 | loss         | MSE           | 0      | train
1 | valid_loss   | MSE           | 0      | train
2 | padder_train | ConstantPad1d | 0      | train
3 | scaler       | TemporalNorm  | 0      | train
4 | hist_encoder | LSTM          | 19.2 K | train
5 | mlp_decoder  | MLP           | 2.1 K  | train
-------------------------------------------------------
21.3 K    Trainable params
0         Non-trainable params
21.3 K    Total params
0.085     Total estimated model params size (MB)
11        Modules in train mode
0         Modules in eval mode
`Trainer.fit` stopped: `max_steps=1000` reached.
Trainer already configured with model summary callbacks: [<class 'pytorch_lightning.callbacks.model_summary.ModelSummary'>]. Skipping setting a default `ModelSummary` callback.
GPU available: True (cuda), used: True
TPU available: False, using: 0 TPU cores
HPU available: False, using: 0 HPUs
LOCAL_RANK: 0 - CUDA_VISIBLE_DEVICES: [1]
[I 2026-03-22 22:08:34,895] Trial 0 finished with value: 46.72129627472255 and parameters: {'encoder_hidden_size': 64, 'encoder_n_layers': 1, 'inference_input_size': 96, 'encoder_dropout': 0.2, 'decoder_hidden_size': 32, 'decoder_layers': 2, 'input_size': 64, 'batch_size': 32, 'valid_batch_size': 32, 'windows_batch_size': 256, 'inference_windows_batch_size': 512, 'learning_rate': 0.009616937399315729, 'scaler_type': 'standard', 'model_step_size': 4}. Best is trial 0 with value: 46.72129627472255.
Seed set to 1
/home/sonet/.openclaw/workspace/research/neuralforecast/.venv/lib/python3.11/site-packages/torch/nn/modules/rnn.py:123: UserWarning: dropout option adds dropout after all but last recurrent layer, so non-zero dropout expects num_layers greater than 1, but got dropout=0.1 and num_layers=1
  warnings.warn(
GPU available: True (cuda), used: True
TPU available: False, using: 0 TPU cores
HPU available: False, using: 0 HPUs
LOCAL_RANK: 0 - CUDA_VISIBLE_DEVICES: [1]

  | Name         | Type          | Params | Mode 
-------------------------------------------------------
0 | loss         | MSE           | 0      | train
1 | valid_loss   | MSE           | 0      | train
2 | padder_train | ConstantPad1d | 0      | train
3 | scaler       | TemporalNorm  | 0      | train
4 | hist_encoder | LSTM          | 71.2 K | train
5 | mlp_decoder  | MLP           | 4.2 K  | train
-------------------------------------------------------
75.3 K    Trainable params
0         Non-trainable params
75.3 K    Total params
0.301     Total estimated model params size (MB)
11        Modules in train mode
0         Modules in eval mode
`Trainer.fit` stopped: `max_steps=1000` reached.
Trainer already configured with model summary callbacks: [<class 'pytorch_lightning.callbacks.model_summary.ModelSummary'>]. Skipping setting a default `ModelSummary` callback.
GPU available: True (cuda), used: True
TPU available: False, using: 0 TPU cores
HPU available: False, using: 0 HPUs
LOCAL_RANK: 0 - CUDA_VISIBLE_DEVICES: [1]
Seed set to 1
/home/sonet/.openclaw/workspace/research/neuralforecast/.venv/lib/python3.11/site-packages/torch/nn/modules/rnn.py:123: UserWarning: dropout option adds dropout after all but last recurrent layer, so non-zero dropout expects num_layers greater than 1, but got dropout=0.1 and num_layers=1
  warnings.warn(
GPU available: True (cuda), used: True
TPU available: False, using: 0 TPU cores
HPU available: False, using: 0 HPUs
LOCAL_RANK: 0 - CUDA_VISIBLE_DEVICES: [1]

  | Name         | Type          | Params | Mode 
-------------------------------------------------------
0 | loss         | MSE           | 0      | train
1 | valid_loss   | MSE           | 0      | train
2 | padder_train | ConstantPad1d | 0      | train
3 | scaler       | TemporalNorm  | 0      | train
4 | hist_encoder | LSTM          | 71.2 K | train
5 | mlp_decoder  | MLP           | 4.2 K  | train
-------------------------------------------------------
75.3 K    Trainable params
0         Non-trainable params
75.3 K    Total params
0.301     Total estimated model params size (MB)
11        Modules in train mode
0         Modules in eval mode
`Trainer.fit` stopped: `max_steps=1000` reached.
Trainer already configured with model summary callbacks: [<class 'pytorch_lightning.callbacks.model_summary.ModelSummary'>]. Skipping setting a default `ModelSummary` callback.
GPU available: True (cuda), used: True
TPU available: False, using: 0 TPU cores
HPU available: False, using: 0 HPUs
LOCAL_RANK: 0 - CUDA_VISIBLE_DEVICES: [1]
Seed set to 1
/home/sonet/.openclaw/workspace/research/neuralforecast/.venv/lib/python3.11/site-packages/torch/nn/modules/rnn.py:123: UserWarning: dropout option adds dropout after all but last recurrent layer, so non-zero dropout expects num_layers greater than 1, but got dropout=0.1 and num_layers=1
  warnings.warn(
GPU available: True (cuda), used: True
TPU available: False, using: 0 TPU cores
HPU available: False, using: 0 HPUs
LOCAL_RANK: 0 - CUDA_VISIBLE_DEVICES: [1]

  | Name         | Type          | Params | Mode 
-------------------------------------------------------
0 | loss         | MSE           | 0      | train
1 | valid_loss   | MSE           | 0      | train
2 | padder_train | ConstantPad1d | 0      | train
3 | scaler       | TemporalNorm  | 0      | train
4 | hist_encoder | LSTM          | 71.2 K | train
5 | mlp_decoder  | MLP           | 4.2 K  | train
-------------------------------------------------------
75.3 K    Trainable params
0         Non-trainable params
75.3 K    Total params
0.301     Total estimated model params size (MB)
11        Modules in train mode
0         Modules in eval mode
`Trainer.fit` stopped: `max_steps=1000` reached.
Trainer already configured with model summary callbacks: [<class 'pytorch_lightning.callbacks.model_summary.ModelSummary'>]. Skipping setting a default `ModelSummary` callback.
GPU available: True (cuda), used: True
TPU available: False, using: 0 TPU cores
HPU available: False, using: 0 HPUs
LOCAL_RANK: 0 - CUDA_VISIBLE_DEVICES: [1]
Seed set to 1
/home/sonet/.openclaw/workspace/research/neuralforecast/.venv/lib/python3.11/site-packages/torch/nn/modules/rnn.py:123: UserWarning: dropout option adds dropout after all but last recurrent layer, so non-zero dropout expects num_layers greater than 1, but got dropout=0.1 and num_layers=1
  warnings.warn(
GPU available: True (cuda), used: True
TPU available: False, using: 0 TPU cores
HPU available: False, using: 0 HPUs
LOCAL_RANK: 0 - CUDA_VISIBLE_DEVICES: [1]

  | Name         | Type          | Params | Mode 
-------------------------------------------------------
0 | loss         | MSE           | 0      | train
1 | valid_loss   | MSE           | 0      | train
2 | padder_train | ConstantPad1d | 0      | train
3 | scaler       | TemporalNorm  | 0      | train
4 | hist_encoder | LSTM          | 71.2 K | train
5 | mlp_decoder  | MLP           | 4.2 K  | train
-------------------------------------------------------
75.3 K    Trainable params
0         Non-trainable params
75.3 K    Total params
0.301     Total estimated model params size (MB)
11        Modules in train mode
0         Modules in eval mode
`Trainer.fit` stopped: `max_steps=1000` reached.
Trainer already configured with model summary callbacks: [<class 'pytorch_lightning.callbacks.model_summary.ModelSummary'>]. Skipping setting a default `ModelSummary` callback.
GPU available: True (cuda), used: True
TPU available: False, using: 0 TPU cores
HPU available: False, using: 0 HPUs
LOCAL_RANK: 0 - CUDA_VISIBLE_DEVICES: [1]
Seed set to 1
/home/sonet/.openclaw/workspace/research/neuralforecast/.venv/lib/python3.11/site-packages/torch/nn/modules/rnn.py:123: UserWarning: dropout option adds dropout after all but last recurrent layer, so non-zero dropout expects num_layers greater than 1, but got dropout=0.1 and num_layers=1
  warnings.warn(
GPU available: True (cuda), used: True
TPU available: False, using: 0 TPU cores
HPU available: False, using: 0 HPUs
LOCAL_RANK: 0 - CUDA_VISIBLE_DEVICES: [1]

  | Name         | Type          | Params | Mode 
-------------------------------------------------------
0 | loss         | MSE           | 0      | train
1 | valid_loss   | MSE           | 0      | train
2 | padder_train | ConstantPad1d | 0      | train
3 | scaler       | TemporalNorm  | 0      | train
4 | hist_encoder | LSTM          | 71.2 K | train
5 | mlp_decoder  | MLP           | 4.2 K  | train
-------------------------------------------------------
75.3 K    Trainable params
0         Non-trainable params
75.3 K    Total params
0.301     Total estimated model params size (MB)
11        Modules in train mode
0         Modules in eval mode
`Trainer.fit` stopped: `max_steps=1000` reached.
Trainer already configured with model summary callbacks: [<class 'pytorch_lightning.callbacks.model_summary.ModelSummary'>]. Skipping setting a default `ModelSummary` callback.
GPU available: True (cuda), used: True
TPU available: False, using: 0 TPU cores
HPU available: False, using: 0 HPUs
LOCAL_RANK: 0 - CUDA_VISIBLE_DEVICES: [1]
[I 2026-03-22 22:09:20,147] Trial 1 finished with value: 53.110676111728615 and parameters: {'encoder_hidden_size': 128, 'encoder_n_layers': 1, 'inference_input_size': 48, 'encoder_dropout': 0.1, 'decoder_hidden_size': 32, 'decoder_layers': 2, 'input_size': 36, 'batch_size': 128, 'valid_batch_size': 128, 'windows_batch_size': 512, 'inference_windows_batch_size': 1024, 'learning_rate': 0.0026539238238444678, 'scaler_type': 'robust', 'model_step_size': 8}. Best is trial 0 with value: 46.72129627472255.
Seed set to 1
GPU available: True (cuda), used: True
TPU available: False, using: 0 TPU cores
HPU available: False, using: 0 HPUs
LOCAL_RANK: 0 - CUDA_VISIBLE_DEVICES: [1]

  | Name         | Type          | Params | Mode 
-------------------------------------------------------
0 | loss         | MSE           | 0      | train
1 | valid_loss   | MSE           | 0      | train
2 | padder_train | ConstantPad1d | 0      | train
3 | scaler       | TemporalNorm  | 0      | train
4 | hist_encoder | LSTM          | 85.8 K | train
5 | mlp_decoder  | MLP           | 8.4 K  | train
-------------------------------------------------------
94.1 K    Trainable params
0         Non-trainable params
94.1 K    Total params
0.377     Total estimated model params size (MB)
13        Modules in train mode
0         Modules in eval mode
`Trainer.fit` stopped: `max_steps=1000` reached.
Trainer already configured with model summary callbacks: [<class 'pytorch_lightning.callbacks.model_summary.ModelSummary'>]. Skipping setting a default `ModelSummary` callback.
GPU available: True (cuda), used: True
TPU available: False, using: 0 TPU cores
HPU available: False, using: 0 HPUs
LOCAL_RANK: 0 - CUDA_VISIBLE_DEVICES: [1]
Seed set to 1
GPU available: True (cuda), used: True
TPU available: False, using: 0 TPU cores
HPU available: False, using: 0 HPUs
LOCAL_RANK: 0 - CUDA_VISIBLE_DEVICES: [1]

  | Name         | Type          | Params | Mode 
-------------------------------------------------------
0 | loss         | MSE           | 0      | train
1 | valid_loss   | MSE           | 0      | train
2 | padder_train | ConstantPad1d | 0      | train
3 | scaler       | TemporalNorm  | 0      | train
4 | hist_encoder | LSTM          | 85.8 K | train
5 | mlp_decoder  | MLP           | 8.4 K  | train
-------------------------------------------------------
94.1 K    Trainable params
0         Non-trainable params
94.1 K    Total params
0.377     Total estimated model params size (MB)
13        Modules in train mode
0         Modules in eval mode
`Trainer.fit` stopped: `max_steps=1000` reached.
Trainer already configured with model summary callbacks: [<class 'pytorch_lightning.callbacks.model_summary.ModelSummary'>]. Skipping setting a default `ModelSummary` callback.
GPU available: True (cuda), used: True
TPU available: False, using: 0 TPU cores
HPU available: False, using: 0 HPUs
LOCAL_RANK: 0 - CUDA_VISIBLE_DEVICES: [1]
Seed set to 1
GPU available: True (cuda), used: True
TPU available: False, using: 0 TPU cores
HPU available: False, using: 0 HPUs
LOCAL_RANK: 0 - CUDA_VISIBLE_DEVICES: [1]

  | Name         | Type          | Params | Mode 
-------------------------------------------------------
0 | loss         | MSE           | 0      | train
1 | valid_loss   | MSE           | 0      | train
2 | padder_train | ConstantPad1d | 0      | train
3 | scaler       | TemporalNorm  | 0      | train
4 | hist_encoder | LSTM          | 85.8 K | train
5 | mlp_decoder  | MLP           | 8.4 K  | train
-------------------------------------------------------
94.1 K    Trainable params
0         Non-trainable params
94.1 K    Total params
0.377     Total estimated model params size (MB)
13        Modules in train mode
0         Modules in eval mode
`Trainer.fit` stopped: `max_steps=1000` reached.
Trainer already configured with model summary callbacks: [<class 'pytorch_lightning.callbacks.model_summary.ModelSummary'>]. Skipping setting a default `ModelSummary` callback.
GPU available: True (cuda), used: True
TPU available: False, using: 0 TPU cores
HPU available: False, using: 0 HPUs
LOCAL_RANK: 0 - CUDA_VISIBLE_DEVICES: [1]
Seed set to 1
GPU available: True (cuda), used: True
TPU available: False, using: 0 TPU cores
HPU available: False, using: 0 HPUs
LOCAL_RANK: 0 - CUDA_VISIBLE_DEVICES: [1]

  | Name         | Type          | Params | Mode 
-------------------------------------------------------
0 | loss         | MSE           | 0      | train
1 | valid_loss   | MSE           | 0      | train
2 | padder_train | ConstantPad1d | 0      | train
3 | scaler       | TemporalNorm  | 0      | train
4 | hist_encoder | LSTM          | 85.8 K | train
5 | mlp_decoder  | MLP           | 8.4 K  | train
-------------------------------------------------------
94.1 K    Trainable params
0         Non-trainable params
94.1 K    Total params
0.377     Total estimated model params size (MB)
13        Modules in train mode
0         Modules in eval mode
`Trainer.fit` stopped: `max_steps=1000` reached.
Trainer already configured with model summary callbacks: [<class 'pytorch_lightning.callbacks.model_summary.ModelSummary'>]. Skipping setting a default `ModelSummary` callback.
GPU available: True (cuda), used: True
TPU available: False, using: 0 TPU cores
HPU available: False, using: 0 HPUs
LOCAL_RANK: 0 - CUDA_VISIBLE_DEVICES: [1]
Seed set to 1
GPU available: True (cuda), used: True
TPU available: False, using: 0 TPU cores
HPU available: False, using: 0 HPUs
LOCAL_RANK: 0 - CUDA_VISIBLE_DEVICES: [1]

  | Name         | Type          | Params | Mode 
-------------------------------------------------------
0 | loss         | MSE           | 0      | train
1 | valid_loss   | MSE           | 0      | train
2 | padder_train | ConstantPad1d | 0      | train
3 | scaler       | TemporalNorm  | 0      | train
4 | hist_encoder | LSTM          | 85.8 K | train
5 | mlp_decoder  | MLP           | 8.4 K  | train
-------------------------------------------------------
94.1 K    Trainable params
0         Non-trainable params
94.1 K    Total params
0.377     Total estimated model params size (MB)
13        Modules in train mode
0         Modules in eval mode
`Trainer.fit` stopped: `max_steps=1000` reached.
Trainer already configured with model summary callbacks: [<class 'pytorch_lightning.callbacks.model_summary.ModelSummary'>]. Skipping setting a default `ModelSummary` callback.
GPU available: True (cuda), used: True
TPU available: False, using: 0 TPU cores
HPU available: False, using: 0 HPUs
LOCAL_RANK: 0 - CUDA_VISIBLE_DEVICES: [1]
[I 2026-03-22 22:10:03,613] Trial 2 finished with value: 42.36611084802476 and parameters: {'encoder_hidden_size': 64, 'encoder_n_layers': 3, 'inference_input_size': 24, 'encoder_dropout': 0.2, 'decoder_hidden_size': 64, 'decoder_layers': 3, 'input_size': 36, 'batch_size': 64, 'valid_batch_size': 32, 'windows_batch_size': 512, 'inference_windows_batch_size': 1024, 'learning_rate': 0.006197132626302769, 'scaler_type': None, 'model_step_size': 12}. Best is trial 2 with value: 42.36611084802476.
Seed set to 1
GPU available: True (cuda), used: True
TPU available: False, using: 0 TPU cores
HPU available: False, using: 0 HPUs
LOCAL_RANK: 0 - CUDA_VISIBLE_DEVICES: [1]

  | Name         | Type          | Params | Mode 
-------------------------------------------------------
0 | loss         | MSE           | 0      | train
1 | valid_loss   | MSE           | 0      | train
2 | padder_train | ConstantPad1d | 0      | train
3 | scaler       | TemporalNorm  | 0      | train
4 | hist_encoder | LSTM          | 22.4 K | train
5 | mlp_decoder  | MLP           | 33     | train
-------------------------------------------------------
22.4 K    Trainable params
0         Non-trainable params
22.4 K    Total params
0.090     Total estimated model params size (MB)
8         Modules in train mode
0         Modules in eval mode
`Trainer.fit` stopped: `max_steps=1000` reached.
Trainer already configured with model summary callbacks: [<class 'pytorch_lightning.callbacks.model_summary.ModelSummary'>]. Skipping setting a default `ModelSummary` callback.
GPU available: True (cuda), used: True
TPU available: False, using: 0 TPU cores
HPU available: False, using: 0 HPUs
LOCAL_RANK: 0 - CUDA_VISIBLE_DEVICES: [1]
Seed set to 1
GPU available: True (cuda), used: True
TPU available: False, using: 0 TPU cores
HPU available: False, using: 0 HPUs
LOCAL_RANK: 0 - CUDA_VISIBLE_DEVICES: [1]

  | Name         | Type          | Params | Mode 
-------------------------------------------------------
0 | loss         | MSE           | 0      | train
1 | valid_loss   | MSE           | 0      | train
2 | padder_train | ConstantPad1d | 0      | train
3 | scaler       | TemporalNorm  | 0      | train
4 | hist_encoder | LSTM          | 22.4 K | train
5 | mlp_decoder  | MLP           | 33     | train
-------------------------------------------------------
22.4 K    Trainable params
0         Non-trainable params
22.4 K    Total params
0.090     Total estimated model params size (MB)
8         Modules in train mode
0         Modules in eval mode
`Trainer.fit` stopped: `max_steps=1000` reached.
Trainer already configured with model summary callbacks: [<class 'pytorch_lightning.callbacks.model_summary.ModelSummary'>]. Skipping setting a default `ModelSummary` callback.
GPU available: True (cuda), used: True
TPU available: False, using: 0 TPU cores
HPU available: False, using: 0 HPUs
LOCAL_RANK: 0 - CUDA_VISIBLE_DEVICES: [1]
Seed set to 1
GPU available: True (cuda), used: True
TPU available: False, using: 0 TPU cores
HPU available: False, using: 0 HPUs
LOCAL_RANK: 0 - CUDA_VISIBLE_DEVICES: [1]

  | Name         | Type          | Params | Mode 
-------------------------------------------------------
0 | loss         | MSE           | 0      | train
1 | valid_loss   | MSE           | 0      | train
2 | padder_train | ConstantPad1d | 0      | train
3 | scaler       | TemporalNorm  | 0      | train
4 | hist_encoder | LSTM          | 22.4 K | train
5 | mlp_decoder  | MLP           | 33     | train
-------------------------------------------------------
22.4 K    Trainable params
0         Non-trainable params
22.4 K    Total params
0.090     Total estimated model params size (MB)
8         Modules in train mode
0         Modules in eval mode
