1774962921.457731 client started (3083065): version 3.4, socket /tmp/tmux-1000/default, protocol 8
1774962921.457740 on Linux 6.6.87.2-microsoft-standard-WSL2 #1 SMP PREEMPT_DYNAMIC Thu Jun  5 18:30:46 UTC 2025
1774962921.457742 using libevent 2.1.12-stable poll
1774962921.457743 using ncurses 6.4 20240113
1774962921.457749 flags are 0x18010000
1774962921.457753 socket is /tmp/tmux-1000/default
1774962921.457757 trying connect
1774962921.457795 add peer 0x60e1ac5f4590: 6 ((nil))
1774962921.457818 sending message 100 to peer 0x60e1ac5f4590 (4 bytes)
1774962921.457820 sending message 111 to peer 0x60e1ac5f4590 (8 bytes)
1774962921.457821 sending message 101 to peer 0x60e1ac5f4590 (15 bytes)
1774962921.457822 sending message 109 to peer 0x60e1ac5f4590 (4 bytes)
1774962921.457823 sending message 102 to peer 0x60e1ac5f4590 (1 bytes)
1774962921.457824 sending message 108 to peer 0x60e1ac5f4590 (56 bytes)
1774962921.457825 sending message 104 to peer 0x60e1ac5f4590 (0 bytes)
1774962921.457826 sending message 110 to peer 0x60e1ac5f4590 (0 bytes)
1774962921.457827 sending message 107 to peer 0x60e1ac5f4590 (4 bytes)
1774962921.457828 sending message 105 to peer 0x60e1ac5f4590 (16 bytes)
1774962921.457829 sending message 105 to peer 0x60e1ac5f4590 (20 bytes)
1774962921.457830 sending message 105 to peer 0x60e1ac5f4590 (61 bytes)
1774962921.457831 sending message 105 to peer 0x60e1ac5f4590 (29 bytes)
1774962921.457832 sending message 105 to peer 0x60e1ac5f4590 (13 bytes)
1774962921.457833 sending message 105 to peer 0x60e1ac5f4590 (60 bytes)
1774962921.457834 sending message 105 to peer 0x60e1ac5f4590 (14 bytes)
1774962921.457835 sending message 105 to peer 0x60e1ac5f4590 (21 bytes)
1774962921.457836 sending message 105 to peer 0x60e1ac5f4590 (23 bytes)
1774962921.457837 sending message 105 to peer 0x60e1ac5f4590 (123 bytes)
1774962921.457837 sending message 105 to peer 0x60e1ac5f4590 (17 bytes)
1774962921.457838 sending message 105 to peer 0x60e1ac5f4590 (13 bytes)
1774962921.457839 sending message 105 to peer 0x60e1ac5f4590 (1817 bytes)
1774962921.457844 sending message 105 to peer 0x60e1ac5f4590 (137 bytes)
1774962921.457845 sending message 105 to peer 0x60e1ac5f4590 (54 bytes)
1774962921.457846 sending message 105 to peer 0x60e1ac5f4590 (25 bytes)
1774962921.457847 sending message 105 to peer 0x60e1ac5f4590 (31 bytes)
1774962921.457848 sending message 105 to peer 0x60e1ac5f4590 (35 bytes)
1774962921.457849 sending message 105 to peer 0x60e1ac5f4590 (34 bytes)
1774962921.457850 sending message 105 to peer 0x60e1ac5f4590 (23 bytes)
1774962921.457850 sending message 105 to peer 0x60e1ac5f4590 (20 bytes)
1774962921.457851 sending message 105 to peer 0x60e1ac5f4590 (53 bytes)
1774962921.457852 sending message 105 to peer 0x60e1ac5f4590 (32 bytes)
1774962921.457853 sending message 105 to peer 0x60e1ac5f4590 (11 bytes)
1774962921.457854 sending message 105 to peer 0x60e1ac5f4590 (14 bytes)
1774962921.457855 sending message 105 to peer 0x60e1ac5f4590 (64 bytes)
1774962921.457856 sending message 105 to peer 0x60e1ac5f4590 (8 bytes)
1774962921.457857 sending message 105 to peer 0x60e1ac5f4590 (14 bytes)
1774962921.457857 sending message 105 to peer 0x60e1ac5f4590 (10 bytes)
1774962921.457858 sending message 105 to peer 0x60e1ac5f4590 (19 bytes)
1774962921.457859 sending message 105 to peer 0x60e1ac5f4590 (11 bytes)
1774962921.457860 sending message 105 to peer 0x60e1ac5f4590 (45 bytes)
1774962921.457861 sending message 105 to peer 0x60e1ac5f4590 (11 bytes)
1774962921.457862 sending message 105 to peer 0x60e1ac5f4590 (17 bytes)
1774962921.457863 sending message 105 to peer 0x60e1ac5f4590 (31 bytes)
1774962921.457864 sending message 105 to peer 0x60e1ac5f4590 (35 bytes)
1774962921.457865 sending message 105 to peer 0x60e1ac5f4590 (47 bytes)
1774962921.457865 sending message 105 to peer 0x60e1ac5f4590 (15 bytes)
1774962921.457866 sending message 105 to peer 0x60e1ac5f4590 (154 bytes)
1774962921.457867 sending message 105 to peer 0x60e1ac5f4590 (65 bytes)
1774962921.457868 sending message 105 to peer 0x60e1ac5f4590 (125 bytes)
1774962921.457869 sending message 105 to peer 0x60e1ac5f4590 (950 bytes)
1774962921.457873 sending message 105 to peer 0x60e1ac5f4590 (54 bytes)
1774962921.457874 sending message 105 to peer 0x60e1ac5f4590 (52 bytes)
1774962921.457875 sending message 105 to peer 0x60e1ac5f4590 (20 bytes)
1774962921.457875 sending message 105 to peer 0x60e1ac5f4590 (88 bytes)
1774962921.457877 sending message 105 to peer 0x60e1ac5f4590 (16 bytes)
1774962921.457878 sending message 106 to peer 0x60e1ac5f4590 (0 bytes)
1774962921.457904 cmd_pack_argv: argv[0]=new-session
1774962921.457905 cmd_pack_argv: argv[1]=-d
1774962921.457906 cmd_pack_argv: argv[2]=-s
1774962921.457907 cmd_pack_argv: argv[3]=diag-3083063
1774962921.457908 cmd_pack_argv: argv[4]=-c
1774962921.457908 cmd_pack_argv: argv[5]=/home/sonet/.openclaw/workspace/research/neuralforecast
1774962921.457909 cmd_pack_argv: argv[6]=/bin/sh -lc "sleep 1"
1774962921.457911 sending message 200 to peer 0x60e1ac5f4590 (116 bytes)
1774962921.457912 client loop enter
1774962921.459519 peer 0x60e1ac5f4590 message 303
1774962921.459530 open write file 2 -
1774962921.459533 sending message 305 to peer 0x60e1ac5f4590 (8 bytes)
1774962921.459536 write check file 2
1774962921.459703 peer 0x60e1ac5f4590 message 304
1774962921.459712 write 68 to file 2
1774962921.459714 peer 0x60e1ac5f4590 message 203
1774962921.459715 file 2 68 bytes left
1774962921.459726 write check file 2
1774962921.459727 client loop exit
