[I 2026-03-23 00:22:10,973] A new study created in Journal with name: neuralforecast::wti_case3_HPT_n100::TSMixerx::main-search::d492fe14da0f
Seed set to 1
GPU available: True (cuda), used: True
TPU available: False, using: 0 TPU cores
HPU available: False, using: 0 HPUs
You are using a CUDA device ('NVIDIA RTX A5000') that has Tensor Cores. To properly utilize them, you should set `torch.set_float32_matmul_precision('medium' | 'high')` which will trade-off precision for performance. For more details, read https://pytorch.org/docs/stable/generated/torch.set_float32_matmul_precision.html#torch.set_float32_matmul_precision
LOCAL_RANK: 0 - CUDA_VISIBLE_DEVICES: [1]

  | Name                | Type              | Params | Mode 
------------------------------------------------------------------
0 | loss                | MSE               | 0      | train
1 | valid_loss          | MSE               | 0      | train
2 | padder_train        | ConstantPad1d     | 0      | train
3 | scaler              | TemporalNorm      | 0      | train
4 | norm                | RevINMultivariate | 2      | train
5 | temporal_projection | Linear            | 776    | train
6 | feature_mixer_hist  | FeatureMixing     | 848    | train
7 | first_mixing        | MixingLayer       | 1.1 K  | train
8 | mixing_block        | Sequential        | 2.3 K  | train
9 | out                 | Linear            | 17     | train
------------------------------------------------------------------
5.0 K     Trainable params
0         Non-trainable params
5.0 K     Total params
0.020     Total estimated model params size (MB)
48        Modules in train mode
0         Modules in eval mode
`Trainer.fit` stopped: `max_steps=1000` reached.
Trainer already configured with model summary callbacks: [<class 'pytorch_lightning.callbacks.model_summary.ModelSummary'>]. Skipping setting a default `ModelSummary` callback.
GPU available: True (cuda), used: True
TPU available: False, using: 0 TPU cores
HPU available: False, using: 0 HPUs
LOCAL_RANK: 0 - CUDA_VISIBLE_DEVICES: [1]
Seed set to 1
GPU available: True (cuda), used: True
TPU available: False, using: 0 TPU cores
HPU available: False, using: 0 HPUs
LOCAL_RANK: 0 - CUDA_VISIBLE_DEVICES: [1]

  | Name                | Type              | Params | Mode 
------------------------------------------------------------------
0 | loss                | MSE               | 0      | train
1 | valid_loss          | MSE               | 0      | train
2 | padder_train        | ConstantPad1d     | 0      | train
3 | scaler              | TemporalNorm      | 0      | train
4 | norm                | RevINMultivariate | 2      | train
5 | temporal_projection | Linear            | 776    | train
6 | feature_mixer_hist  | FeatureMixing     | 848    | train
7 | first_mixing        | MixingLayer       | 1.1 K  | train
8 | mixing_block        | Sequential        | 2.3 K  | train
9 | out                 | Linear            | 17     | train
------------------------------------------------------------------
5.0 K     Trainable params
0         Non-trainable params
5.0 K     Total params
0.020     Total estimated model params size (MB)
48        Modules in train mode
0         Modules in eval mode
