[I 2026-03-21 16:29:30,249] A new study created in Journal with name: neuralforecast::brentoil_case1_HPT::DLinear::main-search::0bb57e779ea6
Seed set to 1
GPU available: True (cuda), used: True
TPU available: False, using: 0 TPU cores
HPU available: False, using: 0 HPUs
You are using a CUDA device ('NVIDIA RTX A5000') that has Tensor Cores. To properly utilize them, you should set `torch.set_float32_matmul_precision('medium' | 'high')` which will trade-off precision for performance. For more details, read https://pytorch.org/docs/stable/generated/torch.set_float32_matmul_precision.html#torch.set_float32_matmul_precision
LOCAL_RANK: 0 - CUDA_VISIBLE_DEVICES: [1]

  | Name          | Type          | Params | Mode 
--------------------------------------------------------
0 | loss          | MSE           | 0      | train
1 | valid_loss    | MSE           | 0      | train
2 | padder_train  | ConstantPad1d | 0      | train
3 | scaler        | TemporalNorm  | 0      | train
4 | decomp        | SeriesDecomp  | 0      | train
5 | linear_trend  | Linear        | 584    | train
6 | linear_season | Linear        | 584    | train
--------------------------------------------------------
1.2 K     Trainable params
0         Non-trainable params
1.2 K     Total params
0.005     Total estimated model params size (MB)
9         Modules in train mode
0         Modules in eval mode
`Trainer.fit` stopped: `max_steps=800` reached.
Trainer already configured with model summary callbacks: [<class 'pytorch_lightning.callbacks.model_summary.ModelSummary'>]. Skipping setting a default `ModelSummary` callback.
GPU available: True (cuda), used: True
TPU available: False, using: 0 TPU cores
HPU available: False, using: 0 HPUs
LOCAL_RANK: 0 - CUDA_VISIBLE_DEVICES: [1]
Seed set to 1
GPU available: True (cuda), used: True
TPU available: False, using: 0 TPU cores
HPU available: False, using: 0 HPUs
LOCAL_RANK: 0 - CUDA_VISIBLE_DEVICES: [1]

  | Name          | Type          | Params | Mode 
--------------------------------------------------------
0 | loss          | MSE           | 0      | train
1 | valid_loss    | MSE           | 0      | train
2 | padder_train  | ConstantPad1d | 0      | train
3 | scaler        | TemporalNorm  | 0      | train
4 | decomp        | SeriesDecomp  | 0      | train
5 | linear_trend  | Linear        | 584    | train
6 | linear_season | Linear        | 584    | train
--------------------------------------------------------
1.2 K     Trainable params
0         Non-trainable params
1.2 K     Total params
0.005     Total estimated model params size (MB)
9         Modules in train mode
0         Modules in eval mode
`Trainer.fit` stopped: `max_steps=800` reached.
Trainer already configured with model summary callbacks: [<class 'pytorch_lightning.callbacks.model_summary.ModelSummary'>]. Skipping setting a default `ModelSummary` callback.
GPU available: True (cuda), used: True
TPU available: False, using: 0 TPU cores
HPU available: False, using: 0 HPUs
LOCAL_RANK: 0 - CUDA_VISIBLE_DEVICES: [1]
Seed set to 1
GPU available: True (cuda), used: True
TPU available: False, using: 0 TPU cores
HPU available: False, using: 0 HPUs
LOCAL_RANK: 0 - CUDA_VISIBLE_DEVICES: [1]

  | Name          | Type          | Params | Mode 
--------------------------------------------------------
0 | loss          | MSE           | 0      | train
1 | valid_loss    | MSE           | 0      | train
2 | padder_train  | ConstantPad1d | 0      | train
3 | scaler        | TemporalNorm  | 0      | train
4 | decomp        | SeriesDecomp  | 0      | train
5 | linear_trend  | Linear        | 584    | train
6 | linear_season | Linear        | 584    | train
--------------------------------------------------------
1.2 K     Trainable params
0         Non-trainable params
1.2 K     Total params
0.005     Total estimated model params size (MB)
9         Modules in train mode
0         Modules in eval mode
`Trainer.fit` stopped: `max_steps=800` reached.
Trainer already configured with model summary callbacks: [<class 'pytorch_lightning.callbacks.model_summary.ModelSummary'>]. Skipping setting a default `ModelSummary` callback.
GPU available: True (cuda), used: True
TPU available: False, using: 0 TPU cores
HPU available: False, using: 0 HPUs
LOCAL_RANK: 0 - CUDA_VISIBLE_DEVICES: [1]
Seed set to 1
GPU available: True (cuda), used: True
TPU available: False, using: 0 TPU cores
HPU available: False, using: 0 HPUs
LOCAL_RANK: 0 - CUDA_VISIBLE_DEVICES: [1]

  | Name          | Type          | Params | Mode 
--------------------------------------------------------
0 | loss          | MSE           | 0      | train
1 | valid_loss    | MSE           | 0      | train
2 | padder_train  | ConstantPad1d | 0      | train
3 | scaler        | TemporalNorm  | 0      | train
4 | decomp        | SeriesDecomp  | 0      | train
5 | linear_trend  | Linear        | 584    | train
6 | linear_season | Linear        | 584    | train
--------------------------------------------------------
1.2 K     Trainable params
0         Non-trainable params
1.2 K     Total params
0.005     Total estimated model params size (MB)
9         Modules in train mode
0         Modules in eval mode
`Trainer.fit` stopped: `max_steps=800` reached.
Trainer already configured with model summary callbacks: [<class 'pytorch_lightning.callbacks.model_summary.ModelSummary'>]. Skipping setting a default `ModelSummary` callback.
GPU available: True (cuda), used: True
TPU available: False, using: 0 TPU cores
HPU available: False, using: 0 HPUs
LOCAL_RANK: 0 - CUDA_VISIBLE_DEVICES: [1]
Seed set to 1
GPU available: True (cuda), used: True
TPU available: False, using: 0 TPU cores
HPU available: False, using: 0 HPUs
LOCAL_RANK: 0 - CUDA_VISIBLE_DEVICES: [1]

  | Name          | Type          | Params | Mode 
--------------------------------------------------------
0 | loss          | MSE           | 0      | train
1 | valid_loss    | MSE           | 0      | train
2 | padder_train  | ConstantPad1d | 0      | train
3 | scaler        | TemporalNorm  | 0      | train
4 | decomp        | SeriesDecomp  | 0      | train
5 | linear_trend  | Linear        | 584    | train
6 | linear_season | Linear        | 584    | train
--------------------------------------------------------
1.2 K     Trainable params
0         Non-trainable params
1.2 K     Total params
0.005     Total estimated model params size (MB)
9         Modules in train mode
0         Modules in eval mode
`Trainer.fit` stopped: `max_steps=800` reached.
Trainer already configured with model summary callbacks: [<class 'pytorch_lightning.callbacks.model_summary.ModelSummary'>]. Skipping setting a default `ModelSummary` callback.
GPU available: True (cuda), used: True
TPU available: False, using: 0 TPU cores
HPU available: False, using: 0 HPUs
LOCAL_RANK: 0 - CUDA_VISIBLE_DEVICES: [1]
[I 2026-03-21 16:29:46,373] Trial 0 finished with value: 56.459987556991635 and parameters: {'moving_avg_window': 9, 'input_size': 72, 'season_length': 26, 'batch_size': 16, 'valid_batch_size': 32, 'windows_batch_size': 512, 'inference_windows_batch_size': 1024, 'learning_rate': 0.0004042344072459379, 'max_steps': 800, 'val_check_steps': 100}. Best is trial 0 with value: 56.459987556991635.
Seed set to 1
GPU available: True (cuda), used: True
TPU available: False, using: 0 TPU cores
HPU available: False, using: 0 HPUs
LOCAL_RANK: 0 - CUDA_VISIBLE_DEVICES: [1]

  | Name          | Type          | Params | Mode 
--------------------------------------------------------
0 | loss          | MSE           | 0      | train
1 | valid_loss    | MSE           | 0      | train
2 | padder_train  | ConstantPad1d | 0      | train
3 | scaler        | TemporalNorm  | 0      | train
4 | decomp        | SeriesDecomp  | 0      | train
5 | linear_trend  | Linear        | 296    | train
6 | linear_season | Linear        | 296    | train
--------------------------------------------------------
592       Trainable params
0         Non-trainable params
592       Total params
0.002     Total estimated model params size (MB)
9         Modules in train mode
0         Modules in eval mode
`Trainer.fit` stopped: `max_steps=500` reached.
Trainer already configured with model summary callbacks: [<class 'pytorch_lightning.callbacks.model_summary.ModelSummary'>]. Skipping setting a default `ModelSummary` callback.
GPU available: True (cuda), used: True
TPU available: False, using: 0 TPU cores
HPU available: False, using: 0 HPUs
LOCAL_RANK: 0 - CUDA_VISIBLE_DEVICES: [1]
Seed set to 1
GPU available: True (cuda), used: True
TPU available: False, using: 0 TPU cores
HPU available: False, using: 0 HPUs
LOCAL_RANK: 0 - CUDA_VISIBLE_DEVICES: [1]

  | Name          | Type          | Params | Mode 
--------------------------------------------------------
0 | loss          | MSE           | 0      | train
1 | valid_loss    | MSE           | 0      | train
2 | padder_train  | ConstantPad1d | 0      | train
3 | scaler        | TemporalNorm  | 0      | train
4 | decomp        | SeriesDecomp  | 0      | train
5 | linear_trend  | Linear        | 296    | train
6 | linear_season | Linear        | 296    | train
--------------------------------------------------------
592       Trainable params
0         Non-trainable params
592       Total params
0.002     Total estimated model params size (MB)
9         Modules in train mode
0         Modules in eval mode
`Trainer.fit` stopped: `max_steps=500` reached.
Trainer already configured with model summary callbacks: [<class 'pytorch_lightning.callbacks.model_summary.ModelSummary'>]. Skipping setting a default `ModelSummary` callback.
GPU available: True (cuda), used: True
TPU available: False, using: 0 TPU cores
HPU available: False, using: 0 HPUs
LOCAL_RANK: 0 - CUDA_VISIBLE_DEVICES: [1]
Seed set to 1
GPU available: True (cuda), used: True
TPU available: False, using: 0 TPU cores
HPU available: False, using: 0 HPUs
LOCAL_RANK: 0 - CUDA_VISIBLE_DEVICES: [1]

  | Name          | Type          | Params | Mode 
--------------------------------------------------------
0 | loss          | MSE           | 0      | train
1 | valid_loss    | MSE           | 0      | train
2 | padder_train  | ConstantPad1d | 0      | train
3 | scaler        | TemporalNorm  | 0      | train
4 | decomp        | SeriesDecomp  | 0      | train
5 | linear_trend  | Linear        | 296    | train
6 | linear_season | Linear        | 296    | train
--------------------------------------------------------
592       Trainable params
0         Non-trainable params
592       Total params
0.002     Total estimated model params size (MB)
9         Modules in train mode
0         Modules in eval mode
`Trainer.fit` stopped: `max_steps=500` reached.
Trainer already configured with model summary callbacks: [<class 'pytorch_lightning.callbacks.model_summary.ModelSummary'>]. Skipping setting a default `ModelSummary` callback.
GPU available: True (cuda), used: True
TPU available: False, using: 0 TPU cores
HPU available: False, using: 0 HPUs
LOCAL_RANK: 0 - CUDA_VISIBLE_DEVICES: [1]
Seed set to 1
GPU available: True (cuda), used: True
TPU available: False, using: 0 TPU cores
HPU available: False, using: 0 HPUs
LOCAL_RANK: 0 - CUDA_VISIBLE_DEVICES: [1]

  | Name          | Type          | Params | Mode 
--------------------------------------------------------
0 | loss          | MSE           | 0      | train
1 | valid_loss    | MSE           | 0      | train
2 | padder_train  | ConstantPad1d | 0      | train
3 | scaler        | TemporalNorm  | 0      | train
4 | decomp        | SeriesDecomp  | 0      | train
5 | linear_trend  | Linear        | 296    | train
6 | linear_season | Linear        | 296    | train
--------------------------------------------------------
592       Trainable params
0         Non-trainable params
592       Total params
0.002     Total estimated model params size (MB)
9         Modules in train mode
0         Modules in eval mode
`Trainer.fit` stopped: `max_steps=500` reached.
Trainer already configured with model summary callbacks: [<class 'pytorch_lightning.callbacks.model_summary.ModelSummary'>]. Skipping setting a default `ModelSummary` callback.
GPU available: True (cuda), used: True
TPU available: False, using: 0 TPU cores
HPU available: False, using: 0 HPUs
LOCAL_RANK: 0 - CUDA_VISIBLE_DEVICES: [1]
Seed set to 1
GPU available: True (cuda), used: True
TPU available: False, using: 0 TPU cores
HPU available: False, using: 0 HPUs
LOCAL_RANK: 0 - CUDA_VISIBLE_DEVICES: [1]

  | Name          | Type          | Params | Mode 
--------------------------------------------------------
0 | loss          | MSE           | 0      | train
1 | valid_loss    | MSE           | 0      | train
2 | padder_train  | ConstantPad1d | 0      | train
3 | scaler        | TemporalNorm  | 0      | train
4 | decomp        | SeriesDecomp  | 0      | train
5 | linear_trend  | Linear        | 296    | train
6 | linear_season | Linear        | 296    | train
--------------------------------------------------------
592       Trainable params
0         Non-trainable params
592       Total params
0.002     Total estimated model params size (MB)
9         Modules in train mode
0         Modules in eval mode
`Trainer.fit` stopped: `max_steps=500` reached.
Trainer already configured with model summary callbacks: [<class 'pytorch_lightning.callbacks.model_summary.ModelSummary'>]. Skipping setting a default `ModelSummary` callback.
GPU available: True (cuda), used: True
TPU available: False, using: 0 TPU cores
HPU available: False, using: 0 HPUs
LOCAL_RANK: 0 - CUDA_VISIBLE_DEVICES: [1]
[I 2026-03-21 16:29:55,607] Trial 1 finished with value: 64.32549752831324 and parameters: {'moving_avg_window': 25, 'input_size': 36, 'season_length': 52, 'batch_size': 16, 'valid_batch_size': 32, 'windows_batch_size': 1024, 'inference_windows_batch_size': 1024, 'learning_rate': 0.0004295010019412743, 'max_steps': 500, 'val_check_steps': 100}. Best is trial 0 with value: 56.459987556991635.
Seed set to 1
GPU available: True (cuda), used: True
TPU available: False, using: 0 TPU cores
HPU available: False, using: 0 HPUs
LOCAL_RANK: 0 - CUDA_VISIBLE_DEVICES: [1]

  | Name          | Type          | Params | Mode 
--------------------------------------------------------
0 | loss          | MSE           | 0      | train
1 | valid_loss    | MSE           | 0      | train
2 | padder_train  | ConstantPad1d | 0      | train
3 | scaler        | TemporalNorm  | 0      | train
4 | decomp        | SeriesDecomp  | 0      | train
5 | linear_trend  | Linear        | 520    | train
6 | linear_season | Linear        | 520    | train
--------------------------------------------------------
1.0 K     Trainable params
0         Non-trainable params
1.0 K     Total params
0.004     Total estimated model params size (MB)
9         Modules in train mode
0         Modules in eval mode
`Trainer.fit` stopped: `max_steps=500` reached.
Trainer already configured with model summary callbacks: [<class 'pytorch_lightning.callbacks.model_summary.ModelSummary'>]. Skipping setting a default `ModelSummary` callback.
GPU available: True (cuda), used: True
TPU available: False, using: 0 TPU cores
HPU available: False, using: 0 HPUs
LOCAL_RANK: 0 - CUDA_VISIBLE_DEVICES: [1]
Seed set to 1
GPU available: True (cuda), used: True
TPU available: False, using: 0 TPU cores
HPU available: False, using: 0 HPUs
LOCAL_RANK: 0 - CUDA_VISIBLE_DEVICES: [1]

  | Name          | Type          | Params | Mode 
--------------------------------------------------------
0 | loss          | MSE           | 0      | train
1 | valid_loss    | MSE           | 0      | train
2 | padder_train  | ConstantPad1d | 0      | train
3 | scaler        | TemporalNorm  | 0      | train
4 | decomp        | SeriesDecomp  | 0      | train
5 | linear_trend  | Linear        | 520    | train
6 | linear_season | Linear        | 520    | train
--------------------------------------------------------
1.0 K     Trainable params
0         Non-trainable params
1.0 K     Total params
0.004     Total estimated model params size (MB)
9         Modules in train mode
0         Modules in eval mode
`Trainer.fit` stopped: `max_steps=500` reached.
Trainer already configured with model summary callbacks: [<class 'pytorch_lightning.callbacks.model_summary.ModelSummary'>]. Skipping setting a default `ModelSummary` callback.
GPU available: True (cuda), used: True
TPU available: False, using: 0 TPU cores
HPU available: False, using: 0 HPUs
LOCAL_RANK: 0 - CUDA_VISIBLE_DEVICES: [1]
Seed set to 1
GPU available: True (cuda), used: True
TPU available: False, using: 0 TPU cores
HPU available: False, using: 0 HPUs
LOCAL_RANK: 0 - CUDA_VISIBLE_DEVICES: [1]

  | Name          | Type          | Params | Mode 
--------------------------------------------------------
0 | loss          | MSE           | 0      | train
1 | valid_loss    | MSE           | 0      | train
2 | padder_train  | ConstantPad1d | 0      | train
3 | scaler        | TemporalNorm  | 0      | train
4 | decomp        | SeriesDecomp  | 0      | train
5 | linear_trend  | Linear        | 520    | train
6 | linear_season | Linear        | 520    | train
--------------------------------------------------------
1.0 K     Trainable params
0         Non-trainable params
1.0 K     Total params
0.004     Total estimated model params size (MB)
9         Modules in train mode
0         Modules in eval mode
`Trainer.fit` stopped: `max_steps=500` reached.
Trainer already configured with model summary callbacks: [<class 'pytorch_lightning.callbacks.model_summary.ModelSummary'>]. Skipping setting a default `ModelSummary` callback.
GPU available: True (cuda), used: True
TPU available: False, using: 0 TPU cores
HPU available: False, using: 0 HPUs
LOCAL_RANK: 0 - CUDA_VISIBLE_DEVICES: [1]
Seed set to 1
GPU available: True (cuda), used: True
TPU available: False, using: 0 TPU cores
HPU available: False, using: 0 HPUs
LOCAL_RANK: 0 - CUDA_VISIBLE_DEVICES: [1]

  | Name          | Type          | Params | Mode 
--------------------------------------------------------
0 | loss          | MSE           | 0      | train
1 | valid_loss    | MSE           | 0      | train
2 | padder_train  | ConstantPad1d | 0      | train
3 | scaler        | TemporalNorm  | 0      | train
4 | decomp        | SeriesDecomp  | 0      | train
5 | linear_trend  | Linear        | 520    | train
6 | linear_season | Linear        | 520    | train
--------------------------------------------------------
1.0 K     Trainable params
0         Non-trainable params
1.0 K     Total params
0.004     Total estimated model params size (MB)
9         Modules in train mode
0         Modules in eval mode
`Trainer.fit` stopped: `max_steps=500` reached.
Trainer already configured with model summary callbacks: [<class 'pytorch_lightning.callbacks.model_summary.ModelSummary'>]. Skipping setting a default `ModelSummary` callback.
GPU available: True (cuda), used: True
TPU available: False, using: 0 TPU cores
HPU available: False, using: 0 HPUs
LOCAL_RANK: 0 - CUDA_VISIBLE_DEVICES: [1]
Seed set to 1
GPU available: True (cuda), used: True
TPU available: False, using: 0 TPU cores
HPU available: False, using: 0 HPUs
LOCAL_RANK: 0 - CUDA_VISIBLE_DEVICES: [1]

  | Name          | Type          | Params | Mode 
--------------------------------------------------------
0 | loss          | MSE           | 0      | train
1 | valid_loss    | MSE           | 0      | train
2 | padder_train  | ConstantPad1d | 0      | train
3 | scaler        | TemporalNorm  | 0      | train
4 | decomp        | SeriesDecomp  | 0      | train
5 | linear_trend  | Linear        | 520    | train
6 | linear_season | Linear        | 520    | train
--------------------------------------------------------
1.0 K     Trainable params
0         Non-trainable params
1.0 K     Total params
0.004     Total estimated model params size (MB)
9         Modules in train mode
0         Modules in eval mode
`Trainer.fit` stopped: `max_steps=500` reached.
Trainer already configured with model summary callbacks: [<class 'pytorch_lightning.callbacks.model_summary.ModelSummary'>]. Skipping setting a default `ModelSummary` callback.
GPU available: True (cuda), used: True
TPU available: False, using: 0 TPU cores
HPU available: False, using: 0 HPUs
LOCAL_RANK: 0 - CUDA_VISIBLE_DEVICES: [1]
[I 2026-03-21 16:30:05,262] Trial 2 finished with value: 53.76965886500724 and parameters: {'moving_avg_window': 5, 'input_size': 64, 'season_length': 52, 'batch_size': 32, 'valid_batch_size': 32, 'windows_batch_size': 128, 'inference_windows_batch_size': 256, 'learning_rate': 0.0012550589261431076, 'max_steps': 500, 'val_check_steps': 50}. Best is trial 2 with value: 53.76965886500724.
Seed set to 1
GPU available: True (cuda), used: True
TPU available: False, using: 0 TPU cores
HPU available: False, using: 0 HPUs
LOCAL_RANK: 0 - CUDA_VISIBLE_DEVICES: [1]

  | Name          | Type          | Params | Mode 
--------------------------------------------------------
0 | loss          | MSE           | 0      | train
1 | valid_loss    | MSE           | 0      | train
2 | padder_train  | ConstantPad1d | 0      | train
3 | scaler        | TemporalNorm  | 0      | train
4 | decomp        | SeriesDecomp  | 0      | train
5 | linear_trend  | Linear        | 392    | train
6 | linear_season | Linear        | 392    | train
--------------------------------------------------------
784       Trainable params
0         Non-trainable params
784       Total params
0.003     Total estimated model params size (MB)
9         Modules in train mode
0         Modules in eval mode
`Trainer.fit` stopped: `max_steps=800` reached.
Trainer already configured with model summary callbacks: [<class 'pytorch_lightning.callbacks.model_summary.ModelSummary'>]. Skipping setting a default `ModelSummary` callback.
GPU available: True (cuda), used: True
TPU available: False, using: 0 TPU cores
HPU available: False, using: 0 HPUs
LOCAL_RANK: 0 - CUDA_VISIBLE_DEVICES: [1]
Seed set to 1
GPU available: True (cuda), used: True
TPU available: False, using: 0 TPU cores
HPU available: False, using: 0 HPUs
LOCAL_RANK: 0 - CUDA_VISIBLE_DEVICES: [1]

  | Name          | Type          | Params | Mode 
--------------------------------------------------------
0 | loss          | MSE           | 0      | train
1 | valid_loss    | MSE           | 0      | train
2 | padder_train  | ConstantPad1d | 0      | train
3 | scaler        | TemporalNorm  | 0      | train
4 | decomp        | SeriesDecomp  | 0      | train
5 | linear_trend  | Linear        | 392    | train
6 | linear_season | Linear        | 392    | train
--------------------------------------------------------
784       Trainable params
0         Non-trainable params
784       Total params
0.003     Total estimated model params size (MB)
9         Modules in train mode
0         Modules in eval mode
`Trainer.fit` stopped: `max_steps=800` reached.
Trainer already configured with model summary callbacks: [<class 'pytorch_lightning.callbacks.model_summary.ModelSummary'>]. Skipping setting a default `ModelSummary` callback.
GPU available: True (cuda), used: True
TPU available: False, using: 0 TPU cores
HPU available: False, using: 0 HPUs
LOCAL_RANK: 0 - CUDA_VISIBLE_DEVICES: [1]
Seed set to 1
GPU available: True (cuda), used: True
TPU available: False, using: 0 TPU cores
HPU available: False, using: 0 HPUs
LOCAL_RANK: 0 - CUDA_VISIBLE_DEVICES: [1]

  | Name          | Type          | Params | Mode 
--------------------------------------------------------
0 | loss          | MSE           | 0      | train
1 | valid_loss    | MSE           | 0      | train
2 | padder_train  | ConstantPad1d | 0      | train
3 | scaler        | TemporalNorm  | 0      | train
4 | decomp        | SeriesDecomp  | 0      | train
5 | linear_trend  | Linear        | 392    | train
6 | linear_season | Linear        | 392    | train
--------------------------------------------------------
784       Trainable params
0         Non-trainable params
784       Total params
0.003     Total estimated model params size (MB)
9         Modules in train mode
0         Modules in eval mode
`Trainer.fit` stopped: `max_steps=800` reached.
Trainer already configured with model summary callbacks: [<class 'pytorch_lightning.callbacks.model_summary.ModelSummary'>]. Skipping setting a default `ModelSummary` callback.
GPU available: True (cuda), used: True
TPU available: False, using: 0 TPU cores
HPU available: False, using: 0 HPUs
LOCAL_RANK: 0 - CUDA_VISIBLE_DEVICES: [1]
Seed set to 1
GPU available: True (cuda), used: True
TPU available: False, using: 0 TPU cores
HPU available: False, using: 0 HPUs
LOCAL_RANK: 0 - CUDA_VISIBLE_DEVICES: [1]

  | Name          | Type          | Params | Mode 
--------------------------------------------------------
0 | loss          | MSE           | 0      | train
1 | valid_loss    | MSE           | 0      | train
2 | padder_train  | ConstantPad1d | 0      | train
3 | scaler        | TemporalNorm  | 0      | train
4 | decomp        | SeriesDecomp  | 0      | train
5 | linear_trend  | Linear        | 392    | train
6 | linear_season | Linear        | 392    | train
--------------------------------------------------------
784       Trainable params
0         Non-trainable params
784       Total params
0.003     Total estimated model params size (MB)
9         Modules in train mode
0         Modules in eval mode
`Trainer.fit` stopped: `max_steps=800` reached.
Trainer already configured with model summary callbacks: [<class 'pytorch_lightning.callbacks.model_summary.ModelSummary'>]. Skipping setting a default `ModelSummary` callback.
GPU available: True (cuda), used: True
TPU available: False, using: 0 TPU cores
HPU available: False, using: 0 HPUs
LOCAL_RANK: 0 - CUDA_VISIBLE_DEVICES: [1]
Seed set to 1
GPU available: True (cuda), used: True
TPU available: False, using: 0 TPU cores
HPU available: False, using: 0 HPUs
LOCAL_RANK: 0 - CUDA_VISIBLE_DEVICES: [1]

  | Name          | Type          | Params | Mode 
--------------------------------------------------------
0 | loss          | MSE           | 0      | train
1 | valid_loss    | MSE           | 0      | train
2 | padder_train  | ConstantPad1d | 0      | train
3 | scaler        | TemporalNorm  | 0      | train
4 | decomp        | SeriesDecomp  | 0      | train
5 | linear_trend  | Linear        | 392    | train
6 | linear_season | Linear        | 392    | train
--------------------------------------------------------
784       Trainable params
0         Non-trainable params
784       Total params
0.003     Total estimated model params size (MB)
9         Modules in train mode
0         Modules in eval mode
`Trainer.fit` stopped: `max_steps=800` reached.
Trainer already configured with model summary callbacks: [<class 'pytorch_lightning.callbacks.model_summary.ModelSummary'>]. Skipping setting a default `ModelSummary` callback.
GPU available: True (cuda), used: True
TPU available: False, using: 0 TPU cores
HPU available: False, using: 0 HPUs
LOCAL_RANK: 0 - CUDA_VISIBLE_DEVICES: [1]
[I 2026-03-21 16:30:21,332] Trial 3 finished with value: 53.64449237133219 and parameters: {'moving_avg_window': 13, 'input_size': 48, 'season_length': 26, 'batch_size': 64, 'valid_batch_size': 16, 'windows_batch_size': 1024, 'inference_windows_batch_size': 1024, 'learning_rate': 0.0004636840499351337, 'max_steps': 800, 'val_check_steps': 100}. Best is trial 3 with value: 53.64449237133219.
Seed set to 1
GPU available: True (cuda), used: True
TPU available: False, using: 0 TPU cores
HPU available: False, using: 0 HPUs
LOCAL_RANK: 0 - CUDA_VISIBLE_DEVICES: [1]

  | Name          | Type          | Params | Mode 
--------------------------------------------------------
0 | loss          | MSE           | 0      | train
1 | valid_loss    | MSE           | 0      | train
2 | padder_train  | ConstantPad1d | 0      | train
3 | scaler        | TemporalNorm  | 0      | train
4 | decomp        | SeriesDecomp  | 0      | train
5 | linear_trend  | Linear        | 776    | train
6 | linear_season | Linear        | 776    | train
--------------------------------------------------------
1.6 K     Trainable params
0         Non-trainable params
1.6 K     Total params
0.006     Total estimated model params size (MB)
9         Modules in train mode
0         Modules in eval mode
`Trainer.fit` stopped: `max_steps=300` reached.
Trainer already configured with model summary callbacks: [<class 'pytorch_lightning.callbacks.model_summary.ModelSummary'>]. Skipping setting a default `ModelSummary` callback.
GPU available: True (cuda), used: True
TPU available: False, using: 0 TPU cores
HPU available: False, using: 0 HPUs
LOCAL_RANK: 0 - CUDA_VISIBLE_DEVICES: [1]
Seed set to 1
GPU available: True (cuda), used: True
TPU available: False, using: 0 TPU cores
HPU available: False, using: 0 HPUs
LOCAL_RANK: 0 - CUDA_VISIBLE_DEVICES: [1]

  | Name          | Type          | Params | Mode 
--------------------------------------------------------
0 | loss          | MSE           | 0      | train
1 | valid_loss    | MSE           | 0      | train
2 | padder_train  | ConstantPad1d | 0      | train
3 | scaler        | TemporalNorm  | 0      | train
4 | decomp        | SeriesDecomp  | 0      | train
5 | linear_trend  | Linear        | 776    | train
6 | linear_season | Linear        | 776    | train
--------------------------------------------------------
1.6 K     Trainable params
0         Non-trainable params
1.6 K     Total params
0.006     Total estimated model params size (MB)
9         Modules in train mode
0         Modules in eval mode
`Trainer.fit` stopped: `max_steps=300` reached.
Trainer already configured with model summary callbacks: [<class 'pytorch_lightning.callbacks.model_summary.ModelSummary'>]. Skipping setting a default `ModelSummary` callback.
GPU available: True (cuda), used: True
TPU available: False, using: 0 TPU cores
HPU available: False, using: 0 HPUs
LOCAL_RANK: 0 - CUDA_VISIBLE_DEVICES: [1]
Seed set to 1
GPU available: True (cuda), used: True
TPU available: False, using: 0 TPU cores
HPU available: False, using: 0 HPUs
LOCAL_RANK: 0 - CUDA_VISIBLE_DEVICES: [1]

  | Name          | Type          | Params | Mode 
--------------------------------------------------------
0 | loss          | MSE           | 0      | train
1 | valid_loss    | MSE           | 0      | train
2 | padder_train  | ConstantPad1d | 0      | train
3 | scaler        | TemporalNorm  | 0      | train
4 | decomp        | SeriesDecomp  | 0      | train
5 | linear_trend  | Linear        | 776    | train
6 | linear_season | Linear        | 776    | train
--------------------------------------------------------
1.6 K     Trainable params
0         Non-trainable params
1.6 K     Total params
0.006     Total estimated model params size (MB)
9         Modules in train mode
0         Modules in eval mode
`Trainer.fit` stopped: `max_steps=300` reached.
Trainer already configured with model summary callbacks: [<class 'pytorch_lightning.callbacks.model_summary.ModelSummary'>]. Skipping setting a default `ModelSummary` callback.
GPU available: True (cuda), used: True
TPU available: False, using: 0 TPU cores
HPU available: False, using: 0 HPUs
LOCAL_RANK: 0 - CUDA_VISIBLE_DEVICES: [1]
Seed set to 1
GPU available: True (cuda), used: True
TPU available: False, using: 0 TPU cores
HPU available: False, using: 0 HPUs
LOCAL_RANK: 0 - CUDA_VISIBLE_DEVICES: [1]

  | Name          | Type          | Params | Mode 
--------------------------------------------------------
0 | loss          | MSE           | 0      | train
1 | valid_loss    | MSE           | 0      | train
2 | padder_train  | ConstantPad1d | 0      | train
3 | scaler        | TemporalNorm  | 0      | train
4 | decomp        | SeriesDecomp  | 0      | train
5 | linear_trend  | Linear        | 776    | train
6 | linear_season | Linear        | 776    | train
--------------------------------------------------------
1.6 K     Trainable params
0         Non-trainable params
1.6 K     Total params
0.006     Total estimated model params size (MB)
9         Modules in train mode
0         Modules in eval mode
`Trainer.fit` stopped: `max_steps=300` reached.
Trainer already configured with model summary callbacks: [<class 'pytorch_lightning.callbacks.model_summary.ModelSummary'>]. Skipping setting a default `ModelSummary` callback.
GPU available: True (cuda), used: True
TPU available: False, using: 0 TPU cores
HPU available: False, using: 0 HPUs
LOCAL_RANK: 0 - CUDA_VISIBLE_DEVICES: [1]
Seed set to 1
GPU available: True (cuda), used: True
TPU available: False, using: 0 TPU cores
HPU available: False, using: 0 HPUs
LOCAL_RANK: 0 - CUDA_VISIBLE_DEVICES: [1]

  | Name          | Type          | Params | Mode 
--------------------------------------------------------
0 | loss          | MSE           | 0      | train
1 | valid_loss    | MSE           | 0      | train
2 | padder_train  | ConstantPad1d | 0      | train
3 | scaler        | TemporalNorm  | 0      | train
4 | decomp        | SeriesDecomp  | 0      | train
5 | linear_trend  | Linear        | 776    | train
6 | linear_season | Linear        | 776    | train
--------------------------------------------------------
1.6 K     Trainable params
0         Non-trainable params
1.6 K     Total params
0.006     Total estimated model params size (MB)
9         Modules in train mode
0         Modules in eval mode
`Trainer.fit` stopped: `max_steps=300` reached.
Trainer already configured with model summary callbacks: [<class 'pytorch_lightning.callbacks.model_summary.ModelSummary'>]. Skipping setting a default `ModelSummary` callback.
GPU available: True (cuda), used: True
TPU available: False, using: 0 TPU cores
HPU available: False, using: 0 HPUs
LOCAL_RANK: 0 - CUDA_VISIBLE_DEVICES: [1]
[I 2026-03-21 16:30:26,944] Trial 4 finished with value: 53.27041572052538 and parameters: {'moving_avg_window': 13, 'input_size': 96, 'season_length': 26, 'batch_size': 64, 'valid_batch_size': 16, 'windows_batch_size': 1024, 'inference_windows_batch_size': 256, 'learning_rate': 0.0026377804263920113, 'max_steps': 300, 'val_check_steps': 100}. Best is trial 4 with value: 53.27041572052538.
Seed set to 1
GPU available: True (cuda), used: True
TPU available: False, using: 0 TPU cores
HPU available: False, using: 0 HPUs
LOCAL_RANK: 0 - CUDA_VISIBLE_DEVICES: [1]

  | Name          | Type          | Params | Mode 
--------------------------------------------------------
0 | loss          | MSE           | 0      | train
1 | valid_loss    | MSE           | 0      | train
2 | padder_train  | ConstantPad1d | 0      | train
3 | scaler        | TemporalNorm  | 0      | train
4 | decomp        | SeriesDecomp  | 0      | train
5 | linear_trend  | Linear        | 200    | train
6 | linear_season | Linear        | 200    | train
--------------------------------------------------------
400       Trainable params
0         Non-trainable params
400       Total params
0.002     Total estimated model params size (MB)
9         Modules in train mode
0         Modules in eval mode
Trainer already configured with model summary callbacks: [<class 'pytorch_lightning.callbacks.model_summary.ModelSummary'>]. Skipping setting a default `ModelSummary` callback.
GPU available: True (cuda), used: True
TPU available: False, using: 0 TPU cores
HPU available: False, using: 0 HPUs
LOCAL_RANK: 0 - CUDA_VISIBLE_DEVICES: [1]
Seed set to 1
GPU available: True (cuda), used: True
TPU available: False, using: 0 TPU cores
HPU available: False, using: 0 HPUs
LOCAL_RANK: 0 - CUDA_VISIBLE_DEVICES: [1]

  | Name          | Type          | Params | Mode 
--------------------------------------------------------
0 | loss          | MSE           | 0      | train
1 | valid_loss    | MSE           | 0      | train
2 | padder_train  | ConstantPad1d | 0      | train
3 | scaler        | TemporalNorm  | 0      | train
4 | decomp        | SeriesDecomp  | 0      | train
5 | linear_trend  | Linear        | 200    | train
6 | linear_season | Linear        | 200    | train
--------------------------------------------------------
400       Trainable params
0         Non-trainable params
400       Total params
0.002     Total estimated model params size (MB)
9         Modules in train mode
0         Modules in eval mode
Trainer already configured with model summary callbacks: [<class 'pytorch_lightning.callbacks.model_summary.ModelSummary'>]. Skipping setting a default `ModelSummary` callback.
GPU available: True (cuda), used: True
TPU available: False, using: 0 TPU cores
HPU available: False, using: 0 HPUs
LOCAL_RANK: 0 - CUDA_VISIBLE_DEVICES: [1]
Seed set to 1
GPU available: True (cuda), used: True
TPU available: False, using: 0 TPU cores
HPU available: False, using: 0 HPUs
LOCAL_RANK: 0 - CUDA_VISIBLE_DEVICES: [1]

  | Name          | Type          | Params | Mode 
--------------------------------------------------------
0 | loss          | MSE           | 0      | train
1 | valid_loss    | MSE           | 0      | train
2 | padder_train  | ConstantPad1d | 0      | train
3 | scaler        | TemporalNorm  | 0      | train
4 | decomp        | SeriesDecomp  | 0      | train
5 | linear_trend  | Linear        | 200    | train
6 | linear_season | Linear        | 200    | train
--------------------------------------------------------
400       Trainable params
0         Non-trainable params
400       Total params
0.002     Total estimated model params size (MB)
9         Modules in train mode
0         Modules in eval mode
`Trainer.fit` stopped: `max_steps=1200` reached.
Trainer already configured with model summary callbacks: [<class 'pytorch_lightning.callbacks.model_summary.ModelSummary'>]. Skipping setting a default `ModelSummary` callback.
GPU available: True (cuda), used: True
TPU available: False, using: 0 TPU cores
HPU available: False, using: 0 HPUs
LOCAL_RANK: 0 - CUDA_VISIBLE_DEVICES: [1]
Seed set to 1
GPU available: True (cuda), used: True
TPU available: False, using: 0 TPU cores
HPU available: False, using: 0 HPUs
LOCAL_RANK: 0 - CUDA_VISIBLE_DEVICES: [1]

  | Name          | Type          | Params | Mode 
--------------------------------------------------------
0 | loss          | MSE           | 0      | train
1 | valid_loss    | MSE           | 0      | train
2 | padder_train  | ConstantPad1d | 0      | train
3 | scaler        | TemporalNorm  | 0      | train
4 | decomp        | SeriesDecomp  | 0      | train
5 | linear_trend  | Linear        | 200    | train
6 | linear_season | Linear        | 200    | train
--------------------------------------------------------
400       Trainable params
0         Non-trainable params
400       Total params
0.002     Total estimated model params size (MB)
9         Modules in train mode
0         Modules in eval mode
Trainer already configured with model summary callbacks: [<class 'pytorch_lightning.callbacks.model_summary.ModelSummary'>]. Skipping setting a default `ModelSummary` callback.
GPU available: True (cuda), used: True
TPU available: False, using: 0 TPU cores
HPU available: False, using: 0 HPUs
LOCAL_RANK: 0 - CUDA_VISIBLE_DEVICES: [1]
Seed set to 1
GPU available: True (cuda), used: True
TPU available: False, using: 0 TPU cores
HPU available: False, using: 0 HPUs
LOCAL_RANK: 0 - CUDA_VISIBLE_DEVICES: [1]

  | Name          | Type          | Params | Mode 
--------------------------------------------------------
0 | loss          | MSE           | 0      | train
1 | valid_loss    | MSE           | 0      | train
2 | padder_train  | ConstantPad1d | 0      | train
3 | scaler        | TemporalNorm  | 0      | train
4 | decomp        | SeriesDecomp  | 0      | train
5 | linear_trend  | Linear        | 200    | train
6 | linear_season | Linear        | 200    | train
--------------------------------------------------------
400       Trainable params
0         Non-trainable params
400       Total params
0.002     Total estimated model params size (MB)
9         Modules in train mode
0         Modules in eval mode
Trainer already configured with model summary callbacks: [<class 'pytorch_lightning.callbacks.model_summary.ModelSummary'>]. Skipping setting a default `ModelSummary` callback.
GPU available: True (cuda), used: True
TPU available: False, using: 0 TPU cores
HPU available: False, using: 0 HPUs
LOCAL_RANK: 0 - CUDA_VISIBLE_DEVICES: [1]
[I 2026-03-21 16:30:42,572] Trial 5 finished with value: 54.82706231008799 and parameters: {'moving_avg_window': 9, 'input_size': 24, 'season_length': 52, 'batch_size': 64, 'valid_batch_size': 32, 'windows_batch_size': 128, 'inference_windows_batch_size': 1024, 'learning_rate': 0.00031504153051938966, 'max_steps': 1200, 'val_check_steps': 100}. Best is trial 4 with value: 53.27041572052538.
Seed set to 1
GPU available: True (cuda), used: True
TPU available: False, using: 0 TPU cores
HPU available: False, using: 0 HPUs
LOCAL_RANK: 0 - CUDA_VISIBLE_DEVICES: [1]

  | Name          | Type          | Params | Mode 
--------------------------------------------------------
0 | loss          | MSE           | 0      | train
1 | valid_loss    | MSE           | 0      | train
2 | padder_train  | ConstantPad1d | 0      | train
3 | scaler        | TemporalNorm  | 0      | train
4 | decomp        | SeriesDecomp  | 0      | train
5 | linear_trend  | Linear        | 392    | train
6 | linear_season | Linear        | 392    | train
--------------------------------------------------------
784       Trainable params
0         Non-trainable params
784       Total params
0.003     Total estimated model params size (MB)
9         Modules in train mode
0         Modules in eval mode
`Trainer.fit` stopped: `max_steps=500` reached.
Trainer already configured with model summary callbacks: [<class 'pytorch_lightning.callbacks.model_summary.ModelSummary'>]. Skipping setting a default `ModelSummary` callback.
GPU available: True (cuda), used: True
TPU available: False, using: 0 TPU cores
HPU available: False, using: 0 HPUs
LOCAL_RANK: 0 - CUDA_VISIBLE_DEVICES: [1]
Seed set to 1
GPU available: True (cuda), used: True
TPU available: False, using: 0 TPU cores
HPU available: False, using: 0 HPUs
LOCAL_RANK: 0 - CUDA_VISIBLE_DEVICES: [1]

  | Name          | Type          | Params | Mode 
--------------------------------------------------------
0 | loss          | MSE           | 0      | train
1 | valid_loss    | MSE           | 0      | train
2 | padder_train  | ConstantPad1d | 0      | train
3 | scaler        | TemporalNorm  | 0      | train
4 | decomp        | SeriesDecomp  | 0      | train
5 | linear_trend  | Linear        | 392    | train
6 | linear_season | Linear        | 392    | train
--------------------------------------------------------
784       Trainable params
0         Non-trainable params
784       Total params
0.003     Total estimated model params size (MB)
9         Modules in train mode
0         Modules in eval mode
`Trainer.fit` stopped: `max_steps=500` reached.
Trainer already configured with model summary callbacks: [<class 'pytorch_lightning.callbacks.model_summary.ModelSummary'>]. Skipping setting a default `ModelSummary` callback.
GPU available: True (cuda), used: True
TPU available: False, using: 0 TPU cores
HPU available: False, using: 0 HPUs
LOCAL_RANK: 0 - CUDA_VISIBLE_DEVICES: [1]
Seed set to 1
GPU available: True (cuda), used: True
TPU available: False, using: 0 TPU cores
HPU available: False, using: 0 HPUs
LOCAL_RANK: 0 - CUDA_VISIBLE_DEVICES: [1]

  | Name          | Type          | Params | Mode 
--------------------------------------------------------
0 | loss          | MSE           | 0      | train
1 | valid_loss    | MSE           | 0      | train
2 | padder_train  | ConstantPad1d | 0      | train
3 | scaler        | TemporalNorm  | 0      | train
4 | decomp        | SeriesDecomp  | 0      | train
5 | linear_trend  | Linear        | 392    | train
6 | linear_season | Linear        | 392    | train
--------------------------------------------------------
784       Trainable params
0         Non-trainable params
784       Total params
0.003     Total estimated model params size (MB)
9         Modules in train mode
0         Modules in eval mode
`Trainer.fit` stopped: `max_steps=500` reached.
Trainer already configured with model summary callbacks: [<class 'pytorch_lightning.callbacks.model_summary.ModelSummary'>]. Skipping setting a default `ModelSummary` callback.
GPU available: True (cuda), used: True
TPU available: False, using: 0 TPU cores
HPU available: False, using: 0 HPUs
LOCAL_RANK: 0 - CUDA_VISIBLE_DEVICES: [1]
Seed set to 1
GPU available: True (cuda), used: True
TPU available: False, using: 0 TPU cores
HPU available: False, using: 0 HPUs
LOCAL_RANK: 0 - CUDA_VISIBLE_DEVICES: [1]

  | Name          | Type          | Params | Mode 
--------------------------------------------------------
0 | loss          | MSE           | 0      | train
1 | valid_loss    | MSE           | 0      | train
2 | padder_train  | ConstantPad1d | 0      | train
3 | scaler        | TemporalNorm  | 0      | train
4 | decomp        | SeriesDecomp  | 0      | train
5 | linear_trend  | Linear        | 392    | train
6 | linear_season | Linear        | 392    | train
--------------------------------------------------------
784       Trainable params
0         Non-trainable params
784       Total params
0.003     Total estimated model params size (MB)
9         Modules in train mode
0         Modules in eval mode
`Trainer.fit` stopped: `max_steps=500` reached.
Trainer already configured with model summary callbacks: [<class 'pytorch_lightning.callbacks.model_summary.ModelSummary'>]. Skipping setting a default `ModelSummary` callback.
GPU available: True (cuda), used: True
TPU available: False, using: 0 TPU cores
HPU available: False, using: 0 HPUs
LOCAL_RANK: 0 - CUDA_VISIBLE_DEVICES: [1]
Seed set to 1
GPU available: True (cuda), used: True
TPU available: False, using: 0 TPU cores
HPU available: False, using: 0 HPUs
LOCAL_RANK: 0 - CUDA_VISIBLE_DEVICES: [1]

  | Name          | Type          | Params | Mode 
--------------------------------------------------------
0 | loss          | MSE           | 0      | train
1 | valid_loss    | MSE           | 0      | train
2 | padder_train  | ConstantPad1d | 0      | train
3 | scaler        | TemporalNorm  | 0      | train
4 | decomp        | SeriesDecomp  | 0      | train
5 | linear_trend  | Linear        | 392    | train
6 | linear_season | Linear        | 392    | train
--------------------------------------------------------
784       Trainable params
0         Non-trainable params
784       Total params
0.003     Total estimated model params size (MB)
9         Modules in train mode
0         Modules in eval mode
`Trainer.fit` stopped: `max_steps=500` reached.
Trainer already configured with model summary callbacks: [<class 'pytorch_lightning.callbacks.model_summary.ModelSummary'>]. Skipping setting a default `ModelSummary` callback.
GPU available: True (cuda), used: True
TPU available: False, using: 0 TPU cores
HPU available: False, using: 0 HPUs
LOCAL_RANK: 0 - CUDA_VISIBLE_DEVICES: [1]
[I 2026-03-21 16:30:54,528] Trial 6 finished with value: 44.93461123751449 and parameters: {'moving_avg_window': 51, 'input_size': 48, 'season_length': 26, 'batch_size': 16, 'valid_batch_size': 32, 'windows_batch_size': 512, 'inference_windows_batch_size': 1024, 'learning_rate': 0.0015047457899408886, 'max_steps': 500, 'val_check_steps': 50}. Best is trial 6 with value: 44.93461123751449.
Seed set to 1
GPU available: True (cuda), used: True
TPU available: False, using: 0 TPU cores
HPU available: False, using: 0 HPUs
LOCAL_RANK: 0 - CUDA_VISIBLE_DEVICES: [1]

  | Name          | Type          | Params | Mode 
--------------------------------------------------------
0 | loss          | MSE           | 0      | train
1 | valid_loss    | MSE           | 0      | train
2 | padder_train  | ConstantPad1d | 0      | train
3 | scaler        | TemporalNorm  | 0      | train
4 | decomp        | SeriesDecomp  | 0      | train
5 | linear_trend  | Linear        | 296    | train
6 | linear_season | Linear        | 296    | train
--------------------------------------------------------
592       Trainable params
0         Non-trainable params
592       Total params
0.002     Total estimated model params size (MB)
9         Modules in train mode
0         Modules in eval mode
`Trainer.fit` stopped: `max_steps=500` reached.
Trainer already configured with model summary callbacks: [<class 'pytorch_lightning.callbacks.model_summary.ModelSummary'>]. Skipping setting a default `ModelSummary` callback.
GPU available: True (cuda), used: True
TPU available: False, using: 0 TPU cores
HPU available: False, using: 0 HPUs
LOCAL_RANK: 0 - CUDA_VISIBLE_DEVICES: [1]
[I 2026-03-21 16:30:56,689] Trial 7 pruned. Pruned after fold 0 with mean_mse=29.8549
Seed set to 1
GPU available: True (cuda), used: True
TPU available: False, using: 0 TPU cores
HPU available: False, using: 0 HPUs
LOCAL_RANK: 0 - CUDA_VISIBLE_DEVICES: [1]

  | Name          | Type          | Params | Mode 
--------------------------------------------------------
0 | loss          | MSE           | 0      | train
1 | valid_loss    | MSE           | 0      | train
2 | padder_train  | ConstantPad1d | 0      | train
3 | scaler        | TemporalNorm  | 0      | train
4 | decomp        | SeriesDecomp  | 0      | train
5 | linear_trend  | Linear        | 584    | train
6 | linear_season | Linear        | 584    | train
--------------------------------------------------------
1.2 K     Trainable params
0         Non-trainable params
1.2 K     Total params
0.005     Total estimated model params size (MB)
9         Modules in train mode
0         Modules in eval mode
Trainer already configured with model summary callbacks: [<class 'pytorch_lightning.callbacks.model_summary.ModelSummary'>]. Skipping setting a default `ModelSummary` callback.
GPU available: True (cuda), used: True
TPU available: False, using: 0 TPU cores
HPU available: False, using: 0 HPUs
LOCAL_RANK: 0 - CUDA_VISIBLE_DEVICES: [1]
[I 2026-03-21 16:30:58,957] Trial 8 pruned. Pruned after fold 0 with mean_mse=13.0394
Seed set to 1
GPU available: True (cuda), used: True
TPU available: False, using: 0 TPU cores
HPU available: False, using: 0 HPUs
LOCAL_RANK: 0 - CUDA_VISIBLE_DEVICES: [1]

  | Name          | Type          | Params | Mode 
--------------------------------------------------------
0 | loss          | MSE           | 0      | train
1 | valid_loss    | MSE           | 0      | train
2 | padder_train  | ConstantPad1d | 0      | train
3 | scaler        | TemporalNorm  | 0      | train
4 | decomp        | SeriesDecomp  | 0      | train
5 | linear_trend  | Linear        | 200    | train
6 | linear_season | Linear        | 200    | train
--------------------------------------------------------
400       Trainable params
0         Non-trainable params
400       Total params
0.002     Total estimated model params size (MB)
9         Modules in train mode
0         Modules in eval mode
`Trainer.fit` stopped: `max_steps=500` reached.
Trainer already configured with model summary callbacks: [<class 'pytorch_lightning.callbacks.model_summary.ModelSummary'>]. Skipping setting a default `ModelSummary` callback.
GPU available: True (cuda), used: True
TPU available: False, using: 0 TPU cores
HPU available: False, using: 0 HPUs
LOCAL_RANK: 0 - CUDA_VISIBLE_DEVICES: [1]
[I 2026-03-21 16:31:00,957] Trial 9 pruned. Pruned after fold 0 with mean_mse=41.3023
Seed set to 1
GPU available: True (cuda), used: True
TPU available: False, using: 0 TPU cores
HPU available: False, using: 0 HPUs
LOCAL_RANK: 0 - CUDA_VISIBLE_DEVICES: [1]

  | Name          | Type          | Params | Mode 
--------------------------------------------------------
0 | loss          | MSE           | 0      | train
1 | valid_loss    | MSE           | 0      | train
2 | padder_train  | ConstantPad1d | 0      | train
3 | scaler        | TemporalNorm  | 0      | train
4 | decomp        | SeriesDecomp  | 0      | train
5 | linear_trend  | Linear        | 392    | train
6 | linear_season | Linear        | 392    | train
--------------------------------------------------------
784       Trainable params
0         Non-trainable params
784       Total params
0.003     Total estimated model params size (MB)
9         Modules in train mode
0         Modules in eval mode
`Trainer.fit` stopped: `max_steps=300` reached.
Trainer already configured with model summary callbacks: [<class 'pytorch_lightning.callbacks.model_summary.ModelSummary'>]. Skipping setting a default `ModelSummary` callback.
GPU available: True (cuda), used: True
TPU available: False, using: 0 TPU cores
HPU available: False, using: 0 HPUs
LOCAL_RANK: 0 - CUDA_VISIBLE_DEVICES: [1]
[I 2026-03-21 16:31:02,159] Trial 10 pruned. Pruned after fold 0 with mean_mse=12.0223
Seed set to 1
GPU available: True (cuda), used: True
TPU available: False, using: 0 TPU cores
HPU available: False, using: 0 HPUs
LOCAL_RANK: 0 - CUDA_VISIBLE_DEVICES: [1]

  | Name          | Type          | Params | Mode 
--------------------------------------------------------
0 | loss          | MSE           | 0      | train
1 | valid_loss    | MSE           | 0      | train
2 | padder_train  | ConstantPad1d | 0      | train
3 | scaler        | TemporalNorm  | 0      | train
4 | decomp        | SeriesDecomp  | 0      | train
5 | linear_trend  | Linear        | 776    | train
6 | linear_season | Linear        | 776    | train
--------------------------------------------------------
1.6 K     Trainable params
0         Non-trainable params
1.6 K     Total params
0.006     Total estimated model params size (MB)
9         Modules in train mode
0         Modules in eval mode
`Trainer.fit` stopped: `max_steps=300` reached.
Trainer already configured with model summary callbacks: [<class 'pytorch_lightning.callbacks.model_summary.ModelSummary'>]. Skipping setting a default `ModelSummary` callback.
GPU available: True (cuda), used: True
TPU available: False, using: 0 TPU cores
HPU available: False, using: 0 HPUs
LOCAL_RANK: 0 - CUDA_VISIBLE_DEVICES: [1]
[I 2026-03-21 16:31:03,365] Trial 11 pruned. Pruned after fold 0 with mean_mse=18.1407
Seed set to 1
GPU available: True (cuda), used: True
TPU available: False, using: 0 TPU cores
HPU available: False, using: 0 HPUs
LOCAL_RANK: 0 - CUDA_VISIBLE_DEVICES: [1]

  | Name          | Type          | Params | Mode 
--------------------------------------------------------
0 | loss          | MSE           | 0      | train
1 | valid_loss    | MSE           | 0      | train
2 | padder_train  | ConstantPad1d | 0      | train
3 | scaler        | TemporalNorm  | 0      | train
4 | decomp        | SeriesDecomp  | 0      | train
5 | linear_trend  | Linear        | 776    | train
6 | linear_season | Linear        | 776    | train
--------------------------------------------------------
1.6 K     Trainable params
0         Non-trainable params
1.6 K     Total params
0.006     Total estimated model params size (MB)
9         Modules in train mode
0         Modules in eval mode
`Trainer.fit` stopped: `max_steps=300` reached.
Trainer already configured with model summary callbacks: [<class 'pytorch_lightning.callbacks.model_summary.ModelSummary'>]. Skipping setting a default `ModelSummary` callback.
GPU available: True (cuda), used: True
TPU available: False, using: 0 TPU cores
HPU available: False, using: 0 HPUs
LOCAL_RANK: 0 - CUDA_VISIBLE_DEVICES: [1]
[I 2026-03-21 16:31:04,647] Trial 12 pruned. Pruned after fold 0 with mean_mse=15.2875
Seed set to 1
GPU available: True (cuda), used: True
TPU available: False, using: 0 TPU cores
HPU available: False, using: 0 HPUs
LOCAL_RANK: 0 - CUDA_VISIBLE_DEVICES: [1]

  | Name          | Type          | Params | Mode 
--------------------------------------------------------
0 | loss          | MSE           | 0      | train
1 | valid_loss    | MSE           | 0      | train
2 | padder_train  | ConstantPad1d | 0      | train
3 | scaler        | TemporalNorm  | 0      | train
4 | decomp        | SeriesDecomp  | 0      | train
5 | linear_trend  | Linear        | 776    | train
6 | linear_season | Linear        | 776    | train
--------------------------------------------------------
1.6 K     Trainable params
0         Non-trainable params
1.6 K     Total params
0.006     Total estimated model params size (MB)
9         Modules in train mode
0         Modules in eval mode
`Trainer.fit` stopped: `max_steps=1200` reached.
Trainer already configured with model summary callbacks: [<class 'pytorch_lightning.callbacks.model_summary.ModelSummary'>]. Skipping setting a default `ModelSummary` callback.
GPU available: True (cuda), used: True
TPU available: False, using: 0 TPU cores
HPU available: False, using: 0 HPUs
LOCAL_RANK: 0 - CUDA_VISIBLE_DEVICES: [1]
[I 2026-03-21 16:31:09,079] Trial 13 pruned. Pruned after fold 0 with mean_mse=13.4807
Seed set to 1
GPU available: True (cuda), used: True
TPU available: False, using: 0 TPU cores
HPU available: False, using: 0 HPUs
LOCAL_RANK: 0 - CUDA_VISIBLE_DEVICES: [1]

  | Name          | Type          | Params | Mode 
--------------------------------------------------------
0 | loss          | MSE           | 0      | train
1 | valid_loss    | MSE           | 0      | train
2 | padder_train  | ConstantPad1d | 0      | train
3 | scaler        | TemporalNorm  | 0      | train
4 | decomp        | SeriesDecomp  | 0      | train
5 | linear_trend  | Linear        | 392    | train
6 | linear_season | Linear        | 392    | train
--------------------------------------------------------
784       Trainable params
0         Non-trainable params
784       Total params
0.003     Total estimated model params size (MB)
9         Modules in train mode
0         Modules in eval mode
`Trainer.fit` stopped: `max_steps=300` reached.
Trainer already configured with model summary callbacks: [<class 'pytorch_lightning.callbacks.model_summary.ModelSummary'>]. Skipping setting a default `ModelSummary` callback.
GPU available: True (cuda), used: True
TPU available: False, using: 0 TPU cores
HPU available: False, using: 0 HPUs
LOCAL_RANK: 0 - CUDA_VISIBLE_DEVICES: [1]
[I 2026-03-21 16:31:10,284] Trial 14 pruned. Pruned after fold 0 with mean_mse=12.4104
Seed set to 1
GPU available: True (cuda), used: True
TPU available: False, using: 0 TPU cores
HPU available: False, using: 0 HPUs
LOCAL_RANK: 0 - CUDA_VISIBLE_DEVICES: [1]

  | Name          | Type          | Params | Mode 
--------------------------------------------------------
0 | loss          | MSE           | 0      | train
1 | valid_loss    | MSE           | 0      | train
2 | padder_train  | ConstantPad1d | 0      | train
3 | scaler        | TemporalNorm  | 0      | train
4 | decomp        | SeriesDecomp  | 0      | train
5 | linear_trend  | Linear        | 520    | train
6 | linear_season | Linear        | 520    | train
--------------------------------------------------------
1.0 K     Trainable params
0         Non-trainable params
1.0 K     Total params
0.004     Total estimated model params size (MB)
9         Modules in train mode
0         Modules in eval mode
`Trainer.fit` stopped: `max_steps=500` reached.
Trainer already configured with model summary callbacks: [<class 'pytorch_lightning.callbacks.model_summary.ModelSummary'>]. Skipping setting a default `ModelSummary` callback.
GPU available: True (cuda), used: True
TPU available: False, using: 0 TPU cores
HPU available: False, using: 0 HPUs
LOCAL_RANK: 0 - CUDA_VISIBLE_DEVICES: [1]
[I 2026-03-21 16:31:12,251] Trial 15 pruned. Pruned after fold 0 with mean_mse=17.4901
Seed set to 1
GPU available: True (cuda), used: True
TPU available: False, using: 0 TPU cores
HPU available: False, using: 0 HPUs
LOCAL_RANK: 0 - CUDA_VISIBLE_DEVICES: [1]

  | Name          | Type          | Params | Mode 
--------------------------------------------------------
0 | loss          | MSE           | 0      | train
1 | valid_loss    | MSE           | 0      | train
2 | padder_train  | ConstantPad1d | 0      | train
3 | scaler        | TemporalNorm  | 0      | train
4 | decomp        | SeriesDecomp  | 0      | train
5 | linear_trend  | Linear        | 392    | train
6 | linear_season | Linear        | 392    | train
--------------------------------------------------------
784       Trainable params
0         Non-trainable params
784       Total params
0.003     Total estimated model params size (MB)
9         Modules in train mode
0         Modules in eval mode
`Trainer.fit` stopped: `max_steps=300` reached.
Trainer already configured with model summary callbacks: [<class 'pytorch_lightning.callbacks.model_summary.ModelSummary'>]. Skipping setting a default `ModelSummary` callback.
GPU available: True (cuda), used: True
TPU available: False, using: 0 TPU cores
HPU available: False, using: 0 HPUs
LOCAL_RANK: 0 - CUDA_VISIBLE_DEVICES: [1]
[I 2026-03-21 16:31:13,389] Trial 16 pruned. Pruned after fold 0 with mean_mse=20.8512
Seed set to 1
GPU available: True (cuda), used: True
TPU available: False, using: 0 TPU cores
HPU available: False, using: 0 HPUs
LOCAL_RANK: 0 - CUDA_VISIBLE_DEVICES: [1]

  | Name          | Type          | Params | Mode 
--------------------------------------------------------
0 | loss          | MSE           | 0      | train
1 | valid_loss    | MSE           | 0      | train
2 | padder_train  | ConstantPad1d | 0      | train
3 | scaler        | TemporalNorm  | 0      | train
4 | decomp        | SeriesDecomp  | 0      | train
5 | linear_trend  | Linear        | 776    | train
6 | linear_season | Linear        | 776    | train
--------------------------------------------------------
1.6 K     Trainable params
0         Non-trainable params
1.6 K     Total params
0.006     Total estimated model params size (MB)
9         Modules in train mode
0         Modules in eval mode
`Trainer.fit` stopped: `max_steps=1200` reached.
Trainer already configured with model summary callbacks: [<class 'pytorch_lightning.callbacks.model_summary.ModelSummary'>]. Skipping setting a default `ModelSummary` callback.
GPU available: True (cuda), used: True
TPU available: False, using: 0 TPU cores
HPU available: False, using: 0 HPUs
LOCAL_RANK: 0 - CUDA_VISIBLE_DEVICES: [1]
[I 2026-03-21 16:31:17,991] Trial 17 pruned. Pruned after fold 0 with mean_mse=12.5917
Seed set to 1
GPU available: True (cuda), used: True
TPU available: False, using: 0 TPU cores
HPU available: False, using: 0 HPUs
LOCAL_RANK: 0 - CUDA_VISIBLE_DEVICES: [1]

  | Name          | Type          | Params | Mode 
--------------------------------------------------------
0 | loss          | MSE           | 0      | train
1 | valid_loss    | MSE           | 0      | train
2 | padder_train  | ConstantPad1d | 0      | train
3 | scaler        | TemporalNorm  | 0      | train
4 | decomp        | SeriesDecomp  | 0      | train
5 | linear_trend  | Linear        | 392    | train
6 | linear_season | Linear        | 392    | train
--------------------------------------------------------
784       Trainable params
0         Non-trainable params
784       Total params
0.003     Total estimated model params size (MB)
9         Modules in train mode
0         Modules in eval mode
`Trainer.fit` stopped: `max_steps=500` reached.
Trainer already configured with model summary callbacks: [<class 'pytorch_lightning.callbacks.model_summary.ModelSummary'>]. Skipping setting a default `ModelSummary` callback.
GPU available: True (cuda), used: True
TPU available: False, using: 0 TPU cores
HPU available: False, using: 0 HPUs
LOCAL_RANK: 0 - CUDA_VISIBLE_DEVICES: [1]
[I 2026-03-21 16:31:20,120] Trial 18 pruned. Pruned after fold 0 with mean_mse=14.9713
Seed set to 1
GPU available: True (cuda), used: True
TPU available: False, using: 0 TPU cores
HPU available: False, using: 0 HPUs
LOCAL_RANK: 0 - CUDA_VISIBLE_DEVICES: [1]

  | Name          | Type          | Params | Mode 
--------------------------------------------------------
0 | loss          | MSE           | 0      | train
1 | valid_loss    | MSE           | 0      | train
2 | padder_train  | ConstantPad1d | 0      | train
3 | scaler        | TemporalNorm  | 0      | train
4 | decomp        | SeriesDecomp  | 0      | train
5 | linear_trend  | Linear        | 776    | train
6 | linear_season | Linear        | 776    | train
--------------------------------------------------------
1.6 K     Trainable params
0         Non-trainable params
1.6 K     Total params
0.006     Total estimated model params size (MB)
9         Modules in train mode
0         Modules in eval mode
`Trainer.fit` stopped: `max_steps=300` reached.
Trainer already configured with model summary callbacks: [<class 'pytorch_lightning.callbacks.model_summary.ModelSummary'>]. Skipping setting a default `ModelSummary` callback.
GPU available: True (cuda), used: True
TPU available: False, using: 0 TPU cores
HPU available: False, using: 0 HPUs
LOCAL_RANK: 0 - CUDA_VISIBLE_DEVICES: [1]
[I 2026-03-21 16:31:21,370] Trial 19 pruned. Pruned after fold 0 with mean_mse=19.3216
Seed set to 1
GPU available: True (cuda), used: True
TPU available: False, using: 0 TPU cores
HPU available: False, using: 0 HPUs
LOCAL_RANK: 0 - CUDA_VISIBLE_DEVICES: [1]

  | Name          | Type          | Params | Mode 
--------------------------------------------------------
0 | loss          | MSE           | 0      | train
1 | valid_loss    | MSE           | 0      | train
2 | padder_train  | ConstantPad1d | 0      | train
3 | scaler        | TemporalNorm  | 0      | train
4 | decomp        | SeriesDecomp  | 0      | train
5 | linear_trend  | Linear        | 392    | train
6 | linear_season | Linear        | 392    | train
--------------------------------------------------------
784       Trainable params
0         Non-trainable params
784       Total params
0.003     Total estimated model params size (MB)
9         Modules in train mode
0         Modules in eval mode
`Trainer.fit` stopped: `max_steps=500` reached.
Trainer already configured with model summary callbacks: [<class 'pytorch_lightning.callbacks.model_summary.ModelSummary'>]. Skipping setting a default `ModelSummary` callback.
GPU available: True (cuda), used: True
TPU available: False, using: 0 TPU cores
HPU available: False, using: 0 HPUs
LOCAL_RANK: 0 - CUDA_VISIBLE_DEVICES: [1]
LOCAL_RANK: 0 - CUDA_VISIBLE_DEVICES: [1]
LOCAL_RANK: 0 - CUDA_VISIBLE_DEVICES: [1]
LOCAL_RANK: 0 - CUDA_VISIBLE_DEVICES: [1]
LOCAL_RANK: 0 - CUDA_VISIBLE_DEVICES: [1]
LOCAL_RANK: 0 - CUDA_VISIBLE_DEVICES: [1]
LOCAL_RANK: 0 - CUDA_VISIBLE_DEVICES: [1]
LOCAL_RANK: 0 - CUDA_VISIBLE_DEVICES: [1]
LOCAL_RANK: 0 - CUDA_VISIBLE_DEVICES: [1]
LOCAL_RANK: 0 - CUDA_VISIBLE_DEVICES: [1]
LOCAL_RANK: 0 - CUDA_VISIBLE_DEVICES: [1]
LOCAL_RANK: 0 - CUDA_VISIBLE_DEVICES: [1]
LOCAL_RANK: 0 - CUDA_VISIBLE_DEVICES: [1]
LOCAL_RANK: 0 - CUDA_VISIBLE_DEVICES: [1]
LOCAL_RANK: 0 - CUDA_VISIBLE_DEVICES: [1]
LOCAL_RANK: 0 - CUDA_VISIBLE_DEVICES: [1]
LOCAL_RANK: 0 - CUDA_VISIBLE_DEVICES: [1]
LOCAL_RANK: 0 - CUDA_VISIBLE_DEVICES: [1]
LOCAL_RANK: 0 - CUDA_VISIBLE_DEVICES: [1]
LOCAL_RANK: 0 - CUDA_VISIBLE_DEVICES: [1]
LOCAL_RANK: 0 - CUDA_VISIBLE_DEVICES: [1]
LOCAL_RANK: 0 - CUDA_VISIBLE_DEVICES: [1]
LOCAL_RANK: 0 - CUDA_VISIBLE_DEVICES: [1]
LOCAL_RANK: 0 - CUDA_VISIBLE_DEVICES: [1]
LOCAL_RANK: 0 - CUDA_VISIBLE_DEVICES: [1]
LOCAL_RANK: 0 - CUDA_VISIBLE_DEVICES: [1]
LOCAL_RANK: 0 - CUDA_VISIBLE_DEVICES: [1]
LOCAL_RANK: 0 - CUDA_VISIBLE_DEVICES: [1]
LOCAL_RANK: 0 - CUDA_VISIBLE_DEVICES: [1]
LOCAL_RANK: 0 - CUDA_VISIBLE_DEVICES: [1]
LOCAL_RANK: 0 - CUDA_VISIBLE_DEVICES: [1]
LOCAL_RANK: 0 - CUDA_VISIBLE_DEVICES: [1]
LOCAL_RANK: 0 - CUDA_VISIBLE_DEVICES: [1]
LOCAL_RANK: 0 - CUDA_VISIBLE_DEVICES: [1]
LOCAL_RANK: 0 - CUDA_VISIBLE_DEVICES: [1]
LOCAL_RANK: 0 - CUDA_VISIBLE_DEVICES: [1]
LOCAL_RANK: 0 - CUDA_VISIBLE_DEVICES: [1]
LOCAL_RANK: 0 - CUDA_VISIBLE_DEVICES: [1]
LOCAL_RANK: 0 - CUDA_VISIBLE_DEVICES: [1]
LOCAL_RANK: 0 - CUDA_VISIBLE_DEVICES: [1]
LOCAL_RANK: 0 - CUDA_VISIBLE_DEVICES: [1]
LOCAL_RANK: 0 - CUDA_VISIBLE_DEVICES: [1]
LOCAL_RANK: 0 - CUDA_VISIBLE_DEVICES: [1]
LOCAL_RANK: 0 - CUDA_VISIBLE_DEVICES: [1]
LOCAL_RANK: 0 - CUDA_VISIBLE_DEVICES: [1]
LOCAL_RANK: 0 - CUDA_VISIBLE_DEVICES: [1]
LOCAL_RANK: 0 - CUDA_VISIBLE_DEVICES: [1]
LOCAL_RANK: 0 - CUDA_VISIBLE_DEVICES: [1]
LOCAL_RANK: 0 - CUDA_VISIBLE_DEVICES: [1]
LOCAL_RANK: 0 - CUDA_VISIBLE_DEVICES: [1]
LOCAL_RANK: 0 - CUDA_VISIBLE_DEVICES: [1]
LOCAL_RANK: 0 - CUDA_VISIBLE_DEVICES: [1]
LOCAL_RANK: 0 - CUDA_VISIBLE_DEVICES: [1]
LOCAL_RANK: 0 - CUDA_VISIBLE_DEVICES: [1]
LOCAL_RANK: 0 - CUDA_VISIBLE_DEVICES: [1]
LOCAL_RANK: 0 - CUDA_VISIBLE_DEVICES: [1]
LOCAL_RANK: 0 - CUDA_VISIBLE_DEVICES: [1]
LOCAL_RANK: 0 - CUDA_VISIBLE_DEVICES: [1]
LOCAL_RANK: 0 - CUDA_VISIBLE_DEVICES: [1]
LOCAL_RANK: 0 - CUDA_VISIBLE_DEVICES: [1]
LOCAL_RANK: 0 - CUDA_VISIBLE_DEVICES: [1]
Seed set to 1
GPU available: True (cuda), used: True
TPU available: False, using: 0 TPU cores
HPU available: False, using: 0 HPUs
LOCAL_RANK: 0 - CUDA_VISIBLE_DEVICES: [1]

  | Name          | Type          | Params | Mode 
--------------------------------------------------------
0 | loss          | MSE           | 0      | train
1 | valid_loss    | MSE           | 0      | train
2 | padder_train  | ConstantPad1d | 0      | train
3 | scaler        | TemporalNorm  | 0      | train
4 | decomp        | SeriesDecomp  | 0      | train
5 | linear_trend  | Linear        | 392    | train
6 | linear_season | Linear        | 392    | train
--------------------------------------------------------
784       Trainable params
0         Non-trainable params
784       Total params
0.003     Total estimated model params size (MB)
9         Modules in train mode
0         Modules in eval mode
`Trainer.fit` stopped: `max_steps=500` reached.
Trainer already configured with model summary callbacks: [<class 'pytorch_lightning.callbacks.model_summary.ModelSummary'>]. Skipping setting a default `ModelSummary` callback.
GPU available: True (cuda), used: True
TPU available: False, using: 0 TPU cores
HPU available: False, using: 0 HPUs
LOCAL_RANK: 0 - CUDA_VISIBLE_DEVICES: [1]
LOCAL_RANK: 0 - CUDA_VISIBLE_DEVICES: [1]
LOCAL_RANK: 0 - CUDA_VISIBLE_DEVICES: [1]
LOCAL_RANK: 0 - CUDA_VISIBLE_DEVICES: [1]
LOCAL_RANK: 0 - CUDA_VISIBLE_DEVICES: [1]
LOCAL_RANK: 0 - CUDA_VISIBLE_DEVICES: [1]
LOCAL_RANK: 0 - CUDA_VISIBLE_DEVICES: [1]
LOCAL_RANK: 0 - CUDA_VISIBLE_DEVICES: [1]
LOCAL_RANK: 0 - CUDA_VISIBLE_DEVICES: [1]
LOCAL_RANK: 0 - CUDA_VISIBLE_DEVICES: [1]
LOCAL_RANK: 0 - CUDA_VISIBLE_DEVICES: [1]
LOCAL_RANK: 0 - CUDA_VISIBLE_DEVICES: [1]
LOCAL_RANK: 0 - CUDA_VISIBLE_DEVICES: [1]
LOCAL_RANK: 0 - CUDA_VISIBLE_DEVICES: [1]
LOCAL_RANK: 0 - CUDA_VISIBLE_DEVICES: [1]
LOCAL_RANK: 0 - CUDA_VISIBLE_DEVICES: [1]
LOCAL_RANK: 0 - CUDA_VISIBLE_DEVICES: [1]
LOCAL_RANK: 0 - CUDA_VISIBLE_DEVICES: [1]
LOCAL_RANK: 0 - CUDA_VISIBLE_DEVICES: [1]
LOCAL_RANK: 0 - CUDA_VISIBLE_DEVICES: [1]
LOCAL_RANK: 0 - CUDA_VISIBLE_DEVICES: [1]
LOCAL_RANK: 0 - CUDA_VISIBLE_DEVICES: [1]
LOCAL_RANK: 0 - CUDA_VISIBLE_DEVICES: [1]
LOCAL_RANK: 0 - CUDA_VISIBLE_DEVICES: [1]
LOCAL_RANK: 0 - CUDA_VISIBLE_DEVICES: [1]
LOCAL_RANK: 0 - CUDA_VISIBLE_DEVICES: [1]
LOCAL_RANK: 0 - CUDA_VISIBLE_DEVICES: [1]
LOCAL_RANK: 0 - CUDA_VISIBLE_DEVICES: [1]
LOCAL_RANK: 0 - CUDA_VISIBLE_DEVICES: [1]
LOCAL_RANK: 0 - CUDA_VISIBLE_DEVICES: [1]
LOCAL_RANK: 0 - CUDA_VISIBLE_DEVICES: [1]
LOCAL_RANK: 0 - CUDA_VISIBLE_DEVICES: [1]
LOCAL_RANK: 0 - CUDA_VISIBLE_DEVICES: [1]
LOCAL_RANK: 0 - CUDA_VISIBLE_DEVICES: [1]
LOCAL_RANK: 0 - CUDA_VISIBLE_DEVICES: [1]
LOCAL_RANK: 0 - CUDA_VISIBLE_DEVICES: [1]
LOCAL_RANK: 0 - CUDA_VISIBLE_DEVICES: [1]
LOCAL_RANK: 0 - CUDA_VISIBLE_DEVICES: [1]
LOCAL_RANK: 0 - CUDA_VISIBLE_DEVICES: [1]
LOCAL_RANK: 0 - CUDA_VISIBLE_DEVICES: [1]
LOCAL_RANK: 0 - CUDA_VISIBLE_DEVICES: [1]
LOCAL_RANK: 0 - CUDA_VISIBLE_DEVICES: [1]
LOCAL_RANK: 0 - CUDA_VISIBLE_DEVICES: [1]
LOCAL_RANK: 0 - CUDA_VISIBLE_DEVICES: [1]
LOCAL_RANK: 0 - CUDA_VISIBLE_DEVICES: [1]
LOCAL_RANK: 0 - CUDA_VISIBLE_DEVICES: [1]
LOCAL_RANK: 0 - CUDA_VISIBLE_DEVICES: [1]
LOCAL_RANK: 0 - CUDA_VISIBLE_DEVICES: [1]
LOCAL_RANK: 0 - CUDA_VISIBLE_DEVICES: [1]
LOCAL_RANK: 0 - CUDA_VISIBLE_DEVICES: [1]
LOCAL_RANK: 0 - CUDA_VISIBLE_DEVICES: [1]
LOCAL_RANK: 0 - CUDA_VISIBLE_DEVICES: [1]
LOCAL_RANK: 0 - CUDA_VISIBLE_DEVICES: [1]
LOCAL_RANK: 0 - CUDA_VISIBLE_DEVICES: [1]
LOCAL_RANK: 0 - CUDA_VISIBLE_DEVICES: [1]
LOCAL_RANK: 0 - CUDA_VISIBLE_DEVICES: [1]
LOCAL_RANK: 0 - CUDA_VISIBLE_DEVICES: [1]
LOCAL_RANK: 0 - CUDA_VISIBLE_DEVICES: [1]
LOCAL_RANK: 0 - CUDA_VISIBLE_DEVICES: [1]
LOCAL_RANK: 0 - CUDA_VISIBLE_DEVICES: [1]
LOCAL_RANK: 0 - CUDA_VISIBLE_DEVICES: [1]
LOCAL_RANK: 0 - CUDA_VISIBLE_DEVICES: [1]
Seed set to 1
GPU available: True (cuda), used: True
TPU available: False, using: 0 TPU cores
HPU available: False, using: 0 HPUs
LOCAL_RANK: 0 - CUDA_VISIBLE_DEVICES: [1]

  | Name          | Type          | Params | Mode 
--------------------------------------------------------
0 | loss          | MSE           | 0      | train
1 | valid_loss    | MSE           | 0      | train
2 | padder_train  | ConstantPad1d | 0      | train
3 | scaler        | TemporalNorm  | 0      | train
4 | decomp        | SeriesDecomp  | 0      | train
5 | linear_trend  | Linear        | 392    | train
6 | linear_season | Linear        | 392    | train
--------------------------------------------------------
784       Trainable params
0         Non-trainable params
784       Total params
0.003     Total estimated model params size (MB)
9         Modules in train mode
0         Modules in eval mode
`Trainer.fit` stopped: `max_steps=500` reached.
Trainer already configured with model summary callbacks: [<class 'pytorch_lightning.callbacks.model_summary.ModelSummary'>]. Skipping setting a default `ModelSummary` callback.
GPU available: True (cuda), used: True
TPU available: False, using: 0 TPU cores
HPU available: False, using: 0 HPUs
LOCAL_RANK: 0 - CUDA_VISIBLE_DEVICES: [1]
LOCAL_RANK: 0 - CUDA_VISIBLE_DEVICES: [1]
LOCAL_RANK: 0 - CUDA_VISIBLE_DEVICES: [1]
LOCAL_RANK: 0 - CUDA_VISIBLE_DEVICES: [1]
LOCAL_RANK: 0 - CUDA_VISIBLE_DEVICES: [1]
LOCAL_RANK: 0 - CUDA_VISIBLE_DEVICES: [1]
LOCAL_RANK: 0 - CUDA_VISIBLE_DEVICES: [1]
LOCAL_RANK: 0 - CUDA_VISIBLE_DEVICES: [1]
LOCAL_RANK: 0 - CUDA_VISIBLE_DEVICES: [1]
LOCAL_RANK: 0 - CUDA_VISIBLE_DEVICES: [1]
LOCAL_RANK: 0 - CUDA_VISIBLE_DEVICES: [1]
LOCAL_RANK: 0 - CUDA_VISIBLE_DEVICES: [1]
LOCAL_RANK: 0 - CUDA_VISIBLE_DEVICES: [1]
LOCAL_RANK: 0 - CUDA_VISIBLE_DEVICES: [1]
LOCAL_RANK: 0 - CUDA_VISIBLE_DEVICES: [1]
LOCAL_RANK: 0 - CUDA_VISIBLE_DEVICES: [1]
LOCAL_RANK: 0 - CUDA_VISIBLE_DEVICES: [1]
LOCAL_RANK: 0 - CUDA_VISIBLE_DEVICES: [1]
LOCAL_RANK: 0 - CUDA_VISIBLE_DEVICES: [1]
LOCAL_RANK: 0 - CUDA_VISIBLE_DEVICES: [1]
LOCAL_RANK: 0 - CUDA_VISIBLE_DEVICES: [1]
LOCAL_RANK: 0 - CUDA_VISIBLE_DEVICES: [1]
LOCAL_RANK: 0 - CUDA_VISIBLE_DEVICES: [1]
LOCAL_RANK: 0 - CUDA_VISIBLE_DEVICES: [1]
LOCAL_RANK: 0 - CUDA_VISIBLE_DEVICES: [1]
LOCAL_RANK: 0 - CUDA_VISIBLE_DEVICES: [1]
LOCAL_RANK: 0 - CUDA_VISIBLE_DEVICES: [1]
LOCAL_RANK: 0 - CUDA_VISIBLE_DEVICES: [1]
LOCAL_RANK: 0 - CUDA_VISIBLE_DEVICES: [1]
LOCAL_RANK: 0 - CUDA_VISIBLE_DEVICES: [1]
LOCAL_RANK: 0 - CUDA_VISIBLE_DEVICES: [1]
LOCAL_RANK: 0 - CUDA_VISIBLE_DEVICES: [1]
LOCAL_RANK: 0 - CUDA_VISIBLE_DEVICES: [1]
LOCAL_RANK: 0 - CUDA_VISIBLE_DEVICES: [1]
LOCAL_RANK: 0 - CUDA_VISIBLE_DEVICES: [1]
LOCAL_RANK: 0 - CUDA_VISIBLE_DEVICES: [1]
LOCAL_RANK: 0 - CUDA_VISIBLE_DEVICES: [1]
LOCAL_RANK: 0 - CUDA_VISIBLE_DEVICES: [1]
LOCAL_RANK: 0 - CUDA_VISIBLE_DEVICES: [1]
LOCAL_RANK: 0 - CUDA_VISIBLE_DEVICES: [1]
LOCAL_RANK: 0 - CUDA_VISIBLE_DEVICES: [1]
LOCAL_RANK: 0 - CUDA_VISIBLE_DEVICES: [1]
LOCAL_RANK: 0 - CUDA_VISIBLE_DEVICES: [1]
LOCAL_RANK: 0 - CUDA_VISIBLE_DEVICES: [1]
LOCAL_RANK: 0 - CUDA_VISIBLE_DEVICES: [1]
LOCAL_RANK: 0 - CUDA_VISIBLE_DEVICES: [1]
LOCAL_RANK: 0 - CUDA_VISIBLE_DEVICES: [1]
LOCAL_RANK: 0 - CUDA_VISIBLE_DEVICES: [1]
LOCAL_RANK: 0 - CUDA_VISIBLE_DEVICES: [1]
LOCAL_RANK: 0 - CUDA_VISIBLE_DEVICES: [1]
LOCAL_RANK: 0 - CUDA_VISIBLE_DEVICES: [1]
LOCAL_RANK: 0 - CUDA_VISIBLE_DEVICES: [1]
LOCAL_RANK: 0 - CUDA_VISIBLE_DEVICES: [1]
LOCAL_RANK: 0 - CUDA_VISIBLE_DEVICES: [1]
LOCAL_RANK: 0 - CUDA_VISIBLE_DEVICES: [1]
LOCAL_RANK: 0 - CUDA_VISIBLE_DEVICES: [1]
LOCAL_RANK: 0 - CUDA_VISIBLE_DEVICES: [1]
LOCAL_RANK: 0 - CUDA_VISIBLE_DEVICES: [1]
LOCAL_RANK: 0 - CUDA_VISIBLE_DEVICES: [1]
LOCAL_RANK: 0 - CUDA_VISIBLE_DEVICES: [1]
LOCAL_RANK: 0 - CUDA_VISIBLE_DEVICES: [1]
LOCAL_RANK: 0 - CUDA_VISIBLE_DEVICES: [1]
LOCAL_RANK: 0 - CUDA_VISIBLE_DEVICES: [1]
Seed set to 1
GPU available: True (cuda), used: True
TPU available: False, using: 0 TPU cores
HPU available: False, using: 0 HPUs
LOCAL_RANK: 0 - CUDA_VISIBLE_DEVICES: [1]

  | Name          | Type          | Params | Mode 
--------------------------------------------------------
0 | loss          | MSE           | 0      | train
1 | valid_loss    | MSE           | 0      | train
2 | padder_train  | ConstantPad1d | 0      | train
3 | scaler        | TemporalNorm  | 0      | train
4 | decomp        | SeriesDecomp  | 0      | train
5 | linear_trend  | Linear        | 392    | train
6 | linear_season | Linear        | 392    | train
--------------------------------------------------------
784       Trainable params
0         Non-trainable params
784       Total params
0.003     Total estimated model params size (MB)
9         Modules in train mode
0         Modules in eval mode
`Trainer.fit` stopped: `max_steps=500` reached.
Trainer already configured with model summary callbacks: [<class 'pytorch_lightning.callbacks.model_summary.ModelSummary'>]. Skipping setting a default `ModelSummary` callback.
GPU available: True (cuda), used: True
TPU available: False, using: 0 TPU cores
HPU available: False, using: 0 HPUs
LOCAL_RANK: 0 - CUDA_VISIBLE_DEVICES: [1]
LOCAL_RANK: 0 - CUDA_VISIBLE_DEVICES: [1]
LOCAL_RANK: 0 - CUDA_VISIBLE_DEVICES: [1]
LOCAL_RANK: 0 - CUDA_VISIBLE_DEVICES: [1]
LOCAL_RANK: 0 - CUDA_VISIBLE_DEVICES: [1]
LOCAL_RANK: 0 - CUDA_VISIBLE_DEVICES: [1]
LOCAL_RANK: 0 - CUDA_VISIBLE_DEVICES: [1]
LOCAL_RANK: 0 - CUDA_VISIBLE_DEVICES: [1]
LOCAL_RANK: 0 - CUDA_VISIBLE_DEVICES: [1]
LOCAL_RANK: 0 - CUDA_VISIBLE_DEVICES: [1]
LOCAL_RANK: 0 - CUDA_VISIBLE_DEVICES: [1]
LOCAL_RANK: 0 - CUDA_VISIBLE_DEVICES: [1]
LOCAL_RANK: 0 - CUDA_VISIBLE_DEVICES: [1]
LOCAL_RANK: 0 - CUDA_VISIBLE_DEVICES: [1]
LOCAL_RANK: 0 - CUDA_VISIBLE_DEVICES: [1]
LOCAL_RANK: 0 - CUDA_VISIBLE_DEVICES: [1]
LOCAL_RANK: 0 - CUDA_VISIBLE_DEVICES: [1]
LOCAL_RANK: 0 - CUDA_VISIBLE_DEVICES: [1]
LOCAL_RANK: 0 - CUDA_VISIBLE_DEVICES: [1]
LOCAL_RANK: 0 - CUDA_VISIBLE_DEVICES: [1]
LOCAL_RANK: 0 - CUDA_VISIBLE_DEVICES: [1]
LOCAL_RANK: 0 - CUDA_VISIBLE_DEVICES: [1]
LOCAL_RANK: 0 - CUDA_VISIBLE_DEVICES: [1]
LOCAL_RANK: 0 - CUDA_VISIBLE_DEVICES: [1]
LOCAL_RANK: 0 - CUDA_VISIBLE_DEVICES: [1]
LOCAL_RANK: 0 - CUDA_VISIBLE_DEVICES: [1]
LOCAL_RANK: 0 - CUDA_VISIBLE_DEVICES: [1]
LOCAL_RANK: 0 - CUDA_VISIBLE_DEVICES: [1]
LOCAL_RANK: 0 - CUDA_VISIBLE_DEVICES: [1]
LOCAL_RANK: 0 - CUDA_VISIBLE_DEVICES: [1]
LOCAL_RANK: 0 - CUDA_VISIBLE_DEVICES: [1]
LOCAL_RANK: 0 - CUDA_VISIBLE_DEVICES: [1]
LOCAL_RANK: 0 - CUDA_VISIBLE_DEVICES: [1]
LOCAL_RANK: 0 - CUDA_VISIBLE_DEVICES: [1]
LOCAL_RANK: 0 - CUDA_VISIBLE_DEVICES: [1]
LOCAL_RANK: 0 - CUDA_VISIBLE_DEVICES: [1]
LOCAL_RANK: 0 - CUDA_VISIBLE_DEVICES: [1]
LOCAL_RANK: 0 - CUDA_VISIBLE_DEVICES: [1]
LOCAL_RANK: 0 - CUDA_VISIBLE_DEVICES: [1]
LOCAL_RANK: 0 - CUDA_VISIBLE_DEVICES: [1]
LOCAL_RANK: 0 - CUDA_VISIBLE_DEVICES: [1]
LOCAL_RANK: 0 - CUDA_VISIBLE_DEVICES: [1]
LOCAL_RANK: 0 - CUDA_VISIBLE_DEVICES: [1]
LOCAL_RANK: 0 - CUDA_VISIBLE_DEVICES: [1]
LOCAL_RANK: 0 - CUDA_VISIBLE_DEVICES: [1]
LOCAL_RANK: 0 - CUDA_VISIBLE_DEVICES: [1]
LOCAL_RANK: 0 - CUDA_VISIBLE_DEVICES: [1]
LOCAL_RANK: 0 - CUDA_VISIBLE_DEVICES: [1]
LOCAL_RANK: 0 - CUDA_VISIBLE_DEVICES: [1]
LOCAL_RANK: 0 - CUDA_VISIBLE_DEVICES: [1]
LOCAL_RANK: 0 - CUDA_VISIBLE_DEVICES: [1]
LOCAL_RANK: 0 - CUDA_VISIBLE_DEVICES: [1]
LOCAL_RANK: 0 - CUDA_VISIBLE_DEVICES: [1]
LOCAL_RANK: 0 - CUDA_VISIBLE_DEVICES: [1]
LOCAL_RANK: 0 - CUDA_VISIBLE_DEVICES: [1]
LOCAL_RANK: 0 - CUDA_VISIBLE_DEVICES: [1]
LOCAL_RANK: 0 - CUDA_VISIBLE_DEVICES: [1]
LOCAL_RANK: 0 - CUDA_VISIBLE_DEVICES: [1]
LOCAL_RANK: 0 - CUDA_VISIBLE_DEVICES: [1]
LOCAL_RANK: 0 - CUDA_VISIBLE_DEVICES: [1]
LOCAL_RANK: 0 - CUDA_VISIBLE_DEVICES: [1]
LOCAL_RANK: 0 - CUDA_VISIBLE_DEVICES: [1]
LOCAL_RANK: 0 - CUDA_VISIBLE_DEVICES: [1]
LOCAL_RANK: 0 - CUDA_VISIBLE_DEVICES: [1]
Seed set to 1
GPU available: True (cuda), used: True
TPU available: False, using: 0 TPU cores
HPU available: False, using: 0 HPUs
LOCAL_RANK: 0 - CUDA_VISIBLE_DEVICES: [1]

  | Name          | Type          | Params | Mode 
--------------------------------------------------------
0 | loss          | MSE           | 0      | train
1 | valid_loss    | MSE           | 0      | train
2 | padder_train  | ConstantPad1d | 0      | train
3 | scaler        | TemporalNorm  | 0      | train
4 | decomp        | SeriesDecomp  | 0      | train
5 | linear_trend  | Linear        | 392    | train
6 | linear_season | Linear        | 392    | train
--------------------------------------------------------
784       Trainable params
0         Non-trainable params
784       Total params
0.003     Total estimated model params size (MB)
9         Modules in train mode
0         Modules in eval mode
`Trainer.fit` stopped: `max_steps=500` reached.
Trainer already configured with model summary callbacks: [<class 'pytorch_lightning.callbacks.model_summary.ModelSummary'>]. Skipping setting a default `ModelSummary` callback.
GPU available: True (cuda), used: True
TPU available: False, using: 0 TPU cores
HPU available: False, using: 0 HPUs
LOCAL_RANK: 0 - CUDA_VISIBLE_DEVICES: [1]
LOCAL_RANK: 0 - CUDA_VISIBLE_DEVICES: [1]
LOCAL_RANK: 0 - CUDA_VISIBLE_DEVICES: [1]
LOCAL_RANK: 0 - CUDA_VISIBLE_DEVICES: [1]
LOCAL_RANK: 0 - CUDA_VISIBLE_DEVICES: [1]
LOCAL_RANK: 0 - CUDA_VISIBLE_DEVICES: [1]
LOCAL_RANK: 0 - CUDA_VISIBLE_DEVICES: [1]
LOCAL_RANK: 0 - CUDA_VISIBLE_DEVICES: [1]
LOCAL_RANK: 0 - CUDA_VISIBLE_DEVICES: [1]
LOCAL_RANK: 0 - CUDA_VISIBLE_DEVICES: [1]
LOCAL_RANK: 0 - CUDA_VISIBLE_DEVICES: [1]
LOCAL_RANK: 0 - CUDA_VISIBLE_DEVICES: [1]
LOCAL_RANK: 0 - CUDA_VISIBLE_DEVICES: [1]
LOCAL_RANK: 0 - CUDA_VISIBLE_DEVICES: [1]
LOCAL_RANK: 0 - CUDA_VISIBLE_DEVICES: [1]
LOCAL_RANK: 0 - CUDA_VISIBLE_DEVICES: [1]
LOCAL_RANK: 0 - CUDA_VISIBLE_DEVICES: [1]
LOCAL_RANK: 0 - CUDA_VISIBLE_DEVICES: [1]
LOCAL_RANK: 0 - CUDA_VISIBLE_DEVICES: [1]
LOCAL_RANK: 0 - CUDA_VISIBLE_DEVICES: [1]
LOCAL_RANK: 0 - CUDA_VISIBLE_DEVICES: [1]
LOCAL_RANK: 0 - CUDA_VISIBLE_DEVICES: [1]
LOCAL_RANK: 0 - CUDA_VISIBLE_DEVICES: [1]
LOCAL_RANK: 0 - CUDA_VISIBLE_DEVICES: [1]
LOCAL_RANK: 0 - CUDA_VISIBLE_DEVICES: [1]
LOCAL_RANK: 0 - CUDA_VISIBLE_DEVICES: [1]
LOCAL_RANK: 0 - CUDA_VISIBLE_DEVICES: [1]
LOCAL_RANK: 0 - CUDA_VISIBLE_DEVICES: [1]
LOCAL_RANK: 0 - CUDA_VISIBLE_DEVICES: [1]
LOCAL_RANK: 0 - CUDA_VISIBLE_DEVICES: [1]
LOCAL_RANK: 0 - CUDA_VISIBLE_DEVICES: [1]
LOCAL_RANK: 0 - CUDA_VISIBLE_DEVICES: [1]
LOCAL_RANK: 0 - CUDA_VISIBLE_DEVICES: [1]
LOCAL_RANK: 0 - CUDA_VISIBLE_DEVICES: [1]
LOCAL_RANK: 0 - CUDA_VISIBLE_DEVICES: [1]
LOCAL_RANK: 0 - CUDA_VISIBLE_DEVICES: [1]
LOCAL_RANK: 0 - CUDA_VISIBLE_DEVICES: [1]
LOCAL_RANK: 0 - CUDA_VISIBLE_DEVICES: [1]
LOCAL_RANK: 0 - CUDA_VISIBLE_DEVICES: [1]
LOCAL_RANK: 0 - CUDA_VISIBLE_DEVICES: [1]
LOCAL_RANK: 0 - CUDA_VISIBLE_DEVICES: [1]
LOCAL_RANK: 0 - CUDA_VISIBLE_DEVICES: [1]
LOCAL_RANK: 0 - CUDA_VISIBLE_DEVICES: [1]
LOCAL_RANK: 0 - CUDA_VISIBLE_DEVICES: [1]
LOCAL_RANK: 0 - CUDA_VISIBLE_DEVICES: [1]
LOCAL_RANK: 0 - CUDA_VISIBLE_DEVICES: [1]
LOCAL_RANK: 0 - CUDA_VISIBLE_DEVICES: [1]
LOCAL_RANK: 0 - CUDA_VISIBLE_DEVICES: [1]
LOCAL_RANK: 0 - CUDA_VISIBLE_DEVICES: [1]
LOCAL_RANK: 0 - CUDA_VISIBLE_DEVICES: [1]
LOCAL_RANK: 0 - CUDA_VISIBLE_DEVICES: [1]
LOCAL_RANK: 0 - CUDA_VISIBLE_DEVICES: [1]
LOCAL_RANK: 0 - CUDA_VISIBLE_DEVICES: [1]
LOCAL_RANK: 0 - CUDA_VISIBLE_DEVICES: [1]
LOCAL_RANK: 0 - CUDA_VISIBLE_DEVICES: [1]
LOCAL_RANK: 0 - CUDA_VISIBLE_DEVICES: [1]
LOCAL_RANK: 0 - CUDA_VISIBLE_DEVICES: [1]
LOCAL_RANK: 0 - CUDA_VISIBLE_DEVICES: [1]
LOCAL_RANK: 0 - CUDA_VISIBLE_DEVICES: [1]
LOCAL_RANK: 0 - CUDA_VISIBLE_DEVICES: [1]
LOCAL_RANK: 0 - CUDA_VISIBLE_DEVICES: [1]
LOCAL_RANK: 0 - CUDA_VISIBLE_DEVICES: [1]
LOCAL_RANK: 0 - CUDA_VISIBLE_DEVICES: [1]
LOCAL_RANK: 0 - CUDA_VISIBLE_DEVICES: [1]
LOCAL_RANK: 0 - CUDA_VISIBLE_DEVICES: [1]
[I 2026-03-21 16:31:41,041] A new study created in Journal with name: neuralforecast::brentoil_case1_HPT::DLinear::residual-search::0bb57e779ea6
[I 2026-03-21 16:31:41,119] Trial 0 finished with value: 45.13991056339686 and parameters: {'n_estimators': 32, 'max_depth': 2, 'learning_rate': 0.0016932999507037908, 'subsample': 0.5931301056888354, 'colsample_bytree': 0.6727803635215239}. Best is trial 0 with value: 45.13991056339686.
[I 2026-03-21 16:31:41,235] Trial 1 finished with value: 59.82210805487995 and parameters: {'n_estimators': 128, 'max_depth': 3, 'learning_rate': 0.14969364581164232, 'subsample': 0.5136937965989631, 'colsample_bytree': 0.8352337550892011}. Best is trial 0 with value: 45.13991056339686.
[I 2026-03-21 16:31:41,344] Trial 2 finished with value: 58.35488073689062 and parameters: {'n_estimators': 32, 'max_depth': 6, 'learning_rate': 0.25032333105810645, 'subsample': 0.6567120890796214, 'colsample_bytree': 0.846161307834657}. Best is trial 0 with value: 45.13991056339686.
[I 2026-03-21 16:31:41,424] Trial 3 finished with value: 50.56898297642961 and parameters: {'n_estimators': 32, 'max_depth': 2, 'learning_rate': 0.14971505008038705, 'subsample': 0.549173416916525, 'colsample_bytree': 0.7105538125025261}. Best is trial 0 with value: 45.13991056339686.
[I 2026-03-21 16:31:41,501] Trial 4 finished with value: 50.89249220190122 and parameters: {'n_estimators': 16, 'max_depth': 5, 'learning_rate': 0.11680703272479827, 'subsample': 0.5091441386720958, 'colsample_bytree': 0.8750721574724838}. Best is trial 0 with value: 45.13991056339686.
[I 2026-03-21 16:31:41,580] Trial 5 finished with value: 46.00129486745971 and parameters: {'n_estimators': 16, 'max_depth': 2, 'learning_rate': 0.012867274725107765, 'subsample': 0.9542977515465478, 'colsample_bytree': 0.6468070741868397}. Best is trial 0 with value: 45.13991056339686.
[I 2026-03-21 16:31:41,686] Trial 6 finished with value: 47.210611378129855 and parameters: {'n_estimators': 128, 'max_depth': 3, 'learning_rate': 0.0045476944121483, 'subsample': 0.7457865796401691, 'colsample_bytree': 0.5266812725585401}. Best is trial 0 with value: 45.13991056339686.
[I 2026-03-21 16:31:41,796] Trial 7 finished with value: 48.49729364458958 and parameters: {'n_estimators': 128, 'max_depth': 2, 'learning_rate': 0.010608815292282874, 'subsample': 0.8472000788638725, 'colsample_bytree': 0.7070896347634513}. Best is trial 0 with value: 45.13991056339686.
[I 2026-03-21 16:31:41,845] Trial 8 pruned. Pruned residual trial after fold 0 with mean_mse=29.1705
[I 2026-03-21 16:31:41,955] Trial 9 finished with value: 46.12410266583756 and parameters: {'n_estimators': 32, 'max_depth': 6, 'learning_rate': 0.007268724405433989, 'subsample': 0.8754060515680777, 'colsample_bytree': 0.8629989926752257}. Best is trial 0 with value: 45.13991056339686.
[I 2026-03-21 16:31:42,052] Trial 10 finished with value: 45.22261770552408 and parameters: {'n_estimators': 64, 'max_depth': 4, 'learning_rate': 0.001102046861743771, 'subsample': 0.6608741651875388, 'colsample_bytree': 0.9720833380650836}. Best is trial 0 with value: 45.13991056339686.
[I 2026-03-21 16:31:42,164] Trial 11 finished with value: 45.21495945947713 and parameters: {'n_estimators': 64, 'max_depth': 4, 'learning_rate': 0.001050708488666793, 'subsample': 0.6462627755115482, 'colsample_bytree': 0.9947465238127486}. Best is trial 0 with value: 45.13991056339686.
[I 2026-03-21 16:31:42,262] Trial 12 finished with value: 45.2803139989024 and parameters: {'n_estimators': 64, 'max_depth': 4, 'learning_rate': 0.0015351019763715104, 'subsample': 0.6254919607047876, 'colsample_bytree': 0.6239724048460996}. Best is trial 0 with value: 45.13991056339686.
[I 2026-03-21 16:31:42,359] Trial 13 finished with value: 45.43349491198912 and parameters: {'n_estimators': 32, 'max_depth': 3, 'learning_rate': 0.002724562305430904, 'subsample': 0.7354989658533568, 'colsample_bytree': 0.7687843844761136}. Best is trial 0 with value: 45.13991056339686.
[I 2026-03-21 16:31:42,400] Trial 14 pruned. Pruned residual trial after fold 0 with mean_mse=30.2278
[I 2026-03-21 16:31:42,500] Trial 15 finished with value: 45.491043041880474 and parameters: {'n_estimators': 32, 'max_depth': 5, 'learning_rate': 0.0026825765012861765, 'subsample': 0.6800575983061944, 'colsample_bytree': 0.7649386362010527}. Best is trial 0 with value: 45.13991056339686.
[I 2026-03-21 16:31:42,592] Trial 16 finished with value: 45.621939117223604 and parameters: {'n_estimators': 64, 'max_depth': 3, 'learning_rate': 0.0021894792974118003, 'subsample': 0.583096220882801, 'colsample_bytree': 0.9219823055296392}. Best is trial 0 with value: 45.13991056339686.
[I 2026-03-21 16:31:42,680] Trial 17 finished with value: 45.03931467352167 and parameters: {'n_estimators': 16, 'max_depth': 4, 'learning_rate': 0.001006553062948959, 'subsample': 0.8067582733331393, 'colsample_bytree': 0.6165946316551166}. Best is trial 17 with value: 45.03931467352167.
[I 2026-03-21 16:31:42,763] Trial 18 finished with value: 45.23639543972546 and parameters: {'n_estimators': 16, 'max_depth': 2, 'learning_rate': 0.004309854890737015, 'subsample': 0.8284187331100864, 'colsample_bytree': 0.6241852361543042}. Best is trial 17 with value: 45.03931467352167.
[I 2026-03-21 16:31:42,794] Trial 19 pruned. Pruned residual trial after fold 0 with mean_mse=18.1050
