[I 2026-03-21 10:52:09,552] A new study created in memory with name: no-name-b8fa6a36-4d29-49d8-bb58-23d1cf71c712
/home/sonet/.openclaw/workspace/research/neuralforecast/.venv/lib/python3.11/site-packages/optuna/distributions.py:518: UserWarning: Choices for a categorical distribution should be a tuple of None, bool, int, float and str for persistent storage but contains [2, 2, 1] which is of type list.
  warnings.warn(message)
/home/sonet/.openclaw/workspace/research/neuralforecast/.venv/lib/python3.11/site-packages/optuna/distributions.py:518: UserWarning: Choices for a categorical distribution should be a tuple of None, bool, int, float and str for persistent storage but contains [1, 1, 1] which is of type list.
  warnings.warn(message)
/home/sonet/.openclaw/workspace/research/neuralforecast/.venv/lib/python3.11/site-packages/optuna/distributions.py:518: UserWarning: Choices for a categorical distribution should be a tuple of None, bool, int, float and str for persistent storage but contains [2, 2, 2] which is of type list.
  warnings.warn(message)
/home/sonet/.openclaw/workspace/research/neuralforecast/.venv/lib/python3.11/site-packages/optuna/distributions.py:518: UserWarning: Choices for a categorical distribution should be a tuple of None, bool, int, float and str for persistent storage but contains [4, 2, 1] which is of type list.
  warnings.warn(message)
/home/sonet/.openclaw/workspace/research/neuralforecast/.venv/lib/python3.11/site-packages/optuna/distributions.py:518: UserWarning: Choices for a categorical distribution should be a tuple of None, bool, int, float and str for persistent storage but contains [24, 12, 1] which is of type list.
  warnings.warn(message)
/home/sonet/.openclaw/workspace/research/neuralforecast/.venv/lib/python3.11/site-packages/optuna/distributions.py:518: UserWarning: Choices for a categorical distribution should be a tuple of None, bool, int, float and str for persistent storage but contains [60, 8, 1] which is of type list.
  warnings.warn(message)
/home/sonet/.openclaw/workspace/research/neuralforecast/.venv/lib/python3.11/site-packages/optuna/distributions.py:518: UserWarning: Choices for a categorical distribution should be a tuple of None, bool, int, float and str for persistent storage but contains [40, 20, 1] which is of type list.
  warnings.warn(message)
Seed set to 1
GPU available: True (cuda), used: True
TPU available: False, using: 0 TPU cores
HPU available: False, using: 0 HPUs
You are using a CUDA device ('NVIDIA RTX A5000') that has Tensor Cores. To properly utilize them, you should set `torch.set_float32_matmul_precision('medium' | 'high')` which will trade-off precision for performance. For more details, read https://pytorch.org/docs/stable/generated/torch.set_float32_matmul_precision.html#torch.set_float32_matmul_precision
LOCAL_RANK: 0 - CUDA_VISIBLE_DEVICES: [1]

  | Name         | Type          | Params | Mode 
-------------------------------------------------------
0 | loss         | MSE           | 0      | train
1 | valid_loss   | MSE           | 0      | train
2 | padder_train | ConstantPad1d | 0      | train
3 | scaler       | TemporalNorm  | 0      | train
4 | blocks       | ModuleList    | 4.1 M  | train
-------------------------------------------------------
4.1 M     Trainable params
0         Non-trainable params
4.1 M     Total params
16.590    Total estimated model params size (MB)
44        Modules in train mode
0         Modules in eval mode
Trainer already configured with model summary callbacks: [<class 'pytorch_lightning.callbacks.model_summary.ModelSummary'>]. Skipping setting a default `ModelSummary` callback.
GPU available: True (cuda), used: True
TPU available: False, using: 0 TPU cores
HPU available: False, using: 0 HPUs
LOCAL_RANK: 0 - CUDA_VISIBLE_DEVICES: [1]
[W 2026-03-21 10:52:16,923] Trial 0 failed with parameters: {'n_pool_kernel_size': [1, 1, 1], 'n_freq_downsample': [1, 1, 1], 'dropout_prob_theta': 0.11903024226920098, 'input_size': 64, 'season_length': 12, 'batch_size': 32, 'valid_batch_size': 64, 'windows_batch_size': 1024, 'inference_windows_batch_size': 256, 'learning_rate': 0.0003232148147351276, 'max_steps': 1000, 'val_check_steps': 50} because of the following error: BrokenPipeError(32, 'Broken pipe').
Traceback (most recent call last):
  File "/home/sonet/.openclaw/workspace/research/neuralforecast/residual/runtime.py", line 463, in objective
    progress.fold_completed(
  File "/home/sonet/.openclaw/workspace/research/neuralforecast/residual/runtime.py", line 119, in fold_completed
    self._publish(
  File "/home/sonet/.openclaw/workspace/research/neuralforecast/residual/runtime.py", line 87, in _publish
    emit_progress_event(self.state)
  File "/home/sonet/.openclaw/workspace/research/neuralforecast/residual/progress.py", line 54, in emit_progress_event
    target.flush()
BrokenPipeError: [Errno 32] Broken pipe

During handling of the above exception, another exception occurred:

Traceback (most recent call last):
  File "/home/sonet/.openclaw/workspace/research/neuralforecast/.venv/lib/python3.11/site-packages/optuna/study/_optimize.py", line 201, in _run_trial
    value_or_values = func(trial)
                      ^^^^^^^^^^^
  File "/home/sonet/.openclaw/workspace/research/neuralforecast/residual/runtime.py", line 471, in objective
    progress.error(
  File "/home/sonet/.openclaw/workspace/research/neuralforecast/residual/runtime.py", line 137, in error
    self._publish(
  File "/home/sonet/.openclaw/workspace/research/neuralforecast/residual/runtime.py", line 87, in _publish
    emit_progress_event(self.state)
  File "/home/sonet/.openclaw/workspace/research/neuralforecast/residual/progress.py", line 54, in emit_progress_event
    target.flush()
BrokenPipeError: [Errno 32] Broken pipe
[W 2026-03-21 10:52:16,923] Trial 0 failed with value None.
Traceback (most recent call last):
  File "/home/sonet/.openclaw/workspace/research/neuralforecast/residual/runtime.py", line 463, in objective
    progress.fold_completed(
  File "/home/sonet/.openclaw/workspace/research/neuralforecast/residual/runtime.py", line 119, in fold_completed
    self._publish(
  File "/home/sonet/.openclaw/workspace/research/neuralforecast/residual/runtime.py", line 87, in _publish
    emit_progress_event(self.state)
  File "/home/sonet/.openclaw/workspace/research/neuralforecast/residual/progress.py", line 54, in emit_progress_event
    target.flush()
BrokenPipeError: [Errno 32] Broken pipe

During handling of the above exception, another exception occurred:

Traceback (most recent call last):
  File "/home/sonet/.openclaw/workspace/research/neuralforecast/main.py", line 51, in <module>
    raise SystemExit(main())
                     ^^^^^^
  File "/home/sonet/.openclaw/workspace/research/neuralforecast/main.py", line 47, in main
    return residual_main(args)
           ^^^^^^^^^^^^^^^^^^^
  File "/home/sonet/.openclaw/workspace/research/neuralforecast/residual/runtime.py", line 1412, in main
    _run_single_job(
  File "/home/sonet/.openclaw/workspace/research/neuralforecast/residual/runtime.py", line 1203, in _run_single_job
    best_params, best_training_params, study_summary = _tune_main_job(
                                                       ^^^^^^^^^^^^^^^
  File "/home/sonet/.openclaw/workspace/research/neuralforecast/residual/runtime.py", line 487, in _tune_main_job
    study.optimize(objective, n_trials=trial_count, show_progress_bar=False)
  File "/home/sonet/.openclaw/workspace/research/neuralforecast/.venv/lib/python3.11/site-packages/optuna/study/study.py", line 490, in optimize
    _optimize(
  File "/home/sonet/.openclaw/workspace/research/neuralforecast/.venv/lib/python3.11/site-packages/optuna/study/_optimize.py", line 63, in _optimize
    _optimize_sequential(
  File "/home/sonet/.openclaw/workspace/research/neuralforecast/.venv/lib/python3.11/site-packages/optuna/study/_optimize.py", line 160, in _optimize_sequential
    frozen_trial_id = _run_trial(study, func, catch)
                      ^^^^^^^^^^^^^^^^^^^^^^^^^^^^^^
  File "/home/sonet/.openclaw/workspace/research/neuralforecast/.venv/lib/python3.11/site-packages/optuna/study/_optimize.py", line 258, in _run_trial
    raise func_err
  File "/home/sonet/.openclaw/workspace/research/neuralforecast/.venv/lib/python3.11/site-packages/optuna/study/_optimize.py", line 201, in _run_trial
    value_or_values = func(trial)
                      ^^^^^^^^^^^
  File "/home/sonet/.openclaw/workspace/research/neuralforecast/residual/runtime.py", line 471, in objective
    progress.error(
  File "/home/sonet/.openclaw/workspace/research/neuralforecast/residual/runtime.py", line 137, in error
    self._publish(
  File "/home/sonet/.openclaw/workspace/research/neuralforecast/residual/runtime.py", line 87, in _publish
    emit_progress_event(self.state)
  File "/home/sonet/.openclaw/workspace/research/neuralforecast/residual/progress.py", line 54, in emit_progress_event
    target.flush()
BrokenPipeError: [Errno 32] Broken pipe
Exception ignored in: <_io.TextIOWrapper name='<stdout>' mode='w' encoding='utf-8'>
BrokenPipeError: [Errno 32] Broken pipe
