### version information

```
pre-commit version: 4.3.0
git --version: git version 2.50.1 (Apple Git-155)
sys.version:
    3.12.2 | packaged by conda-forge | (main, Feb 16 2024, 20:54:21) [Clang 16.0.6 ]
sys.executable: /Users/jaeholee/Desktop/myoil/.venv/bin/python
os.name: posix
sys.platform: darwin
```

### error information

```
An unexpected error has occurred: PermissionError: [Errno 1] Operation not permitted: '.git/hooks/pre-commit'
```

```
Traceback (most recent call last):
  File "/Users/jaeholee/Desktop/myoil/.venv/lib/python3.12/site-packages/pre_commit/error_handler.py", line 73, in error_handler
    yield
  File "/Users/jaeholee/Desktop/myoil/.venv/lib/python3.12/site-packages/pre_commit/main.py", line 399, in main
    return install(
           ^^^^^^^^
  File "/Users/jaeholee/Desktop/myoil/.venv/lib/python3.12/site-packages/pre_commit/commands/install_uninstall.py", line 131, in install
    _install_hook_script(
  File "/Users/jaeholee/Desktop/myoil/.venv/lib/python3.12/site-packages/pre_commit/commands/install_uninstall.py", line 92, in _install_hook_script
    with open(hook_path, 'w') as hook_file:
         ^^^^^^^^^^^^^^^^^^^^
PermissionError: [Errno 1] Operation not permitted: '.git/hooks/pre-commit'
```
