[summary] completed=0/9 failed=0 queued=8 current=LSTM(1/9)
[model:LSTM] idx=1/9 status=running [------------------] 0/1   0% gpu=0
[model:NHITS] idx=2/9 status=queued [------------------] 0/1   0%
[model:DLinear] idx=3/9 status=queued [------------------] 0/1   0%
[model:Autoformer] idx=4/9 status=queued [------------------] 0/1   0%
[model:FEDformer] idx=5/9 status=queued [------------------] 0/1   0%
[model:PatchTST] idx=6/9 status=queued [------------------] 0/1   0%
[model:iTransformer] idx=7/9 status=queued [------------------] 0/1   0%
[model:TimesNet] idx=8/9 status=queued [------------------] 0/1   0%
[model:Naive] idx=9/9 status=queued [------------------] 0/1   0%
[summary] completed=0/9 failed=0 queued=7 current=LSTM(1/9),NHITS(2/9)
[model:LSTM] idx=1/9 status=running [------------------] 0/1   0% gpu=0
[model:NHITS] idx=2/9 status=running [------------------] 0/1   0% gpu=1
[model:DLinear] idx=3/9 status=queued [------------------] 0/1   0%
[model:Autoformer] idx=4/9 status=queued [------------------] 0/1   0%
[model:FEDformer] idx=5/9 status=queued [------------------] 0/1   0%
[model:PatchTST] idx=6/9 status=queued [------------------] 0/1   0%
[model:iTransformer] idx=7/9 status=queued [------------------] 0/1   0%
[model:TimesNet] idx=8/9 status=queued [------------------] 0/1   0%
[model:Naive] idx=9/9 status=queued [------------------] 0/1   0%
[summary] completed=0/9 failed=0 queued=7 current=LSTM(1/9),NHITS(2/9)
[model:LSTM] idx=1/9 status=running [------------------] 0/12   0% mode=learned_fixed output_root=/home/sonet/.openclaw/workspace/research/neuralforecast/runs/brentoil_case3/scheduler/workers/LSTM
[model:NHITS] idx=2/9 status=running [------------------] 0/1   0% gpu=1
[model:DLinear] idx=3/9 status=queued [------------------] 0/1   0%
[model:Autoformer] idx=4/9 status=queued [------------------] 0/1   0%
[model:FEDformer] idx=5/9 status=queued [------------------] 0/1   0%
[model:PatchTST] idx=6/9 status=queued [------------------] 0/1   0%
[model:iTransformer] idx=7/9 status=queued [------------------] 0/1   0%
[model:TimesNet] idx=8/9 status=queued [------------------] 0/1   0%
[model:Naive] idx=9/9 status=queued [------------------] 0/1   0%
[summary] completed=0/9 failed=0 queued=7 current=LSTM(1/9),NHITS(2/9)
[model:LSTM] idx=1/9 status=running phase=replay fold=1/12 [------------------] 0/12   0%
[model:NHITS] idx=2/9 status=running [------------------] 0/1   0% gpu=1
[model:DLinear] idx=3/9 status=queued [------------------] 0/1   0%
[model:Autoformer] idx=4/9 status=queued [------------------] 0/1   0%
[model:FEDformer] idx=5/9 status=queued [------------------] 0/1   0%
[model:PatchTST] idx=6/9 status=queued [------------------] 0/1   0%
[model:iTransformer] idx=7/9 status=queued [------------------] 0/1   0%
[model:TimesNet] idx=8/9 status=queued [------------------] 0/1   0%
[model:Naive] idx=9/9 status=queued [------------------] 0/1   0%
[summary] completed=0/9 failed=0 queued=7 current=LSTM(1/9),NHITS(2/9)
[model:LSTM] idx=1/9 status=running phase=replay fold=1/12 [------------------] 0/12   0%
[model:NHITS] idx=2/9 status=running [------------------] 0/12   0% mode=learned_fixed output_root=/home/sonet/.openclaw/workspace/research/neuralforecast/runs/brentoil_case3/scheduler/workers/NHITS
[model:DLinear] idx=3/9 status=queued [------------------] 0/1   0%
[model:Autoformer] idx=4/9 status=queued [------------------] 0/1   0%
[model:FEDformer] idx=5/9 status=queued [------------------] 0/1   0%
[model:PatchTST] idx=6/9 status=queued [------------------] 0/1   0%
[model:iTransformer] idx=7/9 status=queued [------------------] 0/1   0%
[model:TimesNet] idx=8/9 status=queued [------------------] 0/1   0%
[model:Naive] idx=9/9 status=queued [------------------] 0/1   0%
[summary] completed=0/9 failed=0 queued=7 current=LSTM(1/9),NHITS(2/9)
[model:LSTM] idx=1/9 status=running phase=replay fold=1/12 [------------------] 0/12   0%
[model:NHITS] idx=2/9 status=running phase=replay fold=1/12 [------------------] 0/12   0%
[model:DLinear] idx=3/9 status=queued [------------------] 0/1   0%
[model:Autoformer] idx=4/9 status=queued [------------------] 0/1   0%
[model:FEDformer] idx=5/9 status=queued [------------------] 0/1   0%
[model:PatchTST] idx=6/9 status=queued [------------------] 0/1   0%
[model:iTransformer] idx=7/9 status=queued [------------------] 0/1   0%
[model:TimesNet] idx=8/9 status=queued [------------------] 0/1   0%
[model:Naive] idx=9/9 status=queued [------------------] 0/1   0%
[summary] completed=0/9 failed=0 queued=7 current=LSTM(1/9),NHITS(2/9)
[model:LSTM] idx=1/9 status=running phase=replay fold=1/12 [------------------] 0/12   0%
[model:NHITS] idx=2/9 status=running phase=replay fold=1/12 [##----------------] 1/12   8% mse=3606.9399
[model:DLinear] idx=3/9 status=queued [------------------] 0/1   0%
[model:Autoformer] idx=4/9 status=queued [------------------] 0/1   0%
[model:FEDformer] idx=5/9 status=queued [------------------] 0/1   0%
[model:PatchTST] idx=6/9 status=queued [------------------] 0/1   0%
[model:iTransformer] idx=7/9 status=queued [------------------] 0/1   0%
[model:TimesNet] idx=8/9 status=queued [------------------] 0/1   0%
[model:Naive] idx=9/9 status=queued [------------------] 0/1   0%
[summary] completed=0/9 failed=0 queued=7 current=LSTM(1/9),NHITS(2/9)
[model:LSTM] idx=1/9 status=running phase=replay fold=1/12 [------------------] 0/12   0%
[model:NHITS] idx=2/9 status=running phase=replay fold=2/12 [##----------------] 1/12   8%
[model:DLinear] idx=3/9 status=queued [------------------] 0/1   0%
[model:Autoformer] idx=4/9 status=queued [------------------] 0/1   0%
[model:FEDformer] idx=5/9 status=queued [------------------] 0/1   0%
[model:PatchTST] idx=6/9 status=queued [------------------] 0/1   0%
[model:iTransformer] idx=7/9 status=queued [------------------] 0/1   0%
[model:TimesNet] idx=8/9 status=queued [------------------] 0/1   0%
[model:Naive] idx=9/9 status=queued [------------------] 0/1   0%
[summary] completed=0/9 failed=0 queued=7 current=LSTM(1/9),NHITS(2/9)
[model:LSTM] idx=1/9 status=running phase=replay fold=1/12 [##----------------] 1/12   8% mse=4.2093
[model:NHITS] idx=2/9 status=running phase=replay fold=2/12 [##----------------] 1/12   8%
[model:DLinear] idx=3/9 status=queued [------------------] 0/1   0%
[model:Autoformer] idx=4/9 status=queued [------------------] 0/1   0%
[model:FEDformer] idx=5/9 status=queued [------------------] 0/1   0%
[model:PatchTST] idx=6/9 status=queued [------------------] 0/1   0%
[model:iTransformer] idx=7/9 status=queued [------------------] 0/1   0%
[model:TimesNet] idx=8/9 status=queued [------------------] 0/1   0%
[model:Naive] idx=9/9 status=queued [------------------] 0/1   0%
[summary] completed=0/9 failed=0 queued=7 current=LSTM(1/9),NHITS(2/9)
[model:LSTM] idx=1/9 status=running phase=replay fold=2/12 [##----------------] 1/12   8%
[model:NHITS] idx=2/9 status=running phase=replay fold=2/12 [##----------------] 1/12   8%
[model:DLinear] idx=3/9 status=queued [------------------] 0/1   0%
[model:Autoformer] idx=4/9 status=queued [------------------] 0/1   0%
[model:FEDformer] idx=5/9 status=queued [------------------] 0/1   0%
[model:PatchTST] idx=6/9 status=queued [------------------] 0/1   0%
[model:iTransformer] idx=7/9 status=queued [------------------] 0/1   0%
[model:TimesNet] idx=8/9 status=queued [------------------] 0/1   0%
[model:Naive] idx=9/9 status=queued [------------------] 0/1   0%
[summary] completed=0/9 failed=0 queued=7 current=LSTM(1/9),NHITS(2/9)
[model:LSTM] idx=1/9 status=running phase=replay fold=2/12 [##----------------] 1/12   8%
[model:NHITS] idx=2/9 status=running phase=replay fold=2/12 [###---------------] 2/12  17% mse=1229.2381
[model:DLinear] idx=3/9 status=queued [------------------] 0/1   0%
[model:Autoformer] idx=4/9 status=queued [------------------] 0/1   0%
[model:FEDformer] idx=5/9 status=queued [------------------] 0/1   0%
[model:PatchTST] idx=6/9 status=queued [------------------] 0/1   0%
[model:iTransformer] idx=7/9 status=queued [------------------] 0/1   0%
[model:TimesNet] idx=8/9 status=queued [------------------] 0/1   0%
[model:Naive] idx=9/9 status=queued [------------------] 0/1   0%
[summary] completed=0/9 failed=0 queued=7 current=LSTM(1/9),NHITS(2/9)
[model:LSTM] idx=1/9 status=running phase=replay fold=2/12 [##----------------] 1/12   8%
[model:NHITS] idx=2/9 status=running phase=replay fold=3/12 [###---------------] 2/12  17%
[model:DLinear] idx=3/9 status=queued [------------------] 0/1   0%
[model:Autoformer] idx=4/9 status=queued [------------------] 0/1   0%
[model:FEDformer] idx=5/9 status=queued [------------------] 0/1   0%
[model:PatchTST] idx=6/9 status=queued [------------------] 0/1   0%
[model:iTransformer] idx=7/9 status=queued [------------------] 0/1   0%
[model:TimesNet] idx=8/9 status=queued [------------------] 0/1   0%
[model:Naive] idx=9/9 status=queued [------------------] 0/1   0%
[summary] completed=0/9 failed=0 queued=7 current=LSTM(1/9),NHITS(2/9)
[model:LSTM] idx=1/9 status=running phase=replay fold=2/12 [###---------------] 2/12  17% mse=14.9097
[model:NHITS] idx=2/9 status=running phase=replay fold=3/12 [###---------------] 2/12  17%
[model:DLinear] idx=3/9 status=queued [------------------] 0/1   0%
[model:Autoformer] idx=4/9 status=queued [------------------] 0/1   0%
[model:FEDformer] idx=5/9 status=queued [------------------] 0/1   0%
[model:PatchTST] idx=6/9 status=queued [------------------] 0/1   0%
[model:iTransformer] idx=7/9 status=queued [------------------] 0/1   0%
[model:TimesNet] idx=8/9 status=queued [------------------] 0/1   0%
[model:Naive] idx=9/9 status=queued [------------------] 0/1   0%
[summary] completed=0/9 failed=0 queued=7 current=LSTM(1/9),NHITS(2/9)
[model:LSTM] idx=1/9 status=running phase=replay fold=3/12 [###---------------] 2/12  17%
[model:NHITS] idx=2/9 status=running phase=replay fold=3/12 [###---------------] 2/12  17%
[model:DLinear] idx=3/9 status=queued [------------------] 0/1   0%
[model:Autoformer] idx=4/9 status=queued [------------------] 0/1   0%
[model:FEDformer] idx=5/9 status=queued [------------------] 0/1   0%
[model:PatchTST] idx=6/9 status=queued [------------------] 0/1   0%
[model:iTransformer] idx=7/9 status=queued [------------------] 0/1   0%
[model:TimesNet] idx=8/9 status=queued [------------------] 0/1   0%
[model:Naive] idx=9/9 status=queued [------------------] 0/1   0%
[summary] completed=0/9 failed=0 queued=7 current=LSTM(1/9),NHITS(2/9)
[model:LSTM] idx=1/9 status=running phase=replay fold=3/12 [###---------------] 2/12  17%
[model:NHITS] idx=2/9 status=running phase=replay fold=3/12 [####--------------] 3/12  25% mse=1167.4402
[model:DLinear] idx=3/9 status=queued [------------------] 0/1   0%
[model:Autoformer] idx=4/9 status=queued [------------------] 0/1   0%
[model:FEDformer] idx=5/9 status=queued [------------------] 0/1   0%
[model:PatchTST] idx=6/9 status=queued [------------------] 0/1   0%
[model:iTransformer] idx=7/9 status=queued [------------------] 0/1   0%
[model:TimesNet] idx=8/9 status=queued [------------------] 0/1   0%
[model:Naive] idx=9/9 status=queued [------------------] 0/1   0%
[summary] completed=0/9 failed=0 queued=7 current=LSTM(1/9),NHITS(2/9)
[model:LSTM] idx=1/9 status=running phase=replay fold=3/12 [###---------------] 2/12  17%
[model:NHITS] idx=2/9 status=running phase=replay fold=4/12 [####--------------] 3/12  25%
[model:DLinear] idx=3/9 status=queued [------------------] 0/1   0%
[model:Autoformer] idx=4/9 status=queued [------------------] 0/1   0%
[model:FEDformer] idx=5/9 status=queued [------------------] 0/1   0%
[model:PatchTST] idx=6/9 status=queued [------------------] 0/1   0%
[model:iTransformer] idx=7/9 status=queued [------------------] 0/1   0%
[model:TimesNet] idx=8/9 status=queued [------------------] 0/1   0%
[model:Naive] idx=9/9 status=queued [------------------] 0/1   0%
[summary] completed=0/9 failed=0 queued=7 current=LSTM(1/9),NHITS(2/9)
[model:LSTM] idx=1/9 status=running phase=replay fold=3/12 [####--------------] 3/12  25% mse=50.6738
[model:NHITS] idx=2/9 status=running phase=replay fold=4/12 [####--------------] 3/12  25%
[model:DLinear] idx=3/9 status=queued [------------------] 0/1   0%
[model:Autoformer] idx=4/9 status=queued [------------------] 0/1   0%
[model:FEDformer] idx=5/9 status=queued [------------------] 0/1   0%
[model:PatchTST] idx=6/9 status=queued [------------------] 0/1   0%
[model:iTransformer] idx=7/9 status=queued [------------------] 0/1   0%
[model:TimesNet] idx=8/9 status=queued [------------------] 0/1   0%
[model:Naive] idx=9/9 status=queued [------------------] 0/1   0%
[summary] completed=0/9 failed=0 queued=7 current=LSTM(1/9),NHITS(2/9)
[model:LSTM] idx=1/9 status=running phase=replay fold=4/12 [####--------------] 3/12  25%
[model:NHITS] idx=2/9 status=running phase=replay fold=4/12 [####--------------] 3/12  25%
[model:DLinear] idx=3/9 status=queued [------------------] 0/1   0%
[model:Autoformer] idx=4/9 status=queued [------------------] 0/1   0%
[model:FEDformer] idx=5/9 status=queued [------------------] 0/1   0%
[model:PatchTST] idx=6/9 status=queued [------------------] 0/1   0%
[model:iTransformer] idx=7/9 status=queued [------------------] 0/1   0%
[model:TimesNet] idx=8/9 status=queued [------------------] 0/1   0%
[model:Naive] idx=9/9 status=queued [------------------] 0/1   0%
[summary] completed=0/9 failed=0 queued=7 current=LSTM(1/9),NHITS(2/9)
[model:LSTM] idx=1/9 status=running phase=replay fold=4/12 [####--------------] 3/12  25%
[model:NHITS] idx=2/9 status=running phase=replay fold=4/12 [######------------] 4/12  33% mse=431.4040
[model:DLinear] idx=3/9 status=queued [------------------] 0/1   0%
[model:Autoformer] idx=4/9 status=queued [------------------] 0/1   0%
[model:FEDformer] idx=5/9 status=queued [------------------] 0/1   0%
[model:PatchTST] idx=6/9 status=queued [------------------] 0/1   0%
[model:iTransformer] idx=7/9 status=queued [------------------] 0/1   0%
[model:TimesNet] idx=8/9 status=queued [------------------] 0/1   0%
[model:Naive] idx=9/9 status=queued [------------------] 0/1   0%
[summary] completed=0/9 failed=0 queued=7 current=LSTM(1/9),NHITS(2/9)
[model:LSTM] idx=1/9 status=running phase=replay fold=4/12 [####--------------] 3/12  25%
[model:NHITS] idx=2/9 status=running phase=replay fold=5/12 [######------------] 4/12  33%
[model:DLinear] idx=3/9 status=queued [------------------] 0/1   0%
[model:Autoformer] idx=4/9 status=queued [------------------] 0/1   0%
[model:FEDformer] idx=5/9 status=queued [------------------] 0/1   0%
[model:PatchTST] idx=6/9 status=queued [------------------] 0/1   0%
[model:iTransformer] idx=7/9 status=queued [------------------] 0/1   0%
[model:TimesNet] idx=8/9 status=queued [------------------] 0/1   0%
[model:Naive] idx=9/9 status=queued [------------------] 0/1   0%
[summary] completed=0/9 failed=0 queued=7 current=LSTM(1/9),NHITS(2/9)
[model:LSTM] idx=1/9 status=running phase=replay fold=4/12 [######------------] 4/12  33% mse=80.2809
[model:NHITS] idx=2/9 status=running phase=replay fold=5/12 [######------------] 4/12  33%
[model:DLinear] idx=3/9 status=queued [------------------] 0/1   0%
[model:Autoformer] idx=4/9 status=queued [------------------] 0/1   0%
[model:FEDformer] idx=5/9 status=queued [------------------] 0/1   0%
[model:PatchTST] idx=6/9 status=queued [------------------] 0/1   0%
[model:iTransformer] idx=7/9 status=queued [------------------] 0/1   0%
[model:TimesNet] idx=8/9 status=queued [------------------] 0/1   0%
[model:Naive] idx=9/9 status=queued [------------------] 0/1   0%
[summary] completed=0/9 failed=0 queued=7 current=LSTM(1/9),NHITS(2/9)
[model:LSTM] idx=1/9 status=running phase=replay fold=5/12 [######------------] 4/12  33%
[model:NHITS] idx=2/9 status=running phase=replay fold=5/12 [######------------] 4/12  33%
[model:DLinear] idx=3/9 status=queued [------------------] 0/1   0%
[model:Autoformer] idx=4/9 status=queued [------------------] 0/1   0%
[model:FEDformer] idx=5/9 status=queued [------------------] 0/1   0%
[model:PatchTST] idx=6/9 status=queued [------------------] 0/1   0%
[model:iTransformer] idx=7/9 status=queued [------------------] 0/1   0%
[model:TimesNet] idx=8/9 status=queued [------------------] 0/1   0%
[model:Naive] idx=9/9 status=queued [------------------] 0/1   0%
[summary] completed=0/9 failed=0 queued=7 current=LSTM(1/9),NHITS(2/9)
[model:LSTM] idx=1/9 status=running phase=replay fold=5/12 [######------------] 4/12  33%
[model:NHITS] idx=2/9 status=running phase=replay fold=5/12 [########----------] 5/12  42% mse=1314.5331
[model:DLinear] idx=3/9 status=queued [------------------] 0/1   0%
[model:Autoformer] idx=4/9 status=queued [------------------] 0/1   0%
[model:FEDformer] idx=5/9 status=queued [------------------] 0/1   0%
[model:PatchTST] idx=6/9 status=queued [------------------] 0/1   0%
[model:iTransformer] idx=7/9 status=queued [------------------] 0/1   0%
[model:TimesNet] idx=8/9 status=queued [------------------] 0/1   0%
[model:Naive] idx=9/9 status=queued [------------------] 0/1   0%
[summary] completed=0/9 failed=0 queued=7 current=LSTM(1/9),NHITS(2/9)
[model:LSTM] idx=1/9 status=running phase=replay fold=5/12 [######------------] 4/12  33%
[model:NHITS] idx=2/9 status=running phase=replay fold=6/12 [########----------] 5/12  42%
[model:DLinear] idx=3/9 status=queued [------------------] 0/1   0%
[model:Autoformer] idx=4/9 status=queued [------------------] 0/1   0%
[model:FEDformer] idx=5/9 status=queued [------------------] 0/1   0%
[model:PatchTST] idx=6/9 status=queued [------------------] 0/1   0%
[model:iTransformer] idx=7/9 status=queued [------------------] 0/1   0%
[model:TimesNet] idx=8/9 status=queued [------------------] 0/1   0%
[model:Naive] idx=9/9 status=queued [------------------] 0/1   0%
[summary] completed=0/9 failed=0 queued=7 current=LSTM(1/9),NHITS(2/9)
[model:LSTM] idx=1/9 status=running phase=replay fold=5/12 [########----------] 5/12  42% mse=47.7904
[model:NHITS] idx=2/9 status=running phase=replay fold=6/12 [########----------] 5/12  42%
[model:DLinear] idx=3/9 status=queued [------------------] 0/1   0%
[model:Autoformer] idx=4/9 status=queued [------------------] 0/1   0%
[model:FEDformer] idx=5/9 status=queued [------------------] 0/1   0%
[model:PatchTST] idx=6/9 status=queued [------------------] 0/1   0%
[model:iTransformer] idx=7/9 status=queued [------------------] 0/1   0%
[model:TimesNet] idx=8/9 status=queued [------------------] 0/1   0%
[model:Naive] idx=9/9 status=queued [------------------] 0/1   0%
[summary] completed=0/9 failed=0 queued=7 current=LSTM(1/9),NHITS(2/9)
[model:LSTM] idx=1/9 status=running phase=replay fold=6/12 [########----------] 5/12  42%
[model:NHITS] idx=2/9 status=running phase=replay fold=6/12 [########----------] 5/12  42%
[model:DLinear] idx=3/9 status=queued [------------------] 0/1   0%
[model:Autoformer] idx=4/9 status=queued [------------------] 0/1   0%
[model:FEDformer] idx=5/9 status=queued [------------------] 0/1   0%
[model:PatchTST] idx=6/9 status=queued [------------------] 0/1   0%
[model:iTransformer] idx=7/9 status=queued [------------------] 0/1   0%
[model:TimesNet] idx=8/9 status=queued [------------------] 0/1   0%
[model:Naive] idx=9/9 status=queued [------------------] 0/1   0%
[summary] completed=0/9 failed=0 queued=7 current=LSTM(1/9),NHITS(2/9)
[model:LSTM] idx=1/9 status=running phase=replay fold=6/12 [########----------] 5/12  42%
[model:NHITS] idx=2/9 status=running phase=replay fold=6/12 [#########---------] 6/12  50% mse=791.8994
[model:DLinear] idx=3/9 status=queued [------------------] 0/1   0%
[model:Autoformer] idx=4/9 status=queued [------------------] 0/1   0%
[model:FEDformer] idx=5/9 status=queued [------------------] 0/1   0%
[model:PatchTST] idx=6/9 status=queued [------------------] 0/1   0%
[model:iTransformer] idx=7/9 status=queued [------------------] 0/1   0%
[model:TimesNet] idx=8/9 status=queued [------------------] 0/1   0%
[model:Naive] idx=9/9 status=queued [------------------] 0/1   0%
[summary] completed=0/9 failed=0 queued=7 current=LSTM(1/9),NHITS(2/9)
[model:LSTM] idx=1/9 status=running phase=replay fold=6/12 [########----------] 5/12  42%
[model:NHITS] idx=2/9 status=running phase=replay fold=7/12 [#########---------] 6/12  50%
[model:DLinear] idx=3/9 status=queued [------------------] 0/1   0%
[model:Autoformer] idx=4/9 status=queued [------------------] 0/1   0%
[model:FEDformer] idx=5/9 status=queued [------------------] 0/1   0%
[model:PatchTST] idx=6/9 status=queued [------------------] 0/1   0%
[model:iTransformer] idx=7/9 status=queued [------------------] 0/1   0%
[model:TimesNet] idx=8/9 status=queued [------------------] 0/1   0%
[model:Naive] idx=9/9 status=queued [------------------] 0/1   0%
[summary] completed=0/9 failed=0 queued=7 current=LSTM(1/9),NHITS(2/9)
[model:LSTM] idx=1/9 status=running phase=replay fold=6/12 [#########---------] 6/12  50% mse=30.9690
[model:NHITS] idx=2/9 status=running phase=replay fold=7/12 [#########---------] 6/12  50%
[model:DLinear] idx=3/9 status=queued [------------------] 0/1   0%
[model:Autoformer] idx=4/9 status=queued [------------------] 0/1   0%
[model:FEDformer] idx=5/9 status=queued [------------------] 0/1   0%
[model:PatchTST] idx=6/9 status=queued [------------------] 0/1   0%
[model:iTransformer] idx=7/9 status=queued [------------------] 0/1   0%
[model:TimesNet] idx=8/9 status=queued [------------------] 0/1   0%
[model:Naive] idx=9/9 status=queued [------------------] 0/1   0%
[summary] completed=0/9 failed=0 queued=7 current=LSTM(1/9),NHITS(2/9)
[model:LSTM] idx=1/9 status=running phase=replay fold=7/12 [#########---------] 6/12  50%
[model:NHITS] idx=2/9 status=running phase=replay fold=7/12 [#########---------] 6/12  50%
[model:DLinear] idx=3/9 status=queued [------------------] 0/1   0%
[model:Autoformer] idx=4/9 status=queued [------------------] 0/1   0%
[model:FEDformer] idx=5/9 status=queued [------------------] 0/1   0%
[model:PatchTST] idx=6/9 status=queued [------------------] 0/1   0%
[model:iTransformer] idx=7/9 status=queued [------------------] 0/1   0%
[model:TimesNet] idx=8/9 status=queued [------------------] 0/1   0%
[model:Naive] idx=9/9 status=queued [------------------] 0/1   0%
[summary] completed=0/9 failed=0 queued=7 current=LSTM(1/9),NHITS(2/9)
[model:LSTM] idx=1/9 status=running phase=replay fold=7/12 [#########---------] 6/12  50%
[model:NHITS] idx=2/9 status=running phase=replay fold=7/12 [##########--------] 7/12  58% mse=933.9721
[model:DLinear] idx=3/9 status=queued [------------------] 0/1   0%
[model:Autoformer] idx=4/9 status=queued [------------------] 0/1   0%
[model:FEDformer] idx=5/9 status=queued [------------------] 0/1   0%
[model:PatchTST] idx=6/9 status=queued [------------------] 0/1   0%
[model:iTransformer] idx=7/9 status=queued [------------------] 0/1   0%
[model:TimesNet] idx=8/9 status=queued [------------------] 0/1   0%
[model:Naive] idx=9/9 status=queued [------------------] 0/1   0%
[summary] completed=0/9 failed=0 queued=7 current=LSTM(1/9),NHITS(2/9)
[model:LSTM] idx=1/9 status=running phase=replay fold=7/12 [#########---------] 6/12  50%
[model:NHITS] idx=2/9 status=running phase=replay fold=8/12 [##########--------] 7/12  58%
[model:DLinear] idx=3/9 status=queued [------------------] 0/1   0%
[model:Autoformer] idx=4/9 status=queued [------------------] 0/1   0%
[model:FEDformer] idx=5/9 status=queued [------------------] 0/1   0%
[model:PatchTST] idx=6/9 status=queued [------------------] 0/1   0%
[model:iTransformer] idx=7/9 status=queued [------------------] 0/1   0%
[model:TimesNet] idx=8/9 status=queued [------------------] 0/1   0%
[model:Naive] idx=9/9 status=queued [------------------] 0/1   0%
[summary] completed=0/9 failed=0 queued=7 current=LSTM(1/9),NHITS(2/9)
[model:LSTM] idx=1/9 status=running phase=replay fold=7/12 [##########--------] 7/12  58% mse=193.5720
[model:NHITS] idx=2/9 status=running phase=replay fold=8/12 [##########--------] 7/12  58%
[model:DLinear] idx=3/9 status=queued [------------------] 0/1   0%
[model:Autoformer] idx=4/9 status=queued [------------------] 0/1   0%
[model:FEDformer] idx=5/9 status=queued [------------------] 0/1   0%
[model:PatchTST] idx=6/9 status=queued [------------------] 0/1   0%
[model:iTransformer] idx=7/9 status=queued [------------------] 0/1   0%
[model:TimesNet] idx=8/9 status=queued [------------------] 0/1   0%
[model:Naive] idx=9/9 status=queued [------------------] 0/1   0%
[summary] completed=0/9 failed=0 queued=7 current=LSTM(1/9),NHITS(2/9)
[model:LSTM] idx=1/9 status=running phase=replay fold=8/12 [##########--------] 7/12  58%
[model:NHITS] idx=2/9 status=running phase=replay fold=8/12 [##########--------] 7/12  58%
[model:DLinear] idx=3/9 status=queued [------------------] 0/1   0%
[model:Autoformer] idx=4/9 status=queued [------------------] 0/1   0%
[model:FEDformer] idx=5/9 status=queued [------------------] 0/1   0%
[model:PatchTST] idx=6/9 status=queued [------------------] 0/1   0%
[model:iTransformer] idx=7/9 status=queued [------------------] 0/1   0%
[model:TimesNet] idx=8/9 status=queued [------------------] 0/1   0%
[model:Naive] idx=9/9 status=queued [------------------] 0/1   0%
[summary] completed=0/9 failed=0 queued=7 current=LSTM(1/9),NHITS(2/9)
[model:LSTM] idx=1/9 status=running phase=replay fold=8/12 [##########--------] 7/12  58%
[model:NHITS] idx=2/9 status=running phase=replay fold=8/12 [############------] 8/12  67% mse=706.8038
[model:DLinear] idx=3/9 status=queued [------------------] 0/1   0%
[model:Autoformer] idx=4/9 status=queued [------------------] 0/1   0%
[model:FEDformer] idx=5/9 status=queued [------------------] 0/1   0%
[model:PatchTST] idx=6/9 status=queued [------------------] 0/1   0%
[model:iTransformer] idx=7/9 status=queued [------------------] 0/1   0%
[model:TimesNet] idx=8/9 status=queued [------------------] 0/1   0%
[model:Naive] idx=9/9 status=queued [------------------] 0/1   0%
[summary] completed=0/9 failed=0 queued=7 current=LSTM(1/9),NHITS(2/9)
[model:LSTM] idx=1/9 status=running phase=replay fold=8/12 [##########--------] 7/12  58%
[model:NHITS] idx=2/9 status=running phase=replay fold=9/12 [############------] 8/12  67%
[model:DLinear] idx=3/9 status=queued [------------------] 0/1   0%
[model:Autoformer] idx=4/9 status=queued [------------------] 0/1   0%
[model:FEDformer] idx=5/9 status=queued [------------------] 0/1   0%
[model:PatchTST] idx=6/9 status=queued [------------------] 0/1   0%
[model:iTransformer] idx=7/9 status=queued [------------------] 0/1   0%
[model:TimesNet] idx=8/9 status=queued [------------------] 0/1   0%
[model:Naive] idx=9/9 status=queued [------------------] 0/1   0%
[summary] completed=0/9 failed=0 queued=7 current=LSTM(1/9),NHITS(2/9)
[model:LSTM] idx=1/9 status=running phase=replay fold=8/12 [############------] 8/12  67% mse=45.1135
[model:NHITS] idx=2/9 status=running phase=replay fold=9/12 [############------] 8/12  67%
[model:DLinear] idx=3/9 status=queued [------------------] 0/1   0%
[model:Autoformer] idx=4/9 status=queued [------------------] 0/1   0%
[model:FEDformer] idx=5/9 status=queued [------------------] 0/1   0%
[model:PatchTST] idx=6/9 status=queued [------------------] 0/1   0%
[model:iTransformer] idx=7/9 status=queued [------------------] 0/1   0%
[model:TimesNet] idx=8/9 status=queued [------------------] 0/1   0%
[model:Naive] idx=9/9 status=queued [------------------] 0/1   0%
[summary] completed=0/9 failed=0 queued=7 current=LSTM(1/9),NHITS(2/9)
[model:LSTM] idx=1/9 status=running phase=replay fold=9/12 [############------] 8/12  67%
[model:NHITS] idx=2/9 status=running phase=replay fold=9/12 [############------] 8/12  67%
[model:DLinear] idx=3/9 status=queued [------------------] 0/1   0%
[model:Autoformer] idx=4/9 status=queued [------------------] 0/1   0%
[model:FEDformer] idx=5/9 status=queued [------------------] 0/1   0%
[model:PatchTST] idx=6/9 status=queued [------------------] 0/1   0%
[model:iTransformer] idx=7/9 status=queued [------------------] 0/1   0%
[model:TimesNet] idx=8/9 status=queued [------------------] 0/1   0%
[model:Naive] idx=9/9 status=queued [------------------] 0/1   0%
[summary] completed=0/9 failed=0 queued=7 current=LSTM(1/9),NHITS(2/9)
[model:LSTM] idx=1/9 status=running phase=replay fold=9/12 [############------] 8/12  67%
[model:NHITS] idx=2/9 status=running phase=replay fold=9/12 [##############----] 9/12  75% mse=1346.3440
[model:DLinear] idx=3/9 status=queued [------------------] 0/1   0%
[model:Autoformer] idx=4/9 status=queued [------------------] 0/1   0%
[model:FEDformer] idx=5/9 status=queued [------------------] 0/1   0%
[model:PatchTST] idx=6/9 status=queued [------------------] 0/1   0%
[model:iTransformer] idx=7/9 status=queued [------------------] 0/1   0%
[model:TimesNet] idx=8/9 status=queued [------------------] 0/1   0%
[model:Naive] idx=9/9 status=queued [------------------] 0/1   0%
[summary] completed=0/9 failed=0 queued=7 current=LSTM(1/9),NHITS(2/9)
[model:LSTM] idx=1/9 status=running phase=replay fold=9/12 [############------] 8/12  67%
[model:NHITS] idx=2/9 status=running phase=replay fold=10/12 [##############----] 9/12  75%
[model:DLinear] idx=3/9 status=queued [------------------] 0/1   0%
[model:Autoformer] idx=4/9 status=queued [------------------] 0/1   0%
[model:FEDformer] idx=5/9 status=queued [------------------] 0/1   0%
[model:PatchTST] idx=6/9 status=queued [------------------] 0/1   0%
[model:iTransformer] idx=7/9 status=queued [------------------] 0/1   0%
[model:TimesNet] idx=8/9 status=queued [------------------] 0/1   0%
[model:Naive] idx=9/9 status=queued [------------------] 0/1   0%
[summary] completed=0/9 failed=0 queued=7 current=LSTM(1/9),NHITS(2/9)
[model:LSTM] idx=1/9 status=running phase=replay fold=9/12 [##############----] 9/12  75% mse=26.0731
[model:NHITS] idx=2/9 status=running phase=replay fold=10/12 [##############----] 9/12  75%
[model:DLinear] idx=3/9 status=queued [------------------] 0/1   0%
[model:Autoformer] idx=4/9 status=queued [------------------] 0/1   0%
[model:FEDformer] idx=5/9 status=queued [------------------] 0/1   0%
[model:PatchTST] idx=6/9 status=queued [------------------] 0/1   0%
[model:iTransformer] idx=7/9 status=queued [------------------] 0/1   0%
[model:TimesNet] idx=8/9 status=queued [------------------] 0/1   0%
[model:Naive] idx=9/9 status=queued [------------------] 0/1   0%
[summary] completed=0/9 failed=0 queued=7 current=LSTM(1/9),NHITS(2/9)
[model:LSTM] idx=1/9 status=running phase=replay fold=10/12 [##############----] 9/12  75%
[model:NHITS] idx=2/9 status=running phase=replay fold=10/12 [##############----] 9/12  75%
[model:DLinear] idx=3/9 status=queued [------------------] 0/1   0%
[model:Autoformer] idx=4/9 status=queued [------------------] 0/1   0%
[model:FEDformer] idx=5/9 status=queued [------------------] 0/1   0%
[model:PatchTST] idx=6/9 status=queued [------------------] 0/1   0%
[model:iTransformer] idx=7/9 status=queued [------------------] 0/1   0%
[model:TimesNet] idx=8/9 status=queued [------------------] 0/1   0%
[model:Naive] idx=9/9 status=queued [------------------] 0/1   0%
[summary] completed=0/9 failed=0 queued=7 current=LSTM(1/9),NHITS(2/9)
[model:LSTM] idx=1/9 status=running phase=replay fold=10/12 [##############----] 9/12  75%
[model:NHITS] idx=2/9 status=running phase=replay fold=10/12 [###############---] 10/12  83% mse=154.9527
[model:DLinear] idx=3/9 status=queued [------------------] 0/1   0%
[model:Autoformer] idx=4/9 status=queued [------------------] 0/1   0%
[model:FEDformer] idx=5/9 status=queued [------------------] 0/1   0%
[model:PatchTST] idx=6/9 status=queued [------------------] 0/1   0%
[model:iTransformer] idx=7/9 status=queued [------------------] 0/1   0%
[model:TimesNet] idx=8/9 status=queued [------------------] 0/1   0%
[model:Naive] idx=9/9 status=queued [------------------] 0/1   0%
[summary] completed=0/9 failed=0 queued=7 current=LSTM(1/9),NHITS(2/9)
[model:LSTM] idx=1/9 status=running phase=replay fold=10/12 [##############----] 9/12  75%
[model:NHITS] idx=2/9 status=running phase=replay fold=11/12 [###############---] 10/12  83%
[model:DLinear] idx=3/9 status=queued [------------------] 0/1   0%
[model:Autoformer] idx=4/9 status=queued [------------------] 0/1   0%
[model:FEDformer] idx=5/9 status=queued [------------------] 0/1   0%
[model:PatchTST] idx=6/9 status=queued [------------------] 0/1   0%
[model:iTransformer] idx=7/9 status=queued [------------------] 0/1   0%
[model:TimesNet] idx=8/9 status=queued [------------------] 0/1   0%
[model:Naive] idx=9/9 status=queued [------------------] 0/1   0%
[summary] completed=0/9 failed=0 queued=7 current=LSTM(1/9),NHITS(2/9)
[model:LSTM] idx=1/9 status=running phase=replay fold=10/12 [###############---] 10/12  83% mse=35.0102
[model:NHITS] idx=2/9 status=running phase=replay fold=11/12 [###############---] 10/12  83%
[model:DLinear] idx=3/9 status=queued [------------------] 0/1   0%
[model:Autoformer] idx=4/9 status=queued [------------------] 0/1   0%
[model:FEDformer] idx=5/9 status=queued [------------------] 0/1   0%
[model:PatchTST] idx=6/9 status=queued [------------------] 0/1   0%
[model:iTransformer] idx=7/9 status=queued [------------------] 0/1   0%
[model:TimesNet] idx=8/9 status=queued [------------------] 0/1   0%
[model:Naive] idx=9/9 status=queued [------------------] 0/1   0%
[summary] completed=0/9 failed=0 queued=7 current=LSTM(1/9),NHITS(2/9)
[model:LSTM] idx=1/9 status=running phase=replay fold=11/12 [###############---] 10/12  83%
[model:NHITS] idx=2/9 status=running phase=replay fold=11/12 [###############---] 10/12  83%
[model:DLinear] idx=3/9 status=queued [------------------] 0/1   0%
[model:Autoformer] idx=4/9 status=queued [------------------] 0/1   0%
[model:FEDformer] idx=5/9 status=queued [------------------] 0/1   0%
[model:PatchTST] idx=6/9 status=queued [------------------] 0/1   0%
[model:iTransformer] idx=7/9 status=queued [------------------] 0/1   0%
[model:TimesNet] idx=8/9 status=queued [------------------] 0/1   0%
[model:Naive] idx=9/9 status=queued [------------------] 0/1   0%
[summary] completed=0/9 failed=0 queued=7 current=LSTM(1/9),NHITS(2/9)
[model:LSTM] idx=1/9 status=running phase=replay fold=11/12 [###############---] 10/12  83%
[model:NHITS] idx=2/9 status=running phase=replay fold=11/12 [################--] 11/12  92% mse=495.3494
[model:DLinear] idx=3/9 status=queued [------------------] 0/1   0%
[model:Autoformer] idx=4/9 status=queued [------------------] 0/1   0%
[model:FEDformer] idx=5/9 status=queued [------------------] 0/1   0%
[model:PatchTST] idx=6/9 status=queued [------------------] 0/1   0%
[model:iTransformer] idx=7/9 status=queued [------------------] 0/1   0%
[model:TimesNet] idx=8/9 status=queued [------------------] 0/1   0%
[model:Naive] idx=9/9 status=queued [------------------] 0/1   0%
[summary] completed=0/9 failed=0 queued=7 current=LSTM(1/9),NHITS(2/9)
[model:LSTM] idx=1/9 status=running phase=replay fold=11/12 [###############---] 10/12  83%
[model:NHITS] idx=2/9 status=running phase=replay fold=12/12 [################--] 11/12  92%
[model:DLinear] idx=3/9 status=queued [------------------] 0/1   0%
[model:Autoformer] idx=4/9 status=queued [------------------] 0/1   0%
[model:FEDformer] idx=5/9 status=queued [------------------] 0/1   0%
[model:PatchTST] idx=6/9 status=queued [------------------] 0/1   0%
[model:iTransformer] idx=7/9 status=queued [------------------] 0/1   0%
[model:TimesNet] idx=8/9 status=queued [------------------] 0/1   0%
[model:Naive] idx=9/9 status=queued [------------------] 0/1   0%
[summary] completed=0/9 failed=0 queued=7 current=LSTM(1/9),NHITS(2/9)
[model:LSTM] idx=1/9 status=running phase=replay fold=11/12 [################--] 11/12  92% mse=24.7841
[model:NHITS] idx=2/9 status=running phase=replay fold=12/12 [################--] 11/12  92%
[model:DLinear] idx=3/9 status=queued [------------------] 0/1   0%
[model:Autoformer] idx=4/9 status=queued [------------------] 0/1   0%
[model:FEDformer] idx=5/9 status=queued [------------------] 0/1   0%
[model:PatchTST] idx=6/9 status=queued [------------------] 0/1   0%
[model:iTransformer] idx=7/9 status=queued [------------------] 0/1   0%
[model:TimesNet] idx=8/9 status=queued [------------------] 0/1   0%
[model:Naive] idx=9/9 status=queued [------------------] 0/1   0%
[summary] completed=0/9 failed=0 queued=7 current=LSTM(1/9),NHITS(2/9)
[model:LSTM] idx=1/9 status=running phase=replay fold=12/12 [################--] 11/12  92%
[model:NHITS] idx=2/9 status=running phase=replay fold=12/12 [################--] 11/12  92%
[model:DLinear] idx=3/9 status=queued [------------------] 0/1   0%
[model:Autoformer] idx=4/9 status=queued [------------------] 0/1   0%
[model:FEDformer] idx=5/9 status=queued [------------------] 0/1   0%
[model:PatchTST] idx=6/9 status=queued [------------------] 0/1   0%
[model:iTransformer] idx=7/9 status=queued [------------------] 0/1   0%
[model:TimesNet] idx=8/9 status=queued [------------------] 0/1   0%
[model:Naive] idx=9/9 status=queued [------------------] 0/1   0%
[summary] completed=0/9 failed=0 queued=7 current=LSTM(1/9),NHITS(2/9)
[model:LSTM] idx=1/9 status=running phase=replay fold=12/12 [################--] 11/12  92%
[model:NHITS] idx=2/9 status=running phase=replay fold=12/12 [##################] 12/12 100% mse=317.8504
[model:DLinear] idx=3/9 status=queued [------------------] 0/1   0%
[model:Autoformer] idx=4/9 status=queued [------------------] 0/1   0%
[model:FEDformer] idx=5/9 status=queued [------------------] 0/1   0%
[model:PatchTST] idx=6/9 status=queued [------------------] 0/1   0%
[model:iTransformer] idx=7/9 status=queued [------------------] 0/1   0%
[model:TimesNet] idx=8/9 status=queued [------------------] 0/1   0%
[model:Naive] idx=9/9 status=queued [------------------] 0/1   0%
[summary] completed=1/9 failed=0 queued=7 current=LSTM(1/9)
[model:LSTM] idx=1/9 status=running phase=replay fold=12/12 [################--] 11/12  92%
[model:NHITS] idx=2/9 status=completed phase=replay [##################] 12/12 100% run-complete
[model:DLinear] idx=3/9 status=queued [------------------] 0/1   0%
[model:Autoformer] idx=4/9 status=queued [------------------] 0/1   0%
[model:FEDformer] idx=5/9 status=queued [------------------] 0/1   0%
[model:PatchTST] idx=6/9 status=queued [------------------] 0/1   0%
[model:iTransformer] idx=7/9 status=queued [------------------] 0/1   0%
[model:TimesNet] idx=8/9 status=queued [------------------] 0/1   0%
[model:Naive] idx=9/9 status=queued [------------------] 0/1   0%
[worker:NHITS] {"ok": true, "executed_jobs": ["NHITS"], "summary_artifacts": {}}
[summary] completed=1/9 failed=0 queued=7 current=LSTM(1/9)
[model:LSTM] idx=1/9 status=running phase=replay fold=12/12 [################--] 11/12  92%
[model:NHITS] idx=2/9 status=completed phase=replay [##################] 12/12 100% returncode=0
[model:DLinear] idx=3/9 status=queued [------------------] 0/1   0%
[model:Autoformer] idx=4/9 status=queued [------------------] 0/1   0%
[model:FEDformer] idx=5/9 status=queued [------------------] 0/1   0%
[model:PatchTST] idx=6/9 status=queued [------------------] 0/1   0%
[model:iTransformer] idx=7/9 status=queued [------------------] 0/1   0%
[model:TimesNet] idx=8/9 status=queued [------------------] 0/1   0%
[model:Naive] idx=9/9 status=queued [------------------] 0/1   0%
[summary] completed=1/9 failed=0 queued=6 current=LSTM(1/9),DLinear(3/9)
[model:LSTM] idx=1/9 status=running phase=replay fold=12/12 [################--] 11/12  92%
[model:NHITS] idx=2/9 status=completed phase=replay [##################] 12/12 100% returncode=0
[model:DLinear] idx=3/9 status=running [------------------] 0/1   0% gpu=0
[model:Autoformer] idx=4/9 status=queued [------------------] 0/1   0%
[model:FEDformer] idx=5/9 status=queued [------------------] 0/1   0%
[model:PatchTST] idx=6/9 status=queued [------------------] 0/1   0%
[model:iTransformer] idx=7/9 status=queued [------------------] 0/1   0%
[model:TimesNet] idx=8/9 status=queued [------------------] 0/1   0%
[model:Naive] idx=9/9 status=queued [------------------] 0/1   0%
[summary] completed=1/9 failed=0 queued=6 current=LSTM(1/9),DLinear(3/9)
[model:LSTM] idx=1/9 status=running phase=replay fold=12/12 [##################] 12/12 100% mse=76.7830
[model:NHITS] idx=2/9 status=completed phase=replay [##################] 12/12 100% returncode=0
[model:DLinear] idx=3/9 status=running [------------------] 0/1   0% gpu=0
[model:Autoformer] idx=4/9 status=queued [------------------] 0/1   0%
[model:FEDformer] idx=5/9 status=queued [------------------] 0/1   0%
[model:PatchTST] idx=6/9 status=queued [------------------] 0/1   0%
[model:iTransformer] idx=7/9 status=queued [------------------] 0/1   0%
[model:TimesNet] idx=8/9 status=queued [------------------] 0/1   0%
[model:Naive] idx=9/9 status=queued [------------------] 0/1   0%
[summary] completed=2/9 failed=0 queued=6 current=DLinear(3/9)
[model:LSTM] idx=1/9 status=completed phase=replay [##################] 12/12 100% run-complete
[model:NHITS] idx=2/9 status=completed phase=replay [##################] 12/12 100% returncode=0
[model:DLinear] idx=3/9 status=running [------------------] 0/1   0% gpu=0
[model:Autoformer] idx=4/9 status=queued [------------------] 0/1   0%
[model:FEDformer] idx=5/9 status=queued [------------------] 0/1   0%
[model:PatchTST] idx=6/9 status=queued [------------------] 0/1   0%
[model:iTransformer] idx=7/9 status=queued [------------------] 0/1   0%
[model:TimesNet] idx=8/9 status=queued [------------------] 0/1   0%
[model:Naive] idx=9/9 status=queued [------------------] 0/1   0%
[worker:LSTM] {"ok": true, "executed_jobs": ["LSTM"], "summary_artifacts": {}}
[summary] completed=2/9 failed=0 queued=6 current=DLinear(3/9)
[model:LSTM] idx=1/9 status=completed phase=replay [##################] 12/12 100% run-complete
[model:NHITS] idx=2/9 status=completed phase=replay [##################] 12/12 100% returncode=0
[model:DLinear] idx=3/9 status=running [------------------] 0/12   0% mode=learned_fixed output_root=/home/sonet/.openclaw/workspace/research/neuralforecast/runs/brentoil_case3/scheduler/workers/DLinear
[model:Autoformer] idx=4/9 status=queued [------------------] 0/1   0%
[model:FEDformer] idx=5/9 status=queued [------------------] 0/1   0%
[model:PatchTST] idx=6/9 status=queued [------------------] 0/1   0%
[model:iTransformer] idx=7/9 status=queued [------------------] 0/1   0%
[model:TimesNet] idx=8/9 status=queued [------------------] 0/1   0%
[model:Naive] idx=9/9 status=queued [------------------] 0/1   0%
[summary] completed=2/9 failed=0 queued=6 current=DLinear(3/9)
[model:LSTM] idx=1/9 status=completed phase=replay [##################] 12/12 100% run-complete
[model:NHITS] idx=2/9 status=completed phase=replay [##################] 12/12 100% returncode=0
[model:DLinear] idx=3/9 status=running phase=replay fold=1/12 [------------------] 0/12   0%
[model:Autoformer] idx=4/9 status=queued [------------------] 0/1   0%
[model:FEDformer] idx=5/9 status=queued [------------------] 0/1   0%
[model:PatchTST] idx=6/9 status=queued [------------------] 0/1   0%
[model:iTransformer] idx=7/9 status=queued [------------------] 0/1   0%
[model:TimesNet] idx=8/9 status=queued [------------------] 0/1   0%
[model:Naive] idx=9/9 status=queued [------------------] 0/1   0%
[summary] completed=2/9 failed=0 queued=6 current=DLinear(3/9)
[model:LSTM] idx=1/9 status=completed phase=replay [##################] 12/12 100% returncode=0
[model:NHITS] idx=2/9 status=completed phase=replay [##################] 12/12 100% returncode=0
[model:DLinear] idx=3/9 status=running phase=replay fold=1/12 [------------------] 0/12   0%
[model:Autoformer] idx=4/9 status=queued [------------------] 0/1   0%
[model:FEDformer] idx=5/9 status=queued [------------------] 0/1   0%
[model:PatchTST] idx=6/9 status=queued [------------------] 0/1   0%
[model:iTransformer] idx=7/9 status=queued [------------------] 0/1   0%
[model:TimesNet] idx=8/9 status=queued [------------------] 0/1   0%
[model:Naive] idx=9/9 status=queued [------------------] 0/1   0%
[summary] completed=2/9 failed=0 queued=5 current=DLinear(3/9),Autoformer(4/9)
[model:LSTM] idx=1/9 status=completed phase=replay [##################] 12/12 100% returncode=0
[model:NHITS] idx=2/9 status=completed phase=replay [##################] 12/12 100% returncode=0
[model:DLinear] idx=3/9 status=running phase=replay fold=1/12 [------------------] 0/12   0%
[model:Autoformer] idx=4/9 status=running [------------------] 0/1   0% gpu=1
[model:FEDformer] idx=5/9 status=queued [------------------] 0/1   0%
[model:PatchTST] idx=6/9 status=queued [------------------] 0/1   0%
[model:iTransformer] idx=7/9 status=queued [------------------] 0/1   0%
[model:TimesNet] idx=8/9 status=queued [------------------] 0/1   0%
[model:Naive] idx=9/9 status=queued [------------------] 0/1   0%
[summary] completed=2/9 failed=0 queued=5 current=DLinear(3/9),Autoformer(4/9)
[model:LSTM] idx=1/9 status=completed phase=replay [##################] 12/12 100% returncode=0
[model:NHITS] idx=2/9 status=completed phase=replay [##################] 12/12 100% returncode=0
[model:DLinear] idx=3/9 status=running phase=replay fold=1/12 [##----------------] 1/12   8% mse=7.3067
[model:Autoformer] idx=4/9 status=running [------------------] 0/1   0% gpu=1
[model:FEDformer] idx=5/9 status=queued [------------------] 0/1   0%
[model:PatchTST] idx=6/9 status=queued [------------------] 0/1   0%
[model:iTransformer] idx=7/9 status=queued [------------------] 0/1   0%
[model:TimesNet] idx=8/9 status=queued [------------------] 0/1   0%
[model:Naive] idx=9/9 status=queued [------------------] 0/1   0%
[summary] completed=2/9 failed=0 queued=5 current=DLinear(3/9),Autoformer(4/9)
[model:LSTM] idx=1/9 status=completed phase=replay [##################] 12/12 100% returncode=0
[model:NHITS] idx=2/9 status=completed phase=replay [##################] 12/12 100% returncode=0
[model:DLinear] idx=3/9 status=running phase=replay fold=2/12 [##----------------] 1/12   8%
[model:Autoformer] idx=4/9 status=running [------------------] 0/1   0% gpu=1
[model:FEDformer] idx=5/9 status=queued [------------------] 0/1   0%
[model:PatchTST] idx=6/9 status=queued [------------------] 0/1   0%
[model:iTransformer] idx=7/9 status=queued [------------------] 0/1   0%
[model:TimesNet] idx=8/9 status=queued [------------------] 0/1   0%
[model:Naive] idx=9/9 status=queued [------------------] 0/1   0%
[summary] completed=2/9 failed=0 queued=5 current=DLinear(3/9),Autoformer(4/9)
[model:LSTM] idx=1/9 status=completed phase=replay [##################] 12/12 100% returncode=0
[model:NHITS] idx=2/9 status=completed phase=replay [##################] 12/12 100% returncode=0
[model:DLinear] idx=3/9 status=running phase=replay fold=2/12 [##----------------] 1/12   8%
[model:Autoformer] idx=4/9 status=running [------------------] 0/12   0% mode=learned_fixed output_root=/home/sonet/.openclaw/workspace/research/neuralforecast/runs/brentoil_case3/scheduler/workers/Autoformer
[model:FEDformer] idx=5/9 status=queued [------------------] 0/1   0%
[model:PatchTST] idx=6/9 status=queued [------------------] 0/1   0%
[model:iTransformer] idx=7/9 status=queued [------------------] 0/1   0%
[model:TimesNet] idx=8/9 status=queued [------------------] 0/1   0%
[model:Naive] idx=9/9 status=queued [------------------] 0/1   0%
[summary] completed=2/9 failed=0 queued=5 current=DLinear(3/9),Autoformer(4/9)
[model:LSTM] idx=1/9 status=completed phase=replay [##################] 12/12 100% returncode=0
[model:NHITS] idx=2/9 status=completed phase=replay [##################] 12/12 100% returncode=0
[model:DLinear] idx=3/9 status=running phase=replay fold=2/12 [##----------------] 1/12   8%
[model:Autoformer] idx=4/9 status=running phase=replay fold=1/12 [------------------] 0/12   0%
[model:FEDformer] idx=5/9 status=queued [------------------] 0/1   0%
[model:PatchTST] idx=6/9 status=queued [------------------] 0/1   0%
[model:iTransformer] idx=7/9 status=queued [------------------] 0/1   0%
[model:TimesNet] idx=8/9 status=queued [------------------] 0/1   0%
[model:Naive] idx=9/9 status=queued [------------------] 0/1   0%
[summary] completed=2/9 failed=0 queued=5 current=DLinear(3/9),Autoformer(4/9)
[model:LSTM] idx=1/9 status=completed phase=replay [##################] 12/12 100% returncode=0
[model:NHITS] idx=2/9 status=completed phase=replay [##################] 12/12 100% returncode=0
[model:DLinear] idx=3/9 status=running phase=replay fold=2/12 [###---------------] 2/12  17% mse=18.4665
[model:Autoformer] idx=4/9 status=running phase=replay fold=1/12 [------------------] 0/12   0%
[model:FEDformer] idx=5/9 status=queued [------------------] 0/1   0%
[model:PatchTST] idx=6/9 status=queued [------------------] 0/1   0%
[model:iTransformer] idx=7/9 status=queued [------------------] 0/1   0%
[model:TimesNet] idx=8/9 status=queued [------------------] 0/1   0%
[model:Naive] idx=9/9 status=queued [------------------] 0/1   0%
[summary] completed=2/9 failed=0 queued=5 current=DLinear(3/9),Autoformer(4/9)
[model:LSTM] idx=1/9 status=completed phase=replay [##################] 12/12 100% returncode=0
[model:NHITS] idx=2/9 status=completed phase=replay [##################] 12/12 100% returncode=0
[model:DLinear] idx=3/9 status=running phase=replay fold=3/12 [###---------------] 2/12  17%
[model:Autoformer] idx=4/9 status=running phase=replay fold=1/12 [------------------] 0/12   0%
[model:FEDformer] idx=5/9 status=queued [------------------] 0/1   0%
[model:PatchTST] idx=6/9 status=queued [------------------] 0/1   0%
[model:iTransformer] idx=7/9 status=queued [------------------] 0/1   0%
[model:TimesNet] idx=8/9 status=queued [------------------] 0/1   0%
[model:Naive] idx=9/9 status=queued [------------------] 0/1   0%
[summary] completed=2/9 failed=0 queued=5 current=DLinear(3/9),Autoformer(4/9)
[model:LSTM] idx=1/9 status=completed phase=replay [##################] 12/12 100% returncode=0
[model:NHITS] idx=2/9 status=completed phase=replay [##################] 12/12 100% returncode=0
[model:DLinear] idx=3/9 status=running phase=replay fold=3/12 [####--------------] 3/12  25% mse=37.0505
[model:Autoformer] idx=4/9 status=running phase=replay fold=1/12 [------------------] 0/12   0%
[model:FEDformer] idx=5/9 status=queued [------------------] 0/1   0%
[model:PatchTST] idx=6/9 status=queued [------------------] 0/1   0%
[model:iTransformer] idx=7/9 status=queued [------------------] 0/1   0%
[model:TimesNet] idx=8/9 status=queued [------------------] 0/1   0%
[model:Naive] idx=9/9 status=queued [------------------] 0/1   0%
[summary] completed=2/9 failed=0 queued=5 current=DLinear(3/9),Autoformer(4/9)
[model:LSTM] idx=1/9 status=completed phase=replay [##################] 12/12 100% returncode=0
[model:NHITS] idx=2/9 status=completed phase=replay [##################] 12/12 100% returncode=0
[model:DLinear] idx=3/9 status=running phase=replay fold=4/12 [####--------------] 3/12  25%
[model:Autoformer] idx=4/9 status=running phase=replay fold=1/12 [------------------] 0/12   0%
[model:FEDformer] idx=5/9 status=queued [------------------] 0/1   0%
[model:PatchTST] idx=6/9 status=queued [------------------] 0/1   0%
[model:iTransformer] idx=7/9 status=queued [------------------] 0/1   0%
[model:TimesNet] idx=8/9 status=queued [------------------] 0/1   0%
[model:Naive] idx=9/9 status=queued [------------------] 0/1   0%
[summary] completed=2/9 failed=0 queued=5 current=DLinear(3/9),Autoformer(4/9)
[model:LSTM] idx=1/9 status=completed phase=replay [##################] 12/12 100% returncode=0
[model:NHITS] idx=2/9 status=completed phase=replay [##################] 12/12 100% returncode=0
[model:DLinear] idx=3/9 status=running phase=replay fold=4/12 [######------------] 4/12  33% mse=41.8941
[model:Autoformer] idx=4/9 status=running phase=replay fold=1/12 [------------------] 0/12   0%
[model:FEDformer] idx=5/9 status=queued [------------------] 0/1   0%
[model:PatchTST] idx=6/9 status=queued [------------------] 0/1   0%
[model:iTransformer] idx=7/9 status=queued [------------------] 0/1   0%
[model:TimesNet] idx=8/9 status=queued [------------------] 0/1   0%
[model:Naive] idx=9/9 status=queued [------------------] 0/1   0%
[summary] completed=2/9 failed=0 queued=5 current=DLinear(3/9),Autoformer(4/9)
[model:LSTM] idx=1/9 status=completed phase=replay [##################] 12/12 100% returncode=0
[model:NHITS] idx=2/9 status=completed phase=replay [##################] 12/12 100% returncode=0
[model:DLinear] idx=3/9 status=running phase=replay fold=5/12 [######------------] 4/12  33%
[model:Autoformer] idx=4/9 status=running phase=replay fold=1/12 [------------------] 0/12   0%
[model:FEDformer] idx=5/9 status=queued [------------------] 0/1   0%
[model:PatchTST] idx=6/9 status=queued [------------------] 0/1   0%
[model:iTransformer] idx=7/9 status=queued [------------------] 0/1   0%
[model:TimesNet] idx=8/9 status=queued [------------------] 0/1   0%
[model:Naive] idx=9/9 status=queued [------------------] 0/1   0%
[summary] completed=2/9 failed=0 queued=5 current=DLinear(3/9),Autoformer(4/9)
[model:LSTM] idx=1/9 status=completed phase=replay [##################] 12/12 100% returncode=0
[model:NHITS] idx=2/9 status=completed phase=replay [##################] 12/12 100% returncode=0
[model:DLinear] idx=3/9 status=running phase=replay fold=5/12 [########----------] 5/12  42% mse=8.0691
[model:Autoformer] idx=4/9 status=running phase=replay fold=1/12 [------------------] 0/12   0%
[model:FEDformer] idx=5/9 status=queued [------------------] 0/1   0%
[model:PatchTST] idx=6/9 status=queued [------------------] 0/1   0%
[model:iTransformer] idx=7/9 status=queued [------------------] 0/1   0%
[model:TimesNet] idx=8/9 status=queued [------------------] 0/1   0%
[model:Naive] idx=9/9 status=queued [------------------] 0/1   0%
[summary] completed=2/9 failed=0 queued=5 current=DLinear(3/9),Autoformer(4/9)
[model:LSTM] idx=1/9 status=completed phase=replay [##################] 12/12 100% returncode=0
[model:NHITS] idx=2/9 status=completed phase=replay [##################] 12/12 100% returncode=0
[model:DLinear] idx=3/9 status=running phase=replay fold=6/12 [########----------] 5/12  42%
[model:Autoformer] idx=4/9 status=running phase=replay fold=1/12 [------------------] 0/12   0%
[model:FEDformer] idx=5/9 status=queued [------------------] 0/1   0%
[model:PatchTST] idx=6/9 status=queued [------------------] 0/1   0%
[model:iTransformer] idx=7/9 status=queued [------------------] 0/1   0%
[model:TimesNet] idx=8/9 status=queued [------------------] 0/1   0%
[model:Naive] idx=9/9 status=queued [------------------] 0/1   0%
[summary] completed=2/9 failed=0 queued=5 current=DLinear(3/9),Autoformer(4/9)
[model:LSTM] idx=1/9 status=completed phase=replay [##################] 12/12 100% returncode=0
[model:NHITS] idx=2/9 status=completed phase=replay [##################] 12/12 100% returncode=0
[model:DLinear] idx=3/9 status=running phase=replay fold=6/12 [#########---------] 6/12  50% mse=13.6100
[model:Autoformer] idx=4/9 status=running phase=replay fold=1/12 [------------------] 0/12   0%
[model:FEDformer] idx=5/9 status=queued [------------------] 0/1   0%
[model:PatchTST] idx=6/9 status=queued [------------------] 0/1   0%
[model:iTransformer] idx=7/9 status=queued [------------------] 0/1   0%
[model:TimesNet] idx=8/9 status=queued [------------------] 0/1   0%
[model:Naive] idx=9/9 status=queued [------------------] 0/1   0%
[summary] completed=2/9 failed=0 queued=5 current=DLinear(3/9),Autoformer(4/9)
[model:LSTM] idx=1/9 status=completed phase=replay [##################] 12/12 100% returncode=0
[model:NHITS] idx=2/9 status=completed phase=replay [##################] 12/12 100% returncode=0
[model:DLinear] idx=3/9 status=running phase=replay fold=7/12 [#########---------] 6/12  50%
[model:Autoformer] idx=4/9 status=running phase=replay fold=1/12 [------------------] 0/12   0%
[model:FEDformer] idx=5/9 status=queued [------------------] 0/1   0%
[model:PatchTST] idx=6/9 status=queued [------------------] 0/1   0%
[model:iTransformer] idx=7/9 status=queued [------------------] 0/1   0%
[model:TimesNet] idx=8/9 status=queued [------------------] 0/1   0%
[model:Naive] idx=9/9 status=queued [------------------] 0/1   0%
[summary] completed=2/9 failed=0 queued=5 current=DLinear(3/9),Autoformer(4/9)
[model:LSTM] idx=1/9 status=completed phase=replay [##################] 12/12 100% returncode=0
[model:NHITS] idx=2/9 status=completed phase=replay [##################] 12/12 100% returncode=0
[model:DLinear] idx=3/9 status=running phase=replay fold=7/12 [##########--------] 7/12  58% mse=11.7829
[model:Autoformer] idx=4/9 status=running phase=replay fold=1/12 [------------------] 0/12   0%
[model:FEDformer] idx=5/9 status=queued [------------------] 0/1   0%
[model:PatchTST] idx=6/9 status=queued [------------------] 0/1   0%
[model:iTransformer] idx=7/9 status=queued [------------------] 0/1   0%
[model:TimesNet] idx=8/9 status=queued [------------------] 0/1   0%
[model:Naive] idx=9/9 status=queued [------------------] 0/1   0%
[summary] completed=2/9 failed=0 queued=5 current=DLinear(3/9),Autoformer(4/9)
[model:LSTM] idx=1/9 status=completed phase=replay [##################] 12/12 100% returncode=0
[model:NHITS] idx=2/9 status=completed phase=replay [##################] 12/12 100% returncode=0
[model:DLinear] idx=3/9 status=running phase=replay fold=8/12 [##########--------] 7/12  58%
[model:Autoformer] idx=4/9 status=running phase=replay fold=1/12 [------------------] 0/12   0%
[model:FEDformer] idx=5/9 status=queued [------------------] 0/1   0%
[model:PatchTST] idx=6/9 status=queued [------------------] 0/1   0%
[model:iTransformer] idx=7/9 status=queued [------------------] 0/1   0%
[model:TimesNet] idx=8/9 status=queued [------------------] 0/1   0%
[model:Naive] idx=9/9 status=queued [------------------] 0/1   0%
[summary] completed=2/9 failed=0 queued=5 current=DLinear(3/9),Autoformer(4/9)
[model:LSTM] idx=1/9 status=completed phase=replay [##################] 12/12 100% returncode=0
[model:NHITS] idx=2/9 status=completed phase=replay [##################] 12/12 100% returncode=0
[model:DLinear] idx=3/9 status=running phase=replay fold=8/12 [############------] 8/12  67% mse=15.3414
[model:Autoformer] idx=4/9 status=running phase=replay fold=1/12 [------------------] 0/12   0%
[model:FEDformer] idx=5/9 status=queued [------------------] 0/1   0%
[model:PatchTST] idx=6/9 status=queued [------------------] 0/1   0%
[model:iTransformer] idx=7/9 status=queued [------------------] 0/1   0%
[model:TimesNet] idx=8/9 status=queued [------------------] 0/1   0%
[model:Naive] idx=9/9 status=queued [------------------] 0/1   0%
[summary] completed=2/9 failed=0 queued=5 current=DLinear(3/9),Autoformer(4/9)
[model:LSTM] idx=1/9 status=completed phase=replay [##################] 12/12 100% returncode=0
[model:NHITS] idx=2/9 status=completed phase=replay [##################] 12/12 100% returncode=0
[model:DLinear] idx=3/9 status=running phase=replay fold=9/12 [############------] 8/12  67%
[model:Autoformer] idx=4/9 status=running phase=replay fold=1/12 [------------------] 0/12   0%
[model:FEDformer] idx=5/9 status=queued [------------------] 0/1   0%
[model:PatchTST] idx=6/9 status=queued [------------------] 0/1   0%
[model:iTransformer] idx=7/9 status=queued [------------------] 0/1   0%
[model:TimesNet] idx=8/9 status=queued [------------------] 0/1   0%
[model:Naive] idx=9/9 status=queued [------------------] 0/1   0%
[summary] completed=2/9 failed=0 queued=5 current=DLinear(3/9),Autoformer(4/9)
[model:LSTM] idx=1/9 status=completed phase=replay [##################] 12/12 100% returncode=0
[model:NHITS] idx=2/9 status=completed phase=replay [##################] 12/12 100% returncode=0
[model:DLinear] idx=3/9 status=running phase=replay fold=9/12 [##############----] 9/12  75% mse=7.3377
[model:Autoformer] idx=4/9 status=running phase=replay fold=1/12 [------------------] 0/12   0%
[model:FEDformer] idx=5/9 status=queued [------------------] 0/1   0%
[model:PatchTST] idx=6/9 status=queued [------------------] 0/1   0%
[model:iTransformer] idx=7/9 status=queued [------------------] 0/1   0%
[model:TimesNet] idx=8/9 status=queued [------------------] 0/1   0%
[model:Naive] idx=9/9 status=queued [------------------] 0/1   0%
[summary] completed=2/9 failed=0 queued=5 current=DLinear(3/9),Autoformer(4/9)
[model:LSTM] idx=1/9 status=completed phase=replay [##################] 12/12 100% returncode=0
[model:NHITS] idx=2/9 status=completed phase=replay [##################] 12/12 100% returncode=0
[model:DLinear] idx=3/9 status=running phase=replay fold=10/12 [##############----] 9/12  75%
[model:Autoformer] idx=4/9 status=running phase=replay fold=1/12 [------------------] 0/12   0%
[model:FEDformer] idx=5/9 status=queued [------------------] 0/1   0%
[model:PatchTST] idx=6/9 status=queued [------------------] 0/1   0%
[model:iTransformer] idx=7/9 status=queued [------------------] 0/1   0%
[model:TimesNet] idx=8/9 status=queued [------------------] 0/1   0%
[model:Naive] idx=9/9 status=queued [------------------] 0/1   0%
[summary] completed=2/9 failed=0 queued=5 current=DLinear(3/9),Autoformer(4/9)
[model:LSTM] idx=1/9 status=completed phase=replay [##################] 12/12 100% returncode=0
[model:NHITS] idx=2/9 status=completed phase=replay [##################] 12/12 100% returncode=0
[model:DLinear] idx=3/9 status=running phase=replay fold=10/12 [###############---] 10/12  83% mse=19.6636
[model:Autoformer] idx=4/9 status=running phase=replay fold=1/12 [------------------] 0/12   0%
[model:FEDformer] idx=5/9 status=queued [------------------] 0/1   0%
[model:PatchTST] idx=6/9 status=queued [------------------] 0/1   0%
[model:iTransformer] idx=7/9 status=queued [------------------] 0/1   0%
[model:TimesNet] idx=8/9 status=queued [------------------] 0/1   0%
[model:Naive] idx=9/9 status=queued [------------------] 0/1   0%
[summary] completed=2/9 failed=0 queued=5 current=DLinear(3/9),Autoformer(4/9)
[model:LSTM] idx=1/9 status=completed phase=replay [##################] 12/12 100% returncode=0
[model:NHITS] idx=2/9 status=completed phase=replay [##################] 12/12 100% returncode=0
[model:DLinear] idx=3/9 status=running phase=replay fold=11/12 [###############---] 10/12  83%
[model:Autoformer] idx=4/9 status=running phase=replay fold=1/12 [------------------] 0/12   0%
[model:FEDformer] idx=5/9 status=queued [------------------] 0/1   0%
[model:PatchTST] idx=6/9 status=queued [------------------] 0/1   0%
[model:iTransformer] idx=7/9 status=queued [------------------] 0/1   0%
[model:TimesNet] idx=8/9 status=queued [------------------] 0/1   0%
[model:Naive] idx=9/9 status=queued [------------------] 0/1   0%
[summary] completed=2/9 failed=0 queued=5 current=DLinear(3/9),Autoformer(4/9)
[model:LSTM] idx=1/9 status=completed phase=replay [##################] 12/12 100% returncode=0
[model:NHITS] idx=2/9 status=completed phase=replay [##################] 12/12 100% returncode=0
[model:DLinear] idx=3/9 status=running phase=replay fold=11/12 [################--] 11/12  92% mse=3.9877
[model:Autoformer] idx=4/9 status=running phase=replay fold=1/12 [------------------] 0/12   0%
[model:FEDformer] idx=5/9 status=queued [------------------] 0/1   0%
[model:PatchTST] idx=6/9 status=queued [------------------] 0/1   0%
[model:iTransformer] idx=7/9 status=queued [------------------] 0/1   0%
[model:TimesNet] idx=8/9 status=queued [------------------] 0/1   0%
[model:Naive] idx=9/9 status=queued [------------------] 0/1   0%
[summary] completed=2/9 failed=0 queued=5 current=DLinear(3/9),Autoformer(4/9)
[model:LSTM] idx=1/9 status=completed phase=replay [##################] 12/12 100% returncode=0
[model:NHITS] idx=2/9 status=completed phase=replay [##################] 12/12 100% returncode=0
[model:DLinear] idx=3/9 status=running phase=replay fold=12/12 [################--] 11/12  92%
[model:Autoformer] idx=4/9 status=running phase=replay fold=1/12 [------------------] 0/12   0%
[model:FEDformer] idx=5/9 status=queued [------------------] 0/1   0%
[model:PatchTST] idx=6/9 status=queued [------------------] 0/1   0%
[model:iTransformer] idx=7/9 status=queued [------------------] 0/1   0%
[model:TimesNet] idx=8/9 status=queued [------------------] 0/1   0%
[model:Naive] idx=9/9 status=queued [------------------] 0/1   0%
[summary] completed=2/9 failed=0 queued=5 current=DLinear(3/9),Autoformer(4/9)
[model:LSTM] idx=1/9 status=completed phase=replay [##################] 12/12 100% returncode=0
[model:NHITS] idx=2/9 status=completed phase=replay [##################] 12/12 100% returncode=0
[model:DLinear] idx=3/9 status=running phase=replay fold=12/12 [##################] 12/12 100% mse=213.3382
[model:Autoformer] idx=4/9 status=running phase=replay fold=1/12 [------------------] 0/12   0%
[model:FEDformer] idx=5/9 status=queued [------------------] 0/1   0%
[model:PatchTST] idx=6/9 status=queued [------------------] 0/1   0%
[model:iTransformer] idx=7/9 status=queued [------------------] 0/1   0%
[model:TimesNet] idx=8/9 status=queued [------------------] 0/1   0%
[model:Naive] idx=9/9 status=queued [------------------] 0/1   0%
[summary] completed=3/9 failed=0 queued=5 current=Autoformer(4/9)
[model:LSTM] idx=1/9 status=completed phase=replay [##################] 12/12 100% returncode=0
[model:NHITS] idx=2/9 status=completed phase=replay [##################] 12/12 100% returncode=0
[model:DLinear] idx=3/9 status=completed phase=replay [##################] 12/12 100% run-complete
[model:Autoformer] idx=4/9 status=running phase=replay fold=1/12 [------------------] 0/12   0%
[model:FEDformer] idx=5/9 status=queued [------------------] 0/1   0%
[model:PatchTST] idx=6/9 status=queued [------------------] 0/1   0%
[model:iTransformer] idx=7/9 status=queued [------------------] 0/1   0%
[model:TimesNet] idx=8/9 status=queued [------------------] 0/1   0%
[model:Naive] idx=9/9 status=queued [------------------] 0/1   0%
[worker:DLinear] {"ok": true, "executed_jobs": ["DLinear"], "summary_artifacts": {}}
[summary] completed=3/9 failed=0 queued=5 current=Autoformer(4/9)
[model:LSTM] idx=1/9 status=completed phase=replay [##################] 12/12 100% returncode=0
[model:NHITS] idx=2/9 status=completed phase=replay [##################] 12/12 100% returncode=0
[model:DLinear] idx=3/9 status=completed phase=replay [##################] 12/12 100% returncode=0
[model:Autoformer] idx=4/9 status=running phase=replay fold=1/12 [------------------] 0/12   0%
[model:FEDformer] idx=5/9 status=queued [------------------] 0/1   0%
[model:PatchTST] idx=6/9 status=queued [------------------] 0/1   0%
[model:iTransformer] idx=7/9 status=queued [------------------] 0/1   0%
[model:TimesNet] idx=8/9 status=queued [------------------] 0/1   0%
[model:Naive] idx=9/9 status=queued [------------------] 0/1   0%
[summary] completed=3/9 failed=0 queued=4 current=Autoformer(4/9),FEDformer(5/9)
[model:LSTM] idx=1/9 status=completed phase=replay [##################] 12/12 100% returncode=0
[model:NHITS] idx=2/9 status=completed phase=replay [##################] 12/12 100% returncode=0
[model:DLinear] idx=3/9 status=completed phase=replay [##################] 12/12 100% returncode=0
[model:Autoformer] idx=4/9 status=running phase=replay fold=1/12 [------------------] 0/12   0%
[model:FEDformer] idx=5/9 status=running [------------------] 0/1   0% gpu=0
[model:PatchTST] idx=6/9 status=queued [------------------] 0/1   0%
[model:iTransformer] idx=7/9 status=queued [------------------] 0/1   0%
[model:TimesNet] idx=8/9 status=queued [------------------] 0/1   0%
[model:Naive] idx=9/9 status=queued [------------------] 0/1   0%
[summary] completed=3/9 failed=0 queued=4 current=Autoformer(4/9),FEDformer(5/9)
[model:LSTM] idx=1/9 status=completed phase=replay [##################] 12/12 100% returncode=0
[model:NHITS] idx=2/9 status=completed phase=replay [##################] 12/12 100% returncode=0
[model:DLinear] idx=3/9 status=completed phase=replay [##################] 12/12 100% returncode=0
[model:Autoformer] idx=4/9 status=running phase=replay fold=1/12 [##----------------] 1/12   8% mse=2046.0059
[model:FEDformer] idx=5/9 status=running [------------------] 0/1   0% gpu=0
[model:PatchTST] idx=6/9 status=queued [------------------] 0/1   0%
[model:iTransformer] idx=7/9 status=queued [------------------] 0/1   0%
[model:TimesNet] idx=8/9 status=queued [------------------] 0/1   0%
[model:Naive] idx=9/9 status=queued [------------------] 0/1   0%
[summary] completed=3/9 failed=0 queued=4 current=Autoformer(4/9),FEDformer(5/9)
[model:LSTM] idx=1/9 status=completed phase=replay [##################] 12/12 100% returncode=0
[model:NHITS] idx=2/9 status=completed phase=replay [##################] 12/12 100% returncode=0
[model:DLinear] idx=3/9 status=completed phase=replay [##################] 12/12 100% returncode=0
[model:Autoformer] idx=4/9 status=running phase=replay fold=2/12 [##----------------] 1/12   8%
[model:FEDformer] idx=5/9 status=running [------------------] 0/1   0% gpu=0
[model:PatchTST] idx=6/9 status=queued [------------------] 0/1   0%
[model:iTransformer] idx=7/9 status=queued [------------------] 0/1   0%
[model:TimesNet] idx=8/9 status=queued [------------------] 0/1   0%
[model:Naive] idx=9/9 status=queued [------------------] 0/1   0%
[summary] completed=3/9 failed=0 queued=4 current=Autoformer(4/9),FEDformer(5/9)
[model:LSTM] idx=1/9 status=completed phase=replay [##################] 12/12 100% returncode=0
[model:NHITS] idx=2/9 status=completed phase=replay [##################] 12/12 100% returncode=0
[model:DLinear] idx=3/9 status=completed phase=replay [##################] 12/12 100% returncode=0
[model:Autoformer] idx=4/9 status=running phase=replay fold=2/12 [##----------------] 1/12   8%
[model:FEDformer] idx=5/9 status=running [------------------] 0/12   0% mode=learned_fixed output_root=/home/sonet/.openclaw/workspace/research/neuralforecast/runs/brentoil_case3/scheduler/workers/FEDformer
[model:PatchTST] idx=6/9 status=queued [------------------] 0/1   0%
[model:iTransformer] idx=7/9 status=queued [------------------] 0/1   0%
[model:TimesNet] idx=8/9 status=queued [------------------] 0/1   0%
[model:Naive] idx=9/9 status=queued [------------------] 0/1   0%
[summary] completed=3/9 failed=0 queued=4 current=Autoformer(4/9),FEDformer(5/9)
[model:LSTM] idx=1/9 status=completed phase=replay [##################] 12/12 100% returncode=0
[model:NHITS] idx=2/9 status=completed phase=replay [##################] 12/12 100% returncode=0
[model:DLinear] idx=3/9 status=completed phase=replay [##################] 12/12 100% returncode=0
[model:Autoformer] idx=4/9 status=running phase=replay fold=2/12 [##----------------] 1/12   8%
[model:FEDformer] idx=5/9 status=running phase=replay fold=1/12 [------------------] 0/12   0%
[model:PatchTST] idx=6/9 status=queued [------------------] 0/1   0%
[model:iTransformer] idx=7/9 status=queued [------------------] 0/1   0%
[model:TimesNet] idx=8/9 status=queued [------------------] 0/1   0%
[model:Naive] idx=9/9 status=queued [------------------] 0/1   0%
[summary] completed=3/9 failed=0 queued=4 current=Autoformer(4/9),FEDformer(5/9)
[model:LSTM] idx=1/9 status=completed phase=replay [##################] 12/12 100% returncode=0
[model:NHITS] idx=2/9 status=completed phase=replay [##################] 12/12 100% returncode=0
[model:DLinear] idx=3/9 status=completed phase=replay [##################] 12/12 100% returncode=0
[model:Autoformer] idx=4/9 status=running phase=replay fold=2/12 [###---------------] 2/12  17% mse=597.7992
[model:FEDformer] idx=5/9 status=running phase=replay fold=1/12 [------------------] 0/12   0%
[model:PatchTST] idx=6/9 status=queued [------------------] 0/1   0%
[model:iTransformer] idx=7/9 status=queued [------------------] 0/1   0%
[model:TimesNet] idx=8/9 status=queued [------------------] 0/1   0%
[model:Naive] idx=9/9 status=queued [------------------] 0/1   0%
[summary] completed=3/9 failed=0 queued=4 current=Autoformer(4/9),FEDformer(5/9)
[model:LSTM] idx=1/9 status=completed phase=replay [##################] 12/12 100% returncode=0
[model:NHITS] idx=2/9 status=completed phase=replay [##################] 12/12 100% returncode=0
[model:DLinear] idx=3/9 status=completed phase=replay [##################] 12/12 100% returncode=0
[model:Autoformer] idx=4/9 status=running phase=replay fold=3/12 [###---------------] 2/12  17%
[model:FEDformer] idx=5/9 status=running phase=replay fold=1/12 [------------------] 0/12   0%
[model:PatchTST] idx=6/9 status=queued [------------------] 0/1   0%
[model:iTransformer] idx=7/9 status=queued [------------------] 0/1   0%
[model:TimesNet] idx=8/9 status=queued [------------------] 0/1   0%
[model:Naive] idx=9/9 status=queued [------------------] 0/1   0%
[summary] completed=3/9 failed=0 queued=4 current=Autoformer(4/9),FEDformer(5/9)
[model:LSTM] idx=1/9 status=completed phase=replay [##################] 12/12 100% returncode=0
[model:NHITS] idx=2/9 status=completed phase=replay [##################] 12/12 100% returncode=0
[model:DLinear] idx=3/9 status=completed phase=replay [##################] 12/12 100% returncode=0
[model:Autoformer] idx=4/9 status=running phase=replay fold=3/12 [####--------------] 3/12  25% mse=2025.3283
[model:FEDformer] idx=5/9 status=running phase=replay fold=1/12 [------------------] 0/12   0%
[model:PatchTST] idx=6/9 status=queued [------------------] 0/1   0%
[model:iTransformer] idx=7/9 status=queued [------------------] 0/1   0%
[model:TimesNet] idx=8/9 status=queued [------------------] 0/1   0%
[model:Naive] idx=9/9 status=queued [------------------] 0/1   0%
[summary] completed=3/9 failed=0 queued=4 current=Autoformer(4/9),FEDformer(5/9)
[model:LSTM] idx=1/9 status=completed phase=replay [##################] 12/12 100% returncode=0
[model:NHITS] idx=2/9 status=completed phase=replay [##################] 12/12 100% returncode=0
[model:DLinear] idx=3/9 status=completed phase=replay [##################] 12/12 100% returncode=0
[model:Autoformer] idx=4/9 status=running phase=replay fold=4/12 [####--------------] 3/12  25%
[model:FEDformer] idx=5/9 status=running phase=replay fold=1/12 [------------------] 0/12   0%
[model:PatchTST] idx=6/9 status=queued [------------------] 0/1   0%
[model:iTransformer] idx=7/9 status=queued [------------------] 0/1   0%
[model:TimesNet] idx=8/9 status=queued [------------------] 0/1   0%
[model:Naive] idx=9/9 status=queued [------------------] 0/1   0%
[summary] completed=3/9 failed=0 queued=4 current=Autoformer(4/9),FEDformer(5/9)
[model:LSTM] idx=1/9 status=completed phase=replay [##################] 12/12 100% returncode=0
[model:NHITS] idx=2/9 status=completed phase=replay [##################] 12/12 100% returncode=0
[model:DLinear] idx=3/9 status=completed phase=replay [##################] 12/12 100% returncode=0
[model:Autoformer] idx=4/9 status=running phase=replay fold=4/12 [####--------------] 3/12  25%
[model:FEDformer] idx=5/9 status=running phase=replay fold=1/12 [##----------------] 1/12   8% mse=107.5592
[model:PatchTST] idx=6/9 status=queued [------------------] 0/1   0%
[model:iTransformer] idx=7/9 status=queued [------------------] 0/1   0%
[model:TimesNet] idx=8/9 status=queued [------------------] 0/1   0%
[model:Naive] idx=9/9 status=queued [------------------] 0/1   0%
[summary] completed=3/9 failed=0 queued=4 current=Autoformer(4/9),FEDformer(5/9)
[model:LSTM] idx=1/9 status=completed phase=replay [##################] 12/12 100% returncode=0
[model:NHITS] idx=2/9 status=completed phase=replay [##################] 12/12 100% returncode=0
[model:DLinear] idx=3/9 status=completed phase=replay [##################] 12/12 100% returncode=0
[model:Autoformer] idx=4/9 status=running phase=replay fold=4/12 [####--------------] 3/12  25%
[model:FEDformer] idx=5/9 status=running phase=replay fold=2/12 [##----------------] 1/12   8%
[model:PatchTST] idx=6/9 status=queued [------------------] 0/1   0%
[model:iTransformer] idx=7/9 status=queued [------------------] 0/1   0%
[model:TimesNet] idx=8/9 status=queued [------------------] 0/1   0%
[model:Naive] idx=9/9 status=queued [------------------] 0/1   0%
[summary] completed=3/9 failed=0 queued=4 current=Autoformer(4/9),FEDformer(5/9)
[model:LSTM] idx=1/9 status=completed phase=replay [##################] 12/12 100% returncode=0
[model:NHITS] idx=2/9 status=completed phase=replay [##################] 12/12 100% returncode=0
[model:DLinear] idx=3/9 status=completed phase=replay [##################] 12/12 100% returncode=0
[model:Autoformer] idx=4/9 status=running phase=replay fold=4/12 [######------------] 4/12  33% mse=410.0395
[model:FEDformer] idx=5/9 status=running phase=replay fold=2/12 [##----------------] 1/12   8%
[model:PatchTST] idx=6/9 status=queued [------------------] 0/1   0%
[model:iTransformer] idx=7/9 status=queued [------------------] 0/1   0%
[model:TimesNet] idx=8/9 status=queued [------------------] 0/1   0%
[model:Naive] idx=9/9 status=queued [------------------] 0/1   0%
[summary] completed=3/9 failed=0 queued=4 current=Autoformer(4/9),FEDformer(5/9)
[model:LSTM] idx=1/9 status=completed phase=replay [##################] 12/12 100% returncode=0
[model:NHITS] idx=2/9 status=completed phase=replay [##################] 12/12 100% returncode=0
[model:DLinear] idx=3/9 status=completed phase=replay [##################] 12/12 100% returncode=0
[model:Autoformer] idx=4/9 status=running phase=replay fold=5/12 [######------------] 4/12  33%
[model:FEDformer] idx=5/9 status=running phase=replay fold=2/12 [##----------------] 1/12   8%
[model:PatchTST] idx=6/9 status=queued [------------------] 0/1   0%
[model:iTransformer] idx=7/9 status=queued [------------------] 0/1   0%
[model:TimesNet] idx=8/9 status=queued [------------------] 0/1   0%
[model:Naive] idx=9/9 status=queued [------------------] 0/1   0%
[summary] completed=3/9 failed=0 queued=4 current=Autoformer(4/9),FEDformer(5/9)
[model:LSTM] idx=1/9 status=completed phase=replay [##################] 12/12 100% returncode=0
[model:NHITS] idx=2/9 status=completed phase=replay [##################] 12/12 100% returncode=0
[model:DLinear] idx=3/9 status=completed phase=replay [##################] 12/12 100% returncode=0
[model:Autoformer] idx=4/9 status=running phase=replay fold=5/12 [######------------] 4/12  33%
[model:FEDformer] idx=5/9 status=running phase=replay fold=2/12 [###---------------] 2/12  17% mse=29.9158
[model:PatchTST] idx=6/9 status=queued [------------------] 0/1   0%
[model:iTransformer] idx=7/9 status=queued [------------------] 0/1   0%
[model:TimesNet] idx=8/9 status=queued [------------------] 0/1   0%
[model:Naive] idx=9/9 status=queued [------------------] 0/1   0%
[summary] completed=3/9 failed=0 queued=4 current=Autoformer(4/9),FEDformer(5/9)
[model:LSTM] idx=1/9 status=completed phase=replay [##################] 12/12 100% returncode=0
[model:NHITS] idx=2/9 status=completed phase=replay [##################] 12/12 100% returncode=0
[model:DLinear] idx=3/9 status=completed phase=replay [##################] 12/12 100% returncode=0
[model:Autoformer] idx=4/9 status=running phase=replay fold=5/12 [######------------] 4/12  33%
[model:FEDformer] idx=5/9 status=running phase=replay fold=3/12 [###---------------] 2/12  17%
[model:PatchTST] idx=6/9 status=queued [------------------] 0/1   0%
[model:iTransformer] idx=7/9 status=queued [------------------] 0/1   0%
[model:TimesNet] idx=8/9 status=queued [------------------] 0/1   0%
[model:Naive] idx=9/9 status=queued [------------------] 0/1   0%
[summary] completed=3/9 failed=0 queued=4 current=Autoformer(4/9),FEDformer(5/9)
[model:LSTM] idx=1/9 status=completed phase=replay [##################] 12/12 100% returncode=0
[model:NHITS] idx=2/9 status=completed phase=replay [##################] 12/12 100% returncode=0
[model:DLinear] idx=3/9 status=completed phase=replay [##################] 12/12 100% returncode=0
[model:Autoformer] idx=4/9 status=running phase=replay fold=5/12 [########----------] 5/12  42% mse=580.4642
[model:FEDformer] idx=5/9 status=running phase=replay fold=3/12 [###---------------] 2/12  17%
[model:PatchTST] idx=6/9 status=queued [------------------] 0/1   0%
[model:iTransformer] idx=7/9 status=queued [------------------] 0/1   0%
[model:TimesNet] idx=8/9 status=queued [------------------] 0/1   0%
[model:Naive] idx=9/9 status=queued [------------------] 0/1   0%
[summary] completed=3/9 failed=0 queued=4 current=Autoformer(4/9),FEDformer(5/9)
[model:LSTM] idx=1/9 status=completed phase=replay [##################] 12/12 100% returncode=0
[model:NHITS] idx=2/9 status=completed phase=replay [##################] 12/12 100% returncode=0
[model:DLinear] idx=3/9 status=completed phase=replay [##################] 12/12 100% returncode=0
[model:Autoformer] idx=4/9 status=running phase=replay fold=6/12 [########----------] 5/12  42%
[model:FEDformer] idx=5/9 status=running phase=replay fold=3/12 [###---------------] 2/12  17%
[model:PatchTST] idx=6/9 status=queued [------------------] 0/1   0%
[model:iTransformer] idx=7/9 status=queued [------------------] 0/1   0%
[model:TimesNet] idx=8/9 status=queued [------------------] 0/1   0%
[model:Naive] idx=9/9 status=queued [------------------] 0/1   0%
[summary] completed=3/9 failed=0 queued=4 current=Autoformer(4/9),FEDformer(5/9)
[model:LSTM] idx=1/9 status=completed phase=replay [##################] 12/12 100% returncode=0
[model:NHITS] idx=2/9 status=completed phase=replay [##################] 12/12 100% returncode=0
[model:DLinear] idx=3/9 status=completed phase=replay [##################] 12/12 100% returncode=0
[model:Autoformer] idx=4/9 status=running phase=replay fold=6/12 [#########---------] 6/12  50% mse=148.8730
[model:FEDformer] idx=5/9 status=running phase=replay fold=3/12 [###---------------] 2/12  17%
[model:PatchTST] idx=6/9 status=queued [------------------] 0/1   0%
[model:iTransformer] idx=7/9 status=queued [------------------] 0/1   0%
[model:TimesNet] idx=8/9 status=queued [------------------] 0/1   0%
[model:Naive] idx=9/9 status=queued [------------------] 0/1   0%
[summary] completed=3/9 failed=0 queued=4 current=Autoformer(4/9),FEDformer(5/9)
[model:LSTM] idx=1/9 status=completed phase=replay [##################] 12/12 100% returncode=0
[model:NHITS] idx=2/9 status=completed phase=replay [##################] 12/12 100% returncode=0
[model:DLinear] idx=3/9 status=completed phase=replay [##################] 12/12 100% returncode=0
[model:Autoformer] idx=4/9 status=running phase=replay fold=7/12 [#########---------] 6/12  50%
[model:FEDformer] idx=5/9 status=running phase=replay fold=3/12 [###---------------] 2/12  17%
[model:PatchTST] idx=6/9 status=queued [------------------] 0/1   0%
[model:iTransformer] idx=7/9 status=queued [------------------] 0/1   0%
[model:TimesNet] idx=8/9 status=queued [------------------] 0/1   0%
[model:Naive] idx=9/9 status=queued [------------------] 0/1   0%
