Seed set to 1
/home/sonet/.openclaw/workspace/research/neuralforecast/neuralforecast/common/_base_model.py:591: UserWarning: val_check_steps is greater than max_steps, setting val_check_steps to max_steps.
  warnings.warn(
GPU available: True (cuda), used: True
TPU available: False, using: 0 TPU cores
HPU available: False, using: 0 HPUs
`Trainer(val_check_interval=1)` was configured so validation will run after every batch.
You are using a CUDA device ('NVIDIA RTX A5000') that has Tensor Cores. To properly utilize them, you should set `torch.set_float32_matmul_precision('medium' | 'high')` which will trade-off precision for performance. For more details, read https://pytorch.org/docs/stable/generated/torch.set_float32_matmul_precision.html#torch.set_float32_matmul_precision
LOCAL_RANK: 0 - CUDA_VISIBLE_DEVICES: [0]

  | Name                    | Type                     | Params | Mode 
-----------------------------------------------------------------------------
0 | loss                    | MSE                      | 0      | train
1 | valid_loss              | MSE                      | 0      | train
2 | padder_train            | ConstantPad1d            | 0      | train
3 | scaler                  | TemporalNorm             | 0      | train
4 | embedding               | TFTEmbedding             | 512    | train
5 | temporal_encoder        | TemporalCovariateEncoder | 613 K  | train
6 | temporal_fusion_decoder | TemporalFusionDecoder    | 256 K  | train
7 | output_adapter          | Linear                   | 129    | train
-----------------------------------------------------------------------------
870 K     Trainable params
0         Non-trainable params
870 K     Total params
3.481     Total estimated model params size (MB)
89        Modules in train mode
0         Modules in eval mode
`Trainer.fit` stopped: `max_steps=1` reached.
GPU available: True (cuda), used: True
TPU available: False, using: 0 TPU cores
HPU available: False, using: 0 HPUs
`Trainer(val_check_interval=1)` was configured so validation will run after every batch.
LOCAL_RANK: 0 - CUDA_VISIBLE_DEVICES: [0]
Seed set to 1
/home/sonet/.openclaw/workspace/research/neuralforecast/neuralforecast/common/_base_model.py:591: UserWarning: val_check_steps is greater than max_steps, setting val_check_steps to max_steps.
  warnings.warn(
GPU available: True (cuda), used: True
TPU available: False, using: 0 TPU cores
HPU available: False, using: 0 HPUs
`Trainer(val_check_interval=1)` was configured so validation will run after every batch.
LOCAL_RANK: 0 - CUDA_VISIBLE_DEVICES: [0]

  | Name                    | Type                     | Params | Mode 
-----------------------------------------------------------------------------
0 | loss                    | MSE                      | 0      | train
1 | valid_loss              | MSE                      | 0      | train
2 | padder_train            | ConstantPad1d            | 0      | train
3 | scaler                  | TemporalNorm             | 0      | train
4 | embedding               | TFTEmbedding             | 512    | train
5 | temporal_encoder        | TemporalCovariateEncoder | 613 K  | train
6 | temporal_fusion_decoder | TemporalFusionDecoder    | 256 K  | train
7 | output_adapter          | Linear                   | 129    | train
-----------------------------------------------------------------------------
870 K     Trainable params
0         Non-trainable params
870 K     Total params
3.481     Total estimated model params size (MB)
89        Modules in train mode
0         Modules in eval mode
`Trainer.fit` stopped: `max_steps=1` reached.
GPU available: True (cuda), used: True
TPU available: False, using: 0 TPU cores
HPU available: False, using: 0 HPUs
`Trainer(val_check_interval=1)` was configured so validation will run after every batch.
LOCAL_RANK: 0 - CUDA_VISIBLE_DEVICES: [0]
