Seed set to 1
GPU available: True (cuda), used: True
TPU available: False, using: 0 TPU cores
HPU available: False, using: 0 HPUs
You are using a CUDA device ('NVIDIA RTX A5000') that has Tensor Cores. To properly utilize them, you should set `torch.set_float32_matmul_precision('medium' | 'high')` which will trade-off precision for performance. For more details, read https://pytorch.org/docs/stable/generated/torch.set_float32_matmul_precision.html#torch.set_float32_matmul_precision
LOCAL_RANK: 0 - CUDA_VISIBLE_DEVICES: [1]

  | Name          | Type                   | Params | Mode 
-----------------------------------------------------------------
0 | loss          | MSE                    | 0      | train
1 | valid_loss    | MSE                    | 0      | train
2 | padder_train  | ConstantPad1d          | 0      | train
3 | scaler        | TemporalNorm           | 0      | train
4 | enc_embedding | DataEmbedding_inverted | 4.2 K  | train
5 | encoder       | TransEncoder           | 100 K  | train
6 | projector     | Linear                 | 520    | train
-----------------------------------------------------------------
104 K     Trainable params
0         Non-trainable params
104 K     Total params
0.419     Total estimated model params size (MB)
37        Modules in train mode
0         Modules in eval mode
Trainer already configured with model summary callbacks: [<class 'pytorch_lightning.callbacks.model_summary.ModelSummary'>]. Skipping setting a default `ModelSummary` callback.
GPU available: True (cuda), used: True
TPU available: False, using: 0 TPU cores
HPU available: False, using: 0 HPUs
LOCAL_RANK: 0 - CUDA_VISIBLE_DEVICES: [1]
Seed set to 1
GPU available: True (cuda), used: True
TPU available: False, using: 0 TPU cores
HPU available: False, using: 0 HPUs
LOCAL_RANK: 0 - CUDA_VISIBLE_DEVICES: [1]

  | Name          | Type                   | Params | Mode 
-----------------------------------------------------------------
0 | loss          | MSE                    | 0      | train
1 | valid_loss    | MSE                    | 0      | train
2 | padder_train  | ConstantPad1d          | 0      | train
3 | scaler        | TemporalNorm           | 0      | train
4 | enc_embedding | DataEmbedding_inverted | 4.2 K  | train
5 | encoder       | TransEncoder           | 100 K  | train
6 | projector     | Linear                 | 520    | train
-----------------------------------------------------------------
104 K     Trainable params
0         Non-trainable params
104 K     Total params
0.419     Total estimated model params size (MB)
37        Modules in train mode
0         Modules in eval mode
`Trainer.fit` stopped: `max_steps=1000` reached.
Trainer already configured with model summary callbacks: [<class 'pytorch_lightning.callbacks.model_summary.ModelSummary'>]. Skipping setting a default `ModelSummary` callback.
GPU available: True (cuda), used: True
TPU available: False, using: 0 TPU cores
HPU available: False, using: 0 HPUs
LOCAL_RANK: 0 - CUDA_VISIBLE_DEVICES: [1]
Seed set to 1
GPU available: True (cuda), used: True
TPU available: False, using: 0 TPU cores
HPU available: False, using: 0 HPUs
LOCAL_RANK: 0 - CUDA_VISIBLE_DEVICES: [1]

  | Name          | Type                   | Params | Mode 
-----------------------------------------------------------------
0 | loss          | MSE                    | 0      | train
1 | valid_loss    | MSE                    | 0      | train
2 | padder_train  | ConstantPad1d          | 0      | train
3 | scaler        | TemporalNorm           | 0      | train
4 | enc_embedding | DataEmbedding_inverted | 4.2 K  | train
5 | encoder       | TransEncoder           | 100 K  | train
6 | projector     | Linear                 | 520    | train
-----------------------------------------------------------------
104 K     Trainable params
0         Non-trainable params
104 K     Total params
0.419     Total estimated model params size (MB)
37        Modules in train mode
0         Modules in eval mode
Trainer already configured with model summary callbacks: [<class 'pytorch_lightning.callbacks.model_summary.ModelSummary'>]. Skipping setting a default `ModelSummary` callback.
GPU available: True (cuda), used: True
TPU available: False, using: 0 TPU cores
HPU available: False, using: 0 HPUs
LOCAL_RANK: 0 - CUDA_VISIBLE_DEVICES: [1]
Seed set to 1
GPU available: True (cuda), used: True
TPU available: False, using: 0 TPU cores
HPU available: False, using: 0 HPUs
LOCAL_RANK: 0 - CUDA_VISIBLE_DEVICES: [1]

  | Name          | Type                   | Params | Mode 
-----------------------------------------------------------------
0 | loss          | MSE                    | 0      | train
1 | valid_loss    | MSE                    | 0      | train
2 | padder_train  | ConstantPad1d          | 0      | train
3 | scaler        | TemporalNorm           | 0      | train
4 | enc_embedding | DataEmbedding_inverted | 4.2 K  | train
5 | encoder       | TransEncoder           | 100 K  | train
6 | projector     | Linear                 | 520    | train
-----------------------------------------------------------------
104 K     Trainable params
0         Non-trainable params
104 K     Total params
0.419     Total estimated model params size (MB)
37        Modules in train mode
0         Modules in eval mode
`Trainer.fit` stopped: `max_steps=1000` reached.
Trainer already configured with model summary callbacks: [<class 'pytorch_lightning.callbacks.model_summary.ModelSummary'>]. Skipping setting a default `ModelSummary` callback.
GPU available: True (cuda), used: True
TPU available: False, using: 0 TPU cores
HPU available: False, using: 0 HPUs
LOCAL_RANK: 0 - CUDA_VISIBLE_DEVICES: [1]
Seed set to 1
GPU available: True (cuda), used: True
TPU available: False, using: 0 TPU cores
HPU available: False, using: 0 HPUs
LOCAL_RANK: 0 - CUDA_VISIBLE_DEVICES: [1]

  | Name          | Type                   | Params | Mode 
-----------------------------------------------------------------
0 | loss          | MSE                    | 0      | train
1 | valid_loss    | MSE                    | 0      | train
2 | padder_train  | ConstantPad1d          | 0      | train
3 | scaler        | TemporalNorm           | 0      | train
4 | enc_embedding | DataEmbedding_inverted | 4.2 K  | train
5 | encoder       | TransEncoder           | 100 K  | train
6 | projector     | Linear                 | 520    | train
-----------------------------------------------------------------
104 K     Trainable params
0         Non-trainable params
104 K     Total params
0.419     Total estimated model params size (MB)
37        Modules in train mode
0         Modules in eval mode
`Trainer.fit` stopped: `max_steps=1000` reached.
Trainer already configured with model summary callbacks: [<class 'pytorch_lightning.callbacks.model_summary.ModelSummary'>]. Skipping setting a default `ModelSummary` callback.
GPU available: True (cuda), used: True
TPU available: False, using: 0 TPU cores
HPU available: False, using: 0 HPUs
LOCAL_RANK: 0 - CUDA_VISIBLE_DEVICES: [1]
Seed set to 1
GPU available: True (cuda), used: True
TPU available: False, using: 0 TPU cores
HPU available: False, using: 0 HPUs
LOCAL_RANK: 0 - CUDA_VISIBLE_DEVICES: [1]

  | Name          | Type                   | Params | Mode 
-----------------------------------------------------------------
0 | loss          | MSE                    | 0      | train
1 | valid_loss    | MSE                    | 0      | train
2 | padder_train  | ConstantPad1d          | 0      | train
3 | scaler        | TemporalNorm           | 0      | train
4 | enc_embedding | DataEmbedding_inverted | 4.2 K  | train
5 | encoder       | TransEncoder           | 100 K  | train
6 | projector     | Linear                 | 520    | train
-----------------------------------------------------------------
104 K     Trainable params
0         Non-trainable params
104 K     Total params
0.419     Total estimated model params size (MB)
37        Modules in train mode
0         Modules in eval mode
Trainer already configured with model summary callbacks: [<class 'pytorch_lightning.callbacks.model_summary.ModelSummary'>]. Skipping setting a default `ModelSummary` callback.
GPU available: True (cuda), used: True
TPU available: False, using: 0 TPU cores
HPU available: False, using: 0 HPUs
LOCAL_RANK: 0 - CUDA_VISIBLE_DEVICES: [1]
Seed set to 1
GPU available: True (cuda), used: True
TPU available: False, using: 0 TPU cores
HPU available: False, using: 0 HPUs
LOCAL_RANK: 0 - CUDA_VISIBLE_DEVICES: [1]

  | Name          | Type                   | Params | Mode 
-----------------------------------------------------------------
0 | loss          | MSE                    | 0      | train
1 | valid_loss    | MSE                    | 0      | train
2 | padder_train  | ConstantPad1d          | 0      | train
3 | scaler        | TemporalNorm           | 0      | train
4 | enc_embedding | DataEmbedding_inverted | 4.2 K  | train
5 | encoder       | TransEncoder           | 100 K  | train
6 | projector     | Linear                 | 520    | train
-----------------------------------------------------------------
104 K     Trainable params
0         Non-trainable params
104 K     Total params
0.419     Total estimated model params size (MB)
37        Modules in train mode
0         Modules in eval mode
Trainer already configured with model summary callbacks: [<class 'pytorch_lightning.callbacks.model_summary.ModelSummary'>]. Skipping setting a default `ModelSummary` callback.
GPU available: True (cuda), used: True
TPU available: False, using: 0 TPU cores
HPU available: False, using: 0 HPUs
LOCAL_RANK: 0 - CUDA_VISIBLE_DEVICES: [1]
Seed set to 1
GPU available: True (cuda), used: True
TPU available: False, using: 0 TPU cores
HPU available: False, using: 0 HPUs
LOCAL_RANK: 0 - CUDA_VISIBLE_DEVICES: [1]

  | Name          | Type                   | Params | Mode 
-----------------------------------------------------------------
0 | loss          | MSE                    | 0      | train
1 | valid_loss    | MSE                    | 0      | train
2 | padder_train  | ConstantPad1d          | 0      | train
3 | scaler        | TemporalNorm           | 0      | train
4 | enc_embedding | DataEmbedding_inverted | 4.2 K  | train
5 | encoder       | TransEncoder           | 100 K  | train
6 | projector     | Linear                 | 520    | train
-----------------------------------------------------------------
104 K     Trainable params
0         Non-trainable params
104 K     Total params
0.419     Total estimated model params size (MB)
37        Modules in train mode
0         Modules in eval mode
`Trainer.fit` stopped: `max_steps=1000` reached.
Trainer already configured with model summary callbacks: [<class 'pytorch_lightning.callbacks.model_summary.ModelSummary'>]. Skipping setting a default `ModelSummary` callback.
GPU available: True (cuda), used: True
TPU available: False, using: 0 TPU cores
HPU available: False, using: 0 HPUs
LOCAL_RANK: 0 - CUDA_VISIBLE_DEVICES: [1]
Seed set to 1
GPU available: True (cuda), used: True
TPU available: False, using: 0 TPU cores
HPU available: False, using: 0 HPUs
LOCAL_RANK: 0 - CUDA_VISIBLE_DEVICES: [1]

  | Name          | Type                   | Params | Mode 
-----------------------------------------------------------------
0 | loss          | MSE                    | 0      | train
1 | valid_loss    | MSE                    | 0      | train
2 | padder_train  | ConstantPad1d          | 0      | train
3 | scaler        | TemporalNorm           | 0      | train
4 | enc_embedding | DataEmbedding_inverted | 4.2 K  | train
5 | encoder       | TransEncoder           | 100 K  | train
6 | projector     | Linear                 | 520    | train
-----------------------------------------------------------------
104 K     Trainable params
0         Non-trainable params
104 K     Total params
0.419     Total estimated model params size (MB)
37        Modules in train mode
0         Modules in eval mode
Trainer already configured with model summary callbacks: [<class 'pytorch_lightning.callbacks.model_summary.ModelSummary'>]. Skipping setting a default `ModelSummary` callback.
GPU available: True (cuda), used: True
TPU available: False, using: 0 TPU cores
HPU available: False, using: 0 HPUs
LOCAL_RANK: 0 - CUDA_VISIBLE_DEVICES: [1]
Seed set to 1
GPU available: True (cuda), used: True
TPU available: False, using: 0 TPU cores
HPU available: False, using: 0 HPUs
LOCAL_RANK: 0 - CUDA_VISIBLE_DEVICES: [1]

  | Name          | Type                   | Params | Mode 
-----------------------------------------------------------------
0 | loss          | MSE                    | 0      | train
1 | valid_loss    | MSE                    | 0      | train
2 | padder_train  | ConstantPad1d          | 0      | train
3 | scaler        | TemporalNorm           | 0      | train
4 | enc_embedding | DataEmbedding_inverted | 4.2 K  | train
5 | encoder       | TransEncoder           | 100 K  | train
6 | projector     | Linear                 | 520    | train
-----------------------------------------------------------------
104 K     Trainable params
0         Non-trainable params
104 K     Total params
0.419     Total estimated model params size (MB)
37        Modules in train mode
0         Modules in eval mode
`Trainer.fit` stopped: `max_steps=1000` reached.
Trainer already configured with model summary callbacks: [<class 'pytorch_lightning.callbacks.model_summary.ModelSummary'>]. Skipping setting a default `ModelSummary` callback.
GPU available: True (cuda), used: True
TPU available: False, using: 0 TPU cores
HPU available: False, using: 0 HPUs
LOCAL_RANK: 0 - CUDA_VISIBLE_DEVICES: [1]
Seed set to 1
GPU available: True (cuda), used: True
TPU available: False, using: 0 TPU cores
HPU available: False, using: 0 HPUs
LOCAL_RANK: 0 - CUDA_VISIBLE_DEVICES: [1]

  | Name          | Type                   | Params | Mode 
-----------------------------------------------------------------
0 | loss          | MSE                    | 0      | train
1 | valid_loss    | MSE                    | 0      | train
2 | padder_train  | ConstantPad1d          | 0      | train
3 | scaler        | TemporalNorm           | 0      | train
4 | enc_embedding | DataEmbedding_inverted | 4.2 K  | train
5 | encoder       | TransEncoder           | 100 K  | train
6 | projector     | Linear                 | 520    | train
-----------------------------------------------------------------
104 K     Trainable params
0         Non-trainable params
104 K     Total params
0.419     Total estimated model params size (MB)
37        Modules in train mode
0         Modules in eval mode
`Trainer.fit` stopped: `max_steps=1000` reached.
Trainer already configured with model summary callbacks: [<class 'pytorch_lightning.callbacks.model_summary.ModelSummary'>]. Skipping setting a default `ModelSummary` callback.
GPU available: True (cuda), used: True
TPU available: False, using: 0 TPU cores
HPU available: False, using: 0 HPUs
LOCAL_RANK: 0 - CUDA_VISIBLE_DEVICES: [1]
Seed set to 1
GPU available: True (cuda), used: True
TPU available: False, using: 0 TPU cores
HPU available: False, using: 0 HPUs
LOCAL_RANK: 0 - CUDA_VISIBLE_DEVICES: [1]

  | Name          | Type                   | Params | Mode 
-----------------------------------------------------------------
0 | loss          | MSE                    | 0      | train
1 | valid_loss    | MSE                    | 0      | train
2 | padder_train  | ConstantPad1d          | 0      | train
3 | scaler        | TemporalNorm           | 0      | train
4 | enc_embedding | DataEmbedding_inverted | 4.2 K  | train
5 | encoder       | TransEncoder           | 100 K  | train
6 | projector     | Linear                 | 520    | train
-----------------------------------------------------------------
104 K     Trainable params
0         Non-trainable params
104 K     Total params
0.419     Total estimated model params size (MB)
37        Modules in train mode
0         Modules in eval mode
Trainer already configured with model summary callbacks: [<class 'pytorch_lightning.callbacks.model_summary.ModelSummary'>]. Skipping setting a default `ModelSummary` callback.
GPU available: True (cuda), used: True
TPU available: False, using: 0 TPU cores
HPU available: False, using: 0 HPUs
LOCAL_RANK: 0 - CUDA_VISIBLE_DEVICES: [1]
