[I 2026-03-21 19:09:25,565] A new study created in Journal with name: neuralforecast::brentoil_case4_HPT::DLinear::main-search::f0ae6c824f2d
Seed set to 1
GPU available: True (cuda), used: True
TPU available: False, using: 0 TPU cores
HPU available: False, using: 0 HPUs
You are using a CUDA device ('NVIDIA RTX A5000') that has Tensor Cores. To properly utilize them, you should set `torch.set_float32_matmul_precision('medium' | 'high')` which will trade-off precision for performance. For more details, read https://pytorch.org/docs/stable/generated/torch.set_float32_matmul_precision.html#torch.set_float32_matmul_precision
LOCAL_RANK: 0 - CUDA_VISIBLE_DEVICES: [1]

  | Name          | Type          | Params | Mode 
--------------------------------------------------------
0 | loss          | MSE           | 0      | train
1 | valid_loss    | MSE           | 0      | train
2 | padder_train  | ConstantPad1d | 0      | train
3 | scaler        | TemporalNorm  | 0      | train
4 | decomp        | SeriesDecomp  | 0      | train
5 | linear_trend  | Linear        | 584    | train
6 | linear_season | Linear        | 584    | train
--------------------------------------------------------
1.2 K     Trainable params
0         Non-trainable params
1.2 K     Total params
0.005     Total estimated model params size (MB)
9         Modules in train mode
0         Modules in eval mode
`Trainer.fit` stopped: `max_steps=500` reached.
GPU available: True (cuda), used: True
TPU available: False, using: 0 TPU cores
HPU available: False, using: 0 HPUs
LOCAL_RANK: 0 - CUDA_VISIBLE_DEVICES: [1]
Seed set to 1
GPU available: True (cuda), used: True
TPU available: False, using: 0 TPU cores
HPU available: False, using: 0 HPUs
LOCAL_RANK: 0 - CUDA_VISIBLE_DEVICES: [1]

  | Name          | Type          | Params | Mode 
--------------------------------------------------------
0 | loss          | MSE           | 0      | train
1 | valid_loss    | MSE           | 0      | train
2 | padder_train  | ConstantPad1d | 0      | train
3 | scaler        | TemporalNorm  | 0      | train
4 | decomp        | SeriesDecomp  | 0      | train
5 | linear_trend  | Linear        | 584    | train
6 | linear_season | Linear        | 584    | train
--------------------------------------------------------
1.2 K     Trainable params
0         Non-trainable params
1.2 K     Total params
0.005     Total estimated model params size (MB)
9         Modules in train mode
0         Modules in eval mode
`Trainer.fit` stopped: `max_steps=500` reached.
GPU available: True (cuda), used: True
TPU available: False, using: 0 TPU cores
HPU available: False, using: 0 HPUs
LOCAL_RANK: 0 - CUDA_VISIBLE_DEVICES: [1]
Seed set to 1
GPU available: True (cuda), used: True
TPU available: False, using: 0 TPU cores
HPU available: False, using: 0 HPUs
LOCAL_RANK: 0 - CUDA_VISIBLE_DEVICES: [1]

  | Name          | Type          | Params | Mode 
--------------------------------------------------------
0 | loss          | MSE           | 0      | train
1 | valid_loss    | MSE           | 0      | train
2 | padder_train  | ConstantPad1d | 0      | train
3 | scaler        | TemporalNorm  | 0      | train
4 | decomp        | SeriesDecomp  | 0      | train
5 | linear_trend  | Linear        | 584    | train
6 | linear_season | Linear        | 584    | train
--------------------------------------------------------
1.2 K     Trainable params
0         Non-trainable params
1.2 K     Total params
0.005     Total estimated model params size (MB)
9         Modules in train mode
0         Modules in eval mode
`Trainer.fit` stopped: `max_steps=500` reached.
GPU available: True (cuda), used: True
TPU available: False, using: 0 TPU cores
HPU available: False, using: 0 HPUs
LOCAL_RANK: 0 - CUDA_VISIBLE_DEVICES: [1]
Seed set to 1
GPU available: True (cuda), used: True
TPU available: False, using: 0 TPU cores
HPU available: False, using: 0 HPUs
LOCAL_RANK: 0 - CUDA_VISIBLE_DEVICES: [1]

  | Name          | Type          | Params | Mode 
--------------------------------------------------------
0 | loss          | MSE           | 0      | train
1 | valid_loss    | MSE           | 0      | train
2 | padder_train  | ConstantPad1d | 0      | train
3 | scaler        | TemporalNorm  | 0      | train
4 | decomp        | SeriesDecomp  | 0      | train
5 | linear_trend  | Linear        | 584    | train
6 | linear_season | Linear        | 584    | train
--------------------------------------------------------
1.2 K     Trainable params
0         Non-trainable params
1.2 K     Total params
0.005     Total estimated model params size (MB)
9         Modules in train mode
0         Modules in eval mode
`Trainer.fit` stopped: `max_steps=500` reached.
GPU available: True (cuda), used: True
TPU available: False, using: 0 TPU cores
HPU available: False, using: 0 HPUs
LOCAL_RANK: 0 - CUDA_VISIBLE_DEVICES: [1]
Seed set to 1
GPU available: True (cuda), used: True
TPU available: False, using: 0 TPU cores
HPU available: False, using: 0 HPUs
LOCAL_RANK: 0 - CUDA_VISIBLE_DEVICES: [1]

  | Name          | Type          | Params | Mode 
--------------------------------------------------------
0 | loss          | MSE           | 0      | train
1 | valid_loss    | MSE           | 0      | train
2 | padder_train  | ConstantPad1d | 0      | train
3 | scaler        | TemporalNorm  | 0      | train
4 | decomp        | SeriesDecomp  | 0      | train
5 | linear_trend  | Linear        | 584    | train
6 | linear_season | Linear        | 584    | train
--------------------------------------------------------
1.2 K     Trainable params
0         Non-trainable params
1.2 K     Total params
0.005     Total estimated model params size (MB)
9         Modules in train mode
0         Modules in eval mode
`Trainer.fit` stopped: `max_steps=500` reached.
GPU available: True (cuda), used: True
TPU available: False, using: 0 TPU cores
HPU available: False, using: 0 HPUs
LOCAL_RANK: 0 - CUDA_VISIBLE_DEVICES: [1]
[I 2026-03-21 19:09:34,254] Trial 0 finished with value: 181.24734625910486 and parameters: {'moving_avg_window': 9, 'input_size': 72, 'batch_size': 64, 'valid_batch_size': 32, 'windows_batch_size': 1024, 'inference_windows_batch_size': 256, 'learning_rate': 0.006482696165703864, 'scaler_type': None, 'step_size': 12, 'max_steps': 500, 'val_check_steps': 50, 'early_stop_patience_steps': -1, 'num_lr_decays': 2}. Best is trial 0 with value: 181.24734625910486.
Seed set to 1
GPU available: True (cuda), used: True
TPU available: False, using: 0 TPU cores
HPU available: False, using: 0 HPUs
LOCAL_RANK: 0 - CUDA_VISIBLE_DEVICES: [1]

  | Name          | Type          | Params | Mode 
--------------------------------------------------------
0 | loss          | MSE           | 0      | train
1 | valid_loss    | MSE           | 0      | train
2 | padder_train  | ConstantPad1d | 0      | train
3 | scaler        | TemporalNorm  | 0      | train
4 | decomp        | SeriesDecomp  | 0      | train
5 | linear_trend  | Linear        | 776    | train
6 | linear_season | Linear        | 776    | train
--------------------------------------------------------
1.6 K     Trainable params
0         Non-trainable params
1.6 K     Total params
0.006     Total estimated model params size (MB)
9         Modules in train mode
0         Modules in eval mode
`Trainer.fit` stopped: `max_steps=500` reached.
Trainer already configured with model summary callbacks: [<class 'pytorch_lightning.callbacks.model_summary.ModelSummary'>]. Skipping setting a default `ModelSummary` callback.
GPU available: True (cuda), used: True
TPU available: False, using: 0 TPU cores
HPU available: False, using: 0 HPUs
LOCAL_RANK: 0 - CUDA_VISIBLE_DEVICES: [1]
Seed set to 1
GPU available: True (cuda), used: True
TPU available: False, using: 0 TPU cores
HPU available: False, using: 0 HPUs
LOCAL_RANK: 0 - CUDA_VISIBLE_DEVICES: [1]

  | Name          | Type          | Params | Mode 
--------------------------------------------------------
0 | loss          | MSE           | 0      | train
1 | valid_loss    | MSE           | 0      | train
2 | padder_train  | ConstantPad1d | 0      | train
3 | scaler        | TemporalNorm  | 0      | train
4 | decomp        | SeriesDecomp  | 0      | train
5 | linear_trend  | Linear        | 776    | train
6 | linear_season | Linear        | 776    | train
--------------------------------------------------------
1.6 K     Trainable params
0         Non-trainable params
1.6 K     Total params
0.006     Total estimated model params size (MB)
9         Modules in train mode
0         Modules in eval mode
`Trainer.fit` stopped: `max_steps=500` reached.
Trainer already configured with model summary callbacks: [<class 'pytorch_lightning.callbacks.model_summary.ModelSummary'>]. Skipping setting a default `ModelSummary` callback.
GPU available: True (cuda), used: True
TPU available: False, using: 0 TPU cores
HPU available: False, using: 0 HPUs
LOCAL_RANK: 0 - CUDA_VISIBLE_DEVICES: [1]
Seed set to 1
GPU available: True (cuda), used: True
TPU available: False, using: 0 TPU cores
HPU available: False, using: 0 HPUs
LOCAL_RANK: 0 - CUDA_VISIBLE_DEVICES: [1]

  | Name          | Type          | Params | Mode 
--------------------------------------------------------
0 | loss          | MSE           | 0      | train
1 | valid_loss    | MSE           | 0      | train
2 | padder_train  | ConstantPad1d | 0      | train
3 | scaler        | TemporalNorm  | 0      | train
4 | decomp        | SeriesDecomp  | 0      | train
5 | linear_trend  | Linear        | 776    | train
6 | linear_season | Linear        | 776    | train
--------------------------------------------------------
1.6 K     Trainable params
0         Non-trainable params
1.6 K     Total params
0.006     Total estimated model params size (MB)
9         Modules in train mode
0         Modules in eval mode
`Trainer.fit` stopped: `max_steps=500` reached.
Trainer already configured with model summary callbacks: [<class 'pytorch_lightning.callbacks.model_summary.ModelSummary'>]. Skipping setting a default `ModelSummary` callback.
GPU available: True (cuda), used: True
TPU available: False, using: 0 TPU cores
HPU available: False, using: 0 HPUs
LOCAL_RANK: 0 - CUDA_VISIBLE_DEVICES: [1]
Seed set to 1
GPU available: True (cuda), used: True
TPU available: False, using: 0 TPU cores
HPU available: False, using: 0 HPUs
LOCAL_RANK: 0 - CUDA_VISIBLE_DEVICES: [1]

  | Name          | Type          | Params | Mode 
--------------------------------------------------------
0 | loss          | MSE           | 0      | train
1 | valid_loss    | MSE           | 0      | train
2 | padder_train  | ConstantPad1d | 0      | train
3 | scaler        | TemporalNorm  | 0      | train
4 | decomp        | SeriesDecomp  | 0      | train
5 | linear_trend  | Linear        | 776    | train
6 | linear_season | Linear        | 776    | train
--------------------------------------------------------
1.6 K     Trainable params
0         Non-trainable params
1.6 K     Total params
0.006     Total estimated model params size (MB)
9         Modules in train mode
0         Modules in eval mode
`Trainer.fit` stopped: `max_steps=500` reached.
Trainer already configured with model summary callbacks: [<class 'pytorch_lightning.callbacks.model_summary.ModelSummary'>]. Skipping setting a default `ModelSummary` callback.
GPU available: True (cuda), used: True
TPU available: False, using: 0 TPU cores
HPU available: False, using: 0 HPUs
LOCAL_RANK: 0 - CUDA_VISIBLE_DEVICES: [1]
Seed set to 1
GPU available: True (cuda), used: True
TPU available: False, using: 0 TPU cores
HPU available: False, using: 0 HPUs
LOCAL_RANK: 0 - CUDA_VISIBLE_DEVICES: [1]

  | Name          | Type          | Params | Mode 
--------------------------------------------------------
0 | loss          | MSE           | 0      | train
1 | valid_loss    | MSE           | 0      | train
2 | padder_train  | ConstantPad1d | 0      | train
3 | scaler        | TemporalNorm  | 0      | train
4 | decomp        | SeriesDecomp  | 0      | train
5 | linear_trend  | Linear        | 776    | train
6 | linear_season | Linear        | 776    | train
--------------------------------------------------------
1.6 K     Trainable params
0         Non-trainable params
1.6 K     Total params
0.006     Total estimated model params size (MB)
9         Modules in train mode
0         Modules in eval mode
`Trainer.fit` stopped: `max_steps=500` reached.
Trainer already configured with model summary callbacks: [<class 'pytorch_lightning.callbacks.model_summary.ModelSummary'>]. Skipping setting a default `ModelSummary` callback.
GPU available: True (cuda), used: True
TPU available: False, using: 0 TPU cores
HPU available: False, using: 0 HPUs
LOCAL_RANK: 0 - CUDA_VISIBLE_DEVICES: [1]
[I 2026-03-21 19:09:46,214] Trial 1 finished with value: 69.27618206625313 and parameters: {'moving_avg_window': 25, 'input_size': 96, 'batch_size': 16, 'valid_batch_size': 16, 'windows_batch_size': 1024, 'inference_windows_batch_size': 512, 'learning_rate': 0.0004889024838303107, 'scaler_type': 'identity', 'step_size': 12, 'max_steps': 500, 'val_check_steps': 200, 'early_stop_patience_steps': 20, 'num_lr_decays': 1}. Best is trial 1 with value: 69.27618206625313.
Seed set to 1
GPU available: True (cuda), used: True
TPU available: False, using: 0 TPU cores
HPU available: False, using: 0 HPUs
LOCAL_RANK: 0 - CUDA_VISIBLE_DEVICES: [1]

  | Name          | Type          | Params | Mode 
--------------------------------------------------------
0 | loss          | MSE           | 0      | train
1 | valid_loss    | MSE           | 0      | train
2 | padder_train  | ConstantPad1d | 0      | train
3 | scaler        | TemporalNorm  | 0      | train
4 | decomp        | SeriesDecomp  | 0      | train
5 | linear_trend  | Linear        | 520    | train
6 | linear_season | Linear        | 520    | train
--------------------------------------------------------
1.0 K     Trainable params
0         Non-trainable params
1.0 K     Total params
0.004     Total estimated model params size (MB)
9         Modules in train mode
0         Modules in eval mode
`Trainer.fit` stopped: `max_steps=800` reached.
Trainer already configured with model summary callbacks: [<class 'pytorch_lightning.callbacks.model_summary.ModelSummary'>]. Skipping setting a default `ModelSummary` callback.
GPU available: True (cuda), used: True
TPU available: False, using: 0 TPU cores
HPU available: False, using: 0 HPUs
LOCAL_RANK: 0 - CUDA_VISIBLE_DEVICES: [1]
Seed set to 1
GPU available: True (cuda), used: True
TPU available: False, using: 0 TPU cores
HPU available: False, using: 0 HPUs
LOCAL_RANK: 0 - CUDA_VISIBLE_DEVICES: [1]

  | Name          | Type          | Params | Mode 
--------------------------------------------------------
0 | loss          | MSE           | 0      | train
1 | valid_loss    | MSE           | 0      | train
2 | padder_train  | ConstantPad1d | 0      | train
3 | scaler        | TemporalNorm  | 0      | train
4 | decomp        | SeriesDecomp  | 0      | train
5 | linear_trend  | Linear        | 520    | train
6 | linear_season | Linear        | 520    | train
--------------------------------------------------------
1.0 K     Trainable params
0         Non-trainable params
1.0 K     Total params
0.004     Total estimated model params size (MB)
9         Modules in train mode
0         Modules in eval mode
`Trainer.fit` stopped: `max_steps=800` reached.
Trainer already configured with model summary callbacks: [<class 'pytorch_lightning.callbacks.model_summary.ModelSummary'>]. Skipping setting a default `ModelSummary` callback.
GPU available: True (cuda), used: True
TPU available: False, using: 0 TPU cores
HPU available: False, using: 0 HPUs
LOCAL_RANK: 0 - CUDA_VISIBLE_DEVICES: [1]
Seed set to 1
GPU available: True (cuda), used: True
TPU available: False, using: 0 TPU cores
HPU available: False, using: 0 HPUs
LOCAL_RANK: 0 - CUDA_VISIBLE_DEVICES: [1]

  | Name          | Type          | Params | Mode 
--------------------------------------------------------
0 | loss          | MSE           | 0      | train
1 | valid_loss    | MSE           | 0      | train
2 | padder_train  | ConstantPad1d | 0      | train
3 | scaler        | TemporalNorm  | 0      | train
4 | decomp        | SeriesDecomp  | 0      | train
5 | linear_trend  | Linear        | 520    | train
6 | linear_season | Linear        | 520    | train
--------------------------------------------------------
1.0 K     Trainable params
0         Non-trainable params
1.0 K     Total params
0.004     Total estimated model params size (MB)
9         Modules in train mode
0         Modules in eval mode
`Trainer.fit` stopped: `max_steps=800` reached.
Trainer already configured with model summary callbacks: [<class 'pytorch_lightning.callbacks.model_summary.ModelSummary'>]. Skipping setting a default `ModelSummary` callback.
GPU available: True (cuda), used: True
TPU available: False, using: 0 TPU cores
HPU available: False, using: 0 HPUs
LOCAL_RANK: 0 - CUDA_VISIBLE_DEVICES: [1]
Seed set to 1
GPU available: True (cuda), used: True
TPU available: False, using: 0 TPU cores
HPU available: False, using: 0 HPUs
LOCAL_RANK: 0 - CUDA_VISIBLE_DEVICES: [1]

  | Name          | Type          | Params | Mode 
--------------------------------------------------------
0 | loss          | MSE           | 0      | train
1 | valid_loss    | MSE           | 0      | train
2 | padder_train  | ConstantPad1d | 0      | train
3 | scaler        | TemporalNorm  | 0      | train
4 | decomp        | SeriesDecomp  | 0      | train
5 | linear_trend  | Linear        | 520    | train
6 | linear_season | Linear        | 520    | train
--------------------------------------------------------
1.0 K     Trainable params
0         Non-trainable params
1.0 K     Total params
0.004     Total estimated model params size (MB)
9         Modules in train mode
0         Modules in eval mode
`Trainer.fit` stopped: `max_steps=800` reached.
Trainer already configured with model summary callbacks: [<class 'pytorch_lightning.callbacks.model_summary.ModelSummary'>]. Skipping setting a default `ModelSummary` callback.
GPU available: True (cuda), used: True
TPU available: False, using: 0 TPU cores
HPU available: False, using: 0 HPUs
LOCAL_RANK: 0 - CUDA_VISIBLE_DEVICES: [1]
Seed set to 1
GPU available: True (cuda), used: True
TPU available: False, using: 0 TPU cores
HPU available: False, using: 0 HPUs
LOCAL_RANK: 0 - CUDA_VISIBLE_DEVICES: [1]

  | Name          | Type          | Params | Mode 
--------------------------------------------------------
0 | loss          | MSE           | 0      | train
1 | valid_loss    | MSE           | 0      | train
2 | padder_train  | ConstantPad1d | 0      | train
3 | scaler        | TemporalNorm  | 0      | train
4 | decomp        | SeriesDecomp  | 0      | train
5 | linear_trend  | Linear        | 520    | train
6 | linear_season | Linear        | 520    | train
--------------------------------------------------------
1.0 K     Trainable params
0         Non-trainable params
1.0 K     Total params
0.004     Total estimated model params size (MB)
9         Modules in train mode
0         Modules in eval mode
`Trainer.fit` stopped: `max_steps=800` reached.
Trainer already configured with model summary callbacks: [<class 'pytorch_lightning.callbacks.model_summary.ModelSummary'>]. Skipping setting a default `ModelSummary` callback.
GPU available: True (cuda), used: True
TPU available: False, using: 0 TPU cores
HPU available: False, using: 0 HPUs
LOCAL_RANK: 0 - CUDA_VISIBLE_DEVICES: [1]
[I 2026-03-21 19:10:01,109] Trial 2 finished with value: 73.47014212908674 and parameters: {'moving_avg_window': 5, 'input_size': 64, 'batch_size': 64, 'valid_batch_size': 64, 'windows_batch_size': 512, 'inference_windows_batch_size': 256, 'learning_rate': 0.00032165942998823845, 'scaler_type': 'identity', 'step_size': 8, 'max_steps': 800, 'val_check_steps': 100, 'early_stop_patience_steps': 10, 'num_lr_decays': -1}. Best is trial 1 with value: 69.27618206625313.
Seed set to 1
GPU available: True (cuda), used: True
TPU available: False, using: 0 TPU cores
HPU available: False, using: 0 HPUs
LOCAL_RANK: 0 - CUDA_VISIBLE_DEVICES: [1]

  | Name          | Type          | Params | Mode 
--------------------------------------------------------
0 | loss          | MSE           | 0      | train
1 | valid_loss    | MSE           | 0      | train
2 | padder_train  | ConstantPad1d | 0      | train
3 | scaler        | TemporalNorm  | 0      | train
4 | decomp        | SeriesDecomp  | 0      | train
5 | linear_trend  | Linear        | 392    | train
6 | linear_season | Linear        | 392    | train
--------------------------------------------------------
784       Trainable params
0         Non-trainable params
784       Total params
0.003     Total estimated model params size (MB)
9         Modules in train mode
0         Modules in eval mode
Trainer already configured with model summary callbacks: [<class 'pytorch_lightning.callbacks.model_summary.ModelSummary'>]. Skipping setting a default `ModelSummary` callback.
GPU available: True (cuda), used: True
TPU available: False, using: 0 TPU cores
HPU available: False, using: 0 HPUs
LOCAL_RANK: 0 - CUDA_VISIBLE_DEVICES: [1]
Seed set to 1
GPU available: True (cuda), used: True
TPU available: False, using: 0 TPU cores
HPU available: False, using: 0 HPUs
LOCAL_RANK: 0 - CUDA_VISIBLE_DEVICES: [1]

  | Name          | Type          | Params | Mode 
--------------------------------------------------------
0 | loss          | MSE           | 0      | train
1 | valid_loss    | MSE           | 0      | train
2 | padder_train  | ConstantPad1d | 0      | train
3 | scaler        | TemporalNorm  | 0      | train
4 | decomp        | SeriesDecomp  | 0      | train
5 | linear_trend  | Linear        | 392    | train
6 | linear_season | Linear        | 392    | train
--------------------------------------------------------
784       Trainable params
0         Non-trainable params
784       Total params
0.003     Total estimated model params size (MB)
9         Modules in train mode
0         Modules in eval mode
Trainer already configured with model summary callbacks: [<class 'pytorch_lightning.callbacks.model_summary.ModelSummary'>]. Skipping setting a default `ModelSummary` callback.
GPU available: True (cuda), used: True
TPU available: False, using: 0 TPU cores
HPU available: False, using: 0 HPUs
LOCAL_RANK: 0 - CUDA_VISIBLE_DEVICES: [1]
Seed set to 1
GPU available: True (cuda), used: True
TPU available: False, using: 0 TPU cores
HPU available: False, using: 0 HPUs
LOCAL_RANK: 0 - CUDA_VISIBLE_DEVICES: [1]

  | Name          | Type          | Params | Mode 
--------------------------------------------------------
0 | loss          | MSE           | 0      | train
1 | valid_loss    | MSE           | 0      | train
2 | padder_train  | ConstantPad1d | 0      | train
3 | scaler        | TemporalNorm  | 0      | train
4 | decomp        | SeriesDecomp  | 0      | train
5 | linear_trend  | Linear        | 392    | train
6 | linear_season | Linear        | 392    | train
--------------------------------------------------------
784       Trainable params
0         Non-trainable params
784       Total params
0.003     Total estimated model params size (MB)
9         Modules in train mode
0         Modules in eval mode
