[I 2026-03-22 13:52:39,364] A new study created in Journal with name: neuralforecast::brentoil_case3_HPT_n100::DLinear::main-search::8e4e1fa1c051
Seed set to 1
GPU available: True (cuda), used: True
TPU available: False, using: 0 TPU cores
HPU available: False, using: 0 HPUs
You are using a CUDA device ('NVIDIA RTX A5000') that has Tensor Cores. To properly utilize them, you should set `torch.set_float32_matmul_precision('medium' | 'high')` which will trade-off precision for performance. For more details, read https://pytorch.org/docs/stable/generated/torch.set_float32_matmul_precision.html#torch.set_float32_matmul_precision
LOCAL_RANK: 0 - CUDA_VISIBLE_DEVICES: [1]

  | Name          | Type          | Params | Mode
--------------------------------------------------------
0 | loss          | MSE           | 0      | train
1 | valid_loss    | MSE           | 0      | train
2 | padder_train  | ConstantPad1d | 0      | train
3 | scaler        | TemporalNorm  | 0      | train
4 | decomp        | SeriesDecomp  | 0      | train
5 | linear_trend  | Linear        | 584    | train
6 | linear_season | Linear        | 584    | train
--------------------------------------------------------
1.2 K     Trainable params
0         Non-trainable params
1.2 K     Total params
0.005     Total estimated model params size (MB)
9         Modules in train mode
0         Modules in eval mode
`Trainer.fit` stopped: `max_steps=1000` reached.
Trainer already configured with model summary callbacks: [<class 'pytorch_lightning.callbacks.model_summary.ModelSummary'>]. Skipping setting a default `ModelSummary` callback.
GPU available: True (cuda), used: True
TPU available: False, using: 0 TPU cores
HPU available: False, using: 0 HPUs
LOCAL_RANK: 0 - CUDA_VISIBLE_DEVICES: [1]
Seed set to 1
GPU available: True (cuda), used: True
TPU available: False, using: 0 TPU cores
HPU available: False, using: 0 HPUs
LOCAL_RANK: 0 - CUDA_VISIBLE_DEVICES: [1]

  | Name          | Type          | Params | Mode
--------------------------------------------------------
0 | loss          | MSE           | 0      | train
1 | valid_loss    | MSE           | 0      | train
2 | padder_train  | ConstantPad1d | 0      | train
3 | scaler        | TemporalNorm  | 0      | train
4 | decomp        | SeriesDecomp  | 0      | train
5 | linear_trend  | Linear        | 584    | train
6 | linear_season | Linear        | 584    | train
--------------------------------------------------------
1.2 K     Trainable params
0         Non-trainable params
1.2 K     Total params
0.005     Total estimated model params size (MB)
9         Modules in train mode
0         Modules in eval mode
`Trainer.fit` stopped: `max_steps=1000` reached.
Trainer already configured with model summary callbacks: [<class 'pytorch_lightning.callbacks.model_summary.ModelSummary'>]. Skipping setting a default `ModelSummary` callback.
GPU available: True (cuda), used: True
TPU available: False, using: 0 TPU cores
HPU available: False, using: 0 HPUs
LOCAL_RANK: 0 - CUDA_VISIBLE_DEVICES: [1]
Seed set to 1
GPU available: True (cuda), used: True
TPU available: False, using: 0 TPU cores
HPU available: False, using: 0 HPUs
LOCAL_RANK: 0 - CUDA_VISIBLE_DEVICES: [1]

  | Name          | Type          | Params | Mode
--------------------------------------------------------
0 | loss          | MSE           | 0      | train
1 | valid_loss    | MSE           | 0      | train
2 | padder_train  | ConstantPad1d | 0      | train
3 | scaler        | TemporalNorm  | 0      | train
4 | decomp        | SeriesDecomp  | 0      | train
5 | linear_trend  | Linear        | 584    | train
6 | linear_season | Linear        | 584    | train
--------------------------------------------------------
1.2 K     Trainable params
0         Non-trainable params
1.2 K     Total params
0.005     Total estimated model params size (MB)
9         Modules in train mode
0         Modules in eval mode
`Trainer.fit` stopped: `max_steps=1000` reached.
Trainer already configured with model summary callbacks: [<class 'pytorch_lightning.callbacks.model_summary.ModelSummary'>]. Skipping setting a default `ModelSummary` callback.
GPU available: True (cuda), used: True
TPU available: False, using: 0 TPU cores
HPU available: False, using: 0 HPUs
LOCAL_RANK: 0 - CUDA_VISIBLE_DEVICES: [1]
Seed set to 1
GPU available: True (cuda), used: True
TPU available: False, using: 0 TPU cores
HPU available: False, using: 0 HPUs
LOCAL_RANK: 0 - CUDA_VISIBLE_DEVICES: [1]

  | Name          | Type          | Params | Mode
--------------------------------------------------------
0 | loss          | MSE           | 0      | train
1 | valid_loss    | MSE           | 0      | train
2 | padder_train  | ConstantPad1d | 0      | train
3 | scaler        | TemporalNorm  | 0      | train
4 | decomp        | SeriesDecomp  | 0      | train
5 | linear_trend  | Linear        | 584    | train
6 | linear_season | Linear        | 584    | train
--------------------------------------------------------
1.2 K     Trainable params
0         Non-trainable params
1.2 K     Total params
0.005     Total estimated model params size (MB)
9         Modules in train mode
0         Modules in eval mode
`Trainer.fit` stopped: `max_steps=1000` reached.
Trainer already configured with model summary callbacks: [<class 'pytorch_lightning.callbacks.model_summary.ModelSummary'>]. Skipping setting a default `ModelSummary` callback.
GPU available: True (cuda), used: True
TPU available: False, using: 0 TPU cores
HPU available: False, using: 0 HPUs
LOCAL_RANK: 0 - CUDA_VISIBLE_DEVICES: [1]
Seed set to 1
GPU available: True (cuda), used: True
TPU available: False, using: 0 TPU cores
HPU available: False, using: 0 HPUs
LOCAL_RANK: 0 - CUDA_VISIBLE_DEVICES: [1]

  | Name          | Type          | Params | Mode
--------------------------------------------------------
0 | loss          | MSE           | 0      | train
1 | valid_loss    | MSE           | 0      | train
2 | padder_train  | ConstantPad1d | 0      | train
3 | scaler        | TemporalNorm  | 0      | train
4 | decomp        | SeriesDecomp  | 0      | train
5 | linear_trend  | Linear        | 584    | train
6 | linear_season | Linear        | 584    | train
--------------------------------------------------------
1.2 K     Trainable params
0         Non-trainable params
1.2 K     Total params
0.005     Total estimated model params size (MB)
9         Modules in train mode
0         Modules in eval mode
`Trainer.fit` stopped: `max_steps=1000` reached.
Trainer already configured with model summary callbacks: [<class 'pytorch_lightning.callbacks.model_summary.ModelSummary'>]. Skipping setting a default `ModelSummary` callback.
GPU available: True (cuda), used: True
TPU available: False, using: 0 TPU cores
HPU available: False, using: 0 HPUs
LOCAL_RANK: 0 - CUDA_VISIBLE_DEVICES: [1]
[I 2026-03-22 13:53:01,030] Trial 0 finished with value: 132.94351560269456 and parameters: {'moving_avg_window': 9, 'input_size': 72, 'learning_rate': 0.0033160988478351597, 'scaler_type': 'robust', 'model_step_size': 4}. Best is trial 0 with value: 132.94351560269456.
Seed set to 1
GPU available: True (cuda), used: True
TPU available: False, using: 0 TPU cores
HPU available: False, using: 0 HPUs
LOCAL_RANK: 0 - CUDA_VISIBLE_DEVICES: [1]

  | Name          | Type          | Params | Mode
--------------------------------------------------------
0 | loss          | MSE           | 0      | train
1 | valid_loss    | MSE           | 0      | train
2 | padder_train  | ConstantPad1d | 0      | train
3 | scaler        | TemporalNorm  | 0      | train
4 | decomp        | SeriesDecomp  | 0      | train
5 | linear_trend  | Linear        | 200    | train
6 | linear_season | Linear        | 200    | train
--------------------------------------------------------
400       Trainable params
0         Non-trainable params
400       Total params
0.002     Total estimated model params size (MB)
9         Modules in train mode
0         Modules in eval mode
`Trainer.fit` stopped: `max_steps=1000` reached.
Trainer already configured with model summary callbacks: [<class 'pytorch_lightning.callbacks.model_summary.ModelSummary'>]. Skipping setting a default `ModelSummary` callback.
GPU available: True (cuda), used: True
TPU available: False, using: 0 TPU cores
HPU available: False, using: 0 HPUs
LOCAL_RANK: 0 - CUDA_VISIBLE_DEVICES: [1]
Seed set to 1
GPU available: True (cuda), used: True
TPU available: False, using: 0 TPU cores
HPU available: False, using: 0 HPUs
LOCAL_RANK: 0 - CUDA_VISIBLE_DEVICES: [1]

  | Name          | Type          | Params | Mode
--------------------------------------------------------
0 | loss          | MSE           | 0      | train
1 | valid_loss    | MSE           | 0      | train
2 | padder_train  | ConstantPad1d | 0      | train
3 | scaler        | TemporalNorm  | 0      | train
4 | decomp        | SeriesDecomp  | 0      | train
5 | linear_trend  | Linear        | 200    | train
6 | linear_season | Linear        | 200    | train
--------------------------------------------------------
400       Trainable params
0         Non-trainable params
400       Total params
0.002     Total estimated model params size (MB)
9         Modules in train mode
0         Modules in eval mode
`Trainer.fit` stopped: `max_steps=1000` reached.
Trainer already configured with model summary callbacks: [<class 'pytorch_lightning.callbacks.model_summary.ModelSummary'>]. Skipping setting a default `ModelSummary` callback.
GPU available: True (cuda), used: True
TPU available: False, using: 0 TPU cores
HPU available: False, using: 0 HPUs
LOCAL_RANK: 0 - CUDA_VISIBLE_DEVICES: [1]
Seed set to 1
GPU available: True (cuda), used: True
TPU available: False, using: 0 TPU cores
HPU available: False, using: 0 HPUs
LOCAL_RANK: 0 - CUDA_VISIBLE_DEVICES: [1]

  | Name          | Type          | Params | Mode
--------------------------------------------------------
0 | loss          | MSE           | 0      | train
1 | valid_loss    | MSE           | 0      | train
2 | padder_train  | ConstantPad1d | 0      | train
3 | scaler        | TemporalNorm  | 0      | train
4 | decomp        | SeriesDecomp  | 0      | train
5 | linear_trend  | Linear        | 200    | train
6 | linear_season | Linear        | 200    | train
--------------------------------------------------------
400       Trainable params
0         Non-trainable params
400       Total params
0.002     Total estimated model params size (MB)
9         Modules in train mode
0         Modules in eval mode
`Trainer.fit` stopped: `max_steps=1000` reached.
Trainer already configured with model summary callbacks: [<class 'pytorch_lightning.callbacks.model_summary.ModelSummary'>]. Skipping setting a default `ModelSummary` callback.
GPU available: True (cuda), used: True
TPU available: False, using: 0 TPU cores
HPU available: False, using: 0 HPUs
LOCAL_RANK: 0 - CUDA_VISIBLE_DEVICES: [1]
Seed set to 1
GPU available: True (cuda), used: True
TPU available: False, using: 0 TPU cores
HPU available: False, using: 0 HPUs
LOCAL_RANK: 0 - CUDA_VISIBLE_DEVICES: [1]

  | Name          | Type          | Params | Mode
--------------------------------------------------------
0 | loss          | MSE           | 0      | train
1 | valid_loss    | MSE           | 0      | train
2 | padder_train  | ConstantPad1d | 0      | train
3 | scaler        | TemporalNorm  | 0      | train
4 | decomp        | SeriesDecomp  | 0      | train
5 | linear_trend  | Linear        | 200    | train
6 | linear_season | Linear        | 200    | train
--------------------------------------------------------
400       Trainable params
0         Non-trainable params
400       Total params
0.002     Total estimated model params size (MB)
9         Modules in train mode
0         Modules in eval mode
`Trainer.fit` stopped: `max_steps=1000` reached.
Trainer already configured with model summary callbacks: [<class 'pytorch_lightning.callbacks.model_summary.ModelSummary'>]. Skipping setting a default `ModelSummary` callback.
GPU available: True (cuda), used: True
TPU available: False, using: 0 TPU cores
HPU available: False, using: 0 HPUs
LOCAL_RANK: 0 - CUDA_VISIBLE_DEVICES: [1]
Seed set to 1
GPU available: True (cuda), used: True
TPU available: False, using: 0 TPU cores
HPU available: False, using: 0 HPUs
LOCAL_RANK: 0 - CUDA_VISIBLE_DEVICES: [1]

  | Name          | Type          | Params | Mode
--------------------------------------------------------
0 | loss          | MSE           | 0      | train
1 | valid_loss    | MSE           | 0      | train
2 | padder_train  | ConstantPad1d | 0      | train
3 | scaler        | TemporalNorm  | 0      | train
4 | decomp        | SeriesDecomp  | 0      | train
5 | linear_trend  | Linear        | 200    | train
6 | linear_season | Linear        | 200    | train
--------------------------------------------------------
400       Trainable params
0         Non-trainable params
400       Total params
0.002     Total estimated model params size (MB)
9         Modules in train mode
0         Modules in eval mode
`Trainer.fit` stopped: `max_steps=1000` reached.
Trainer already configured with model summary callbacks: [<class 'pytorch_lightning.callbacks.model_summary.ModelSummary'>]. Skipping setting a default `ModelSummary` callback.
GPU available: True (cuda), used: True
TPU available: False, using: 0 TPU cores
HPU available: False, using: 0 HPUs
LOCAL_RANK: 0 - CUDA_VISIBLE_DEVICES: [1]
[I 2026-03-22 13:53:20,153] Trial 1 finished with value: 47.16776209461632 and parameters: {'moving_avg_window': 9, 'input_size': 24, 'learning_rate': 0.0013134607710874548, 'scaler_type': None, 'model_step_size': 4}. Best is trial 1 with value: 47.16776209461632.
Seed set to 1
GPU available: True (cuda), used: True
TPU available: False, using: 0 TPU cores
HPU available: False, using: 0 HPUs
LOCAL_RANK: 0 - CUDA_VISIBLE_DEVICES: [1]

  | Name          | Type          | Params | Mode
--------------------------------------------------------
0 | loss          | MSE           | 0      | train
1 | valid_loss    | MSE           | 0      | train
2 | padder_train  | ConstantPad1d | 0      | train
3 | scaler        | TemporalNorm  | 0      | train
4 | decomp        | SeriesDecomp  | 0      | train
5 | linear_trend  | Linear        | 296    | train
6 | linear_season | Linear        | 296    | train
--------------------------------------------------------
592       Trainable params
0         Non-trainable params
592       Total params
0.002     Total estimated model params size (MB)
9         Modules in train mode
0         Modules in eval mode
`Trainer.fit` stopped: `max_steps=1000` reached.
Trainer already configured with model summary callbacks: [<class 'pytorch_lightning.callbacks.model_summary.ModelSummary'>]. Skipping setting a default `ModelSummary` callback.
GPU available: True (cuda), used: True
TPU available: False, using: 0 TPU cores
HPU available: False, using: 0 HPUs
LOCAL_RANK: 0 - CUDA_VISIBLE_DEVICES: [1]
Seed set to 1
GPU available: True (cuda), used: True
TPU available: False, using: 0 TPU cores
HPU available: False, using: 0 HPUs
LOCAL_RANK: 0 - CUDA_VISIBLE_DEVICES: [1]

  | Name          | Type          | Params | Mode
--------------------------------------------------------
0 | loss          | MSE           | 0      | train
1 | valid_loss    | MSE           | 0      | train
2 | padder_train  | ConstantPad1d | 0      | train
3 | scaler        | TemporalNorm  | 0      | train
4 | decomp        | SeriesDecomp  | 0      | train
5 | linear_trend  | Linear        | 296    | train
6 | linear_season | Linear        | 296    | train
--------------------------------------------------------
592       Trainable params
0         Non-trainable params
592       Total params
0.002     Total estimated model params size (MB)
9         Modules in train mode
0         Modules in eval mode
`Trainer.fit` stopped: `max_steps=1000` reached.
Trainer already configured with model summary callbacks: [<class 'pytorch_lightning.callbacks.model_summary.ModelSummary'>]. Skipping setting a default `ModelSummary` callback.
GPU available: True (cuda), used: True
TPU available: False, using: 0 TPU cores
HPU available: False, using: 0 HPUs
LOCAL_RANK: 0 - CUDA_VISIBLE_DEVICES: [1]
Seed set to 1
GPU available: True (cuda), used: True
TPU available: False, using: 0 TPU cores
HPU available: False, using: 0 HPUs
LOCAL_RANK: 0 - CUDA_VISIBLE_DEVICES: [1]

  | Name          | Type          | Params | Mode
--------------------------------------------------------
0 | loss          | MSE           | 0      | train
1 | valid_loss    | MSE           | 0      | train
2 | padder_train  | ConstantPad1d | 0      | train
3 | scaler        | TemporalNorm  | 0      | train
4 | decomp        | SeriesDecomp  | 0      | train
5 | linear_trend  | Linear        | 296    | train
6 | linear_season | Linear        | 296    | train
--------------------------------------------------------
592       Trainable params
0         Non-trainable params
592       Total params
0.002     Total estimated model params size (MB)
9         Modules in train mode
0         Modules in eval mode
`Trainer.fit` stopped: `max_steps=1000` reached.
Trainer already configured with model summary callbacks: [<class 'pytorch_lightning.callbacks.model_summary.ModelSummary'>]. Skipping setting a default `ModelSummary` callback.
GPU available: True (cuda), used: True
TPU available: False, using: 0 TPU cores
HPU available: False, using: 0 HPUs
LOCAL_RANK: 0 - CUDA_VISIBLE_DEVICES: [1]
Seed set to 1
GPU available: True (cuda), used: True
TPU available: False, using: 0 TPU cores
HPU available: False, using: 0 HPUs
LOCAL_RANK: 0 - CUDA_VISIBLE_DEVICES: [1]

  | Name          | Type          | Params | Mode
--------------------------------------------------------
0 | loss          | MSE           | 0      | train
1 | valid_loss    | MSE           | 0      | train
2 | padder_train  | ConstantPad1d | 0      | train
3 | scaler        | TemporalNorm  | 0      | train
4 | decomp        | SeriesDecomp  | 0      | train
5 | linear_trend  | Linear        | 296    | train
6 | linear_season | Linear        | 296    | train
--------------------------------------------------------
592       Trainable params
0         Non-trainable params
592       Total params
0.002     Total estimated model params size (MB)
9         Modules in train mode
0         Modules in eval mode
`Trainer.fit` stopped: `max_steps=1000` reached.
Trainer already configured with model summary callbacks: [<class 'pytorch_lightning.callbacks.model_summary.ModelSummary'>]. Skipping setting a default `ModelSummary` callback.
GPU available: True (cuda), used: True
TPU available: False, using: 0 TPU cores
HPU available: False, using: 0 HPUs
LOCAL_RANK: 0 - CUDA_VISIBLE_DEVICES: [1]
Seed set to 1
GPU available: True (cuda), used: True
TPU available: False, using: 0 TPU cores
HPU available: False, using: 0 HPUs
LOCAL_RANK: 0 - CUDA_VISIBLE_DEVICES: [1]

  | Name          | Type          | Params | Mode
--------------------------------------------------------
0 | loss          | MSE           | 0      | train
1 | valid_loss    | MSE           | 0      | train
2 | padder_train  | ConstantPad1d | 0      | train
3 | scaler        | TemporalNorm  | 0      | train
4 | decomp        | SeriesDecomp  | 0      | train
5 | linear_trend  | Linear        | 296    | train
6 | linear_season | Linear        | 296    | train
--------------------------------------------------------
592       Trainable params
0         Non-trainable params
592       Total params
0.002     Total estimated model params size (MB)
9         Modules in train mode
0         Modules in eval mode
`Trainer.fit` stopped: `max_steps=1000` reached.
Trainer already configured with model summary callbacks: [<class 'pytorch_lightning.callbacks.model_summary.ModelSummary'>]. Skipping setting a default `ModelSummary` callback.
GPU available: True (cuda), used: True
TPU available: False, using: 0 TPU cores
HPU available: False, using: 0 HPUs
LOCAL_RANK: 0 - CUDA_VISIBLE_DEVICES: [1]
[I 2026-03-22 13:53:41,033] Trial 2 finished with value: 179.84173601611457 and parameters: {'moving_avg_window': 5, 'input_size': 36, 'learning_rate': 0.0032426902024488, 'scaler_type': 'standard', 'model_step_size': 12}. Best is trial 1 with value: 47.16776209461632.
Seed set to 1
GPU available: True (cuda), used: True
TPU available: False, using: 0 TPU cores
HPU available: False, using: 0 HPUs
LOCAL_RANK: 0 - CUDA_VISIBLE_DEVICES: [1]

  | Name          | Type          | Params | Mode
--------------------------------------------------------
0 | loss          | MSE           | 0      | train
1 | valid_loss    | MSE           | 0      | train
2 | padder_train  | ConstantPad1d | 0      | train
3 | scaler        | TemporalNorm  | 0      | train
4 | decomp        | SeriesDecomp  | 0      | train
5 | linear_trend  | Linear        | 520    | train
6 | linear_season | Linear        | 520    | train
--------------------------------------------------------
1.0 K     Trainable params
0         Non-trainable params
1.0 K     Total params
0.004     Total estimated model params size (MB)
9         Modules in train mode
0         Modules in eval mode
`Trainer.fit` stopped: `max_steps=1000` reached.
Trainer already configured with model summary callbacks: [<class 'pytorch_lightning.callbacks.model_summary.ModelSummary'>]. Skipping setting a default `ModelSummary` callback.
GPU available: True (cuda), used: True
TPU available: False, using: 0 TPU cores
HPU available: False, using: 0 HPUs
LOCAL_RANK: 0 - CUDA_VISIBLE_DEVICES: [1]
Seed set to 1
GPU available: True (cuda), used: True
TPU available: False, using: 0 TPU cores
HPU available: False, using: 0 HPUs
LOCAL_RANK: 0 - CUDA_VISIBLE_DEVICES: [1]

  | Name          | Type          | Params | Mode
--------------------------------------------------------
0 | loss          | MSE           | 0      | train
1 | valid_loss    | MSE           | 0      | train
2 | padder_train  | ConstantPad1d | 0      | train
3 | scaler        | TemporalNorm  | 0      | train
4 | decomp        | SeriesDecomp  | 0      | train
5 | linear_trend  | Linear        | 520    | train
6 | linear_season | Linear        | 520    | train
--------------------------------------------------------
1.0 K     Trainable params
0         Non-trainable params
1.0 K     Total params
0.004     Total estimated model params size (MB)
9         Modules in train mode
0         Modules in eval mode
`Trainer.fit` stopped: `max_steps=1000` reached.
Trainer already configured with model summary callbacks: [<class 'pytorch_lightning.callbacks.model_summary.ModelSummary'>]. Skipping setting a default `ModelSummary` callback.
GPU available: True (cuda), used: True
TPU available: False, using: 0 TPU cores
HPU available: False, using: 0 HPUs
LOCAL_RANK: 0 - CUDA_VISIBLE_DEVICES: [1]
Seed set to 1
GPU available: True (cuda), used: True
TPU available: False, using: 0 TPU cores
HPU available: False, using: 0 HPUs
LOCAL_RANK: 0 - CUDA_VISIBLE_DEVICES: [1]

  | Name          | Type          | Params | Mode
--------------------------------------------------------
0 | loss          | MSE           | 0      | train
1 | valid_loss    | MSE           | 0      | train
2 | padder_train  | ConstantPad1d | 0      | train
3 | scaler        | TemporalNorm  | 0      | train
4 | decomp        | SeriesDecomp  | 0      | train
5 | linear_trend  | Linear        | 520    | train
6 | linear_season | Linear        | 520    | train
--------------------------------------------------------
1.0 K     Trainable params
0         Non-trainable params
1.0 K     Total params
0.004     Total estimated model params size (MB)
9         Modules in train mode
0         Modules in eval mode
`Trainer.fit` stopped: `max_steps=1000` reached.
Trainer already configured with model summary callbacks: [<class 'pytorch_lightning.callbacks.model_summary.ModelSummary'>]. Skipping setting a default `ModelSummary` callback.
GPU available: True (cuda), used: True
TPU available: False, using: 0 TPU cores
HPU available: False, using: 0 HPUs
LOCAL_RANK: 0 - CUDA_VISIBLE_DEVICES: [1]
Seed set to 1
GPU available: True (cuda), used: True
TPU available: False, using: 0 TPU cores
HPU available: False, using: 0 HPUs
LOCAL_RANK: 0 - CUDA_VISIBLE_DEVICES: [1]

  | Name          | Type          | Params | Mode
--------------------------------------------------------
0 | loss          | MSE           | 0      | train
1 | valid_loss    | MSE           | 0      | train
2 | padder_train  | ConstantPad1d | 0      | train
3 | scaler        | TemporalNorm  | 0      | train
4 | decomp        | SeriesDecomp  | 0      | train
5 | linear_trend  | Linear        | 520    | train
6 | linear_season | Linear        | 520    | train
--------------------------------------------------------
1.0 K     Trainable params
0         Non-trainable params
1.0 K     Total params
0.004     Total estimated model params size (MB)
9         Modules in train mode
0         Modules in eval mode
`Trainer.fit` stopped: `max_steps=1000` reached.
Trainer already configured with model summary callbacks: [<class 'pytorch_lightning.callbacks.model_summary.ModelSummary'>]. Skipping setting a default `ModelSummary` callback.
GPU available: True (cuda), used: True
TPU available: False, using: 0 TPU cores
HPU available: False, using: 0 HPUs
LOCAL_RANK: 0 - CUDA_VISIBLE_DEVICES: [1]
Seed set to 1
GPU available: True (cuda), used: True
TPU available: False, using: 0 TPU cores
HPU available: False, using: 0 HPUs
LOCAL_RANK: 0 - CUDA_VISIBLE_DEVICES: [1]

  | Name          | Type          | Params | Mode
--------------------------------------------------------
0 | loss          | MSE           | 0      | train
1 | valid_loss    | MSE           | 0      | train
2 | padder_train  | ConstantPad1d | 0      | train
3 | scaler        | TemporalNorm  | 0      | train
4 | decomp        | SeriesDecomp  | 0      | train
5 | linear_trend  | Linear        | 520    | train
6 | linear_season | Linear        | 520    | train
--------------------------------------------------------
1.0 K     Trainable params
0         Non-trainable params
1.0 K     Total params
0.004     Total estimated model params size (MB)
9         Modules in train mode
0         Modules in eval mode
`Trainer.fit` stopped: `max_steps=1000` reached.
Trainer already configured with model summary callbacks: [<class 'pytorch_lightning.callbacks.model_summary.ModelSummary'>]. Skipping setting a default `ModelSummary` callback.
GPU available: True (cuda), used: True
TPU available: False, using: 0 TPU cores
HPU available: False, using: 0 HPUs
LOCAL_RANK: 0 - CUDA_VISIBLE_DEVICES: [1]
[I 2026-03-22 13:54:03,127] Trial 3 finished with value: 59.173884998434914 and parameters: {'moving_avg_window': 13, 'input_size': 64, 'learning_rate': 0.0004858235461276981, 'scaler_type': 'robust', 'model_step_size': 1}. Best is trial 1 with value: 47.16776209461632.
Seed set to 1
GPU available: True (cuda), used: True
TPU available: False, using: 0 TPU cores
HPU available: False, using: 0 HPUs
LOCAL_RANK: 0 - CUDA_VISIBLE_DEVICES: [1]

  | Name          | Type          | Params | Mode
--------------------------------------------------------
0 | loss          | MSE           | 0      | train
1 | valid_loss    | MSE           | 0      | train
2 | padder_train  | ConstantPad1d | 0      | train
3 | scaler        | TemporalNorm  | 0      | train
4 | decomp        | SeriesDecomp  | 0      | train
5 | linear_trend  | Linear        | 392    | train
6 | linear_season | Linear        | 392    | train
--------------------------------------------------------
784       Trainable params
0         Non-trainable params
784       Total params
0.003     Total estimated model params size (MB)
9         Modules in train mode
0         Modules in eval mode
`Trainer.fit` stopped: `max_steps=1000` reached.
Trainer already configured with model summary callbacks: [<class 'pytorch_lightning.callbacks.model_summary.ModelSummary'>]. Skipping setting a default `ModelSummary` callback.
GPU available: True (cuda), used: True
TPU available: False, using: 0 TPU cores
HPU available: False, using: 0 HPUs
LOCAL_RANK: 0 - CUDA_VISIBLE_DEVICES: [1]
Seed set to 1
GPU available: True (cuda), used: True
TPU available: False, using: 0 TPU cores
HPU available: False, using: 0 HPUs
LOCAL_RANK: 0 - CUDA_VISIBLE_DEVICES: [1]

  | Name          | Type          | Params | Mode
--------------------------------------------------------
0 | loss          | MSE           | 0      | train
1 | valid_loss    | MSE           | 0      | train
2 | padder_train  | ConstantPad1d | 0      | train
3 | scaler        | TemporalNorm  | 0      | train
4 | decomp        | SeriesDecomp  | 0      | train
5 | linear_trend  | Linear        | 392    | train
6 | linear_season | Linear        | 392    | train
--------------------------------------------------------
784       Trainable params
0         Non-trainable params
784       Total params
0.003     Total estimated model params size (MB)
9         Modules in train mode
0         Modules in eval mode
`Trainer.fit` stopped: `max_steps=1000` reached.
Trainer already configured with model summary callbacks: [<class 'pytorch_lightning.callbacks.model_summary.ModelSummary'>]. Skipping setting a default `ModelSummary` callback.
GPU available: True (cuda), used: True
TPU available: False, using: 0 TPU cores
HPU available: False, using: 0 HPUs
LOCAL_RANK: 0 - CUDA_VISIBLE_DEVICES: [1]
Seed set to 1
GPU available: True (cuda), used: True
TPU available: False, using: 0 TPU cores
HPU available: False, using: 0 HPUs
LOCAL_RANK: 0 - CUDA_VISIBLE_DEVICES: [1]

  | Name          | Type          | Params | Mode
--------------------------------------------------------
0 | loss          | MSE           | 0      | train
1 | valid_loss    | MSE           | 0      | train
2 | padder_train  | ConstantPad1d | 0      | train
3 | scaler        | TemporalNorm  | 0      | train
4 | decomp        | SeriesDecomp  | 0      | train
5 | linear_trend  | Linear        | 392    | train
6 | linear_season | Linear        | 392    | train
--------------------------------------------------------
784       Trainable params
0         Non-trainable params
784       Total params
0.003     Total estimated model params size (MB)
9         Modules in train mode
0         Modules in eval mode
`Trainer.fit` stopped: `max_steps=1000` reached.
Trainer already configured with model summary callbacks: [<class 'pytorch_lightning.callbacks.model_summary.ModelSummary'>]. Skipping setting a default `ModelSummary` callback.
GPU available: True (cuda), used: True
TPU available: False, using: 0 TPU cores
HPU available: False, using: 0 HPUs
LOCAL_RANK: 0 - CUDA_VISIBLE_DEVICES: [1]
Seed set to 1
GPU available: True (cuda), used: True
TPU available: False, using: 0 TPU cores
HPU available: False, using: 0 HPUs
LOCAL_RANK: 0 - CUDA_VISIBLE_DEVICES: [1]

  | Name          | Type          | Params | Mode
--------------------------------------------------------
0 | loss          | MSE           | 0      | train
1 | valid_loss    | MSE           | 0      | train
2 | padder_train  | ConstantPad1d | 0      | train
3 | scaler        | TemporalNorm  | 0      | train
4 | decomp        | SeriesDecomp  | 0      | train
5 | linear_trend  | Linear        | 392    | train
6 | linear_season | Linear        | 392    | train
--------------------------------------------------------
784       Trainable params
0         Non-trainable params
784       Total params
0.003     Total estimated model params size (MB)
9         Modules in train mode
0         Modules in eval mode
`Trainer.fit` stopped: `max_steps=1000` reached.
Trainer already configured with model summary callbacks: [<class 'pytorch_lightning.callbacks.model_summary.ModelSummary'>]. Skipping setting a default `ModelSummary` callback.
GPU available: True (cuda), used: True
TPU available: False, using: 0 TPU cores
HPU available: False, using: 0 HPUs
LOCAL_RANK: 0 - CUDA_VISIBLE_DEVICES: [1]
Seed set to 1
GPU available: True (cuda), used: True
TPU available: False, using: 0 TPU cores
HPU available: False, using: 0 HPUs
LOCAL_RANK: 0 - CUDA_VISIBLE_DEVICES: [1]

  | Name          | Type          | Params | Mode
--------------------------------------------------------
0 | loss          | MSE           | 0      | train
1 | valid_loss    | MSE           | 0      | train
2 | padder_train  | ConstantPad1d | 0      | train
3 | scaler        | TemporalNorm  | 0      | train
4 | decomp        | SeriesDecomp  | 0      | train
5 | linear_trend  | Linear        | 392    | train
6 | linear_season | Linear        | 392    | train
--------------------------------------------------------
784       Trainable params
0         Non-trainable params
784       Total params
0.003     Total estimated model params size (MB)
9         Modules in train mode
0         Modules in eval mode
`Trainer.fit` stopped: `max_steps=1000` reached.
Trainer already configured with model summary callbacks: [<class 'pytorch_lightning.callbacks.model_summary.ModelSummary'>]. Skipping setting a default `ModelSummary` callback.
GPU available: True (cuda), used: True
TPU available: False, using: 0 TPU cores
HPU available: False, using: 0 HPUs
LOCAL_RANK: 0 - CUDA_VISIBLE_DEVICES: [1]
[I 2026-03-22 13:54:25,021] Trial 4 finished with value: 45.86458149465625 and parameters: {'moving_avg_window': 5, 'input_size': 48, 'learning_rate': 0.008376802297109241, 'scaler_type': 'robust', 'model_step_size': 1}. Best is trial 4 with value: 45.86458149465625.
Seed set to 1
GPU available: True (cuda), used: True
TPU available: False, using: 0 TPU cores
HPU available: False, using: 0 HPUs
LOCAL_RANK: 0 - CUDA_VISIBLE_DEVICES: [1]

  | Name          | Type          | Params | Mode
--------------------------------------------------------
0 | loss          | MSE           | 0      | train
1 | valid_loss    | MSE           | 0      | train
2 | padder_train  | ConstantPad1d | 0      | train
3 | scaler        | TemporalNorm  | 0      | train
4 | decomp        | SeriesDecomp  | 0      | train
5 | linear_trend  | Linear        | 584    | train
6 | linear_season | Linear        | 584    | train
--------------------------------------------------------
1.2 K     Trainable params
0         Non-trainable params
1.2 K     Total params
0.005     Total estimated model params size (MB)
9         Modules in train mode
0         Modules in eval mode
`Trainer.fit` stopped: `max_steps=1000` reached.
Trainer already configured with model summary callbacks: [<class 'pytorch_lightning.callbacks.model_summary.ModelSummary'>]. Skipping setting a default `ModelSummary` callback.
GPU available: True (cuda), used: True
TPU available: False, using: 0 TPU cores
HPU available: False, using: 0 HPUs
LOCAL_RANK: 0 - CUDA_VISIBLE_DEVICES: [1]
Seed set to 1
GPU available: True (cuda), used: True
TPU available: False, using: 0 TPU cores
HPU available: False, using: 0 HPUs
LOCAL_RANK: 0 - CUDA_VISIBLE_DEVICES: [1]

  | Name          | Type          | Params | Mode
--------------------------------------------------------
0 | loss          | MSE           | 0      | train
1 | valid_loss    | MSE           | 0      | train
2 | padder_train  | ConstantPad1d | 0      | train
3 | scaler        | TemporalNorm  | 0      | train
4 | decomp        | SeriesDecomp  | 0      | train
5 | linear_trend  | Linear        | 584    | train
6 | linear_season | Linear        | 584    | train
--------------------------------------------------------
1.2 K     Trainable params
0         Non-trainable params
1.2 K     Total params
0.005     Total estimated model params size (MB)
9         Modules in train mode
0         Modules in eval mode
`Trainer.fit` stopped: `max_steps=1000` reached.
Trainer already configured with model summary callbacks: [<class 'pytorch_lightning.callbacks.model_summary.ModelSummary'>]. Skipping setting a default `ModelSummary` callback.
GPU available: True (cuda), used: True
TPU available: False, using: 0 TPU cores
HPU available: False, using: 0 HPUs
LOCAL_RANK: 0 - CUDA_VISIBLE_DEVICES: [1]
Seed set to 1
GPU available: True (cuda), used: True
TPU available: False, using: 0 TPU cores
HPU available: False, using: 0 HPUs
LOCAL_RANK: 0 - CUDA_VISIBLE_DEVICES: [1]

  | Name          | Type          | Params | Mode
--------------------------------------------------------
0 | loss          | MSE           | 0      | train
1 | valid_loss    | MSE           | 0      | train
2 | padder_train  | ConstantPad1d | 0      | train
3 | scaler        | TemporalNorm  | 0      | train
4 | decomp        | SeriesDecomp  | 0      | train
5 | linear_trend  | Linear        | 584    | train
6 | linear_season | Linear        | 584    | train
--------------------------------------------------------
1.2 K     Trainable params
0         Non-trainable params
1.2 K     Total params
0.005     Total estimated model params size (MB)
9         Modules in train mode
0         Modules in eval mode
