[I 2026-03-21 19:42:01,398] A new study created in Journal with name: neuralforecast::wti_case3_HPT::iTransformer::main-search::50b476d56ff3
Seed set to 1
GPU available: True (cuda), used: True
TPU available: False, using: 0 TPU cores
HPU available: False, using: 0 HPUs
You are using a CUDA device ('NVIDIA RTX A5000') that has Tensor Cores. To properly utilize them, you should set `torch.set_float32_matmul_precision('medium' | 'high')` which will trade-off precision for performance. For more details, read https://pytorch.org/docs/stable/generated/torch.set_float32_matmul_precision.html#torch.set_float32_matmul_precision
LOCAL_RANK: 0 - CUDA_VISIBLE_DEVICES: [1]

  | Name          | Type                   | Params | Mode 
-----------------------------------------------------------------
0 | loss          | MSE                    | 0      | train
1 | valid_loss    | MSE                    | 0      | train
2 | padder_train  | ConstantPad1d          | 0      | train
3 | scaler        | TemporalNorm           | 0      | train
4 | enc_embedding | DataEmbedding_inverted | 6.3 K  | train
5 | encoder       | TransEncoder           | 198 K  | train
6 | projector     | Linear                 | 1.0 K  | train
-----------------------------------------------------------------
205 K     Trainable params
0         Non-trainable params
205 K     Total params
0.823     Total estimated model params size (MB)
24        Modules in train mode
0         Modules in eval mode
`Trainer.fit` stopped: `max_steps=300` reached.
Trainer already configured with model summary callbacks: [<class 'pytorch_lightning.callbacks.model_summary.ModelSummary'>]. Skipping setting a default `ModelSummary` callback.
GPU available: True (cuda), used: True
TPU available: False, using: 0 TPU cores
HPU available: False, using: 0 HPUs
LOCAL_RANK: 0 - CUDA_VISIBLE_DEVICES: [1]
Seed set to 1
GPU available: True (cuda), used: True
TPU available: False, using: 0 TPU cores
HPU available: False, using: 0 HPUs
LOCAL_RANK: 0 - CUDA_VISIBLE_DEVICES: [1]

  | Name          | Type                   | Params | Mode 
-----------------------------------------------------------------
0 | loss          | MSE                    | 0      | train
1 | valid_loss    | MSE                    | 0      | train
2 | padder_train  | ConstantPad1d          | 0      | train
3 | scaler        | TemporalNorm           | 0      | train
4 | enc_embedding | DataEmbedding_inverted | 6.3 K  | train
5 | encoder       | TransEncoder           | 198 K  | train
6 | projector     | Linear                 | 1.0 K  | train
-----------------------------------------------------------------
205 K     Trainable params
0         Non-trainable params
205 K     Total params
0.823     Total estimated model params size (MB)
24        Modules in train mode
0         Modules in eval mode
`Trainer.fit` stopped: `max_steps=300` reached.
Trainer already configured with model summary callbacks: [<class 'pytorch_lightning.callbacks.model_summary.ModelSummary'>]. Skipping setting a default `ModelSummary` callback.
GPU available: True (cuda), used: True
TPU available: False, using: 0 TPU cores
HPU available: False, using: 0 HPUs
LOCAL_RANK: 0 - CUDA_VISIBLE_DEVICES: [1]
Seed set to 1
GPU available: True (cuda), used: True
TPU available: False, using: 0 TPU cores
HPU available: False, using: 0 HPUs
LOCAL_RANK: 0 - CUDA_VISIBLE_DEVICES: [1]

  | Name          | Type                   | Params | Mode 
-----------------------------------------------------------------
0 | loss          | MSE                    | 0      | train
1 | valid_loss    | MSE                    | 0      | train
2 | padder_train  | ConstantPad1d          | 0      | train
3 | scaler        | TemporalNorm           | 0      | train
4 | enc_embedding | DataEmbedding_inverted | 6.3 K  | train
5 | encoder       | TransEncoder           | 198 K  | train
6 | projector     | Linear                 | 1.0 K  | train
-----------------------------------------------------------------
205 K     Trainable params
0         Non-trainable params
205 K     Total params
0.823     Total estimated model params size (MB)
24        Modules in train mode
0         Modules in eval mode
`Trainer.fit` stopped: `max_steps=300` reached.
Trainer already configured with model summary callbacks: [<class 'pytorch_lightning.callbacks.model_summary.ModelSummary'>]. Skipping setting a default `ModelSummary` callback.
GPU available: True (cuda), used: True
TPU available: False, using: 0 TPU cores
HPU available: False, using: 0 HPUs
LOCAL_RANK: 0 - CUDA_VISIBLE_DEVICES: [1]
Seed set to 1
GPU available: True (cuda), used: True
TPU available: False, using: 0 TPU cores
HPU available: False, using: 0 HPUs
LOCAL_RANK: 0 - CUDA_VISIBLE_DEVICES: [1]

  | Name          | Type                   | Params | Mode 
-----------------------------------------------------------------
0 | loss          | MSE                    | 0      | train
1 | valid_loss    | MSE                    | 0      | train
2 | padder_train  | ConstantPad1d          | 0      | train
3 | scaler        | TemporalNorm           | 0      | train
4 | enc_embedding | DataEmbedding_inverted | 6.3 K  | train
5 | encoder       | TransEncoder           | 198 K  | train
6 | projector     | Linear                 | 1.0 K  | train
-----------------------------------------------------------------
205 K     Trainable params
0         Non-trainable params
205 K     Total params
0.823     Total estimated model params size (MB)
24        Modules in train mode
0         Modules in eval mode
`Trainer.fit` stopped: `max_steps=300` reached.
Trainer already configured with model summary callbacks: [<class 'pytorch_lightning.callbacks.model_summary.ModelSummary'>]. Skipping setting a default `ModelSummary` callback.
GPU available: True (cuda), used: True
TPU available: False, using: 0 TPU cores
HPU available: False, using: 0 HPUs
LOCAL_RANK: 0 - CUDA_VISIBLE_DEVICES: [1]
Seed set to 1
GPU available: True (cuda), used: True
TPU available: False, using: 0 TPU cores
HPU available: False, using: 0 HPUs
LOCAL_RANK: 0 - CUDA_VISIBLE_DEVICES: [1]

  | Name          | Type                   | Params | Mode 
-----------------------------------------------------------------
0 | loss          | MSE                    | 0      | train
1 | valid_loss    | MSE                    | 0      | train
2 | padder_train  | ConstantPad1d          | 0      | train
3 | scaler        | TemporalNorm           | 0      | train
4 | enc_embedding | DataEmbedding_inverted | 6.3 K  | train
5 | encoder       | TransEncoder           | 198 K  | train
6 | projector     | Linear                 | 1.0 K  | train
-----------------------------------------------------------------
205 K     Trainable params
0         Non-trainable params
205 K     Total params
0.823     Total estimated model params size (MB)
24        Modules in train mode
0         Modules in eval mode
`Trainer.fit` stopped: `max_steps=300` reached.
Trainer already configured with model summary callbacks: [<class 'pytorch_lightning.callbacks.model_summary.ModelSummary'>]. Skipping setting a default `ModelSummary` callback.
GPU available: True (cuda), used: True
TPU available: False, using: 0 TPU cores
HPU available: False, using: 0 HPUs
LOCAL_RANK: 0 - CUDA_VISIBLE_DEVICES: [1]
[I 2026-03-21 19:42:13,908] Trial 0 finished with value: 47.6195617828331 and parameters: {'hidden_size': 128, 'n_heads': 4, 'e_layers': 1, 'd_ff': 512, 'd_layers': 2, 'factor': 3, 'dropout': 0.0, 'use_norm': True, 'input_size': 48, 'batch_size': 16, 'valid_batch_size': 32, 'windows_batch_size': 256, 'inference_windows_batch_size': 1024, 'learning_rate': 0.0003198689491500783, 'scaler_type': 'robust', 'step_size': 12, 'max_steps': 300, 'val_check_steps': 50, 'early_stop_patience_steps': 10, 'num_lr_decays': 1}. Best is trial 0 with value: 47.6195617828331.
Seed set to 1
GPU available: True (cuda), used: True
TPU available: False, using: 0 TPU cores
HPU available: False, using: 0 HPUs
LOCAL_RANK: 0 - CUDA_VISIBLE_DEVICES: [1]

  | Name          | Type                   | Params | Mode 
-----------------------------------------------------------------
0 | loss          | MSE                    | 0      | train
1 | valid_loss    | MSE                    | 0      | train
2 | padder_train  | ConstantPad1d          | 0      | train
3 | scaler        | TemporalNorm           | 0      | train
4 | enc_embedding | DataEmbedding_inverted | 4.7 K  | train
5 | encoder       | TransEncoder           | 67.1 K | train
6 | projector     | Linear                 | 520    | train
-----------------------------------------------------------------
72.3 K    Trainable params
0         Non-trainable params
72.3 K    Total params
0.289     Total estimated model params size (MB)
37        Modules in train mode
0         Modules in eval mode
`Trainer.fit` stopped: `max_steps=300` reached.
Trainer already configured with model summary callbacks: [<class 'pytorch_lightning.callbacks.model_summary.ModelSummary'>]. Skipping setting a default `ModelSummary` callback.
GPU available: True (cuda), used: True
TPU available: False, using: 0 TPU cores
HPU available: False, using: 0 HPUs
LOCAL_RANK: 0 - CUDA_VISIBLE_DEVICES: [1]
Seed set to 1
GPU available: True (cuda), used: True
TPU available: False, using: 0 TPU cores
HPU available: False, using: 0 HPUs
LOCAL_RANK: 0 - CUDA_VISIBLE_DEVICES: [1]

  | Name          | Type                   | Params | Mode 
-----------------------------------------------------------------
0 | loss          | MSE                    | 0      | train
1 | valid_loss    | MSE                    | 0      | train
2 | padder_train  | ConstantPad1d          | 0      | train
3 | scaler        | TemporalNorm           | 0      | train
4 | enc_embedding | DataEmbedding_inverted | 4.7 K  | train
5 | encoder       | TransEncoder           | 67.1 K | train
6 | projector     | Linear                 | 520    | train
-----------------------------------------------------------------
72.3 K    Trainable params
0         Non-trainable params
72.3 K    Total params
0.289     Total estimated model params size (MB)
37        Modules in train mode
0         Modules in eval mode
