[summary] completed=0/9 failed=0 queued=8 current=LSTM(1/9)
[model:LSTM] idx=1/9 status=running [------------------] 0/1   0% gpu=0
[model:NHITS] idx=2/9 status=queued [------------------] 0/1   0%
[model:DLinear] idx=3/9 status=queued [------------------] 0/1   0%
[model:Autoformer] idx=4/9 status=queued [------------------] 0/1   0%
[model:FEDformer] idx=5/9 status=queued [------------------] 0/1   0%
[model:PatchTST] idx=6/9 status=queued [------------------] 0/1   0%
[model:iTransformer] idx=7/9 status=queued [------------------] 0/1   0%
[model:TimesNet] idx=8/9 status=queued [------------------] 0/1   0%
[model:Naive] idx=9/9 status=queued [------------------] 0/1   0%
[summary] completed=0/9 failed=0 queued=7 current=LSTM(1/9),NHITS(2/9)
[model:LSTM] idx=1/9 status=running [------------------] 0/1   0% gpu=0
[model:NHITS] idx=2/9 status=running [------------------] 0/1   0% gpu=1
[model:DLinear] idx=3/9 status=queued [------------------] 0/1   0%
[model:Autoformer] idx=4/9 status=queued [------------------] 0/1   0%
[model:FEDformer] idx=5/9 status=queued [------------------] 0/1   0%
[model:PatchTST] idx=6/9 status=queued [------------------] 0/1   0%
[model:iTransformer] idx=7/9 status=queued [------------------] 0/1   0%
[model:TimesNet] idx=8/9 status=queued [------------------] 0/1   0%
[model:Naive] idx=9/9 status=queued [------------------] 0/1   0%
[summary] completed=0/9 failed=0 queued=7 current=LSTM(1/9),NHITS(2/9)
[model:LSTM] idx=1/9 status=running [------------------] 0/12   0% mode=learned_fixed output_root=/home/sonet/.openclaw/workspace/research/neuralforecast/runs/brentoil_case4/scheduler/workers/LSTM
[model:NHITS] idx=2/9 status=running [------------------] 0/1   0% gpu=1
[model:DLinear] idx=3/9 status=queued [------------------] 0/1   0%
[model:Autoformer] idx=4/9 status=queued [------------------] 0/1   0%
[model:FEDformer] idx=5/9 status=queued [------------------] 0/1   0%
[model:PatchTST] idx=6/9 status=queued [------------------] 0/1   0%
[model:iTransformer] idx=7/9 status=queued [------------------] 0/1   0%
[model:TimesNet] idx=8/9 status=queued [------------------] 0/1   0%
[model:Naive] idx=9/9 status=queued [------------------] 0/1   0%
[summary] completed=0/9 failed=0 queued=7 current=LSTM(1/9),NHITS(2/9)
[model:LSTM] idx=1/9 status=running phase=replay fold=1/12 [------------------] 0/12   0%
[model:NHITS] idx=2/9 status=running [------------------] 0/1   0% gpu=1
[model:DLinear] idx=3/9 status=queued [------------------] 0/1   0%
[model:Autoformer] idx=4/9 status=queued [------------------] 0/1   0%
[model:FEDformer] idx=5/9 status=queued [------------------] 0/1   0%
[model:PatchTST] idx=6/9 status=queued [------------------] 0/1   0%
[model:iTransformer] idx=7/9 status=queued [------------------] 0/1   0%
[model:TimesNet] idx=8/9 status=queued [------------------] 0/1   0%
[model:Naive] idx=9/9 status=queued [------------------] 0/1   0%
[summary] completed=0/9 failed=0 queued=7 current=LSTM(1/9),NHITS(2/9)
[model:LSTM] idx=1/9 status=running phase=replay fold=1/12 [------------------] 0/12   0%
[model:NHITS] idx=2/9 status=running [------------------] 0/12   0% mode=learned_fixed output_root=/home/sonet/.openclaw/workspace/research/neuralforecast/runs/brentoil_case4/scheduler/workers/NHITS
[model:DLinear] idx=3/9 status=queued [------------------] 0/1   0%
[model:Autoformer] idx=4/9 status=queued [------------------] 0/1   0%
[model:FEDformer] idx=5/9 status=queued [------------------] 0/1   0%
[model:PatchTST] idx=6/9 status=queued [------------------] 0/1   0%
[model:iTransformer] idx=7/9 status=queued [------------------] 0/1   0%
[model:TimesNet] idx=8/9 status=queued [------------------] 0/1   0%
[model:Naive] idx=9/9 status=queued [------------------] 0/1   0%
[summary] completed=0/9 failed=0 queued=7 current=LSTM(1/9),NHITS(2/9)
[model:LSTM] idx=1/9 status=running phase=replay fold=1/12 [------------------] 0/12   0%
[model:NHITS] idx=2/9 status=running phase=replay fold=1/12 [------------------] 0/12   0%
[model:DLinear] idx=3/9 status=queued [------------------] 0/1   0%
[model:Autoformer] idx=4/9 status=queued [------------------] 0/1   0%
[model:FEDformer] idx=5/9 status=queued [------------------] 0/1   0%
[model:PatchTST] idx=6/9 status=queued [------------------] 0/1   0%
[model:iTransformer] idx=7/9 status=queued [------------------] 0/1   0%
[model:TimesNet] idx=8/9 status=queued [------------------] 0/1   0%
[model:Naive] idx=9/9 status=queued [------------------] 0/1   0%
[summary] completed=0/9 failed=0 queued=7 current=LSTM(1/9),NHITS(2/9)
[model:LSTM] idx=1/9 status=running phase=replay fold=1/12 [##----------------] 1/12   8% mse=14.4310
[model:NHITS] idx=2/9 status=running phase=replay fold=1/12 [------------------] 0/12   0%
[model:DLinear] idx=3/9 status=queued [------------------] 0/1   0%
[model:Autoformer] idx=4/9 status=queued [------------------] 0/1   0%
[model:FEDformer] idx=5/9 status=queued [------------------] 0/1   0%
[model:PatchTST] idx=6/9 status=queued [------------------] 0/1   0%
[model:iTransformer] idx=7/9 status=queued [------------------] 0/1   0%
[model:TimesNet] idx=8/9 status=queued [------------------] 0/1   0%
[model:Naive] idx=9/9 status=queued [------------------] 0/1   0%
[summary] completed=0/9 failed=0 queued=7 current=LSTM(1/9),NHITS(2/9)
[model:LSTM] idx=1/9 status=running phase=replay fold=2/12 [##----------------] 1/12   8%
[model:NHITS] idx=2/9 status=running phase=replay fold=1/12 [------------------] 0/12   0%
[model:DLinear] idx=3/9 status=queued [------------------] 0/1   0%
[model:Autoformer] idx=4/9 status=queued [------------------] 0/1   0%
[model:FEDformer] idx=5/9 status=queued [------------------] 0/1   0%
[model:PatchTST] idx=6/9 status=queued [------------------] 0/1   0%
[model:iTransformer] idx=7/9 status=queued [------------------] 0/1   0%
[model:TimesNet] idx=8/9 status=queued [------------------] 0/1   0%
[model:Naive] idx=9/9 status=queued [------------------] 0/1   0%
[summary] completed=0/9 failed=0 queued=7 current=LSTM(1/9),NHITS(2/9)
[model:LSTM] idx=1/9 status=running phase=replay fold=2/12 [###---------------] 2/12  17% mse=75.6931
[model:NHITS] idx=2/9 status=running phase=replay fold=1/12 [------------------] 0/12   0%
[model:DLinear] idx=3/9 status=queued [------------------] 0/1   0%
[model:Autoformer] idx=4/9 status=queued [------------------] 0/1   0%
[model:FEDformer] idx=5/9 status=queued [------------------] 0/1   0%
[model:PatchTST] idx=6/9 status=queued [------------------] 0/1   0%
[model:iTransformer] idx=7/9 status=queued [------------------] 0/1   0%
[model:TimesNet] idx=8/9 status=queued [------------------] 0/1   0%
[model:Naive] idx=9/9 status=queued [------------------] 0/1   0%
[summary] completed=0/9 failed=0 queued=7 current=LSTM(1/9),NHITS(2/9)
[model:LSTM] idx=1/9 status=running phase=replay fold=3/12 [###---------------] 2/12  17%
[model:NHITS] idx=2/9 status=running phase=replay fold=1/12 [------------------] 0/12   0%
[model:DLinear] idx=3/9 status=queued [------------------] 0/1   0%
[model:Autoformer] idx=4/9 status=queued [------------------] 0/1   0%
[model:FEDformer] idx=5/9 status=queued [------------------] 0/1   0%
[model:PatchTST] idx=6/9 status=queued [------------------] 0/1   0%
[model:iTransformer] idx=7/9 status=queued [------------------] 0/1   0%
[model:TimesNet] idx=8/9 status=queued [------------------] 0/1   0%
[model:Naive] idx=9/9 status=queued [------------------] 0/1   0%
[summary] completed=0/9 failed=0 queued=7 current=LSTM(1/9),NHITS(2/9)
[model:LSTM] idx=1/9 status=running phase=replay fold=3/12 [###---------------] 2/12  17%
[model:NHITS] idx=2/9 status=running phase=replay fold=1/12 [##----------------] 1/12   8% mse=336.1225
[model:DLinear] idx=3/9 status=queued [------------------] 0/1   0%
[model:Autoformer] idx=4/9 status=queued [------------------] 0/1   0%
[model:FEDformer] idx=5/9 status=queued [------------------] 0/1   0%
[model:PatchTST] idx=6/9 status=queued [------------------] 0/1   0%
[model:iTransformer] idx=7/9 status=queued [------------------] 0/1   0%
[model:TimesNet] idx=8/9 status=queued [------------------] 0/1   0%
[model:Naive] idx=9/9 status=queued [------------------] 0/1   0%
[summary] completed=0/9 failed=0 queued=7 current=LSTM(1/9),NHITS(2/9)
[model:LSTM] idx=1/9 status=running phase=replay fold=3/12 [###---------------] 2/12  17%
[model:NHITS] idx=2/9 status=running phase=replay fold=2/12 [##----------------] 1/12   8%
[model:DLinear] idx=3/9 status=queued [------------------] 0/1   0%
[model:Autoformer] idx=4/9 status=queued [------------------] 0/1   0%
[model:FEDformer] idx=5/9 status=queued [------------------] 0/1   0%
[model:PatchTST] idx=6/9 status=queued [------------------] 0/1   0%
[model:iTransformer] idx=7/9 status=queued [------------------] 0/1   0%
[model:TimesNet] idx=8/9 status=queued [------------------] 0/1   0%
[model:Naive] idx=9/9 status=queued [------------------] 0/1   0%
[summary] completed=0/9 failed=0 queued=7 current=LSTM(1/9),NHITS(2/9)
[model:LSTM] idx=1/9 status=running phase=replay fold=3/12 [####--------------] 3/12  25% mse=139.9944
[model:NHITS] idx=2/9 status=running phase=replay fold=2/12 [##----------------] 1/12   8%
[model:DLinear] idx=3/9 status=queued [------------------] 0/1   0%
[model:Autoformer] idx=4/9 status=queued [------------------] 0/1   0%
[model:FEDformer] idx=5/9 status=queued [------------------] 0/1   0%
[model:PatchTST] idx=6/9 status=queued [------------------] 0/1   0%
[model:iTransformer] idx=7/9 status=queued [------------------] 0/1   0%
[model:TimesNet] idx=8/9 status=queued [------------------] 0/1   0%
[model:Naive] idx=9/9 status=queued [------------------] 0/1   0%
[summary] completed=0/9 failed=0 queued=7 current=LSTM(1/9),NHITS(2/9)
[model:LSTM] idx=1/9 status=running phase=replay fold=4/12 [####--------------] 3/12  25%
[model:NHITS] idx=2/9 status=running phase=replay fold=2/12 [##----------------] 1/12   8%
[model:DLinear] idx=3/9 status=queued [------------------] 0/1   0%
[model:Autoformer] idx=4/9 status=queued [------------------] 0/1   0%
[model:FEDformer] idx=5/9 status=queued [------------------] 0/1   0%
[model:PatchTST] idx=6/9 status=queued [------------------] 0/1   0%
[model:iTransformer] idx=7/9 status=queued [------------------] 0/1   0%
[model:TimesNet] idx=8/9 status=queued [------------------] 0/1   0%
[model:Naive] idx=9/9 status=queued [------------------] 0/1   0%
[summary] completed=0/9 failed=0 queued=7 current=LSTM(1/9),NHITS(2/9)
[model:LSTM] idx=1/9 status=running phase=replay fold=4/12 [######------------] 4/12  33% mse=7.8306
[model:NHITS] idx=2/9 status=running phase=replay fold=2/12 [##----------------] 1/12   8%
[model:DLinear] idx=3/9 status=queued [------------------] 0/1   0%
[model:Autoformer] idx=4/9 status=queued [------------------] 0/1   0%
[model:FEDformer] idx=5/9 status=queued [------------------] 0/1   0%
[model:PatchTST] idx=6/9 status=queued [------------------] 0/1   0%
[model:iTransformer] idx=7/9 status=queued [------------------] 0/1   0%
[model:TimesNet] idx=8/9 status=queued [------------------] 0/1   0%
[model:Naive] idx=9/9 status=queued [------------------] 0/1   0%
[summary] completed=0/9 failed=0 queued=7 current=LSTM(1/9),NHITS(2/9)
[model:LSTM] idx=1/9 status=running phase=replay fold=5/12 [######------------] 4/12  33%
[model:NHITS] idx=2/9 status=running phase=replay fold=2/12 [##----------------] 1/12   8%
[model:DLinear] idx=3/9 status=queued [------------------] 0/1   0%
[model:Autoformer] idx=4/9 status=queued [------------------] 0/1   0%
[model:FEDformer] idx=5/9 status=queued [------------------] 0/1   0%
[model:PatchTST] idx=6/9 status=queued [------------------] 0/1   0%
[model:iTransformer] idx=7/9 status=queued [------------------] 0/1   0%
[model:TimesNet] idx=8/9 status=queued [------------------] 0/1   0%
[model:Naive] idx=9/9 status=queued [------------------] 0/1   0%
[summary] completed=0/9 failed=0 queued=7 current=LSTM(1/9),NHITS(2/9)
[model:LSTM] idx=1/9 status=running phase=replay fold=5/12 [######------------] 4/12  33%
[model:NHITS] idx=2/9 status=running phase=replay fold=2/12 [###---------------] 2/12  17% mse=414.1289
[model:DLinear] idx=3/9 status=queued [------------------] 0/1   0%
[model:Autoformer] idx=4/9 status=queued [------------------] 0/1   0%
[model:FEDformer] idx=5/9 status=queued [------------------] 0/1   0%
[model:PatchTST] idx=6/9 status=queued [------------------] 0/1   0%
[model:iTransformer] idx=7/9 status=queued [------------------] 0/1   0%
[model:TimesNet] idx=8/9 status=queued [------------------] 0/1   0%
[model:Naive] idx=9/9 status=queued [------------------] 0/1   0%
[summary] completed=0/9 failed=0 queued=7 current=LSTM(1/9),NHITS(2/9)
[model:LSTM] idx=1/9 status=running phase=replay fold=5/12 [######------------] 4/12  33%
[model:NHITS] idx=2/9 status=running phase=replay fold=3/12 [###---------------] 2/12  17%
[model:DLinear] idx=3/9 status=queued [------------------] 0/1   0%
[model:Autoformer] idx=4/9 status=queued [------------------] 0/1   0%
[model:FEDformer] idx=5/9 status=queued [------------------] 0/1   0%
[model:PatchTST] idx=6/9 status=queued [------------------] 0/1   0%
[model:iTransformer] idx=7/9 status=queued [------------------] 0/1   0%
[model:TimesNet] idx=8/9 status=queued [------------------] 0/1   0%
[model:Naive] idx=9/9 status=queued [------------------] 0/1   0%
[summary] completed=0/9 failed=0 queued=7 current=LSTM(1/9),NHITS(2/9)
[model:LSTM] idx=1/9 status=running phase=replay fold=5/12 [########----------] 5/12  42% mse=10.9700
[model:NHITS] idx=2/9 status=running phase=replay fold=3/12 [###---------------] 2/12  17%
[model:DLinear] idx=3/9 status=queued [------------------] 0/1   0%
[model:Autoformer] idx=4/9 status=queued [------------------] 0/1   0%
[model:FEDformer] idx=5/9 status=queued [------------------] 0/1   0%
[model:PatchTST] idx=6/9 status=queued [------------------] 0/1   0%
[model:iTransformer] idx=7/9 status=queued [------------------] 0/1   0%
[model:TimesNet] idx=8/9 status=queued [------------------] 0/1   0%
[model:Naive] idx=9/9 status=queued [------------------] 0/1   0%
[summary] completed=0/9 failed=0 queued=7 current=LSTM(1/9),NHITS(2/9)
[model:LSTM] idx=1/9 status=running phase=replay fold=6/12 [########----------] 5/12  42%
[model:NHITS] idx=2/9 status=running phase=replay fold=3/12 [###---------------] 2/12  17%
[model:DLinear] idx=3/9 status=queued [------------------] 0/1   0%
[model:Autoformer] idx=4/9 status=queued [------------------] 0/1   0%
[model:FEDformer] idx=5/9 status=queued [------------------] 0/1   0%
[model:PatchTST] idx=6/9 status=queued [------------------] 0/1   0%
[model:iTransformer] idx=7/9 status=queued [------------------] 0/1   0%
[model:TimesNet] idx=8/9 status=queued [------------------] 0/1   0%
[model:Naive] idx=9/9 status=queued [------------------] 0/1   0%
[summary] completed=0/9 failed=0 queued=7 current=LSTM(1/9),NHITS(2/9)
[model:LSTM] idx=1/9 status=running phase=replay fold=6/12 [#########---------] 6/12  50% mse=24.9780
[model:NHITS] idx=2/9 status=running phase=replay fold=3/12 [###---------------] 2/12  17%
[model:DLinear] idx=3/9 status=queued [------------------] 0/1   0%
[model:Autoformer] idx=4/9 status=queued [------------------] 0/1   0%
[model:FEDformer] idx=5/9 status=queued [------------------] 0/1   0%
[model:PatchTST] idx=6/9 status=queued [------------------] 0/1   0%
[model:iTransformer] idx=7/9 status=queued [------------------] 0/1   0%
[model:TimesNet] idx=8/9 status=queued [------------------] 0/1   0%
[model:Naive] idx=9/9 status=queued [------------------] 0/1   0%
[summary] completed=0/9 failed=0 queued=7 current=LSTM(1/9),NHITS(2/9)
[model:LSTM] idx=1/9 status=running phase=replay fold=7/12 [#########---------] 6/12  50%
[model:NHITS] idx=2/9 status=running phase=replay fold=3/12 [###---------------] 2/12  17%
[model:DLinear] idx=3/9 status=queued [------------------] 0/1   0%
[model:Autoformer] idx=4/9 status=queued [------------------] 0/1   0%
[model:FEDformer] idx=5/9 status=queued [------------------] 0/1   0%
[model:PatchTST] idx=6/9 status=queued [------------------] 0/1   0%
[model:iTransformer] idx=7/9 status=queued [------------------] 0/1   0%
[model:TimesNet] idx=8/9 status=queued [------------------] 0/1   0%
[model:Naive] idx=9/9 status=queued [------------------] 0/1   0%
[summary] completed=0/9 failed=0 queued=7 current=LSTM(1/9),NHITS(2/9)
[model:LSTM] idx=1/9 status=running phase=replay fold=7/12 [#########---------] 6/12  50%
[model:NHITS] idx=2/9 status=running phase=replay fold=3/12 [####--------------] 3/12  25% mse=189.7985
[model:DLinear] idx=3/9 status=queued [------------------] 0/1   0%
[model:Autoformer] idx=4/9 status=queued [------------------] 0/1   0%
[model:FEDformer] idx=5/9 status=queued [------------------] 0/1   0%
[model:PatchTST] idx=6/9 status=queued [------------------] 0/1   0%
[model:iTransformer] idx=7/9 status=queued [------------------] 0/1   0%
[model:TimesNet] idx=8/9 status=queued [------------------] 0/1   0%
[model:Naive] idx=9/9 status=queued [------------------] 0/1   0%
[summary] completed=0/9 failed=0 queued=7 current=LSTM(1/9),NHITS(2/9)
[model:LSTM] idx=1/9 status=running phase=replay fold=7/12 [#########---------] 6/12  50%
[model:NHITS] idx=2/9 status=running phase=replay fold=4/12 [####--------------] 3/12  25%
[model:DLinear] idx=3/9 status=queued [------------------] 0/1   0%
[model:Autoformer] idx=4/9 status=queued [------------------] 0/1   0%
[model:FEDformer] idx=5/9 status=queued [------------------] 0/1   0%
[model:PatchTST] idx=6/9 status=queued [------------------] 0/1   0%
[model:iTransformer] idx=7/9 status=queued [------------------] 0/1   0%
[model:TimesNet] idx=8/9 status=queued [------------------] 0/1   0%
[model:Naive] idx=9/9 status=queued [------------------] 0/1   0%
[summary] completed=0/9 failed=0 queued=7 current=LSTM(1/9),NHITS(2/9)
[model:LSTM] idx=1/9 status=running phase=replay fold=7/12 [##########--------] 7/12  58% mse=113.2040
[model:NHITS] idx=2/9 status=running phase=replay fold=4/12 [####--------------] 3/12  25%
[model:DLinear] idx=3/9 status=queued [------------------] 0/1   0%
[model:Autoformer] idx=4/9 status=queued [------------------] 0/1   0%
[model:FEDformer] idx=5/9 status=queued [------------------] 0/1   0%
[model:PatchTST] idx=6/9 status=queued [------------------] 0/1   0%
[model:iTransformer] idx=7/9 status=queued [------------------] 0/1   0%
[model:TimesNet] idx=8/9 status=queued [------------------] 0/1   0%
[model:Naive] idx=9/9 status=queued [------------------] 0/1   0%
[summary] completed=0/9 failed=0 queued=7 current=LSTM(1/9),NHITS(2/9)
[model:LSTM] idx=1/9 status=running phase=replay fold=8/12 [##########--------] 7/12  58%
[model:NHITS] idx=2/9 status=running phase=replay fold=4/12 [####--------------] 3/12  25%
[model:DLinear] idx=3/9 status=queued [------------------] 0/1   0%
[model:Autoformer] idx=4/9 status=queued [------------------] 0/1   0%
[model:FEDformer] idx=5/9 status=queued [------------------] 0/1   0%
[model:PatchTST] idx=6/9 status=queued [------------------] 0/1   0%
[model:iTransformer] idx=7/9 status=queued [------------------] 0/1   0%
[model:TimesNet] idx=8/9 status=queued [------------------] 0/1   0%
[model:Naive] idx=9/9 status=queued [------------------] 0/1   0%
[summary] completed=0/9 failed=0 queued=7 current=LSTM(1/9),NHITS(2/9)
[model:LSTM] idx=1/9 status=running phase=replay fold=8/12 [##########--------] 7/12  58%
[model:NHITS] idx=2/9 status=running phase=replay fold=4/12 [######------------] 4/12  33% mse=165.4556
[model:DLinear] idx=3/9 status=queued [------------------] 0/1   0%
[model:Autoformer] idx=4/9 status=queued [------------------] 0/1   0%
[model:FEDformer] idx=5/9 status=queued [------------------] 0/1   0%
[model:PatchTST] idx=6/9 status=queued [------------------] 0/1   0%
[model:iTransformer] idx=7/9 status=queued [------------------] 0/1   0%
[model:TimesNet] idx=8/9 status=queued [------------------] 0/1   0%
[model:Naive] idx=9/9 status=queued [------------------] 0/1   0%
[summary] completed=0/9 failed=0 queued=7 current=LSTM(1/9),NHITS(2/9)
[model:LSTM] idx=1/9 status=running phase=replay fold=8/12 [##########--------] 7/12  58%
[model:NHITS] idx=2/9 status=running phase=replay fold=5/12 [######------------] 4/12  33%
[model:DLinear] idx=3/9 status=queued [------------------] 0/1   0%
[model:Autoformer] idx=4/9 status=queued [------------------] 0/1   0%
[model:FEDformer] idx=5/9 status=queued [------------------] 0/1   0%
[model:PatchTST] idx=6/9 status=queued [------------------] 0/1   0%
[model:iTransformer] idx=7/9 status=queued [------------------] 0/1   0%
[model:TimesNet] idx=8/9 status=queued [------------------] 0/1   0%
[model:Naive] idx=9/9 status=queued [------------------] 0/1   0%
[summary] completed=0/9 failed=0 queued=7 current=LSTM(1/9),NHITS(2/9)
[model:LSTM] idx=1/9 status=running phase=replay fold=8/12 [############------] 8/12  67% mse=50.3537
[model:NHITS] idx=2/9 status=running phase=replay fold=5/12 [######------------] 4/12  33%
[model:DLinear] idx=3/9 status=queued [------------------] 0/1   0%
[model:Autoformer] idx=4/9 status=queued [------------------] 0/1   0%
[model:FEDformer] idx=5/9 status=queued [------------------] 0/1   0%
[model:PatchTST] idx=6/9 status=queued [------------------] 0/1   0%
[model:iTransformer] idx=7/9 status=queued [------------------] 0/1   0%
[model:TimesNet] idx=8/9 status=queued [------------------] 0/1   0%
[model:Naive] idx=9/9 status=queued [------------------] 0/1   0%
[summary] completed=0/9 failed=0 queued=7 current=LSTM(1/9),NHITS(2/9)
[model:LSTM] idx=1/9 status=running phase=replay fold=9/12 [############------] 8/12  67%
[model:NHITS] idx=2/9 status=running phase=replay fold=5/12 [######------------] 4/12  33%
[model:DLinear] idx=3/9 status=queued [------------------] 0/1   0%
[model:Autoformer] idx=4/9 status=queued [------------------] 0/1   0%
[model:FEDformer] idx=5/9 status=queued [------------------] 0/1   0%
[model:PatchTST] idx=6/9 status=queued [------------------] 0/1   0%
[model:iTransformer] idx=7/9 status=queued [------------------] 0/1   0%
[model:TimesNet] idx=8/9 status=queued [------------------] 0/1   0%
[model:Naive] idx=9/9 status=queued [------------------] 0/1   0%
[summary] completed=0/9 failed=0 queued=7 current=LSTM(1/9),NHITS(2/9)
[model:LSTM] idx=1/9 status=running phase=replay fold=9/12 [############------] 8/12  67%
[model:NHITS] idx=2/9 status=running phase=replay fold=5/12 [########----------] 5/12  42% mse=74.9838
[model:DLinear] idx=3/9 status=queued [------------------] 0/1   0%
[model:Autoformer] idx=4/9 status=queued [------------------] 0/1   0%
[model:FEDformer] idx=5/9 status=queued [------------------] 0/1   0%
[model:PatchTST] idx=6/9 status=queued [------------------] 0/1   0%
[model:iTransformer] idx=7/9 status=queued [------------------] 0/1   0%
[model:TimesNet] idx=8/9 status=queued [------------------] 0/1   0%
[model:Naive] idx=9/9 status=queued [------------------] 0/1   0%
[summary] completed=0/9 failed=0 queued=7 current=LSTM(1/9),NHITS(2/9)
[model:LSTM] idx=1/9 status=running phase=replay fold=9/12 [############------] 8/12  67%
[model:NHITS] idx=2/9 status=running phase=replay fold=6/12 [########----------] 5/12  42%
[model:DLinear] idx=3/9 status=queued [------------------] 0/1   0%
[model:Autoformer] idx=4/9 status=queued [------------------] 0/1   0%
[model:FEDformer] idx=5/9 status=queued [------------------] 0/1   0%
[model:PatchTST] idx=6/9 status=queued [------------------] 0/1   0%
[model:iTransformer] idx=7/9 status=queued [------------------] 0/1   0%
[model:TimesNet] idx=8/9 status=queued [------------------] 0/1   0%
[model:Naive] idx=9/9 status=queued [------------------] 0/1   0%
[summary] completed=0/9 failed=0 queued=7 current=LSTM(1/9),NHITS(2/9)
[model:LSTM] idx=1/9 status=running phase=replay fold=9/12 [##############----] 9/12  75% mse=13.0196
[model:NHITS] idx=2/9 status=running phase=replay fold=6/12 [########----------] 5/12  42%
[model:DLinear] idx=3/9 status=queued [------------------] 0/1   0%
[model:Autoformer] idx=4/9 status=queued [------------------] 0/1   0%
[model:FEDformer] idx=5/9 status=queued [------------------] 0/1   0%
[model:PatchTST] idx=6/9 status=queued [------------------] 0/1   0%
[model:iTransformer] idx=7/9 status=queued [------------------] 0/1   0%
[model:TimesNet] idx=8/9 status=queued [------------------] 0/1   0%
[model:Naive] idx=9/9 status=queued [------------------] 0/1   0%
[summary] completed=0/9 failed=0 queued=7 current=LSTM(1/9),NHITS(2/9)
[model:LSTM] idx=1/9 status=running phase=replay fold=10/12 [##############----] 9/12  75%
[model:NHITS] idx=2/9 status=running phase=replay fold=6/12 [########----------] 5/12  42%
[model:DLinear] idx=3/9 status=queued [------------------] 0/1   0%
[model:Autoformer] idx=4/9 status=queued [------------------] 0/1   0%
[model:FEDformer] idx=5/9 status=queued [------------------] 0/1   0%
[model:PatchTST] idx=6/9 status=queued [------------------] 0/1   0%
[model:iTransformer] idx=7/9 status=queued [------------------] 0/1   0%
[model:TimesNet] idx=8/9 status=queued [------------------] 0/1   0%
[model:Naive] idx=9/9 status=queued [------------------] 0/1   0%
[summary] completed=0/9 failed=0 queued=7 current=LSTM(1/9),NHITS(2/9)
[model:LSTM] idx=1/9 status=running phase=replay fold=10/12 [##############----] 9/12  75%
[model:NHITS] idx=2/9 status=running phase=replay fold=6/12 [#########---------] 6/12  50% mse=387.9844
[model:DLinear] idx=3/9 status=queued [------------------] 0/1   0%
[model:Autoformer] idx=4/9 status=queued [------------------] 0/1   0%
[model:FEDformer] idx=5/9 status=queued [------------------] 0/1   0%
[model:PatchTST] idx=6/9 status=queued [------------------] 0/1   0%
[model:iTransformer] idx=7/9 status=queued [------------------] 0/1   0%
[model:TimesNet] idx=8/9 status=queued [------------------] 0/1   0%
[model:Naive] idx=9/9 status=queued [------------------] 0/1   0%
[summary] completed=0/9 failed=0 queued=7 current=LSTM(1/9),NHITS(2/9)
[model:LSTM] idx=1/9 status=running phase=replay fold=10/12 [##############----] 9/12  75%
[model:NHITS] idx=2/9 status=running phase=replay fold=7/12 [#########---------] 6/12  50%
[model:DLinear] idx=3/9 status=queued [------------------] 0/1   0%
[model:Autoformer] idx=4/9 status=queued [------------------] 0/1   0%
[model:FEDformer] idx=5/9 status=queued [------------------] 0/1   0%
[model:PatchTST] idx=6/9 status=queued [------------------] 0/1   0%
[model:iTransformer] idx=7/9 status=queued [------------------] 0/1   0%
[model:TimesNet] idx=8/9 status=queued [------------------] 0/1   0%
[model:Naive] idx=9/9 status=queued [------------------] 0/1   0%
[summary] completed=0/9 failed=0 queued=7 current=LSTM(1/9),NHITS(2/9)
[model:LSTM] idx=1/9 status=running phase=replay fold=10/12 [###############---] 10/12  83% mse=8.8041
[model:NHITS] idx=2/9 status=running phase=replay fold=7/12 [#########---------] 6/12  50%
[model:DLinear] idx=3/9 status=queued [------------------] 0/1   0%
[model:Autoformer] idx=4/9 status=queued [------------------] 0/1   0%
[model:FEDformer] idx=5/9 status=queued [------------------] 0/1   0%
[model:PatchTST] idx=6/9 status=queued [------------------] 0/1   0%
[model:iTransformer] idx=7/9 status=queued [------------------] 0/1   0%
[model:TimesNet] idx=8/9 status=queued [------------------] 0/1   0%
[model:Naive] idx=9/9 status=queued [------------------] 0/1   0%
[summary] completed=0/9 failed=0 queued=7 current=LSTM(1/9),NHITS(2/9)
[model:LSTM] idx=1/9 status=running phase=replay fold=11/12 [###############---] 10/12  83%
[model:NHITS] idx=2/9 status=running phase=replay fold=7/12 [#########---------] 6/12  50%
[model:DLinear] idx=3/9 status=queued [------------------] 0/1   0%
[model:Autoformer] idx=4/9 status=queued [------------------] 0/1   0%
[model:FEDformer] idx=5/9 status=queued [------------------] 0/1   0%
[model:PatchTST] idx=6/9 status=queued [------------------] 0/1   0%
[model:iTransformer] idx=7/9 status=queued [------------------] 0/1   0%
[model:TimesNet] idx=8/9 status=queued [------------------] 0/1   0%
[model:Naive] idx=9/9 status=queued [------------------] 0/1   0%
[summary] completed=0/9 failed=0 queued=7 current=LSTM(1/9),NHITS(2/9)
[model:LSTM] idx=1/9 status=running phase=replay fold=11/12 [###############---] 10/12  83%
[model:NHITS] idx=2/9 status=running phase=replay fold=7/12 [##########--------] 7/12  58% mse=88.9620
[model:DLinear] idx=3/9 status=queued [------------------] 0/1   0%
[model:Autoformer] idx=4/9 status=queued [------------------] 0/1   0%
[model:FEDformer] idx=5/9 status=queued [------------------] 0/1   0%
[model:PatchTST] idx=6/9 status=queued [------------------] 0/1   0%
[model:iTransformer] idx=7/9 status=queued [------------------] 0/1   0%
[model:TimesNet] idx=8/9 status=queued [------------------] 0/1   0%
[model:Naive] idx=9/9 status=queued [------------------] 0/1   0%
[summary] completed=0/9 failed=0 queued=7 current=LSTM(1/9),NHITS(2/9)
[model:LSTM] idx=1/9 status=running phase=replay fold=11/12 [###############---] 10/12  83%
[model:NHITS] idx=2/9 status=running phase=replay fold=8/12 [##########--------] 7/12  58%
[model:DLinear] idx=3/9 status=queued [------------------] 0/1   0%
[model:Autoformer] idx=4/9 status=queued [------------------] 0/1   0%
[model:FEDformer] idx=5/9 status=queued [------------------] 0/1   0%
[model:PatchTST] idx=6/9 status=queued [------------------] 0/1   0%
[model:iTransformer] idx=7/9 status=queued [------------------] 0/1   0%
[model:TimesNet] idx=8/9 status=queued [------------------] 0/1   0%
[model:Naive] idx=9/9 status=queued [------------------] 0/1   0%
[summary] completed=0/9 failed=0 queued=7 current=LSTM(1/9),NHITS(2/9)
[model:LSTM] idx=1/9 status=running phase=replay fold=11/12 [################--] 11/12  92% mse=38.5931
[model:NHITS] idx=2/9 status=running phase=replay fold=8/12 [##########--------] 7/12  58%
[model:DLinear] idx=3/9 status=queued [------------------] 0/1   0%
[model:Autoformer] idx=4/9 status=queued [------------------] 0/1   0%
[model:FEDformer] idx=5/9 status=queued [------------------] 0/1   0%
[model:PatchTST] idx=6/9 status=queued [------------------] 0/1   0%
[model:iTransformer] idx=7/9 status=queued [------------------] 0/1   0%
[model:TimesNet] idx=8/9 status=queued [------------------] 0/1   0%
[model:Naive] idx=9/9 status=queued [------------------] 0/1   0%
[summary] completed=0/9 failed=0 queued=7 current=LSTM(1/9),NHITS(2/9)
[model:LSTM] idx=1/9 status=running phase=replay fold=12/12 [################--] 11/12  92%
[model:NHITS] idx=2/9 status=running phase=replay fold=8/12 [##########--------] 7/12  58%
[model:DLinear] idx=3/9 status=queued [------------------] 0/1   0%
[model:Autoformer] idx=4/9 status=queued [------------------] 0/1   0%
[model:FEDformer] idx=5/9 status=queued [------------------] 0/1   0%
[model:PatchTST] idx=6/9 status=queued [------------------] 0/1   0%
[model:iTransformer] idx=7/9 status=queued [------------------] 0/1   0%
[model:TimesNet] idx=8/9 status=queued [------------------] 0/1   0%
[model:Naive] idx=9/9 status=queued [------------------] 0/1   0%
[summary] completed=0/9 failed=0 queued=7 current=LSTM(1/9),NHITS(2/9)
[model:LSTM] idx=1/9 status=running phase=replay fold=12/12 [##################] 12/12 100% mse=67.2782
[model:NHITS] idx=2/9 status=running phase=replay fold=8/12 [##########--------] 7/12  58%
[model:DLinear] idx=3/9 status=queued [------------------] 0/1   0%
[model:Autoformer] idx=4/9 status=queued [------------------] 0/1   0%
[model:FEDformer] idx=5/9 status=queued [------------------] 0/1   0%
[model:PatchTST] idx=6/9 status=queued [------------------] 0/1   0%
[model:iTransformer] idx=7/9 status=queued [------------------] 0/1   0%
[model:TimesNet] idx=8/9 status=queued [------------------] 0/1   0%
[model:Naive] idx=9/9 status=queued [------------------] 0/1   0%
[summary] completed=1/9 failed=0 queued=7 current=NHITS(2/9)
[model:LSTM] idx=1/9 status=completed phase=replay [##################] 12/12 100% run-complete
[model:NHITS] idx=2/9 status=running phase=replay fold=8/12 [##########--------] 7/12  58%
[model:DLinear] idx=3/9 status=queued [------------------] 0/1   0%
[model:Autoformer] idx=4/9 status=queued [------------------] 0/1   0%
[model:FEDformer] idx=5/9 status=queued [------------------] 0/1   0%
[model:PatchTST] idx=6/9 status=queued [------------------] 0/1   0%
[model:iTransformer] idx=7/9 status=queued [------------------] 0/1   0%
[model:TimesNet] idx=8/9 status=queued [------------------] 0/1   0%
[model:Naive] idx=9/9 status=queued [------------------] 0/1   0%
[worker:LSTM] {"ok": true, "executed_jobs": ["LSTM"], "summary_artifacts": {}}
[summary] completed=1/9 failed=0 queued=7 current=NHITS(2/9)
[model:LSTM] idx=1/9 status=completed phase=replay [##################] 12/12 100% run-complete
[model:NHITS] idx=2/9 status=running phase=replay fold=8/12 [############------] 8/12  67% mse=155.0968
[model:DLinear] idx=3/9 status=queued [------------------] 0/1   0%
[model:Autoformer] idx=4/9 status=queued [------------------] 0/1   0%
[model:FEDformer] idx=5/9 status=queued [------------------] 0/1   0%
[model:PatchTST] idx=6/9 status=queued [------------------] 0/1   0%
[model:iTransformer] idx=7/9 status=queued [------------------] 0/1   0%
[model:TimesNet] idx=8/9 status=queued [------------------] 0/1   0%
[model:Naive] idx=9/9 status=queued [------------------] 0/1   0%
[summary] completed=1/9 failed=0 queued=7 current=NHITS(2/9)
[model:LSTM] idx=1/9 status=completed phase=replay [##################] 12/12 100% run-complete
[model:NHITS] idx=2/9 status=running phase=replay fold=9/12 [############------] 8/12  67%
[model:DLinear] idx=3/9 status=queued [------------------] 0/1   0%
[model:Autoformer] idx=4/9 status=queued [------------------] 0/1   0%
[model:FEDformer] idx=5/9 status=queued [------------------] 0/1   0%
[model:PatchTST] idx=6/9 status=queued [------------------] 0/1   0%
[model:iTransformer] idx=7/9 status=queued [------------------] 0/1   0%
[model:TimesNet] idx=8/9 status=queued [------------------] 0/1   0%
[model:Naive] idx=9/9 status=queued [------------------] 0/1   0%
[summary] completed=1/9 failed=0 queued=7 current=NHITS(2/9)
[model:LSTM] idx=1/9 status=completed phase=replay [##################] 12/12 100% returncode=0
[model:NHITS] idx=2/9 status=running phase=replay fold=9/12 [############------] 8/12  67%
[model:DLinear] idx=3/9 status=queued [------------------] 0/1   0%
[model:Autoformer] idx=4/9 status=queued [------------------] 0/1   0%
[model:FEDformer] idx=5/9 status=queued [------------------] 0/1   0%
[model:PatchTST] idx=6/9 status=queued [------------------] 0/1   0%
[model:iTransformer] idx=7/9 status=queued [------------------] 0/1   0%
[model:TimesNet] idx=8/9 status=queued [------------------] 0/1   0%
[model:Naive] idx=9/9 status=queued [------------------] 0/1   0%
[summary] completed=1/9 failed=0 queued=6 current=NHITS(2/9),DLinear(3/9)
[model:LSTM] idx=1/9 status=completed phase=replay [##################] 12/12 100% returncode=0
[model:NHITS] idx=2/9 status=running phase=replay fold=9/12 [############------] 8/12  67%
[model:DLinear] idx=3/9 status=running [------------------] 0/1   0% gpu=0
[model:Autoformer] idx=4/9 status=queued [------------------] 0/1   0%
[model:FEDformer] idx=5/9 status=queued [------------------] 0/1   0%
[model:PatchTST] idx=6/9 status=queued [------------------] 0/1   0%
[model:iTransformer] idx=7/9 status=queued [------------------] 0/1   0%
[model:TimesNet] idx=8/9 status=queued [------------------] 0/1   0%
[model:Naive] idx=9/9 status=queued [------------------] 0/1   0%
[summary] completed=1/9 failed=0 queued=6 current=NHITS(2/9),DLinear(3/9)
[model:LSTM] idx=1/9 status=completed phase=replay [##################] 12/12 100% returncode=0
[model:NHITS] idx=2/9 status=running phase=replay fold=9/12 [############------] 8/12  67%
[model:DLinear] idx=3/9 status=running [------------------] 0/12   0% mode=learned_fixed output_root=/home/sonet/.openclaw/workspace/research/neuralforecast/runs/brentoil_case4/scheduler/workers/DLinear
[model:Autoformer] idx=4/9 status=queued [------------------] 0/1   0%
[model:FEDformer] idx=5/9 status=queued [------------------] 0/1   0%
[model:PatchTST] idx=6/9 status=queued [------------------] 0/1   0%
[model:iTransformer] idx=7/9 status=queued [------------------] 0/1   0%
[model:TimesNet] idx=8/9 status=queued [------------------] 0/1   0%
[model:Naive] idx=9/9 status=queued [------------------] 0/1   0%
[summary] completed=1/9 failed=0 queued=6 current=NHITS(2/9),DLinear(3/9)
[model:LSTM] idx=1/9 status=completed phase=replay [##################] 12/12 100% returncode=0
[model:NHITS] idx=2/9 status=running phase=replay fold=9/12 [############------] 8/12  67%
[model:DLinear] idx=3/9 status=running phase=replay fold=1/12 [------------------] 0/12   0%
[model:Autoformer] idx=4/9 status=queued [------------------] 0/1   0%
[model:FEDformer] idx=5/9 status=queued [------------------] 0/1   0%
[model:PatchTST] idx=6/9 status=queued [------------------] 0/1   0%
[model:iTransformer] idx=7/9 status=queued [------------------] 0/1   0%
[model:TimesNet] idx=8/9 status=queued [------------------] 0/1   0%
[model:Naive] idx=9/9 status=queued [------------------] 0/1   0%
[summary] completed=1/9 failed=0 queued=6 current=NHITS(2/9),DLinear(3/9)
[model:LSTM] idx=1/9 status=completed phase=replay [##################] 12/12 100% returncode=0
[model:NHITS] idx=2/9 status=running phase=replay fold=9/12 [############------] 8/12  67%
[model:DLinear] idx=3/9 status=running phase=replay fold=1/12 [##----------------] 1/12   8% mse=7.3067
[model:Autoformer] idx=4/9 status=queued [------------------] 0/1   0%
[model:FEDformer] idx=5/9 status=queued [------------------] 0/1   0%
[model:PatchTST] idx=6/9 status=queued [------------------] 0/1   0%
[model:iTransformer] idx=7/9 status=queued [------------------] 0/1   0%
[model:TimesNet] idx=8/9 status=queued [------------------] 0/1   0%
[model:Naive] idx=9/9 status=queued [------------------] 0/1   0%
[summary] completed=1/9 failed=0 queued=6 current=NHITS(2/9),DLinear(3/9)
[model:LSTM] idx=1/9 status=completed phase=replay [##################] 12/12 100% returncode=0
[model:NHITS] idx=2/9 status=running phase=replay fold=9/12 [############------] 8/12  67%
[model:DLinear] idx=3/9 status=running phase=replay fold=2/12 [##----------------] 1/12   8%
[model:Autoformer] idx=4/9 status=queued [------------------] 0/1   0%
[model:FEDformer] idx=5/9 status=queued [------------------] 0/1   0%
[model:PatchTST] idx=6/9 status=queued [------------------] 0/1   0%
[model:iTransformer] idx=7/9 status=queued [------------------] 0/1   0%
[model:TimesNet] idx=8/9 status=queued [------------------] 0/1   0%
[model:Naive] idx=9/9 status=queued [------------------] 0/1   0%
[summary] completed=1/9 failed=0 queued=6 current=NHITS(2/9),DLinear(3/9)
[model:LSTM] idx=1/9 status=completed phase=replay [##################] 12/12 100% returncode=0
[model:NHITS] idx=2/9 status=running phase=replay fold=9/12 [##############----] 9/12  75% mse=146.2733
[model:DLinear] idx=3/9 status=running phase=replay fold=2/12 [##----------------] 1/12   8%
[model:Autoformer] idx=4/9 status=queued [------------------] 0/1   0%
[model:FEDformer] idx=5/9 status=queued [------------------] 0/1   0%
[model:PatchTST] idx=6/9 status=queued [------------------] 0/1   0%
[model:iTransformer] idx=7/9 status=queued [------------------] 0/1   0%
[model:TimesNet] idx=8/9 status=queued [------------------] 0/1   0%
[model:Naive] idx=9/9 status=queued [------------------] 0/1   0%
[summary] completed=1/9 failed=0 queued=6 current=NHITS(2/9),DLinear(3/9)
[model:LSTM] idx=1/9 status=completed phase=replay [##################] 12/12 100% returncode=0
[model:NHITS] idx=2/9 status=running phase=replay fold=10/12 [##############----] 9/12  75%
[model:DLinear] idx=3/9 status=running phase=replay fold=2/12 [##----------------] 1/12   8%
[model:Autoformer] idx=4/9 status=queued [------------------] 0/1   0%
[model:FEDformer] idx=5/9 status=queued [------------------] 0/1   0%
[model:PatchTST] idx=6/9 status=queued [------------------] 0/1   0%
[model:iTransformer] idx=7/9 status=queued [------------------] 0/1   0%
[model:TimesNet] idx=8/9 status=queued [------------------] 0/1   0%
[model:Naive] idx=9/9 status=queued [------------------] 0/1   0%
[summary] completed=1/9 failed=0 queued=6 current=NHITS(2/9),DLinear(3/9)
[model:LSTM] idx=1/9 status=completed phase=replay [##################] 12/12 100% returncode=0
[model:NHITS] idx=2/9 status=running phase=replay fold=10/12 [##############----] 9/12  75%
[model:DLinear] idx=3/9 status=running phase=replay fold=2/12 [###---------------] 2/12  17% mse=18.4665
[model:Autoformer] idx=4/9 status=queued [------------------] 0/1   0%
[model:FEDformer] idx=5/9 status=queued [------------------] 0/1   0%
[model:PatchTST] idx=6/9 status=queued [------------------] 0/1   0%
[model:iTransformer] idx=7/9 status=queued [------------------] 0/1   0%
[model:TimesNet] idx=8/9 status=queued [------------------] 0/1   0%
[model:Naive] idx=9/9 status=queued [------------------] 0/1   0%
[summary] completed=1/9 failed=0 queued=6 current=NHITS(2/9),DLinear(3/9)
[model:LSTM] idx=1/9 status=completed phase=replay [##################] 12/12 100% returncode=0
[model:NHITS] idx=2/9 status=running phase=replay fold=10/12 [##############----] 9/12  75%
[model:DLinear] idx=3/9 status=running phase=replay fold=3/12 [###---------------] 2/12  17%
[model:Autoformer] idx=4/9 status=queued [------------------] 0/1   0%
[model:FEDformer] idx=5/9 status=queued [------------------] 0/1   0%
[model:PatchTST] idx=6/9 status=queued [------------------] 0/1   0%
[model:iTransformer] idx=7/9 status=queued [------------------] 0/1   0%
[model:TimesNet] idx=8/9 status=queued [------------------] 0/1   0%
[model:Naive] idx=9/9 status=queued [------------------] 0/1   0%
[summary] completed=1/9 failed=0 queued=6 current=NHITS(2/9),DLinear(3/9)
[model:LSTM] idx=1/9 status=completed phase=replay [##################] 12/12 100% returncode=0
[model:NHITS] idx=2/9 status=running phase=replay fold=10/12 [##############----] 9/12  75%
[model:DLinear] idx=3/9 status=running phase=replay fold=3/12 [####--------------] 3/12  25% mse=37.0505
[model:Autoformer] idx=4/9 status=queued [------------------] 0/1   0%
[model:FEDformer] idx=5/9 status=queued [------------------] 0/1   0%
[model:PatchTST] idx=6/9 status=queued [------------------] 0/1   0%
[model:iTransformer] idx=7/9 status=queued [------------------] 0/1   0%
[model:TimesNet] idx=8/9 status=queued [------------------] 0/1   0%
[model:Naive] idx=9/9 status=queued [------------------] 0/1   0%
[summary] completed=1/9 failed=0 queued=6 current=NHITS(2/9),DLinear(3/9)
[model:LSTM] idx=1/9 status=completed phase=replay [##################] 12/12 100% returncode=0
[model:NHITS] idx=2/9 status=running phase=replay fold=10/12 [##############----] 9/12  75%
[model:DLinear] idx=3/9 status=running phase=replay fold=4/12 [####--------------] 3/12  25%
[model:Autoformer] idx=4/9 status=queued [------------------] 0/1   0%
[model:FEDformer] idx=5/9 status=queued [------------------] 0/1   0%
[model:PatchTST] idx=6/9 status=queued [------------------] 0/1   0%
[model:iTransformer] idx=7/9 status=queued [------------------] 0/1   0%
[model:TimesNet] idx=8/9 status=queued [------------------] 0/1   0%
[model:Naive] idx=9/9 status=queued [------------------] 0/1   0%
[summary] completed=1/9 failed=0 queued=6 current=NHITS(2/9),DLinear(3/9)
[model:LSTM] idx=1/9 status=completed phase=replay [##################] 12/12 100% returncode=0
[model:NHITS] idx=2/9 status=running phase=replay fold=10/12 [###############---] 10/12  83% mse=115.5763
[model:DLinear] idx=3/9 status=running phase=replay fold=4/12 [####--------------] 3/12  25%
[model:Autoformer] idx=4/9 status=queued [------------------] 0/1   0%
[model:FEDformer] idx=5/9 status=queued [------------------] 0/1   0%
[model:PatchTST] idx=6/9 status=queued [------------------] 0/1   0%
[model:iTransformer] idx=7/9 status=queued [------------------] 0/1   0%
[model:TimesNet] idx=8/9 status=queued [------------------] 0/1   0%
[model:Naive] idx=9/9 status=queued [------------------] 0/1   0%
[summary] completed=1/9 failed=0 queued=6 current=NHITS(2/9),DLinear(3/9)
[model:LSTM] idx=1/9 status=completed phase=replay [##################] 12/12 100% returncode=0
[model:NHITS] idx=2/9 status=running phase=replay fold=11/12 [###############---] 10/12  83%
[model:DLinear] idx=3/9 status=running phase=replay fold=4/12 [####--------------] 3/12  25%
[model:Autoformer] idx=4/9 status=queued [------------------] 0/1   0%
[model:FEDformer] idx=5/9 status=queued [------------------] 0/1   0%
[model:PatchTST] idx=6/9 status=queued [------------------] 0/1   0%
[model:iTransformer] idx=7/9 status=queued [------------------] 0/1   0%
[model:TimesNet] idx=8/9 status=queued [------------------] 0/1   0%
[model:Naive] idx=9/9 status=queued [------------------] 0/1   0%
[summary] completed=1/9 failed=0 queued=6 current=NHITS(2/9),DLinear(3/9)
[model:LSTM] idx=1/9 status=completed phase=replay [##################] 12/12 100% returncode=0
[model:NHITS] idx=2/9 status=running phase=replay fold=11/12 [###############---] 10/12  83%
[model:DLinear] idx=3/9 status=running phase=replay fold=4/12 [######------------] 4/12  33% mse=41.8941
[model:Autoformer] idx=4/9 status=queued [------------------] 0/1   0%
[model:FEDformer] idx=5/9 status=queued [------------------] 0/1   0%
[model:PatchTST] idx=6/9 status=queued [------------------] 0/1   0%
[model:iTransformer] idx=7/9 status=queued [------------------] 0/1   0%
[model:TimesNet] idx=8/9 status=queued [------------------] 0/1   0%
[model:Naive] idx=9/9 status=queued [------------------] 0/1   0%
[summary] completed=1/9 failed=0 queued=6 current=NHITS(2/9),DLinear(3/9)
[model:LSTM] idx=1/9 status=completed phase=replay [##################] 12/12 100% returncode=0
[model:NHITS] idx=2/9 status=running phase=replay fold=11/12 [###############---] 10/12  83%
[model:DLinear] idx=3/9 status=running phase=replay fold=5/12 [######------------] 4/12  33%
[model:Autoformer] idx=4/9 status=queued [------------------] 0/1   0%
[model:FEDformer] idx=5/9 status=queued [------------------] 0/1   0%
[model:PatchTST] idx=6/9 status=queued [------------------] 0/1   0%
[model:iTransformer] idx=7/9 status=queued [------------------] 0/1   0%
[model:TimesNet] idx=8/9 status=queued [------------------] 0/1   0%
[model:Naive] idx=9/9 status=queued [------------------] 0/1   0%
[summary] completed=1/9 failed=0 queued=6 current=NHITS(2/9),DLinear(3/9)
[model:LSTM] idx=1/9 status=completed phase=replay [##################] 12/12 100% returncode=0
[model:NHITS] idx=2/9 status=running phase=replay fold=11/12 [###############---] 10/12  83%
[model:DLinear] idx=3/9 status=running phase=replay fold=5/12 [########----------] 5/12  42% mse=8.0691
[model:Autoformer] idx=4/9 status=queued [------------------] 0/1   0%
[model:FEDformer] idx=5/9 status=queued [------------------] 0/1   0%
[model:PatchTST] idx=6/9 status=queued [------------------] 0/1   0%
[model:iTransformer] idx=7/9 status=queued [------------------] 0/1   0%
[model:TimesNet] idx=8/9 status=queued [------------------] 0/1   0%
[model:Naive] idx=9/9 status=queued [------------------] 0/1   0%
[summary] completed=1/9 failed=0 queued=6 current=NHITS(2/9),DLinear(3/9)
[model:LSTM] idx=1/9 status=completed phase=replay [##################] 12/12 100% returncode=0
[model:NHITS] idx=2/9 status=running phase=replay fold=11/12 [###############---] 10/12  83%
[model:DLinear] idx=3/9 status=running phase=replay fold=6/12 [########----------] 5/12  42%
[model:Autoformer] idx=4/9 status=queued [------------------] 0/1   0%
[model:FEDformer] idx=5/9 status=queued [------------------] 0/1   0%
[model:PatchTST] idx=6/9 status=queued [------------------] 0/1   0%
[model:iTransformer] idx=7/9 status=queued [------------------] 0/1   0%
[model:TimesNet] idx=8/9 status=queued [------------------] 0/1   0%
[model:Naive] idx=9/9 status=queued [------------------] 0/1   0%
[summary] completed=1/9 failed=0 queued=6 current=NHITS(2/9),DLinear(3/9)
[model:LSTM] idx=1/9 status=completed phase=replay [##################] 12/12 100% returncode=0
[model:NHITS] idx=2/9 status=running phase=replay fold=11/12 [###############---] 10/12  83%
[model:DLinear] idx=3/9 status=running phase=replay fold=6/12 [#########---------] 6/12  50% mse=13.6100
[model:Autoformer] idx=4/9 status=queued [------------------] 0/1   0%
[model:FEDformer] idx=5/9 status=queued [------------------] 0/1   0%
[model:PatchTST] idx=6/9 status=queued [------------------] 0/1   0%
[model:iTransformer] idx=7/9 status=queued [------------------] 0/1   0%
[model:TimesNet] idx=8/9 status=queued [------------------] 0/1   0%
[model:Naive] idx=9/9 status=queued [------------------] 0/1   0%
[summary] completed=1/9 failed=0 queued=6 current=NHITS(2/9),DLinear(3/9)
[model:LSTM] idx=1/9 status=completed phase=replay [##################] 12/12 100% returncode=0
[model:NHITS] idx=2/9 status=running phase=replay fold=11/12 [###############---] 10/12  83%
[model:DLinear] idx=3/9 status=running phase=replay fold=7/12 [#########---------] 6/12  50%
[model:Autoformer] idx=4/9 status=queued [------------------] 0/1   0%
[model:FEDformer] idx=5/9 status=queued [------------------] 0/1   0%
[model:PatchTST] idx=6/9 status=queued [------------------] 0/1   0%
[model:iTransformer] idx=7/9 status=queued [------------------] 0/1   0%
[model:TimesNet] idx=8/9 status=queued [------------------] 0/1   0%
[model:Naive] idx=9/9 status=queued [------------------] 0/1   0%
[summary] completed=1/9 failed=0 queued=6 current=NHITS(2/9),DLinear(3/9)
[model:LSTM] idx=1/9 status=completed phase=replay [##################] 12/12 100% returncode=0
[model:NHITS] idx=2/9 status=running phase=replay fold=11/12 [################--] 11/12  92% mse=311.0065
[model:DLinear] idx=3/9 status=running phase=replay fold=7/12 [#########---------] 6/12  50%
[model:Autoformer] idx=4/9 status=queued [------------------] 0/1   0%
[model:FEDformer] idx=5/9 status=queued [------------------] 0/1   0%
[model:PatchTST] idx=6/9 status=queued [------------------] 0/1   0%
[model:iTransformer] idx=7/9 status=queued [------------------] 0/1   0%
[model:TimesNet] idx=8/9 status=queued [------------------] 0/1   0%
[model:Naive] idx=9/9 status=queued [------------------] 0/1   0%
[summary] completed=1/9 failed=0 queued=6 current=NHITS(2/9),DLinear(3/9)
[model:LSTM] idx=1/9 status=completed phase=replay [##################] 12/12 100% returncode=0
[model:NHITS] idx=2/9 status=running phase=replay fold=12/12 [################--] 11/12  92%
[model:DLinear] idx=3/9 status=running phase=replay fold=7/12 [#########---------] 6/12  50%
[model:Autoformer] idx=4/9 status=queued [------------------] 0/1   0%
[model:FEDformer] idx=5/9 status=queued [------------------] 0/1   0%
[model:PatchTST] idx=6/9 status=queued [------------------] 0/1   0%
[model:iTransformer] idx=7/9 status=queued [------------------] 0/1   0%
[model:TimesNet] idx=8/9 status=queued [------------------] 0/1   0%
[model:Naive] idx=9/9 status=queued [------------------] 0/1   0%
[summary] completed=1/9 failed=0 queued=6 current=NHITS(2/9),DLinear(3/9)
[model:LSTM] idx=1/9 status=completed phase=replay [##################] 12/12 100% returncode=0
[model:NHITS] idx=2/9 status=running phase=replay fold=12/12 [################--] 11/12  92%
[model:DLinear] idx=3/9 status=running phase=replay fold=7/12 [##########--------] 7/12  58% mse=11.7829
[model:Autoformer] idx=4/9 status=queued [------------------] 0/1   0%
[model:FEDformer] idx=5/9 status=queued [------------------] 0/1   0%
[model:PatchTST] idx=6/9 status=queued [------------------] 0/1   0%
[model:iTransformer] idx=7/9 status=queued [------------------] 0/1   0%
[model:TimesNet] idx=8/9 status=queued [------------------] 0/1   0%
[model:Naive] idx=9/9 status=queued [------------------] 0/1   0%
[summary] completed=1/9 failed=0 queued=6 current=NHITS(2/9),DLinear(3/9)
[model:LSTM] idx=1/9 status=completed phase=replay [##################] 12/12 100% returncode=0
[model:NHITS] idx=2/9 status=running phase=replay fold=12/12 [################--] 11/12  92%
[model:DLinear] idx=3/9 status=running phase=replay fold=8/12 [##########--------] 7/12  58%
[model:Autoformer] idx=4/9 status=queued [------------------] 0/1   0%
[model:FEDformer] idx=5/9 status=queued [------------------] 0/1   0%
[model:PatchTST] idx=6/9 status=queued [------------------] 0/1   0%
[model:iTransformer] idx=7/9 status=queued [------------------] 0/1   0%
[model:TimesNet] idx=8/9 status=queued [------------------] 0/1   0%
[model:Naive] idx=9/9 status=queued [------------------] 0/1   0%
[summary] completed=1/9 failed=0 queued=6 current=NHITS(2/9),DLinear(3/9)
[model:LSTM] idx=1/9 status=completed phase=replay [##################] 12/12 100% returncode=0
[model:NHITS] idx=2/9 status=running phase=replay fold=12/12 [################--] 11/12  92%
[model:DLinear] idx=3/9 status=running phase=replay fold=8/12 [############------] 8/12  67% mse=15.3414
[model:Autoformer] idx=4/9 status=queued [------------------] 0/1   0%
[model:FEDformer] idx=5/9 status=queued [------------------] 0/1   0%
[model:PatchTST] idx=6/9 status=queued [------------------] 0/1   0%
[model:iTransformer] idx=7/9 status=queued [------------------] 0/1   0%
[model:TimesNet] idx=8/9 status=queued [------------------] 0/1   0%
[model:Naive] idx=9/9 status=queued [------------------] 0/1   0%
[summary] completed=1/9 failed=0 queued=6 current=NHITS(2/9),DLinear(3/9)
[model:LSTM] idx=1/9 status=completed phase=replay [##################] 12/12 100% returncode=0
[model:NHITS] idx=2/9 status=running phase=replay fold=12/12 [################--] 11/12  92%
[model:DLinear] idx=3/9 status=running phase=replay fold=9/12 [############------] 8/12  67%
[model:Autoformer] idx=4/9 status=queued [------------------] 0/1   0%
[model:FEDformer] idx=5/9 status=queued [------------------] 0/1   0%
[model:PatchTST] idx=6/9 status=queued [------------------] 0/1   0%
[model:iTransformer] idx=7/9 status=queued [------------------] 0/1   0%
[model:TimesNet] idx=8/9 status=queued [------------------] 0/1   0%
[model:Naive] idx=9/9 status=queued [------------------] 0/1   0%
[summary] completed=1/9 failed=0 queued=6 current=NHITS(2/9),DLinear(3/9)
[model:LSTM] idx=1/9 status=completed phase=replay [##################] 12/12 100% returncode=0
[model:NHITS] idx=2/9 status=running phase=replay fold=12/12 [##################] 12/12 100% mse=417.4776
[model:DLinear] idx=3/9 status=running phase=replay fold=9/12 [############------] 8/12  67%
[model:Autoformer] idx=4/9 status=queued [------------------] 0/1   0%
[model:FEDformer] idx=5/9 status=queued [------------------] 0/1   0%
[model:PatchTST] idx=6/9 status=queued [------------------] 0/1   0%
[model:iTransformer] idx=7/9 status=queued [------------------] 0/1   0%
[model:TimesNet] idx=8/9 status=queued [------------------] 0/1   0%
[model:Naive] idx=9/9 status=queued [------------------] 0/1   0%
[summary] completed=2/9 failed=0 queued=6 current=DLinear(3/9)
[model:LSTM] idx=1/9 status=completed phase=replay [##################] 12/12 100% returncode=0
[model:NHITS] idx=2/9 status=completed phase=replay [##################] 12/12 100% run-complete
[model:DLinear] idx=3/9 status=running phase=replay fold=9/12 [############------] 8/12  67%
[model:Autoformer] idx=4/9 status=queued [------------------] 0/1   0%
[model:FEDformer] idx=5/9 status=queued [------------------] 0/1   0%
[model:PatchTST] idx=6/9 status=queued [------------------] 0/1   0%
[model:iTransformer] idx=7/9 status=queued [------------------] 0/1   0%
[model:TimesNet] idx=8/9 status=queued [------------------] 0/1   0%
[model:Naive] idx=9/9 status=queued [------------------] 0/1   0%
[worker:NHITS] {"ok": true, "executed_jobs": ["NHITS"], "summary_artifacts": {}}
[summary] completed=2/9 failed=0 queued=6 current=DLinear(3/9)
[model:LSTM] idx=1/9 status=completed phase=replay [##################] 12/12 100% returncode=0
[model:NHITS] idx=2/9 status=completed phase=replay [##################] 12/12 100% returncode=0
[model:DLinear] idx=3/9 status=running phase=replay fold=9/12 [############------] 8/12  67%
[model:Autoformer] idx=4/9 status=queued [------------------] 0/1   0%
[model:FEDformer] idx=5/9 status=queued [------------------] 0/1   0%
[model:PatchTST] idx=6/9 status=queued [------------------] 0/1   0%
[model:iTransformer] idx=7/9 status=queued [------------------] 0/1   0%
[model:TimesNet] idx=8/9 status=queued [------------------] 0/1   0%
[model:Naive] idx=9/9 status=queued [------------------] 0/1   0%
[summary] completed=2/9 failed=0 queued=5 current=DLinear(3/9),Autoformer(4/9)
[model:LSTM] idx=1/9 status=completed phase=replay [##################] 12/12 100% returncode=0
[model:NHITS] idx=2/9 status=completed phase=replay [##################] 12/12 100% returncode=0
[model:DLinear] idx=3/9 status=running phase=replay fold=9/12 [############------] 8/12  67%
[model:Autoformer] idx=4/9 status=running [------------------] 0/1   0% gpu=1
[model:FEDformer] idx=5/9 status=queued [------------------] 0/1   0%
[model:PatchTST] idx=6/9 status=queued [------------------] 0/1   0%
[model:iTransformer] idx=7/9 status=queued [------------------] 0/1   0%
[model:TimesNet] idx=8/9 status=queued [------------------] 0/1   0%
[model:Naive] idx=9/9 status=queued [------------------] 0/1   0%
[summary] completed=2/9 failed=0 queued=5 current=DLinear(3/9),Autoformer(4/9)
[model:LSTM] idx=1/9 status=completed phase=replay [##################] 12/12 100% returncode=0
[model:NHITS] idx=2/9 status=completed phase=replay [##################] 12/12 100% returncode=0
[model:DLinear] idx=3/9 status=running phase=replay fold=9/12 [##############----] 9/12  75% mse=7.3377
[model:Autoformer] idx=4/9 status=running [------------------] 0/1   0% gpu=1
[model:FEDformer] idx=5/9 status=queued [------------------] 0/1   0%
[model:PatchTST] idx=6/9 status=queued [------------------] 0/1   0%
[model:iTransformer] idx=7/9 status=queued [------------------] 0/1   0%
[model:TimesNet] idx=8/9 status=queued [------------------] 0/1   0%
[model:Naive] idx=9/9 status=queued [------------------] 0/1   0%
[summary] completed=2/9 failed=0 queued=5 current=DLinear(3/9),Autoformer(4/9)
[model:LSTM] idx=1/9 status=completed phase=replay [##################] 12/12 100% returncode=0
[model:NHITS] idx=2/9 status=completed phase=replay [##################] 12/12 100% returncode=0
[model:DLinear] idx=3/9 status=running phase=replay fold=10/12 [##############----] 9/12  75%
[model:Autoformer] idx=4/9 status=running [------------------] 0/1   0% gpu=1
[model:FEDformer] idx=5/9 status=queued [------------------] 0/1   0%
[model:PatchTST] idx=6/9 status=queued [------------------] 0/1   0%
[model:iTransformer] idx=7/9 status=queued [------------------] 0/1   0%
[model:TimesNet] idx=8/9 status=queued [------------------] 0/1   0%
[model:Naive] idx=9/9 status=queued [------------------] 0/1   0%
