[summary] completed=0/7 failed=0 queued=6 current=LSTM(1/7)
[model:LSTM] idx=1/7 status=running [------------------] 0/1   0% gpu=0
[model:NHITS] idx=2/7 status=queued [------------------] 0/1   0%
[model:DLinear] idx=3/7 status=queued [------------------] 0/1   0%
[model:Autoformer] idx=4/7 status=queued [------------------] 0/1   0%
[model:PatchTST] idx=5/7 status=queued [------------------] 0/1   0%
[model:iTransformer] idx=6/7 status=queued [------------------] 0/1   0%
[model:Naive] idx=7/7 status=queued [------------------] 0/1   0%
[summary] completed=0/7 failed=0 queued=5 current=LSTM(1/7),NHITS(2/7)
[model:LSTM] idx=1/7 status=running [------------------] 0/1   0% gpu=0
[model:NHITS] idx=2/7 status=running [------------------] 0/1   0% gpu=1
[model:DLinear] idx=3/7 status=queued [------------------] 0/1   0%
[model:Autoformer] idx=4/7 status=queued [------------------] 0/1   0%
[model:PatchTST] idx=5/7 status=queued [------------------] 0/1   0%
[model:iTransformer] idx=6/7 status=queued [------------------] 0/1   0%
[model:Naive] idx=7/7 status=queued [------------------] 0/1   0%
[summary] completed=0/7 failed=0 queued=5 current=LSTM(1/7),NHITS(2/7)
[model:LSTM] idx=1/7 status=running [------------------] 0/12   0% mode=learned_fixed output_root=/home/sonet/.openclaw/workspace/research/neuralforecast/runs/wti_case4_res_level_lag_exg_xgb/scheduler/workers/LSTM
[model:NHITS] idx=2/7 status=running [------------------] 0/1   0% gpu=1
[model:DLinear] idx=3/7 status=queued [------------------] 0/1   0%
[model:Autoformer] idx=4/7 status=queued [------------------] 0/1   0%
[model:PatchTST] idx=5/7 status=queued [------------------] 0/1   0%
[model:iTransformer] idx=6/7 status=queued [------------------] 0/1   0%
[model:Naive] idx=7/7 status=queued [------------------] 0/1   0%
[summary] completed=0/7 failed=0 queued=5 current=LSTM(1/7),NHITS(2/7)
[model:LSTM] idx=1/7 status=running phase=replay fold=1/12 [------------------] 0/12   0%
[model:NHITS] idx=2/7 status=running [------------------] 0/1   0% gpu=1
[model:DLinear] idx=3/7 status=queued [------------------] 0/1   0%
[model:Autoformer] idx=4/7 status=queued [------------------] 0/1   0%
[model:PatchTST] idx=5/7 status=queued [------------------] 0/1   0%
[model:iTransformer] idx=6/7 status=queued [------------------] 0/1   0%
[model:Naive] idx=7/7 status=queued [------------------] 0/1   0%
[summary] completed=0/7 failed=0 queued=5 current=LSTM(1/7),NHITS(2/7)
[model:LSTM] idx=1/7 status=running phase=replay fold=1/12 [------------------] 0/12   0%
[model:NHITS] idx=2/7 status=running [------------------] 0/12   0% mode=learned_fixed output_root=/home/sonet/.openclaw/workspace/research/neuralforecast/runs/wti_case4_res_level_lag_exg_xgb/scheduler/workers/NHITS
[model:DLinear] idx=3/7 status=queued [------------------] 0/1   0%
[model:Autoformer] idx=4/7 status=queued [------------------] 0/1   0%
[model:PatchTST] idx=5/7 status=queued [------------------] 0/1   0%
[model:iTransformer] idx=6/7 status=queued [------------------] 0/1   0%
[model:Naive] idx=7/7 status=queued [------------------] 0/1   0%
[summary] completed=0/7 failed=0 queued=5 current=LSTM(1/7),NHITS(2/7)
[model:LSTM] idx=1/7 status=running phase=replay fold=1/12 [------------------] 0/12   0%
[model:NHITS] idx=2/7 status=running phase=replay fold=1/12 [------------------] 0/12   0%
[model:DLinear] idx=3/7 status=queued [------------------] 0/1   0%
[model:Autoformer] idx=4/7 status=queued [------------------] 0/1   0%
[model:PatchTST] idx=5/7 status=queued [------------------] 0/1   0%
[model:iTransformer] idx=6/7 status=queued [------------------] 0/1   0%
[model:Naive] idx=7/7 status=queued [------------------] 0/1   0%
[summary] completed=0/7 failed=0 queued=5 current=LSTM(1/7),NHITS(2/7)
[model:LSTM] idx=1/7 status=running phase=replay fold=1/12 [##----------------] 1/12   8% mse=8.3899
[model:NHITS] idx=2/7 status=running phase=replay fold=1/12 [------------------] 0/12   0%
[model:DLinear] idx=3/7 status=queued [------------------] 0/1   0%
[model:Autoformer] idx=4/7 status=queued [------------------] 0/1   0%
[model:PatchTST] idx=5/7 status=queued [------------------] 0/1   0%
[model:iTransformer] idx=6/7 status=queued [------------------] 0/1   0%
[model:Naive] idx=7/7 status=queued [------------------] 0/1   0%
[summary] completed=0/7 failed=0 queued=5 current=LSTM(1/7),NHITS(2/7)
[model:LSTM] idx=1/7 status=running phase=replay fold=2/12 [##----------------] 1/12   8%
[model:NHITS] idx=2/7 status=running phase=replay fold=1/12 [------------------] 0/12   0%
[model:DLinear] idx=3/7 status=queued [------------------] 0/1   0%
[model:Autoformer] idx=4/7 status=queued [------------------] 0/1   0%
[model:PatchTST] idx=5/7 status=queued [------------------] 0/1   0%
[model:iTransformer] idx=6/7 status=queued [------------------] 0/1   0%
[model:Naive] idx=7/7 status=queued [------------------] 0/1   0%
[summary] completed=0/7 failed=0 queued=5 current=LSTM(1/7),NHITS(2/7)
[model:LSTM] idx=1/7 status=running phase=replay fold=2/12 [##----------------] 1/12   8%
[model:NHITS] idx=2/7 status=running phase=replay fold=1/12 [##----------------] 1/12   8% mse=775.1569
[model:DLinear] idx=3/7 status=queued [------------------] 0/1   0%
[model:Autoformer] idx=4/7 status=queued [------------------] 0/1   0%
[model:PatchTST] idx=5/7 status=queued [------------------] 0/1   0%
[model:iTransformer] idx=6/7 status=queued [------------------] 0/1   0%
[model:Naive] idx=7/7 status=queued [------------------] 0/1   0%
[summary] completed=0/7 failed=0 queued=5 current=LSTM(1/7),NHITS(2/7)
[model:LSTM] idx=1/7 status=running phase=replay fold=2/12 [##----------------] 1/12   8%
[model:NHITS] idx=2/7 status=running phase=replay fold=2/12 [##----------------] 1/12   8%
[model:DLinear] idx=3/7 status=queued [------------------] 0/1   0%
[model:Autoformer] idx=4/7 status=queued [------------------] 0/1   0%
[model:PatchTST] idx=5/7 status=queued [------------------] 0/1   0%
[model:iTransformer] idx=6/7 status=queued [------------------] 0/1   0%
[model:Naive] idx=7/7 status=queued [------------------] 0/1   0%
[summary] completed=0/7 failed=0 queued=5 current=LSTM(1/7),NHITS(2/7)
[model:LSTM] idx=1/7 status=running phase=replay fold=2/12 [###---------------] 2/12  17% mse=22.7245
[model:NHITS] idx=2/7 status=running phase=replay fold=2/12 [##----------------] 1/12   8%
[model:DLinear] idx=3/7 status=queued [------------------] 0/1   0%
[model:Autoformer] idx=4/7 status=queued [------------------] 0/1   0%
[model:PatchTST] idx=5/7 status=queued [------------------] 0/1   0%
[model:iTransformer] idx=6/7 status=queued [------------------] 0/1   0%
[model:Naive] idx=7/7 status=queued [------------------] 0/1   0%
[summary] completed=0/7 failed=0 queued=5 current=LSTM(1/7),NHITS(2/7)
[model:LSTM] idx=1/7 status=running phase=replay fold=2/12 [###---------------] 2/12  17% mse=22.7245
[model:NHITS] idx=2/7 status=running phase=replay fold=2/12 [###---------------] 2/12  17% mse=57.7721
[model:DLinear] idx=3/7 status=queued [------------------] 0/1   0%
[model:Autoformer] idx=4/7 status=queued [------------------] 0/1   0%
[model:PatchTST] idx=5/7 status=queued [------------------] 0/1   0%
[model:iTransformer] idx=6/7 status=queued [------------------] 0/1   0%
[model:Naive] idx=7/7 status=queued [------------------] 0/1   0%
[summary] completed=0/7 failed=0 queued=5 current=LSTM(1/7),NHITS(2/7)
[model:LSTM] idx=1/7 status=running phase=replay fold=3/12 [###---------------] 2/12  17%
[model:NHITS] idx=2/7 status=running phase=replay fold=2/12 [###---------------] 2/12  17% mse=57.7721
[model:DLinear] idx=3/7 status=queued [------------------] 0/1   0%
[model:Autoformer] idx=4/7 status=queued [------------------] 0/1   0%
[model:PatchTST] idx=5/7 status=queued [------------------] 0/1   0%
[model:iTransformer] idx=6/7 status=queued [------------------] 0/1   0%
[model:Naive] idx=7/7 status=queued [------------------] 0/1   0%
[summary] completed=0/7 failed=0 queued=5 current=LSTM(1/7),NHITS(2/7)
[model:LSTM] idx=1/7 status=running phase=replay fold=3/12 [###---------------] 2/12  17%
[model:NHITS] idx=2/7 status=running phase=replay fold=3/12 [###---------------] 2/12  17%
[model:DLinear] idx=3/7 status=queued [------------------] 0/1   0%
[model:Autoformer] idx=4/7 status=queued [------------------] 0/1   0%
[model:PatchTST] idx=5/7 status=queued [------------------] 0/1   0%
[model:iTransformer] idx=6/7 status=queued [------------------] 0/1   0%
[model:Naive] idx=7/7 status=queued [------------------] 0/1   0%
[summary] completed=0/7 failed=0 queued=5 current=LSTM(1/7),NHITS(2/7)
[model:LSTM] idx=1/7 status=running phase=replay fold=3/12 [####--------------] 3/12  25% mse=49.0606
[model:NHITS] idx=2/7 status=running phase=replay fold=3/12 [###---------------] 2/12  17%
[model:DLinear] idx=3/7 status=queued [------------------] 0/1   0%
[model:Autoformer] idx=4/7 status=queued [------------------] 0/1   0%
[model:PatchTST] idx=5/7 status=queued [------------------] 0/1   0%
[model:iTransformer] idx=6/7 status=queued [------------------] 0/1   0%
[model:Naive] idx=7/7 status=queued [------------------] 0/1   0%
[summary] completed=0/7 failed=0 queued=5 current=LSTM(1/7),NHITS(2/7)
[model:LSTM] idx=1/7 status=running phase=replay fold=4/12 [####--------------] 3/12  25%
[model:NHITS] idx=2/7 status=running phase=replay fold=3/12 [###---------------] 2/12  17%
[model:DLinear] idx=3/7 status=queued [------------------] 0/1   0%
[model:Autoformer] idx=4/7 status=queued [------------------] 0/1   0%
[model:PatchTST] idx=5/7 status=queued [------------------] 0/1   0%
[model:iTransformer] idx=6/7 status=queued [------------------] 0/1   0%
[model:Naive] idx=7/7 status=queued [------------------] 0/1   0%
[summary] completed=0/7 failed=0 queued=5 current=LSTM(1/7),NHITS(2/7)
[model:LSTM] idx=1/7 status=running phase=replay fold=4/12 [####--------------] 3/12  25%
[model:NHITS] idx=2/7 status=running phase=replay fold=3/12 [####--------------] 3/12  25% mse=607.8513
[model:DLinear] idx=3/7 status=queued [------------------] 0/1   0%
[model:Autoformer] idx=4/7 status=queued [------------------] 0/1   0%
[model:PatchTST] idx=5/7 status=queued [------------------] 0/1   0%
[model:iTransformer] idx=6/7 status=queued [------------------] 0/1   0%
[model:Naive] idx=7/7 status=queued [------------------] 0/1   0%
[summary] completed=0/7 failed=0 queued=5 current=LSTM(1/7),NHITS(2/7)
[model:LSTM] idx=1/7 status=running phase=replay fold=4/12 [####--------------] 3/12  25%
[model:NHITS] idx=2/7 status=running phase=replay fold=4/12 [####--------------] 3/12  25%
[model:DLinear] idx=3/7 status=queued [------------------] 0/1   0%
[model:Autoformer] idx=4/7 status=queued [------------------] 0/1   0%
[model:PatchTST] idx=5/7 status=queued [------------------] 0/1   0%
[model:iTransformer] idx=6/7 status=queued [------------------] 0/1   0%
[model:Naive] idx=7/7 status=queued [------------------] 0/1   0%
[summary] completed=0/7 failed=0 queued=5 current=LSTM(1/7),NHITS(2/7)
[model:LSTM] idx=1/7 status=running phase=replay fold=4/12 [######------------] 4/12  33% mse=55.1046
[model:NHITS] idx=2/7 status=running phase=replay fold=4/12 [####--------------] 3/12  25%
[model:DLinear] idx=3/7 status=queued [------------------] 0/1   0%
[model:Autoformer] idx=4/7 status=queued [------------------] 0/1   0%
[model:PatchTST] idx=5/7 status=queued [------------------] 0/1   0%
[model:iTransformer] idx=6/7 status=queued [------------------] 0/1   0%
[model:Naive] idx=7/7 status=queued [------------------] 0/1   0%
[summary] completed=0/7 failed=0 queued=5 current=LSTM(1/7),NHITS(2/7)
[model:LSTM] idx=1/7 status=running phase=replay fold=5/12 [######------------] 4/12  33%
[model:NHITS] idx=2/7 status=running phase=replay fold=4/12 [####--------------] 3/12  25%
[model:DLinear] idx=3/7 status=queued [------------------] 0/1   0%
[model:Autoformer] idx=4/7 status=queued [------------------] 0/1   0%
[model:PatchTST] idx=5/7 status=queued [------------------] 0/1   0%
[model:iTransformer] idx=6/7 status=queued [------------------] 0/1   0%
[model:Naive] idx=7/7 status=queued [------------------] 0/1   0%
[summary] completed=0/7 failed=0 queued=5 current=LSTM(1/7),NHITS(2/7)
[model:LSTM] idx=1/7 status=running phase=replay fold=5/12 [######------------] 4/12  33%
[model:NHITS] idx=2/7 status=running phase=replay fold=4/12 [######------------] 4/12  33% mse=1307.5049
[model:DLinear] idx=3/7 status=queued [------------------] 0/1   0%
[model:Autoformer] idx=4/7 status=queued [------------------] 0/1   0%
[model:PatchTST] idx=5/7 status=queued [------------------] 0/1   0%
[model:iTransformer] idx=6/7 status=queued [------------------] 0/1   0%
[model:Naive] idx=7/7 status=queued [------------------] 0/1   0%
[summary] completed=0/7 failed=0 queued=5 current=LSTM(1/7),NHITS(2/7)
[model:LSTM] idx=1/7 status=running phase=replay fold=5/12 [######------------] 4/12  33%
[model:NHITS] idx=2/7 status=running phase=replay fold=5/12 [######------------] 4/12  33%
[model:DLinear] idx=3/7 status=queued [------------------] 0/1   0%
[model:Autoformer] idx=4/7 status=queued [------------------] 0/1   0%
[model:PatchTST] idx=5/7 status=queued [------------------] 0/1   0%
[model:iTransformer] idx=6/7 status=queued [------------------] 0/1   0%
[model:Naive] idx=7/7 status=queued [------------------] 0/1   0%
[summary] completed=0/7 failed=0 queued=5 current=LSTM(1/7),NHITS(2/7)
[model:LSTM] idx=1/7 status=running phase=replay fold=5/12 [########----------] 5/12  42% mse=16.8218
[model:NHITS] idx=2/7 status=running phase=replay fold=5/12 [######------------] 4/12  33%
[model:DLinear] idx=3/7 status=queued [------------------] 0/1   0%
[model:Autoformer] idx=4/7 status=queued [------------------] 0/1   0%
[model:PatchTST] idx=5/7 status=queued [------------------] 0/1   0%
[model:iTransformer] idx=6/7 status=queued [------------------] 0/1   0%
[model:Naive] idx=7/7 status=queued [------------------] 0/1   0%
[summary] completed=0/7 failed=0 queued=5 current=LSTM(1/7),NHITS(2/7)
[model:LSTM] idx=1/7 status=running phase=replay fold=6/12 [########----------] 5/12  42%
[model:NHITS] idx=2/7 status=running phase=replay fold=5/12 [######------------] 4/12  33%
[model:DLinear] idx=3/7 status=queued [------------------] 0/1   0%
[model:Autoformer] idx=4/7 status=queued [------------------] 0/1   0%
[model:PatchTST] idx=5/7 status=queued [------------------] 0/1   0%
[model:iTransformer] idx=6/7 status=queued [------------------] 0/1   0%
[model:Naive] idx=7/7 status=queued [------------------] 0/1   0%
[summary] completed=0/7 failed=0 queued=5 current=LSTM(1/7),NHITS(2/7)
[model:LSTM] idx=1/7 status=running phase=replay fold=6/12 [########----------] 5/12  42%
[model:NHITS] idx=2/7 status=running phase=replay fold=5/12 [########----------] 5/12  42% mse=551.6868
[model:DLinear] idx=3/7 status=queued [------------------] 0/1   0%
[model:Autoformer] idx=4/7 status=queued [------------------] 0/1   0%
[model:PatchTST] idx=5/7 status=queued [------------------] 0/1   0%
[model:iTransformer] idx=6/7 status=queued [------------------] 0/1   0%
[model:Naive] idx=7/7 status=queued [------------------] 0/1   0%
[summary] completed=0/7 failed=0 queued=5 current=LSTM(1/7),NHITS(2/7)
[model:LSTM] idx=1/7 status=running phase=replay fold=6/12 [########----------] 5/12  42%
[model:NHITS] idx=2/7 status=running phase=replay fold=6/12 [########----------] 5/12  42%
[model:DLinear] idx=3/7 status=queued [------------------] 0/1   0%
[model:Autoformer] idx=4/7 status=queued [------------------] 0/1   0%
[model:PatchTST] idx=5/7 status=queued [------------------] 0/1   0%
[model:iTransformer] idx=6/7 status=queued [------------------] 0/1   0%
[model:Naive] idx=7/7 status=queued [------------------] 0/1   0%
[summary] completed=0/7 failed=0 queued=5 current=LSTM(1/7),NHITS(2/7)
[model:LSTM] idx=1/7 status=running phase=replay fold=6/12 [#########---------] 6/12  50% mse=11.3959
[model:NHITS] idx=2/7 status=running phase=replay fold=6/12 [########----------] 5/12  42%
[model:DLinear] idx=3/7 status=queued [------------------] 0/1   0%
[model:Autoformer] idx=4/7 status=queued [------------------] 0/1   0%
[model:PatchTST] idx=5/7 status=queued [------------------] 0/1   0%
[model:iTransformer] idx=6/7 status=queued [------------------] 0/1   0%
[model:Naive] idx=7/7 status=queued [------------------] 0/1   0%
[summary] completed=0/7 failed=0 queued=5 current=LSTM(1/7),NHITS(2/7)
[model:LSTM] idx=1/7 status=running phase=replay fold=7/12 [#########---------] 6/12  50%
[model:NHITS] idx=2/7 status=running phase=replay fold=6/12 [########----------] 5/12  42%
[model:DLinear] idx=3/7 status=queued [------------------] 0/1   0%
[model:Autoformer] idx=4/7 status=queued [------------------] 0/1   0%
[model:PatchTST] idx=5/7 status=queued [------------------] 0/1   0%
[model:iTransformer] idx=6/7 status=queued [------------------] 0/1   0%
[model:Naive] idx=7/7 status=queued [------------------] 0/1   0%
[summary] completed=0/7 failed=0 queued=5 current=LSTM(1/7),NHITS(2/7)
[model:LSTM] idx=1/7 status=running phase=replay fold=7/12 [##########--------] 7/12  58% mse=3.1216
[model:NHITS] idx=2/7 status=running phase=replay fold=6/12 [########----------] 5/12  42%
[model:DLinear] idx=3/7 status=queued [------------------] 0/1   0%
[model:Autoformer] idx=4/7 status=queued [------------------] 0/1   0%
[model:PatchTST] idx=5/7 status=queued [------------------] 0/1   0%
[model:iTransformer] idx=6/7 status=queued [------------------] 0/1   0%
[model:Naive] idx=7/7 status=queued [------------------] 0/1   0%
[summary] completed=0/7 failed=0 queued=5 current=LSTM(1/7),NHITS(2/7)
[model:LSTM] idx=1/7 status=running phase=replay fold=7/12 [##########--------] 7/12  58% mse=3.1216
[model:NHITS] idx=2/7 status=running phase=replay fold=6/12 [#########---------] 6/12  50% mse=687.1113
[model:DLinear] idx=3/7 status=queued [------------------] 0/1   0%
[model:Autoformer] idx=4/7 status=queued [------------------] 0/1   0%
[model:PatchTST] idx=5/7 status=queued [------------------] 0/1   0%
[model:iTransformer] idx=6/7 status=queued [------------------] 0/1   0%
[model:Naive] idx=7/7 status=queued [------------------] 0/1   0%
[summary] completed=0/7 failed=0 queued=5 current=LSTM(1/7),NHITS(2/7)
[model:LSTM] idx=1/7 status=running phase=replay fold=8/12 [##########--------] 7/12  58%
[model:NHITS] idx=2/7 status=running phase=replay fold=6/12 [#########---------] 6/12  50% mse=687.1113
[model:DLinear] idx=3/7 status=queued [------------------] 0/1   0%
[model:Autoformer] idx=4/7 status=queued [------------------] 0/1   0%
[model:PatchTST] idx=5/7 status=queued [------------------] 0/1   0%
[model:iTransformer] idx=6/7 status=queued [------------------] 0/1   0%
[model:Naive] idx=7/7 status=queued [------------------] 0/1   0%
[summary] completed=0/7 failed=0 queued=5 current=LSTM(1/7),NHITS(2/7)
[model:LSTM] idx=1/7 status=running phase=replay fold=8/12 [##########--------] 7/12  58%
[model:NHITS] idx=2/7 status=running phase=replay fold=7/12 [#########---------] 6/12  50%
[model:DLinear] idx=3/7 status=queued [------------------] 0/1   0%
[model:Autoformer] idx=4/7 status=queued [------------------] 0/1   0%
[model:PatchTST] idx=5/7 status=queued [------------------] 0/1   0%
[model:iTransformer] idx=6/7 status=queued [------------------] 0/1   0%
[model:Naive] idx=7/7 status=queued [------------------] 0/1   0%
[summary] completed=0/7 failed=0 queued=5 current=LSTM(1/7),NHITS(2/7)
[model:LSTM] idx=1/7 status=running phase=replay fold=8/12 [############------] 8/12  67% mse=74.0463
[model:NHITS] idx=2/7 status=running phase=replay fold=7/12 [#########---------] 6/12  50%
[model:DLinear] idx=3/7 status=queued [------------------] 0/1   0%
[model:Autoformer] idx=4/7 status=queued [------------------] 0/1   0%
[model:PatchTST] idx=5/7 status=queued [------------------] 0/1   0%
[model:iTransformer] idx=6/7 status=queued [------------------] 0/1   0%
[model:Naive] idx=7/7 status=queued [------------------] 0/1   0%
[summary] completed=0/7 failed=0 queued=5 current=LSTM(1/7),NHITS(2/7)
[model:LSTM] idx=1/7 status=running phase=replay fold=9/12 [############------] 8/12  67%
[model:NHITS] idx=2/7 status=running phase=replay fold=7/12 [#########---------] 6/12  50%
[model:DLinear] idx=3/7 status=queued [------------------] 0/1   0%
[model:Autoformer] idx=4/7 status=queued [------------------] 0/1   0%
[model:PatchTST] idx=5/7 status=queued [------------------] 0/1   0%
[model:iTransformer] idx=6/7 status=queued [------------------] 0/1   0%
[model:Naive] idx=7/7 status=queued [------------------] 0/1   0%
[summary] completed=0/7 failed=0 queued=5 current=LSTM(1/7),NHITS(2/7)
[model:LSTM] idx=1/7 status=running phase=replay fold=9/12 [############------] 8/12  67%
[model:NHITS] idx=2/7 status=running phase=replay fold=7/12 [##########--------] 7/12  58% mse=141.0235
[model:DLinear] idx=3/7 status=queued [------------------] 0/1   0%
[model:Autoformer] idx=4/7 status=queued [------------------] 0/1   0%
[model:PatchTST] idx=5/7 status=queued [------------------] 0/1   0%
[model:iTransformer] idx=6/7 status=queued [------------------] 0/1   0%
[model:Naive] idx=7/7 status=queued [------------------] 0/1   0%
[summary] completed=0/7 failed=0 queued=5 current=LSTM(1/7),NHITS(2/7)
[model:LSTM] idx=1/7 status=running phase=replay fold=9/12 [############------] 8/12  67%
[model:NHITS] idx=2/7 status=running phase=replay fold=8/12 [##########--------] 7/12  58%
[model:DLinear] idx=3/7 status=queued [------------------] 0/1   0%
[model:Autoformer] idx=4/7 status=queued [------------------] 0/1   0%
[model:PatchTST] idx=5/7 status=queued [------------------] 0/1   0%
[model:iTransformer] idx=6/7 status=queued [------------------] 0/1   0%
[model:Naive] idx=7/7 status=queued [------------------] 0/1   0%
[summary] completed=0/7 failed=0 queued=5 current=LSTM(1/7),NHITS(2/7)
[model:LSTM] idx=1/7 status=running phase=replay fold=9/12 [##############----] 9/12  75% mse=0.8421
[model:NHITS] idx=2/7 status=running phase=replay fold=8/12 [##########--------] 7/12  58%
[model:DLinear] idx=3/7 status=queued [------------------] 0/1   0%
[model:Autoformer] idx=4/7 status=queued [------------------] 0/1   0%
[model:PatchTST] idx=5/7 status=queued [------------------] 0/1   0%
[model:iTransformer] idx=6/7 status=queued [------------------] 0/1   0%
[model:Naive] idx=7/7 status=queued [------------------] 0/1   0%
[summary] completed=0/7 failed=0 queued=5 current=LSTM(1/7),NHITS(2/7)
[model:LSTM] idx=1/7 status=running phase=replay fold=10/12 [##############----] 9/12  75%
[model:NHITS] idx=2/7 status=running phase=replay fold=8/12 [##########--------] 7/12  58%
[model:DLinear] idx=3/7 status=queued [------------------] 0/1   0%
[model:Autoformer] idx=4/7 status=queued [------------------] 0/1   0%
[model:PatchTST] idx=5/7 status=queued [------------------] 0/1   0%
[model:iTransformer] idx=6/7 status=queued [------------------] 0/1   0%
[model:Naive] idx=7/7 status=queued [------------------] 0/1   0%
[summary] completed=0/7 failed=0 queued=5 current=LSTM(1/7),NHITS(2/7)
[model:LSTM] idx=1/7 status=running phase=replay fold=10/12 [##############----] 9/12  75%
[model:NHITS] idx=2/7 status=running phase=replay fold=8/12 [############------] 8/12  67% mse=1048.1293
[model:DLinear] idx=3/7 status=queued [------------------] 0/1   0%
[model:Autoformer] idx=4/7 status=queued [------------------] 0/1   0%
[model:PatchTST] idx=5/7 status=queued [------------------] 0/1   0%
[model:iTransformer] idx=6/7 status=queued [------------------] 0/1   0%
[model:Naive] idx=7/7 status=queued [------------------] 0/1   0%
[summary] completed=0/7 failed=0 queued=5 current=LSTM(1/7),NHITS(2/7)
[model:LSTM] idx=1/7 status=running phase=replay fold=10/12 [##############----] 9/12  75%
[model:NHITS] idx=2/7 status=running phase=replay fold=9/12 [############------] 8/12  67%
[model:DLinear] idx=3/7 status=queued [------------------] 0/1   0%
[model:Autoformer] idx=4/7 status=queued [------------------] 0/1   0%
[model:PatchTST] idx=5/7 status=queued [------------------] 0/1   0%
[model:iTransformer] idx=6/7 status=queued [------------------] 0/1   0%
[model:Naive] idx=7/7 status=queued [------------------] 0/1   0%
[summary] completed=0/7 failed=0 queued=5 current=LSTM(1/7),NHITS(2/7)
[model:LSTM] idx=1/7 status=running phase=replay fold=10/12 [###############---] 10/12  83% mse=79.5622
[model:NHITS] idx=2/7 status=running phase=replay fold=9/12 [############------] 8/12  67%
[model:DLinear] idx=3/7 status=queued [------------------] 0/1   0%
[model:Autoformer] idx=4/7 status=queued [------------------] 0/1   0%
[model:PatchTST] idx=5/7 status=queued [------------------] 0/1   0%
[model:iTransformer] idx=6/7 status=queued [------------------] 0/1   0%
[model:Naive] idx=7/7 status=queued [------------------] 0/1   0%
[summary] completed=0/7 failed=0 queued=5 current=LSTM(1/7),NHITS(2/7)
[model:LSTM] idx=1/7 status=running phase=replay fold=11/12 [###############---] 10/12  83%
[model:NHITS] idx=2/7 status=running phase=replay fold=9/12 [############------] 8/12  67%
[model:DLinear] idx=3/7 status=queued [------------------] 0/1   0%
[model:Autoformer] idx=4/7 status=queued [------------------] 0/1   0%
[model:PatchTST] idx=5/7 status=queued [------------------] 0/1   0%
[model:iTransformer] idx=6/7 status=queued [------------------] 0/1   0%
[model:Naive] idx=7/7 status=queued [------------------] 0/1   0%
[summary] completed=0/7 failed=0 queued=5 current=LSTM(1/7),NHITS(2/7)
[model:LSTM] idx=1/7 status=running phase=replay fold=11/12 [################--] 11/12  92% mse=197.5139
[model:NHITS] idx=2/7 status=running phase=replay fold=9/12 [############------] 8/12  67%
[model:DLinear] idx=3/7 status=queued [------------------] 0/1   0%
[model:Autoformer] idx=4/7 status=queued [------------------] 0/1   0%
[model:PatchTST] idx=5/7 status=queued [------------------] 0/1   0%
[model:iTransformer] idx=6/7 status=queued [------------------] 0/1   0%
[model:Naive] idx=7/7 status=queued [------------------] 0/1   0%
[summary] completed=0/7 failed=0 queued=5 current=LSTM(1/7),NHITS(2/7)
[model:LSTM] idx=1/7 status=running phase=replay fold=11/12 [################--] 11/12  92% mse=197.5139
[model:NHITS] idx=2/7 status=running phase=replay fold=9/12 [##############----] 9/12  75% mse=732.0027
[model:DLinear] idx=3/7 status=queued [------------------] 0/1   0%
[model:Autoformer] idx=4/7 status=queued [------------------] 0/1   0%
[model:PatchTST] idx=5/7 status=queued [------------------] 0/1   0%
[model:iTransformer] idx=6/7 status=queued [------------------] 0/1   0%
[model:Naive] idx=7/7 status=queued [------------------] 0/1   0%
[summary] completed=0/7 failed=0 queued=5 current=LSTM(1/7),NHITS(2/7)
[model:LSTM] idx=1/7 status=running phase=replay fold=12/12 [################--] 11/12  92%
[model:NHITS] idx=2/7 status=running phase=replay fold=9/12 [##############----] 9/12  75% mse=732.0027
[model:DLinear] idx=3/7 status=queued [------------------] 0/1   0%
[model:Autoformer] idx=4/7 status=queued [------------------] 0/1   0%
[model:PatchTST] idx=5/7 status=queued [------------------] 0/1   0%
[model:iTransformer] idx=6/7 status=queued [------------------] 0/1   0%
[model:Naive] idx=7/7 status=queued [------------------] 0/1   0%
[summary] completed=0/7 failed=0 queued=5 current=LSTM(1/7),NHITS(2/7)
[model:LSTM] idx=1/7 status=running phase=replay fold=12/12 [################--] 11/12  92%
[model:NHITS] idx=2/7 status=running phase=replay fold=10/12 [##############----] 9/12  75%
[model:DLinear] idx=3/7 status=queued [------------------] 0/1   0%
[model:Autoformer] idx=4/7 status=queued [------------------] 0/1   0%
[model:PatchTST] idx=5/7 status=queued [------------------] 0/1   0%
[model:iTransformer] idx=6/7 status=queued [------------------] 0/1   0%
[model:Naive] idx=7/7 status=queued [------------------] 0/1   0%
[summary] completed=0/7 failed=0 queued=5 current=LSTM(1/7),NHITS(2/7)
[model:LSTM] idx=1/7 status=running phase=replay fold=12/12 [##################] 12/12 100% mse=126.7073
[model:NHITS] idx=2/7 status=running phase=replay fold=10/12 [##############----] 9/12  75%
[model:DLinear] idx=3/7 status=queued [------------------] 0/1   0%
[model:Autoformer] idx=4/7 status=queued [------------------] 0/1   0%
[model:PatchTST] idx=5/7 status=queued [------------------] 0/1   0%
[model:iTransformer] idx=6/7 status=queued [------------------] 0/1   0%
[model:Naive] idx=7/7 status=queued [------------------] 0/1   0%
[summary] completed=1/7 failed=0 queued=5 current=NHITS(2/7)
[model:LSTM] idx=1/7 status=completed phase=replay [##################] 12/12 100% run-complete
[model:NHITS] idx=2/7 status=running phase=replay fold=10/12 [##############----] 9/12  75%
[model:DLinear] idx=3/7 status=queued [------------------] 0/1   0%
[model:Autoformer] idx=4/7 status=queued [------------------] 0/1   0%
[model:PatchTST] idx=5/7 status=queued [------------------] 0/1   0%
[model:iTransformer] idx=6/7 status=queued [------------------] 0/1   0%
[model:Naive] idx=7/7 status=queued [------------------] 0/1   0%
[worker:LSTM] {"ok": true, "executed_jobs": ["LSTM"], "summary_artifacts": {}}
[summary] completed=1/7 failed=0 queued=5 current=NHITS(2/7)
[model:LSTM] idx=1/7 status=completed phase=replay [##################] 12/12 100% returncode=0
[model:NHITS] idx=2/7 status=running phase=replay fold=10/12 [##############----] 9/12  75%
[model:DLinear] idx=3/7 status=queued [------------------] 0/1   0%
[model:Autoformer] idx=4/7 status=queued [------------------] 0/1   0%
[model:PatchTST] idx=5/7 status=queued [------------------] 0/1   0%
[model:iTransformer] idx=6/7 status=queued [------------------] 0/1   0%
[model:Naive] idx=7/7 status=queued [------------------] 0/1   0%
[summary] completed=1/7 failed=0 queued=4 current=NHITS(2/7),DLinear(3/7)
[model:LSTM] idx=1/7 status=completed phase=replay [##################] 12/12 100% returncode=0
[model:NHITS] idx=2/7 status=running phase=replay fold=10/12 [##############----] 9/12  75%
[model:DLinear] idx=3/7 status=running [------------------] 0/1   0% gpu=0
[model:Autoformer] idx=4/7 status=queued [------------------] 0/1   0%
[model:PatchTST] idx=5/7 status=queued [------------------] 0/1   0%
[model:iTransformer] idx=6/7 status=queued [------------------] 0/1   0%
[model:Naive] idx=7/7 status=queued [------------------] 0/1   0%
[summary] completed=1/7 failed=0 queued=4 current=NHITS(2/7),DLinear(3/7)
[model:LSTM] idx=1/7 status=completed phase=replay [##################] 12/12 100% returncode=0
[model:NHITS] idx=2/7 status=running phase=replay fold=10/12 [###############---] 10/12  83% mse=140.3615
[model:DLinear] idx=3/7 status=running [------------------] 0/1   0% gpu=0
[model:Autoformer] idx=4/7 status=queued [------------------] 0/1   0%
[model:PatchTST] idx=5/7 status=queued [------------------] 0/1   0%
[model:iTransformer] idx=6/7 status=queued [------------------] 0/1   0%
[model:Naive] idx=7/7 status=queued [------------------] 0/1   0%
[summary] completed=1/7 failed=0 queued=4 current=NHITS(2/7),DLinear(3/7)
[model:LSTM] idx=1/7 status=completed phase=replay [##################] 12/12 100% returncode=0
[model:NHITS] idx=2/7 status=running phase=replay fold=11/12 [###############---] 10/12  83%
[model:DLinear] idx=3/7 status=running [------------------] 0/1   0% gpu=0
[model:Autoformer] idx=4/7 status=queued [------------------] 0/1   0%
[model:PatchTST] idx=5/7 status=queued [------------------] 0/1   0%
[model:iTransformer] idx=6/7 status=queued [------------------] 0/1   0%
[model:Naive] idx=7/7 status=queued [------------------] 0/1   0%
[summary] completed=1/7 failed=0 queued=4 current=NHITS(2/7),DLinear(3/7)
[model:LSTM] idx=1/7 status=completed phase=replay [##################] 12/12 100% returncode=0
[model:NHITS] idx=2/7 status=running phase=replay fold=11/12 [###############---] 10/12  83%
[model:DLinear] idx=3/7 status=running [------------------] 0/12   0% mode=learned_fixed output_root=/home/sonet/.openclaw/workspace/research/neuralforecast/runs/wti_case4_res_level_lag_exg_xgb/scheduler/workers/DLinear
[model:Autoformer] idx=4/7 status=queued [------------------] 0/1   0%
[model:PatchTST] idx=5/7 status=queued [------------------] 0/1   0%
[model:iTransformer] idx=6/7 status=queued [------------------] 0/1   0%
[model:Naive] idx=7/7 status=queued [------------------] 0/1   0%
[summary] completed=1/7 failed=0 queued=4 current=NHITS(2/7),DLinear(3/7)
[model:LSTM] idx=1/7 status=completed phase=replay [##################] 12/12 100% returncode=0
[model:NHITS] idx=2/7 status=running phase=replay fold=11/12 [###############---] 10/12  83%
[model:DLinear] idx=3/7 status=running phase=replay fold=1/12 [------------------] 0/12   0%
[model:Autoformer] idx=4/7 status=queued [------------------] 0/1   0%
[model:PatchTST] idx=5/7 status=queued [------------------] 0/1   0%
[model:iTransformer] idx=6/7 status=queued [------------------] 0/1   0%
[model:Naive] idx=7/7 status=queued [------------------] 0/1   0%
[summary] completed=1/7 failed=0 queued=4 current=NHITS(2/7),DLinear(3/7)
[model:LSTM] idx=1/7 status=completed phase=replay [##################] 12/12 100% returncode=0
[model:NHITS] idx=2/7 status=running phase=replay fold=11/12 [###############---] 10/12  83%
[model:DLinear] idx=3/7 status=running phase=replay fold=1/12 [##----------------] 1/12   8% mse=10.5278
[model:Autoformer] idx=4/7 status=queued [------------------] 0/1   0%
[model:PatchTST] idx=5/7 status=queued [------------------] 0/1   0%
[model:iTransformer] idx=6/7 status=queued [------------------] 0/1   0%
[model:Naive] idx=7/7 status=queued [------------------] 0/1   0%
[summary] completed=1/7 failed=0 queued=4 current=NHITS(2/7),DLinear(3/7)
[model:LSTM] idx=1/7 status=completed phase=replay [##################] 12/12 100% returncode=0
[model:NHITS] idx=2/7 status=running phase=replay fold=11/12 [###############---] 10/12  83%
[model:DLinear] idx=3/7 status=running phase=replay fold=2/12 [##----------------] 1/12   8%
[model:Autoformer] idx=4/7 status=queued [------------------] 0/1   0%
[model:PatchTST] idx=5/7 status=queued [------------------] 0/1   0%
[model:iTransformer] idx=6/7 status=queued [------------------] 0/1   0%
[model:Naive] idx=7/7 status=queued [------------------] 0/1   0%
[summary] completed=1/7 failed=0 queued=4 current=NHITS(2/7),DLinear(3/7)
[model:LSTM] idx=1/7 status=completed phase=replay [##################] 12/12 100% returncode=0
[model:NHITS] idx=2/7 status=running phase=replay fold=11/12 [################--] 11/12  92% mse=170.1951
[model:DLinear] idx=3/7 status=running phase=replay fold=2/12 [##----------------] 1/12   8%
[model:Autoformer] idx=4/7 status=queued [------------------] 0/1   0%
[model:PatchTST] idx=5/7 status=queued [------------------] 0/1   0%
[model:iTransformer] idx=6/7 status=queued [------------------] 0/1   0%
[model:Naive] idx=7/7 status=queued [------------------] 0/1   0%
[summary] completed=1/7 failed=0 queued=4 current=NHITS(2/7),DLinear(3/7)
[model:LSTM] idx=1/7 status=completed phase=replay [##################] 12/12 100% returncode=0
[model:NHITS] idx=2/7 status=running phase=replay fold=11/12 [################--] 11/12  92% mse=170.1951
[model:DLinear] idx=3/7 status=running phase=replay fold=2/12 [###---------------] 2/12  17% mse=14.3547
[model:Autoformer] idx=4/7 status=queued [------------------] 0/1   0%
[model:PatchTST] idx=5/7 status=queued [------------------] 0/1   0%
[model:iTransformer] idx=6/7 status=queued [------------------] 0/1   0%
[model:Naive] idx=7/7 status=queued [------------------] 0/1   0%
[summary] completed=1/7 failed=0 queued=4 current=NHITS(2/7),DLinear(3/7)
[model:LSTM] idx=1/7 status=completed phase=replay [##################] 12/12 100% returncode=0
[model:NHITS] idx=2/7 status=running phase=replay fold=12/12 [################--] 11/12  92%
[model:DLinear] idx=3/7 status=running phase=replay fold=2/12 [###---------------] 2/12  17% mse=14.3547
[model:Autoformer] idx=4/7 status=queued [------------------] 0/1   0%
[model:PatchTST] idx=5/7 status=queued [------------------] 0/1   0%
[model:iTransformer] idx=6/7 status=queued [------------------] 0/1   0%
[model:Naive] idx=7/7 status=queued [------------------] 0/1   0%
[summary] completed=1/7 failed=0 queued=4 current=NHITS(2/7),DLinear(3/7)
[model:LSTM] idx=1/7 status=completed phase=replay [##################] 12/12 100% returncode=0
[model:NHITS] idx=2/7 status=running phase=replay fold=12/12 [################--] 11/12  92%
[model:DLinear] idx=3/7 status=running phase=replay fold=3/12 [###---------------] 2/12  17%
[model:Autoformer] idx=4/7 status=queued [------------------] 0/1   0%
[model:PatchTST] idx=5/7 status=queued [------------------] 0/1   0%
[model:iTransformer] idx=6/7 status=queued [------------------] 0/1   0%
[model:Naive] idx=7/7 status=queued [------------------] 0/1   0%
[summary] completed=1/7 failed=0 queued=4 current=NHITS(2/7),DLinear(3/7)
[model:LSTM] idx=1/7 status=completed phase=replay [##################] 12/12 100% returncode=0
[model:NHITS] idx=2/7 status=running phase=replay fold=12/12 [################--] 11/12  92%
[model:DLinear] idx=3/7 status=running phase=replay fold=3/12 [####--------------] 3/12  25% mse=35.4953
[model:Autoformer] idx=4/7 status=queued [------------------] 0/1   0%
[model:PatchTST] idx=5/7 status=queued [------------------] 0/1   0%
[model:iTransformer] idx=6/7 status=queued [------------------] 0/1   0%
[model:Naive] idx=7/7 status=queued [------------------] 0/1   0%
[summary] completed=1/7 failed=0 queued=4 current=NHITS(2/7),DLinear(3/7)
[model:LSTM] idx=1/7 status=completed phase=replay [##################] 12/12 100% returncode=0
[model:NHITS] idx=2/7 status=running phase=replay fold=12/12 [################--] 11/12  92%
[model:DLinear] idx=3/7 status=running phase=replay fold=4/12 [####--------------] 3/12  25%
[model:Autoformer] idx=4/7 status=queued [------------------] 0/1   0%
[model:PatchTST] idx=5/7 status=queued [------------------] 0/1   0%
[model:iTransformer] idx=6/7 status=queued [------------------] 0/1   0%
[model:Naive] idx=7/7 status=queued [------------------] 0/1   0%
[summary] completed=1/7 failed=0 queued=4 current=NHITS(2/7),DLinear(3/7)
[model:LSTM] idx=1/7 status=completed phase=replay [##################] 12/12 100% returncode=0
[model:NHITS] idx=2/7 status=running phase=replay fold=12/12 [################--] 11/12  92%
[model:DLinear] idx=3/7 status=running phase=replay fold=4/12 [######------------] 4/12  33% mse=30.3815
[model:Autoformer] idx=4/7 status=queued [------------------] 0/1   0%
[model:PatchTST] idx=5/7 status=queued [------------------] 0/1   0%
[model:iTransformer] idx=6/7 status=queued [------------------] 0/1   0%
[model:Naive] idx=7/7 status=queued [------------------] 0/1   0%
[summary] completed=1/7 failed=0 queued=4 current=NHITS(2/7),DLinear(3/7)
[model:LSTM] idx=1/7 status=completed phase=replay [##################] 12/12 100% returncode=0
[model:NHITS] idx=2/7 status=running phase=replay fold=12/12 [##################] 12/12 100% mse=145.8291
[model:DLinear] idx=3/7 status=running phase=replay fold=4/12 [######------------] 4/12  33% mse=30.3815
[model:Autoformer] idx=4/7 status=queued [------------------] 0/1   0%
[model:PatchTST] idx=5/7 status=queued [------------------] 0/1   0%
[model:iTransformer] idx=6/7 status=queued [------------------] 0/1   0%
[model:Naive] idx=7/7 status=queued [------------------] 0/1   0%
[summary] completed=1/7 failed=0 queued=4 current=NHITS(2/7),DLinear(3/7)
[model:LSTM] idx=1/7 status=completed phase=replay [##################] 12/12 100% returncode=0
[model:NHITS] idx=2/7 status=running phase=replay fold=12/12 [##################] 12/12 100% mse=145.8291
[model:DLinear] idx=3/7 status=running phase=replay fold=5/12 [######------------] 4/12  33%
[model:Autoformer] idx=4/7 status=queued [------------------] 0/1   0%
[model:PatchTST] idx=5/7 status=queued [------------------] 0/1   0%
[model:iTransformer] idx=6/7 status=queued [------------------] 0/1   0%
[model:Naive] idx=7/7 status=queued [------------------] 0/1   0%
[summary] completed=2/7 failed=0 queued=4 current=DLinear(3/7)
[model:LSTM] idx=1/7 status=completed phase=replay [##################] 12/12 100% returncode=0
[model:NHITS] idx=2/7 status=completed phase=replay [##################] 12/12 100% run-complete
[model:DLinear] idx=3/7 status=running phase=replay fold=5/12 [######------------] 4/12  33%
[model:Autoformer] idx=4/7 status=queued [------------------] 0/1   0%
[model:PatchTST] idx=5/7 status=queued [------------------] 0/1   0%
[model:iTransformer] idx=6/7 status=queued [------------------] 0/1   0%
[model:Naive] idx=7/7 status=queued [------------------] 0/1   0%
[worker:NHITS] {"ok": true, "executed_jobs": ["NHITS"], "summary_artifacts": {}}
[summary] completed=2/7 failed=0 queued=4 current=DLinear(3/7)
[model:LSTM] idx=1/7 status=completed phase=replay [##################] 12/12 100% returncode=0
[model:NHITS] idx=2/7 status=completed phase=replay [##################] 12/12 100% run-complete
[model:DLinear] idx=3/7 status=running phase=replay fold=5/12 [########----------] 5/12  42% mse=5.7243
[model:Autoformer] idx=4/7 status=queued [------------------] 0/1   0%
[model:PatchTST] idx=5/7 status=queued [------------------] 0/1   0%
[model:iTransformer] idx=6/7 status=queued [------------------] 0/1   0%
[model:Naive] idx=7/7 status=queued [------------------] 0/1   0%
[summary] completed=2/7 failed=0 queued=4 current=DLinear(3/7)
[model:LSTM] idx=1/7 status=completed phase=replay [##################] 12/12 100% returncode=0
[model:NHITS] idx=2/7 status=completed phase=replay [##################] 12/12 100% run-complete
[model:DLinear] idx=3/7 status=running phase=replay fold=6/12 [########----------] 5/12  42%
[model:Autoformer] idx=4/7 status=queued [------------------] 0/1   0%
[model:PatchTST] idx=5/7 status=queued [------------------] 0/1   0%
[model:iTransformer] idx=6/7 status=queued [------------------] 0/1   0%
[model:Naive] idx=7/7 status=queued [------------------] 0/1   0%
[summary] completed=2/7 failed=0 queued=4 current=DLinear(3/7)
[model:LSTM] idx=1/7 status=completed phase=replay [##################] 12/12 100% returncode=0
[model:NHITS] idx=2/7 status=completed phase=replay [##################] 12/12 100% returncode=0
[model:DLinear] idx=3/7 status=running phase=replay fold=6/12 [########----------] 5/12  42%
[model:Autoformer] idx=4/7 status=queued [------------------] 0/1   0%
[model:PatchTST] idx=5/7 status=queued [------------------] 0/1   0%
[model:iTransformer] idx=6/7 status=queued [------------------] 0/1   0%
[model:Naive] idx=7/7 status=queued [------------------] 0/1   0%
[summary] completed=2/7 failed=0 queued=3 current=DLinear(3/7),Autoformer(4/7)
[model:LSTM] idx=1/7 status=completed phase=replay [##################] 12/12 100% returncode=0
[model:NHITS] idx=2/7 status=completed phase=replay [##################] 12/12 100% returncode=0
[model:DLinear] idx=3/7 status=running phase=replay fold=6/12 [########----------] 5/12  42%
[model:Autoformer] idx=4/7 status=running [------------------] 0/1   0% gpu=1
[model:PatchTST] idx=5/7 status=queued [------------------] 0/1   0%
[model:iTransformer] idx=6/7 status=queued [------------------] 0/1   0%
[model:Naive] idx=7/7 status=queued [------------------] 0/1   0%
[summary] completed=2/7 failed=0 queued=3 current=DLinear(3/7),Autoformer(4/7)
[model:LSTM] idx=1/7 status=completed phase=replay [##################] 12/12 100% returncode=0
[model:NHITS] idx=2/7 status=completed phase=replay [##################] 12/12 100% returncode=0
[model:DLinear] idx=3/7 status=running phase=replay fold=6/12 [#########---------] 6/12  50% mse=16.6476
[model:Autoformer] idx=4/7 status=running [------------------] 0/1   0% gpu=1
[model:PatchTST] idx=5/7 status=queued [------------------] 0/1   0%
[model:iTransformer] idx=6/7 status=queued [------------------] 0/1   0%
[model:Naive] idx=7/7 status=queued [------------------] 0/1   0%
[summary] completed=2/7 failed=0 queued=3 current=DLinear(3/7),Autoformer(4/7)
[model:LSTM] idx=1/7 status=completed phase=replay [##################] 12/12 100% returncode=0
[model:NHITS] idx=2/7 status=completed phase=replay [##################] 12/12 100% returncode=0
[model:DLinear] idx=3/7 status=running phase=replay fold=6/12 [#########---------] 6/12  50% mse=16.6476
[model:Autoformer] idx=4/7 status=running [------------------] 0/12   0% mode=learned_fixed output_root=/home/sonet/.openclaw/workspace/research/neuralforecast/runs/wti_case4_res_level_lag_exg_xgb/scheduler/workers/Autoformer
[model:PatchTST] idx=5/7 status=queued [------------------] 0/1   0%
[model:iTransformer] idx=6/7 status=queued [------------------] 0/1   0%
[model:Naive] idx=7/7 status=queued [------------------] 0/1   0%
[summary] completed=2/7 failed=0 queued=3 current=DLinear(3/7),Autoformer(4/7)
[model:LSTM] idx=1/7 status=completed phase=replay [##################] 12/12 100% returncode=0
[model:NHITS] idx=2/7 status=completed phase=replay [##################] 12/12 100% returncode=0
[model:DLinear] idx=3/7 status=running phase=replay fold=6/12 [#########---------] 6/12  50% mse=16.6476
[model:Autoformer] idx=4/7 status=running phase=replay fold=1/12 [------------------] 0/12   0%
[model:PatchTST] idx=5/7 status=queued [------------------] 0/1   0%
[model:iTransformer] idx=6/7 status=queued [------------------] 0/1   0%
[model:Naive] idx=7/7 status=queued [------------------] 0/1   0%
[summary] completed=2/7 failed=0 queued=3 current=DLinear(3/7),Autoformer(4/7)
[model:LSTM] idx=1/7 status=completed phase=replay [##################] 12/12 100% returncode=0
[model:NHITS] idx=2/7 status=completed phase=replay [##################] 12/12 100% returncode=0
[model:DLinear] idx=3/7 status=running phase=replay fold=7/12 [#########---------] 6/12  50%
[model:Autoformer] idx=4/7 status=running phase=replay fold=1/12 [------------------] 0/12   0%
[model:PatchTST] idx=5/7 status=queued [------------------] 0/1   0%
[model:iTransformer] idx=6/7 status=queued [------------------] 0/1   0%
[model:Naive] idx=7/7 status=queued [------------------] 0/1   0%
[summary] completed=2/7 failed=0 queued=3 current=DLinear(3/7),Autoformer(4/7)
[model:LSTM] idx=1/7 status=completed phase=replay [##################] 12/12 100% returncode=0
[model:NHITS] idx=2/7 status=completed phase=replay [##################] 12/12 100% returncode=0
[model:DLinear] idx=3/7 status=running phase=replay fold=7/12 [##########--------] 7/12  58% mse=8.4752
[model:Autoformer] idx=4/7 status=running phase=replay fold=1/12 [------------------] 0/12   0%
[model:PatchTST] idx=5/7 status=queued [------------------] 0/1   0%
[model:iTransformer] idx=6/7 status=queued [------------------] 0/1   0%
[model:Naive] idx=7/7 status=queued [------------------] 0/1   0%
[summary] completed=2/7 failed=0 queued=3 current=DLinear(3/7),Autoformer(4/7)
[model:LSTM] idx=1/7 status=completed phase=replay [##################] 12/12 100% returncode=0
[model:NHITS] idx=2/7 status=completed phase=replay [##################] 12/12 100% returncode=0
[model:DLinear] idx=3/7 status=running phase=replay fold=8/12 [##########--------] 7/12  58%
[model:Autoformer] idx=4/7 status=running phase=replay fold=1/12 [------------------] 0/12   0%
[model:PatchTST] idx=5/7 status=queued [------------------] 0/1   0%
[model:iTransformer] idx=6/7 status=queued [------------------] 0/1   0%
[model:Naive] idx=7/7 status=queued [------------------] 0/1   0%
[summary] completed=2/7 failed=0 queued=3 current=DLinear(3/7),Autoformer(4/7)
[model:LSTM] idx=1/7 status=completed phase=replay [##################] 12/12 100% returncode=0
[model:NHITS] idx=2/7 status=completed phase=replay [##################] 12/12 100% returncode=0
[model:DLinear] idx=3/7 status=running phase=replay fold=8/12 [############------] 8/12  67% mse=14.5360
[model:Autoformer] idx=4/7 status=running phase=replay fold=1/12 [------------------] 0/12   0%
[model:PatchTST] idx=5/7 status=queued [------------------] 0/1   0%
[model:iTransformer] idx=6/7 status=queued [------------------] 0/1   0%
[model:Naive] idx=7/7 status=queued [------------------] 0/1   0%
[summary] completed=2/7 failed=0 queued=3 current=DLinear(3/7),Autoformer(4/7)
[model:LSTM] idx=1/7 status=completed phase=replay [##################] 12/12 100% returncode=0
[model:NHITS] idx=2/7 status=completed phase=replay [##################] 12/12 100% returncode=0
[model:DLinear] idx=3/7 status=running phase=replay fold=9/12 [############------] 8/12  67%
[model:Autoformer] idx=4/7 status=running phase=replay fold=1/12 [------------------] 0/12   0%
[model:PatchTST] idx=5/7 status=queued [------------------] 0/1   0%
[model:iTransformer] idx=6/7 status=queued [------------------] 0/1   0%
[model:Naive] idx=7/7 status=queued [------------------] 0/1   0%
[summary] completed=2/7 failed=0 queued=3 current=DLinear(3/7),Autoformer(4/7)
[model:LSTM] idx=1/7 status=completed phase=replay [##################] 12/12 100% returncode=0
[model:NHITS] idx=2/7 status=completed phase=replay [##################] 12/12 100% returncode=0
[model:DLinear] idx=3/7 status=running phase=replay fold=9/12 [##############----] 9/12  75% mse=16.3839
[model:Autoformer] idx=4/7 status=running phase=replay fold=1/12 [------------------] 0/12   0%
[model:PatchTST] idx=5/7 status=queued [------------------] 0/1   0%
[model:iTransformer] idx=6/7 status=queued [------------------] 0/1   0%
[model:Naive] idx=7/7 status=queued [------------------] 0/1   0%
[summary] completed=2/7 failed=0 queued=3 current=DLinear(3/7),Autoformer(4/7)
[model:LSTM] idx=1/7 status=completed phase=replay [##################] 12/12 100% returncode=0
[model:NHITS] idx=2/7 status=completed phase=replay [##################] 12/12 100% returncode=0
[model:DLinear] idx=3/7 status=running phase=replay fold=10/12 [##############----] 9/12  75%
[model:Autoformer] idx=4/7 status=running phase=replay fold=1/12 [------------------] 0/12   0%
[model:PatchTST] idx=5/7 status=queued [------------------] 0/1   0%
[model:iTransformer] idx=6/7 status=queued [------------------] 0/1   0%
[model:Naive] idx=7/7 status=queued [------------------] 0/1   0%
[summary] completed=2/7 failed=0 queued=3 current=DLinear(3/7),Autoformer(4/7)
[model:LSTM] idx=1/7 status=completed phase=replay [##################] 12/12 100% returncode=0
[model:NHITS] idx=2/7 status=completed phase=replay [##################] 12/12 100% returncode=0
[model:DLinear] idx=3/7 status=running phase=replay fold=10/12 [###############---] 10/12  83% mse=22.9166
[model:Autoformer] idx=4/7 status=running phase=replay fold=1/12 [------------------] 0/12   0%
[model:PatchTST] idx=5/7 status=queued [------------------] 0/1   0%
[model:iTransformer] idx=6/7 status=queued [------------------] 0/1   0%
[model:Naive] idx=7/7 status=queued [------------------] 0/1   0%
[summary] completed=2/7 failed=0 queued=3 current=DLinear(3/7),Autoformer(4/7)
[model:LSTM] idx=1/7 status=completed phase=replay [##################] 12/12 100% returncode=0
[model:NHITS] idx=2/7 status=completed phase=replay [##################] 12/12 100% returncode=0
[model:DLinear] idx=3/7 status=running phase=replay fold=11/12 [###############---] 10/12  83%
[model:Autoformer] idx=4/7 status=running phase=replay fold=1/12 [------------------] 0/12   0%
[model:PatchTST] idx=5/7 status=queued [------------------] 0/1   0%
[model:iTransformer] idx=6/7 status=queued [------------------] 0/1   0%
[model:Naive] idx=7/7 status=queued [------------------] 0/1   0%
[summary] completed=2/7 failed=0 queued=3 current=DLinear(3/7),Autoformer(4/7)
[model:LSTM] idx=1/7 status=completed phase=replay [##################] 12/12 100% returncode=0
[model:NHITS] idx=2/7 status=completed phase=replay [##################] 12/12 100% returncode=0
[model:DLinear] idx=3/7 status=running phase=replay fold=11/12 [################--] 11/12  92% mse=5.9222
[model:Autoformer] idx=4/7 status=running phase=replay fold=1/12 [------------------] 0/12   0%
[model:PatchTST] idx=5/7 status=queued [------------------] 0/1   0%
[model:iTransformer] idx=6/7 status=queued [------------------] 0/1   0%
[model:Naive] idx=7/7 status=queued [------------------] 0/1   0%
[summary] completed=2/7 failed=0 queued=3 current=DLinear(3/7),Autoformer(4/7)
[model:LSTM] idx=1/7 status=completed phase=replay [##################] 12/12 100% returncode=0
[model:NHITS] idx=2/7 status=completed phase=replay [##################] 12/12 100% returncode=0
[model:DLinear] idx=3/7 status=running phase=replay fold=12/12 [################--] 11/12  92%
[model:Autoformer] idx=4/7 status=running phase=replay fold=1/12 [------------------] 0/12   0%
[model:PatchTST] idx=5/7 status=queued [------------------] 0/1   0%
[model:iTransformer] idx=6/7 status=queued [------------------] 0/1   0%
[model:Naive] idx=7/7 status=queued [------------------] 0/1   0%
[summary] completed=2/7 failed=0 queued=3 current=DLinear(3/7),Autoformer(4/7)
[model:LSTM] idx=1/7 status=completed phase=replay [##################] 12/12 100% returncode=0
[model:NHITS] idx=2/7 status=completed phase=replay [##################] 12/12 100% returncode=0
[model:DLinear] idx=3/7 status=running phase=replay fold=12/12 [##################] 12/12 100% mse=195.3504
[model:Autoformer] idx=4/7 status=running phase=replay fold=1/12 [------------------] 0/12   0%
[model:PatchTST] idx=5/7 status=queued [------------------] 0/1   0%
[model:iTransformer] idx=6/7 status=queued [------------------] 0/1   0%
[model:Naive] idx=7/7 status=queued [------------------] 0/1   0%
[summary] completed=3/7 failed=0 queued=3 current=Autoformer(4/7)
[model:LSTM] idx=1/7 status=completed phase=replay [##################] 12/12 100% returncode=0
[model:NHITS] idx=2/7 status=completed phase=replay [##################] 12/12 100% returncode=0
[model:DLinear] idx=3/7 status=completed phase=replay [##################] 12/12 100% run-complete
[model:Autoformer] idx=4/7 status=running phase=replay fold=1/12 [------------------] 0/12   0%
[model:PatchTST] idx=5/7 status=queued [------------------] 0/1   0%
[model:iTransformer] idx=6/7 status=queued [------------------] 0/1   0%
[model:Naive] idx=7/7 status=queued [------------------] 0/1   0%
[worker:DLinear] {"ok": true, "executed_jobs": ["DLinear"], "summary_artifacts": {}}
[summary] completed=3/7 failed=0 queued=3 current=Autoformer(4/7)
[model:LSTM] idx=1/7 status=completed phase=replay [##################] 12/12 100% returncode=0
[model:NHITS] idx=2/7 status=completed phase=replay [##################] 12/12 100% returncode=0
[model:DLinear] idx=3/7 status=completed phase=replay [##################] 12/12 100% returncode=0
[model:Autoformer] idx=4/7 status=running phase=replay fold=1/12 [------------------] 0/12   0%
[model:PatchTST] idx=5/7 status=queued [------------------] 0/1   0%
[model:iTransformer] idx=6/7 status=queued [------------------] 0/1   0%
[model:Naive] idx=7/7 status=queued [------------------] 0/1   0%
[summary] completed=3/7 failed=0 queued=2 current=Autoformer(4/7),PatchTST(5/7)
[model:LSTM] idx=1/7 status=completed phase=replay [##################] 12/12 100% returncode=0
[model:NHITS] idx=2/7 status=completed phase=replay [##################] 12/12 100% returncode=0
[model:DLinear] idx=3/7 status=completed phase=replay [##################] 12/12 100% returncode=0
[model:Autoformer] idx=4/7 status=running phase=replay fold=1/12 [------------------] 0/12   0%
[model:PatchTST] idx=5/7 status=running [------------------] 0/1   0% gpu=0
[model:iTransformer] idx=6/7 status=queued [------------------] 0/1   0%
[model:Naive] idx=7/7 status=queued [------------------] 0/1   0%
[summary] completed=3/7 failed=0 queued=2 current=Autoformer(4/7),PatchTST(5/7)
[model:LSTM] idx=1/7 status=completed phase=replay [##################] 12/12 100% returncode=0
[model:NHITS] idx=2/7 status=completed phase=replay [##################] 12/12 100% returncode=0
[model:DLinear] idx=3/7 status=completed phase=replay [##################] 12/12 100% returncode=0
[model:Autoformer] idx=4/7 status=running phase=replay fold=1/12 [------------------] 0/12   0%
[model:PatchTST] idx=5/7 status=running [------------------] 0/12   0% mode=learned_fixed output_root=/home/sonet/.openclaw/workspace/research/neuralforecast/runs/wti_case4_res_level_lag_exg_xgb/scheduler/workers/PatchTST
[model:iTransformer] idx=6/7 status=queued [------------------] 0/1   0%
[model:Naive] idx=7/7 status=queued [------------------] 0/1   0%
[summary] completed=3/7 failed=0 queued=2 current=Autoformer(4/7),PatchTST(5/7)
[model:LSTM] idx=1/7 status=completed phase=replay [##################] 12/12 100% returncode=0
[model:NHITS] idx=2/7 status=completed phase=replay [##################] 12/12 100% returncode=0
[model:DLinear] idx=3/7 status=completed phase=replay [##################] 12/12 100% returncode=0
[model:Autoformer] idx=4/7 status=running phase=replay fold=1/12 [------------------] 0/12   0%
[model:PatchTST] idx=5/7 status=running phase=replay fold=1/12 [------------------] 0/12   0%
[model:iTransformer] idx=6/7 status=queued [------------------] 0/1   0%
[model:Naive] idx=7/7 status=queued [------------------] 0/1   0%
[summary] completed=3/7 failed=0 queued=2 current=Autoformer(4/7),PatchTST(5/7)
[model:LSTM] idx=1/7 status=completed phase=replay [##################] 12/12 100% returncode=0
[model:NHITS] idx=2/7 status=completed phase=replay [##################] 12/12 100% returncode=0
[model:DLinear] idx=3/7 status=completed phase=replay [##################] 12/12 100% returncode=0
[model:Autoformer] idx=4/7 status=running phase=replay fold=1/12 [##----------------] 1/12   8% mse=976.5402
[model:PatchTST] idx=5/7 status=running phase=replay fold=1/12 [------------------] 0/12   0%
[model:iTransformer] idx=6/7 status=queued [------------------] 0/1   0%
[model:Naive] idx=7/7 status=queued [------------------] 0/1   0%
[summary] completed=3/7 failed=0 queued=2 current=Autoformer(4/7),PatchTST(5/7)
[model:LSTM] idx=1/7 status=completed phase=replay [##################] 12/12 100% returncode=0
[model:NHITS] idx=2/7 status=completed phase=replay [##################] 12/12 100% returncode=0
[model:DLinear] idx=3/7 status=completed phase=replay [##################] 12/12 100% returncode=0
[model:Autoformer] idx=4/7 status=running phase=replay fold=2/12 [##----------------] 1/12   8%
[model:PatchTST] idx=5/7 status=running phase=replay fold=1/12 [------------------] 0/12   0%
[model:iTransformer] idx=6/7 status=queued [------------------] 0/1   0%
[model:Naive] idx=7/7 status=queued [------------------] 0/1   0%
[summary] completed=3/7 failed=0 queued=2 current=Autoformer(4/7),PatchTST(5/7)
[model:LSTM] idx=1/7 status=completed phase=replay [##################] 12/12 100% returncode=0
[model:NHITS] idx=2/7 status=completed phase=replay [##################] 12/12 100% returncode=0
[model:DLinear] idx=3/7 status=completed phase=replay [##################] 12/12 100% returncode=0
[model:Autoformer] idx=4/7 status=running phase=replay fold=2/12 [##----------------] 1/12   8%
[model:PatchTST] idx=5/7 status=running phase=replay fold=1/12 [##----------------] 1/12   8% mse=15.6829
[model:iTransformer] idx=6/7 status=queued [------------------] 0/1   0%
[model:Naive] idx=7/7 status=queued [------------------] 0/1   0%
[summary] completed=3/7 failed=0 queued=2 current=Autoformer(4/7),PatchTST(5/7)
[model:LSTM] idx=1/7 status=completed phase=replay [##################] 12/12 100% returncode=0
[model:NHITS] idx=2/7 status=completed phase=replay [##################] 12/12 100% returncode=0
[model:DLinear] idx=3/7 status=completed phase=replay [##################] 12/12 100% returncode=0
[model:Autoformer] idx=4/7 status=running phase=replay fold=2/12 [##----------------] 1/12   8%
[model:PatchTST] idx=5/7 status=running phase=replay fold=2/12 [##----------------] 1/12   8%
[model:iTransformer] idx=6/7 status=queued [------------------] 0/1   0%
[model:Naive] idx=7/7 status=queued [------------------] 0/1   0%
[summary] completed=3/7 failed=0 queued=2 current=Autoformer(4/7),PatchTST(5/7)
[model:LSTM] idx=1/7 status=completed phase=replay [##################] 12/12 100% returncode=0
[model:NHITS] idx=2/7 status=completed phase=replay [##################] 12/12 100% returncode=0
[model:DLinear] idx=3/7 status=completed phase=replay [##################] 12/12 100% returncode=0
[model:Autoformer] idx=4/7 status=running phase=replay fold=2/12 [##----------------] 1/12   8%
[model:PatchTST] idx=5/7 status=running phase=replay fold=2/12 [###---------------] 2/12  17% mse=8.6060
[model:iTransformer] idx=6/7 status=queued [------------------] 0/1   0%
[model:Naive] idx=7/7 status=queued [------------------] 0/1   0%
[summary] completed=3/7 failed=0 queued=2 current=Autoformer(4/7),PatchTST(5/7)
[model:LSTM] idx=1/7 status=completed phase=replay [##################] 12/12 100% returncode=0
[model:NHITS] idx=2/7 status=completed phase=replay [##################] 12/12 100% returncode=0
[model:DLinear] idx=3/7 status=completed phase=replay [##################] 12/12 100% returncode=0
[model:Autoformer] idx=4/7 status=running phase=replay fold=2/12 [##----------------] 1/12   8%
[model:PatchTST] idx=5/7 status=running phase=replay fold=3/12 [###---------------] 2/12  17%
[model:iTransformer] idx=6/7 status=queued [------------------] 0/1   0%
[model:Naive] idx=7/7 status=queued [------------------] 0/1   0%
[summary] completed=3/7 failed=0 queued=2 current=Autoformer(4/7),PatchTST(5/7)
[model:LSTM] idx=1/7 status=completed phase=replay [##################] 12/12 100% returncode=0
[model:NHITS] idx=2/7 status=completed phase=replay [##################] 12/12 100% returncode=0
[model:DLinear] idx=3/7 status=completed phase=replay [##################] 12/12 100% returncode=0
[model:Autoformer] idx=4/7 status=running phase=replay fold=2/12 [##----------------] 1/12   8%
[model:PatchTST] idx=5/7 status=running phase=replay fold=3/12 [####--------------] 3/12  25% mse=11.8235
[model:iTransformer] idx=6/7 status=queued [------------------] 0/1   0%
[model:Naive] idx=7/7 status=queued [------------------] 0/1   0%
[summary] completed=3/7 failed=0 queued=2 current=Autoformer(4/7),PatchTST(5/7)
[model:LSTM] idx=1/7 status=completed phase=replay [##################] 12/12 100% returncode=0
[model:NHITS] idx=2/7 status=completed phase=replay [##################] 12/12 100% returncode=0
[model:DLinear] idx=3/7 status=completed phase=replay [##################] 12/12 100% returncode=0
[model:Autoformer] idx=4/7 status=running phase=replay fold=2/12 [##----------------] 1/12   8%
[model:PatchTST] idx=5/7 status=running phase=replay fold=4/12 [####--------------] 3/12  25%
[model:iTransformer] idx=6/7 status=queued [------------------] 0/1   0%
[model:Naive] idx=7/7 status=queued [------------------] 0/1   0%
[summary] completed=3/7 failed=0 queued=2 current=Autoformer(4/7),PatchTST(5/7)
[model:LSTM] idx=1/7 status=completed phase=replay [##################] 12/12 100% returncode=0
[model:NHITS] idx=2/7 status=completed phase=replay [##################] 12/12 100% returncode=0
[model:DLinear] idx=3/7 status=completed phase=replay [##################] 12/12 100% returncode=0
[model:Autoformer] idx=4/7 status=running phase=replay fold=2/12 [##----------------] 1/12   8%
[model:PatchTST] idx=5/7 status=running phase=replay fold=4/12 [######------------] 4/12  33% mse=12.9606
[model:iTransformer] idx=6/7 status=queued [------------------] 0/1   0%
[model:Naive] idx=7/7 status=queued [------------------] 0/1   0%
[summary] completed=3/7 failed=0 queued=2 current=Autoformer(4/7),PatchTST(5/7)
[model:LSTM] idx=1/7 status=completed phase=replay [##################] 12/12 100% returncode=0
[model:NHITS] idx=2/7 status=completed phase=replay [##################] 12/12 100% returncode=0
[model:DLinear] idx=3/7 status=completed phase=replay [##################] 12/12 100% returncode=0
[model:Autoformer] idx=4/7 status=running phase=replay fold=2/12 [##----------------] 1/12   8%
[model:PatchTST] idx=5/7 status=running phase=replay fold=5/12 [######------------] 4/12  33%
[model:iTransformer] idx=6/7 status=queued [------------------] 0/1   0%
[model:Naive] idx=7/7 status=queued [------------------] 0/1   0%
[summary] completed=3/7 failed=0 queued=2 current=Autoformer(4/7),PatchTST(5/7)
[model:LSTM] idx=1/7 status=completed phase=replay [##################] 12/12 100% returncode=0
[model:NHITS] idx=2/7 status=completed phase=replay [##################] 12/12 100% returncode=0
[model:DLinear] idx=3/7 status=completed phase=replay [##################] 12/12 100% returncode=0
[model:Autoformer] idx=4/7 status=running phase=replay fold=2/12 [##----------------] 1/12   8%
[model:PatchTST] idx=5/7 status=running phase=replay fold=5/12 [########----------] 5/12  42% mse=10.0258
[model:iTransformer] idx=6/7 status=queued [------------------] 0/1   0%
[model:Naive] idx=7/7 status=queued [------------------] 0/1   0%
[summary] completed=3/7 failed=0 queued=2 current=Autoformer(4/7),PatchTST(5/7)
[model:LSTM] idx=1/7 status=completed phase=replay [##################] 12/12 100% returncode=0
[model:NHITS] idx=2/7 status=completed phase=replay [##################] 12/12 100% returncode=0
[model:DLinear] idx=3/7 status=completed phase=replay [##################] 12/12 100% returncode=0
[model:Autoformer] idx=4/7 status=running phase=replay fold=2/12 [##----------------] 1/12   8%
[model:PatchTST] idx=5/7 status=running phase=replay fold=6/12 [########----------] 5/12  42%
[model:iTransformer] idx=6/7 status=queued [------------------] 0/1   0%
[model:Naive] idx=7/7 status=queued [------------------] 0/1   0%
[summary] completed=3/7 failed=0 queued=2 current=Autoformer(4/7),PatchTST(5/7)
[model:LSTM] idx=1/7 status=completed phase=replay [##################] 12/12 100% returncode=0
[model:NHITS] idx=2/7 status=completed phase=replay [##################] 12/12 100% returncode=0
[model:DLinear] idx=3/7 status=completed phase=replay [##################] 12/12 100% returncode=0
[model:Autoformer] idx=4/7 status=running phase=replay fold=2/12 [###---------------] 2/12  17% mse=1224.2227
[model:PatchTST] idx=5/7 status=running phase=replay fold=6/12 [########----------] 5/12  42%
[model:iTransformer] idx=6/7 status=queued [------------------] 0/1   0%
[model:Naive] idx=7/7 status=queued [------------------] 0/1   0%
[summary] completed=3/7 failed=0 queued=2 current=Autoformer(4/7),PatchTST(5/7)
[model:LSTM] idx=1/7 status=completed phase=replay [##################] 12/12 100% returncode=0
[model:NHITS] idx=2/7 status=completed phase=replay [##################] 12/12 100% returncode=0
[model:DLinear] idx=3/7 status=completed phase=replay [##################] 12/12 100% returncode=0
[model:Autoformer] idx=4/7 status=running phase=replay fold=3/12 [###---------------] 2/12  17%
[model:PatchTST] idx=5/7 status=running phase=replay fold=6/12 [########----------] 5/12  42%
[model:iTransformer] idx=6/7 status=queued [------------------] 0/1   0%
[model:Naive] idx=7/7 status=queued [------------------] 0/1   0%
[summary] completed=3/7 failed=0 queued=2 current=Autoformer(4/7),PatchTST(5/7)
[model:LSTM] idx=1/7 status=completed phase=replay [##################] 12/12 100% returncode=0
[model:NHITS] idx=2/7 status=completed phase=replay [##################] 12/12 100% returncode=0
[model:DLinear] idx=3/7 status=completed phase=replay [##################] 12/12 100% returncode=0
[model:Autoformer] idx=4/7 status=running phase=replay fold=3/12 [###---------------] 2/12  17%
[model:PatchTST] idx=5/7 status=running phase=replay fold=6/12 [#########---------] 6/12  50% mse=5.7097
[model:iTransformer] idx=6/7 status=queued [------------------] 0/1   0%
[model:Naive] idx=7/7 status=queued [------------------] 0/1   0%
[summary] completed=3/7 failed=0 queued=2 current=Autoformer(4/7),PatchTST(5/7)
[model:LSTM] idx=1/7 status=completed phase=replay [##################] 12/12 100% returncode=0
[model:NHITS] idx=2/7 status=completed phase=replay [##################] 12/12 100% returncode=0
[model:DLinear] idx=3/7 status=completed phase=replay [##################] 12/12 100% returncode=0
[model:Autoformer] idx=4/7 status=running phase=replay fold=3/12 [###---------------] 2/12  17%
[model:PatchTST] idx=5/7 status=running phase=replay fold=7/12 [#########---------] 6/12  50%
[model:iTransformer] idx=6/7 status=queued [------------------] 0/1   0%
[model:Naive] idx=7/7 status=queued [------------------] 0/1   0%
[summary] completed=3/7 failed=0 queued=2 current=Autoformer(4/7),PatchTST(5/7)
[model:LSTM] idx=1/7 status=completed phase=replay [##################] 12/12 100% returncode=0
[model:NHITS] idx=2/7 status=completed phase=replay [##################] 12/12 100% returncode=0
[model:DLinear] idx=3/7 status=completed phase=replay [##################] 12/12 100% returncode=0
[model:Autoformer] idx=4/7 status=running phase=replay fold=3/12 [###---------------] 2/12  17%
[model:PatchTST] idx=5/7 status=running phase=replay fold=7/12 [##########--------] 7/12  58% mse=10.7607
[model:iTransformer] idx=6/7 status=queued [------------------] 0/1   0%
[model:Naive] idx=7/7 status=queued [------------------] 0/1   0%
[summary] completed=3/7 failed=0 queued=2 current=Autoformer(4/7),PatchTST(5/7)
[model:LSTM] idx=1/7 status=completed phase=replay [##################] 12/12 100% returncode=0
[model:NHITS] idx=2/7 status=completed phase=replay [##################] 12/12 100% returncode=0
[model:DLinear] idx=3/7 status=completed phase=replay [##################] 12/12 100% returncode=0
[model:Autoformer] idx=4/7 status=running phase=replay fold=3/12 [###---------------] 2/12  17%
[model:PatchTST] idx=5/7 status=running phase=replay fold=8/12 [##########--------] 7/12  58%
[model:iTransformer] idx=6/7 status=queued [------------------] 0/1   0%
[model:Naive] idx=7/7 status=queued [------------------] 0/1   0%
[summary] completed=3/7 failed=0 queued=2 current=Autoformer(4/7),PatchTST(5/7)
[model:LSTM] idx=1/7 status=completed phase=replay [##################] 12/12 100% returncode=0
[model:NHITS] idx=2/7 status=completed phase=replay [##################] 12/12 100% returncode=0
[model:DLinear] idx=3/7 status=completed phase=replay [##################] 12/12 100% returncode=0
[model:Autoformer] idx=4/7 status=running phase=replay fold=3/12 [###---------------] 2/12  17%
[model:PatchTST] idx=5/7 status=running phase=replay fold=8/12 [############------] 8/12  67% mse=15.5495
[model:iTransformer] idx=6/7 status=queued [------------------] 0/1   0%
[model:Naive] idx=7/7 status=queued [------------------] 0/1   0%
[summary] completed=3/7 failed=0 queued=2 current=Autoformer(4/7),PatchTST(5/7)
[model:LSTM] idx=1/7 status=completed phase=replay [##################] 12/12 100% returncode=0
[model:NHITS] idx=2/7 status=completed phase=replay [##################] 12/12 100% returncode=0
[model:DLinear] idx=3/7 status=completed phase=replay [##################] 12/12 100% returncode=0
[model:Autoformer] idx=4/7 status=running phase=replay fold=3/12 [###---------------] 2/12  17%
[model:PatchTST] idx=5/7 status=running phase=replay fold=9/12 [############------] 8/12  67%
[model:iTransformer] idx=6/7 status=queued [------------------] 0/1   0%
[model:Naive] idx=7/7 status=queued [------------------] 0/1   0%
[summary] completed=3/7 failed=0 queued=2 current=Autoformer(4/7),PatchTST(5/7)
[model:LSTM] idx=1/7 status=completed phase=replay [##################] 12/12 100% returncode=0
[model:NHITS] idx=2/7 status=completed phase=replay [##################] 12/12 100% returncode=0
[model:DLinear] idx=3/7 status=completed phase=replay [##################] 12/12 100% returncode=0
[model:Autoformer] idx=4/7 status=running phase=replay fold=3/12 [###---------------] 2/12  17%
[model:PatchTST] idx=5/7 status=running phase=replay fold=9/12 [##############----] 9/12  75% mse=48.2999
[model:iTransformer] idx=6/7 status=queued [------------------] 0/1   0%
[model:Naive] idx=7/7 status=queued [------------------] 0/1   0%
[summary] completed=3/7 failed=0 queued=2 current=Autoformer(4/7),PatchTST(5/7)
[model:LSTM] idx=1/7 status=completed phase=replay [##################] 12/12 100% returncode=0
[model:NHITS] idx=2/7 status=completed phase=replay [##################] 12/12 100% returncode=0
[model:DLinear] idx=3/7 status=completed phase=replay [##################] 12/12 100% returncode=0
[model:Autoformer] idx=4/7 status=running phase=replay fold=3/12 [###---------------] 2/12  17%
[model:PatchTST] idx=5/7 status=running phase=replay fold=10/12 [##############----] 9/12  75%
[model:iTransformer] idx=6/7 status=queued [------------------] 0/1   0%
[model:Naive] idx=7/7 status=queued [------------------] 0/1   0%
[summary] completed=3/7 failed=0 queued=2 current=Autoformer(4/7),PatchTST(5/7)
[model:LSTM] idx=1/7 status=completed phase=replay [##################] 12/12 100% returncode=0
[model:NHITS] idx=2/7 status=completed phase=replay [##################] 12/12 100% returncode=0
[model:DLinear] idx=3/7 status=completed phase=replay [##################] 12/12 100% returncode=0
[model:Autoformer] idx=4/7 status=running phase=replay fold=3/12 [###---------------] 2/12  17%
[model:PatchTST] idx=5/7 status=running phase=replay fold=10/12 [###############---] 10/12  83% mse=28.8525
[model:iTransformer] idx=6/7 status=queued [------------------] 0/1   0%
[model:Naive] idx=7/7 status=queued [------------------] 0/1   0%
[summary] completed=3/7 failed=0 queued=2 current=Autoformer(4/7),PatchTST(5/7)
[model:LSTM] idx=1/7 status=completed phase=replay [##################] 12/12 100% returncode=0
[model:NHITS] idx=2/7 status=completed phase=replay [##################] 12/12 100% returncode=0
[model:DLinear] idx=3/7 status=completed phase=replay [##################] 12/12 100% returncode=0
[model:Autoformer] idx=4/7 status=running phase=replay fold=3/12 [###---------------] 2/12  17%
[model:PatchTST] idx=5/7 status=running phase=replay fold=11/12 [###############---] 10/12  83%
[model:iTransformer] idx=6/7 status=queued [------------------] 0/1   0%
[model:Naive] idx=7/7 status=queued [------------------] 0/1   0%
[summary] completed=3/7 failed=0 queued=2 current=Autoformer(4/7),PatchTST(5/7)
[model:LSTM] idx=1/7 status=completed phase=replay [##################] 12/12 100% returncode=0
[model:NHITS] idx=2/7 status=completed phase=replay [##################] 12/12 100% returncode=0
[model:DLinear] idx=3/7 status=completed phase=replay [##################] 12/12 100% returncode=0
[model:Autoformer] idx=4/7 status=running phase=replay fold=3/12 [###---------------] 2/12  17%
[model:PatchTST] idx=5/7 status=running phase=replay fold=11/12 [################--] 11/12  92% mse=11.9638
[model:iTransformer] idx=6/7 status=queued [------------------] 0/1   0%
[model:Naive] idx=7/7 status=queued [------------------] 0/1   0%
[summary] completed=3/7 failed=0 queued=2 current=Autoformer(4/7),PatchTST(5/7)
[model:LSTM] idx=1/7 status=completed phase=replay [##################] 12/12 100% returncode=0
[model:NHITS] idx=2/7 status=completed phase=replay [##################] 12/12 100% returncode=0
[model:DLinear] idx=3/7 status=completed phase=replay [##################] 12/12 100% returncode=0
[model:Autoformer] idx=4/7 status=running phase=replay fold=3/12 [###---------------] 2/12  17%
[model:PatchTST] idx=5/7 status=running phase=replay fold=12/12 [################--] 11/12  92%
[model:iTransformer] idx=6/7 status=queued [------------------] 0/1   0%
[model:Naive] idx=7/7 status=queued [------------------] 0/1   0%
[summary] completed=3/7 failed=0 queued=2 current=Autoformer(4/7),PatchTST(5/7)
[model:LSTM] idx=1/7 status=completed phase=replay [##################] 12/12 100% returncode=0
[model:NHITS] idx=2/7 status=completed phase=replay [##################] 12/12 100% returncode=0
[model:DLinear] idx=3/7 status=completed phase=replay [##################] 12/12 100% returncode=0
[model:Autoformer] idx=4/7 status=running phase=replay fold=3/12 [###---------------] 2/12  17%
[model:PatchTST] idx=5/7 status=running phase=replay fold=12/12 [##################] 12/12 100% mse=266.7417
[model:iTransformer] idx=6/7 status=queued [------------------] 0/1   0%
[model:Naive] idx=7/7 status=queued [------------------] 0/1   0%
[summary] completed=4/7 failed=0 queued=2 current=Autoformer(4/7)
[model:LSTM] idx=1/7 status=completed phase=replay [##################] 12/12 100% returncode=0
[model:NHITS] idx=2/7 status=completed phase=replay [##################] 12/12 100% returncode=0
[model:DLinear] idx=3/7 status=completed phase=replay [##################] 12/12 100% returncode=0
[model:Autoformer] idx=4/7 status=running phase=replay fold=3/12 [###---------------] 2/12  17%
[model:PatchTST] idx=5/7 status=completed phase=replay [##################] 12/12 100% run-complete
[model:iTransformer] idx=6/7 status=queued [------------------] 0/1   0%
[model:Naive] idx=7/7 status=queued [------------------] 0/1   0%
[worker:PatchTST] {"ok": true, "executed_jobs": ["PatchTST"], "summary_artifacts": {}}
[summary] completed=4/7 failed=0 queued=2 current=Autoformer(4/7)
[model:LSTM] idx=1/7 status=completed phase=replay [##################] 12/12 100% returncode=0
[model:NHITS] idx=2/7 status=completed phase=replay [##################] 12/12 100% returncode=0
[model:DLinear] idx=3/7 status=completed phase=replay [##################] 12/12 100% returncode=0
[model:Autoformer] idx=4/7 status=running phase=replay fold=3/12 [###---------------] 2/12  17%
[model:PatchTST] idx=5/7 status=completed phase=replay [##################] 12/12 100% returncode=0
[model:iTransformer] idx=6/7 status=queued [------------------] 0/1   0%
[model:Naive] idx=7/7 status=queued [------------------] 0/1   0%
[summary] completed=4/7 failed=0 queued=1 current=Autoformer(4/7),iTransformer(6/7)
[model:LSTM] idx=1/7 status=completed phase=replay [##################] 12/12 100% returncode=0
[model:NHITS] idx=2/7 status=completed phase=replay [##################] 12/12 100% returncode=0
[model:DLinear] idx=3/7 status=completed phase=replay [##################] 12/12 100% returncode=0
[model:Autoformer] idx=4/7 status=running phase=replay fold=3/12 [###---------------] 2/12  17%
[model:PatchTST] idx=5/7 status=completed phase=replay [##################] 12/12 100% returncode=0
[model:iTransformer] idx=6/7 status=running [------------------] 0/1   0% gpu=1
[model:Naive] idx=7/7 status=queued [------------------] 0/1   0%
[summary] completed=4/7 failed=0 queued=1 current=Autoformer(4/7),iTransformer(6/7)
[model:LSTM] idx=1/7 status=completed phase=replay [##################] 12/12 100% returncode=0
[model:NHITS] idx=2/7 status=completed phase=replay [##################] 12/12 100% returncode=0
[model:DLinear] idx=3/7 status=completed phase=replay [##################] 12/12 100% returncode=0
[model:Autoformer] idx=4/7 status=running phase=replay fold=3/12 [###---------------] 2/12  17%
[model:PatchTST] idx=5/7 status=completed phase=replay [##################] 12/12 100% returncode=0
[model:iTransformer] idx=6/7 status=running [------------------] 0/12   0% mode=learned_fixed output_root=/home/sonet/.openclaw/workspace/research/neuralforecast/runs/wti_case4_res_level_lag_exg_xgb/scheduler/workers/iTransformer
[model:Naive] idx=7/7 status=queued [------------------] 0/1   0%
[summary] completed=4/7 failed=0 queued=1 current=Autoformer(4/7),iTransformer(6/7)
[model:LSTM] idx=1/7 status=completed phase=replay [##################] 12/12 100% returncode=0
[model:NHITS] idx=2/7 status=completed phase=replay [##################] 12/12 100% returncode=0
[model:DLinear] idx=3/7 status=completed phase=replay [##################] 12/12 100% returncode=0
[model:Autoformer] idx=4/7 status=running phase=replay fold=3/12 [###---------------] 2/12  17%
[model:PatchTST] idx=5/7 status=completed phase=replay [##################] 12/12 100% returncode=0
[model:iTransformer] idx=6/7 status=running phase=replay fold=1/12 [------------------] 0/12   0%
[model:Naive] idx=7/7 status=queued [------------------] 0/1   0%
[summary] completed=4/7 failed=0 queued=1 current=Autoformer(4/7),iTransformer(6/7)
[model:LSTM] idx=1/7 status=completed phase=replay [##################] 12/12 100% returncode=0
[model:NHITS] idx=2/7 status=completed phase=replay [##################] 12/12 100% returncode=0
[model:DLinear] idx=3/7 status=completed phase=replay [##################] 12/12 100% returncode=0
[model:Autoformer] idx=4/7 status=running phase=replay fold=3/12 [####--------------] 3/12  25% mse=474.4176
[model:PatchTST] idx=5/7 status=completed phase=replay [##################] 12/12 100% returncode=0
[model:iTransformer] idx=6/7 status=running phase=replay fold=1/12 [------------------] 0/12   0%
[model:Naive] idx=7/7 status=queued [------------------] 0/1   0%
[summary] completed=4/7 failed=0 queued=1 current=Autoformer(4/7),iTransformer(6/7)
[model:LSTM] idx=1/7 status=completed phase=replay [##################] 12/12 100% returncode=0
[model:NHITS] idx=2/7 status=completed phase=replay [##################] 12/12 100% returncode=0
[model:DLinear] idx=3/7 status=completed phase=replay [##################] 12/12 100% returncode=0
[model:Autoformer] idx=4/7 status=running phase=replay fold=4/12 [####--------------] 3/12  25%
[model:PatchTST] idx=5/7 status=completed phase=replay [##################] 12/12 100% returncode=0
[model:iTransformer] idx=6/7 status=running phase=replay fold=1/12 [------------------] 0/12   0%
[model:Naive] idx=7/7 status=queued [------------------] 0/1   0%
[summary] completed=4/7 failed=0 queued=1 current=Autoformer(4/7),iTransformer(6/7)
[model:LSTM] idx=1/7 status=completed phase=replay [##################] 12/12 100% returncode=0
[model:NHITS] idx=2/7 status=completed phase=replay [##################] 12/12 100% returncode=0
[model:DLinear] idx=3/7 status=completed phase=replay [##################] 12/12 100% returncode=0
[model:Autoformer] idx=4/7 status=running phase=replay fold=4/12 [####--------------] 3/12  25%
[model:PatchTST] idx=5/7 status=completed phase=replay [##################] 12/12 100% returncode=0
[model:iTransformer] idx=6/7 status=running phase=replay fold=1/12 [##----------------] 1/12   8% mse=31.0327
[model:Naive] idx=7/7 status=queued [------------------] 0/1   0%
[summary] completed=4/7 failed=0 queued=1 current=Autoformer(4/7),iTransformer(6/7)
[model:LSTM] idx=1/7 status=completed phase=replay [##################] 12/12 100% returncode=0
[model:NHITS] idx=2/7 status=completed phase=replay [##################] 12/12 100% returncode=0
[model:DLinear] idx=3/7 status=completed phase=replay [##################] 12/12 100% returncode=0
[model:Autoformer] idx=4/7 status=running phase=replay fold=4/12 [####--------------] 3/12  25%
[model:PatchTST] idx=5/7 status=completed phase=replay [##################] 12/12 100% returncode=0
[model:iTransformer] idx=6/7 status=running phase=replay fold=2/12 [##----------------] 1/12   8%
[model:Naive] idx=7/7 status=queued [------------------] 0/1   0%
[summary] completed=4/7 failed=0 queued=1 current=Autoformer(4/7),iTransformer(6/7)
[model:LSTM] idx=1/7 status=completed phase=replay [##################] 12/12 100% returncode=0
[model:NHITS] idx=2/7 status=completed phase=replay [##################] 12/12 100% returncode=0
[model:DLinear] idx=3/7 status=completed phase=replay [##################] 12/12 100% returncode=0
[model:Autoformer] idx=4/7 status=running phase=replay fold=4/12 [####--------------] 3/12  25%
[model:PatchTST] idx=5/7 status=completed phase=replay [##################] 12/12 100% returncode=0
[model:iTransformer] idx=6/7 status=running phase=replay fold=2/12 [###---------------] 2/12  17% mse=28.9831
[model:Naive] idx=7/7 status=queued [------------------] 0/1   0%
[summary] completed=4/7 failed=0 queued=1 current=Autoformer(4/7),iTransformer(6/7)
[model:LSTM] idx=1/7 status=completed phase=replay [##################] 12/12 100% returncode=0
[model:NHITS] idx=2/7 status=completed phase=replay [##################] 12/12 100% returncode=0
[model:DLinear] idx=3/7 status=completed phase=replay [##################] 12/12 100% returncode=0
[model:Autoformer] idx=4/7 status=running phase=replay fold=4/12 [####--------------] 3/12  25%
[model:PatchTST] idx=5/7 status=completed phase=replay [##################] 12/12 100% returncode=0
[model:iTransformer] idx=6/7 status=running phase=replay fold=3/12 [###---------------] 2/12  17%
[model:Naive] idx=7/7 status=queued [------------------] 0/1   0%
[summary] completed=4/7 failed=0 queued=1 current=Autoformer(4/7),iTransformer(6/7)
[model:LSTM] idx=1/7 status=completed phase=replay [##################] 12/12 100% returncode=0
[model:NHITS] idx=2/7 status=completed phase=replay [##################] 12/12 100% returncode=0
[model:DLinear] idx=3/7 status=completed phase=replay [##################] 12/12 100% returncode=0
[model:Autoformer] idx=4/7 status=running phase=replay fold=4/12 [####--------------] 3/12  25%
[model:PatchTST] idx=5/7 status=completed phase=replay [##################] 12/12 100% returncode=0
[model:iTransformer] idx=6/7 status=running phase=replay fold=3/12 [####--------------] 3/12  25% mse=9.9147
[model:Naive] idx=7/7 status=queued [------------------] 0/1   0%
[summary] completed=4/7 failed=0 queued=1 current=Autoformer(4/7),iTransformer(6/7)
[model:LSTM] idx=1/7 status=completed phase=replay [##################] 12/12 100% returncode=0
[model:NHITS] idx=2/7 status=completed phase=replay [##################] 12/12 100% returncode=0
[model:DLinear] idx=3/7 status=completed phase=replay [##################] 12/12 100% returncode=0
[model:Autoformer] idx=4/7 status=running phase=replay fold=4/12 [####--------------] 3/12  25%
[model:PatchTST] idx=5/7 status=completed phase=replay [##################] 12/12 100% returncode=0
[model:iTransformer] idx=6/7 status=running phase=replay fold=4/12 [####--------------] 3/12  25%
[model:Naive] idx=7/7 status=queued [------------------] 0/1   0%
[summary] completed=4/7 failed=0 queued=1 current=Autoformer(4/7),iTransformer(6/7)
[model:LSTM] idx=1/7 status=completed phase=replay [##################] 12/12 100% returncode=0
[model:NHITS] idx=2/7 status=completed phase=replay [##################] 12/12 100% returncode=0
[model:DLinear] idx=3/7 status=completed phase=replay [##################] 12/12 100% returncode=0
[model:Autoformer] idx=4/7 status=running phase=replay fold=4/12 [####--------------] 3/12  25%
[model:PatchTST] idx=5/7 status=completed phase=replay [##################] 12/12 100% returncode=0
[model:iTransformer] idx=6/7 status=running phase=replay fold=4/12 [######------------] 4/12  33% mse=15.8883
[model:Naive] idx=7/7 status=queued [------------------] 0/1   0%
[summary] completed=4/7 failed=0 queued=1 current=Autoformer(4/7),iTransformer(6/7)
[model:LSTM] idx=1/7 status=completed phase=replay [##################] 12/12 100% returncode=0
[model:NHITS] idx=2/7 status=completed phase=replay [##################] 12/12 100% returncode=0
[model:DLinear] idx=3/7 status=completed phase=replay [##################] 12/12 100% returncode=0
[model:Autoformer] idx=4/7 status=running phase=replay fold=4/12 [####--------------] 3/12  25%
[model:PatchTST] idx=5/7 status=completed phase=replay [##################] 12/12 100% returncode=0
[model:iTransformer] idx=6/7 status=running phase=replay fold=5/12 [######------------] 4/12  33%
[model:Naive] idx=7/7 status=queued [------------------] 0/1   0%
[summary] completed=4/7 failed=0 queued=1 current=Autoformer(4/7),iTransformer(6/7)
[model:LSTM] idx=1/7 status=completed phase=replay [##################] 12/12 100% returncode=0
[model:NHITS] idx=2/7 status=completed phase=replay [##################] 12/12 100% returncode=0
[model:DLinear] idx=3/7 status=completed phase=replay [##################] 12/12 100% returncode=0
[model:Autoformer] idx=4/7 status=running phase=replay fold=4/12 [####--------------] 3/12  25%
[model:PatchTST] idx=5/7 status=completed phase=replay [##################] 12/12 100% returncode=0
[model:iTransformer] idx=6/7 status=running phase=replay fold=5/12 [########----------] 5/12  42% mse=13.2111
[model:Naive] idx=7/7 status=queued [------------------] 0/1   0%
[summary] completed=4/7 failed=0 queued=1 current=Autoformer(4/7),iTransformer(6/7)
[model:LSTM] idx=1/7 status=completed phase=replay [##################] 12/12 100% returncode=0
[model:NHITS] idx=2/7 status=completed phase=replay [##################] 12/12 100% returncode=0
[model:DLinear] idx=3/7 status=completed phase=replay [##################] 12/12 100% returncode=0
[model:Autoformer] idx=4/7 status=running phase=replay fold=4/12 [####--------------] 3/12  25%
[model:PatchTST] idx=5/7 status=completed phase=replay [##################] 12/12 100% returncode=0
[model:iTransformer] idx=6/7 status=running phase=replay fold=6/12 [########----------] 5/12  42%
[model:Naive] idx=7/7 status=queued [------------------] 0/1   0%
[summary] completed=4/7 failed=0 queued=1 current=Autoformer(4/7),iTransformer(6/7)
[model:LSTM] idx=1/7 status=completed phase=replay [##################] 12/12 100% returncode=0
[model:NHITS] idx=2/7 status=completed phase=replay [##################] 12/12 100% returncode=0
[model:DLinear] idx=3/7 status=completed phase=replay [##################] 12/12 100% returncode=0
[model:Autoformer] idx=4/7 status=running phase=replay fold=4/12 [######------------] 4/12  33% mse=36.6666
[model:PatchTST] idx=5/7 status=completed phase=replay [##################] 12/12 100% returncode=0
[model:iTransformer] idx=6/7 status=running phase=replay fold=6/12 [########----------] 5/12  42%
[model:Naive] idx=7/7 status=queued [------------------] 0/1   0%
[summary] completed=4/7 failed=0 queued=1 current=Autoformer(4/7),iTransformer(6/7)
[model:LSTM] idx=1/7 status=completed phase=replay [##################] 12/12 100% returncode=0
[model:NHITS] idx=2/7 status=completed phase=replay [##################] 12/12 100% returncode=0
[model:DLinear] idx=3/7 status=completed phase=replay [##################] 12/12 100% returncode=0
[model:Autoformer] idx=4/7 status=running phase=replay fold=5/12 [######------------] 4/12  33%
[model:PatchTST] idx=5/7 status=completed phase=replay [##################] 12/12 100% returncode=0
[model:iTransformer] idx=6/7 status=running phase=replay fold=6/12 [########----------] 5/12  42%
[model:Naive] idx=7/7 status=queued [------------------] 0/1   0%
[summary] completed=4/7 failed=0 queued=1 current=Autoformer(4/7),iTransformer(6/7)
[model:LSTM] idx=1/7 status=completed phase=replay [##################] 12/12 100% returncode=0
[model:NHITS] idx=2/7 status=completed phase=replay [##################] 12/12 100% returncode=0
[model:DLinear] idx=3/7 status=completed phase=replay [##################] 12/12 100% returncode=0
[model:Autoformer] idx=4/7 status=running phase=replay fold=5/12 [######------------] 4/12  33%
[model:PatchTST] idx=5/7 status=completed phase=replay [##################] 12/12 100% returncode=0
[model:iTransformer] idx=6/7 status=running phase=replay fold=6/12 [#########---------] 6/12  50% mse=27.6375
[model:Naive] idx=7/7 status=queued [------------------] 0/1   0%
[summary] completed=4/7 failed=0 queued=1 current=Autoformer(4/7),iTransformer(6/7)
[model:LSTM] idx=1/7 status=completed phase=replay [##################] 12/12 100% returncode=0
[model:NHITS] idx=2/7 status=completed phase=replay [##################] 12/12 100% returncode=0
[model:DLinear] idx=3/7 status=completed phase=replay [##################] 12/12 100% returncode=0
[model:Autoformer] idx=4/7 status=running phase=replay fold=5/12 [######------------] 4/12  33%
[model:PatchTST] idx=5/7 status=completed phase=replay [##################] 12/12 100% returncode=0
[model:iTransformer] idx=6/7 status=running phase=replay fold=7/12 [#########---------] 6/12  50%
[model:Naive] idx=7/7 status=queued [------------------] 0/1   0%
